[09/09/2014 18:29:22] /t
[09/09/2014 18:38:08] /b se o server chegar a 17 player tera evento
[09/09/2014 18:43:20] /t aguzz
[09/09/2014 18:59:33] /b ai galera gogo abrir o trade vm fazer vendas e compras
[09/09/2014 18:59:44] /b ai galera gogo abrir o trade vm fazer vendas e compras
[09/09/2014 19:00:15] /b down 
[09/09/2014 19:03:44] /b Sou Gayzao e adoro negros maravilhosos
[09/09/2014 19:04:42] /b mals aew por me expressar
[09/09/2014 19:14:45] /b mals ai pela caida
[09/09/2014 19:20:18] /b para ser rank 5 é so apenas falar o comando /clan nomedoclan,5 so da para ser de 1 clan não da para mudar
[09/09/2014 19:21:04] /b Use o help para bug,sugestao e ajuda
[09/09/2014 19:22:14] /b use o trade para compras e vendas
[09/09/2014 19:38:40] /b para ser rank 5 é so apenas falar o comando /clan nomedoclan,5 so da para ser de 1 clan não da para mudar
[09/09/2014 19:40:15] /b Use o help para bug,sugestao e ajuda
[09/09/2014 19:41:47] /b 17 players tera evento ! evento bem recompensativo
[09/09/2014 19:51:14] /b Use o help para bug,sugestao e ajuda
[09/09/2014 19:54:05] /t hardcore gazha
[09/09/2014 19:54:39] /b usem o trade para compras e vendas
[09/09/2014 19:57:16] /b para ser rank 5 é so apenas falar o comando /clan nomedoclan,5 so da para ser de 1 clan não da para mudar
[09/09/2014 20:02:56] /b Use o help para bug,sugestao e ajuda
[09/09/2014 20:12:08] /b usem o trade para compras e vendas
[09/09/2014 20:12:29] /t muleke label
[09/09/2014 20:12:42] /t black label
[09/09/2014 20:34:02] /b usem o trade para compras e vendas
[09/09/2014 20:35:29] /b Use o help para bug,sugestao e ajuda
[09/09/2014 21:44:26] /b Use o help para bug,sugestao e ajuda
[09/09/2014 21:51:20] /t
[09/09/2014 21:51:44] /b para ser rank 5 é so apenas falar o comando /clan nomedoclan,5 so da para ser de 1 clan não da para mudar
[09/09/2014 21:51:44] /b Use o help para bug,sugestao e ajuda
[09/09/2014 21:51:49] /b usem o trade para compras e vendas
[09/09/2014 21:56:47] /t
[09/09/2014 23:12:52] /b para ser rank 5 é so apenas falar o comando /clan nomedoclan,5 so da para ser de 1 clan não da para mudar
[09/09/2014 23:12:52] /b Use o help para bug,sugestao e ajuda
[09/09/2014 23:12:55] /b usem o trade para compras e vendas
