[17/03/2014 04:36:31] /goto 1235, 630, 8
[17/03/2014 04:37:04] /goto 1168, 551, 9
[17/03/2014 04:38:00] /n tia cida
[17/03/2014 04:38:07] /n aboxboosted
[17/03/2014 04:38:39] /goto 1168, 551, 9
[17/03/2014 04:38:47] /r
[17/03/2014 04:39:14] /t
[17/03/2014 18:19:44] /m entei
[17/03/2014 18:20:02] /r
[19/03/2014 17:54:41] /m lance
[19/03/2014 17:54:45] /m .alance
[19/03/2014 23:37:21] /i recording camera
[20/03/2014 14:35:45] /i recording camera
[20/03/2014 14:38:22] /m shiny giant magikarp
[20/03/2014 14:38:49] /i dark ball
[20/03/2014 14:39:12] /m entei
[20/03/2014 14:39:14] /m suicune
[20/03/2014 15:16:19] /goto nurse joy
[20/03/2014 15:54:25] /t
[20/03/2014 16:32:22] /goto namer
[20/03/2014 16:34:16] /t
[20/03/2014 23:38:59] /goto feraligatr
[20/03/2014 23:39:15] /goto meganium
[20/03/2014 23:39:18] /t
[20/03/2014 23:39:26] /goto ada
[20/03/2014 23:40:40] /m jynx
[21/03/2014 00:20:37] /t
[21/03/2014 01:46:47] /goto slowking
[21/03/2014 01:47:06] /goto brave noctowl
[21/03/2014 01:47:12] /t
[21/03/2014 01:47:18] /m stantler
[21/03/2014 01:47:27] /m shiny stantler
[21/03/2014 01:48:49] /goto master stantler
[21/03/2014 01:48:59] /m master stantler
[21/03/2014 02:03:34] /goto girafarig
[21/03/2014 04:31:16] /t
[21/03/2014 04:44:40] /goto gloom
[21/03/2014 04:51:33] /t
[21/03/2014 04:54:55] /r
[21/03/2014 05:04:08] /t
[21/03/2014 05:04:22] /i recording camera
[21/03/2014 05:06:02] /save
[21/03/2014 13:32:22] /t
[21/03/2014 13:32:48] /m suicune
[21/03/2014 13:32:51] /m moltres
[21/03/2014 16:13:31] /m slowking
[21/03/2014 16:13:34] /m slowking
[21/03/2014 16:13:34] /m slowking
[21/03/2014 16:13:34] /m slowking
[21/03/2014 16:13:35] /m slowking
[21/03/2014 16:13:45] /i revive
[21/03/2014 18:26:46] /goto naturia shiny scyther
[21/03/2014 18:26:50] /goto elder venusaur
[21/03/2014 18:27:25] /goto elder tangela
[21/03/2014 18:28:32] /a 1
[21/03/2014 18:28:32] /a 1
[21/03/2014 18:28:32] /a 1
[21/03/2014 18:28:32] /a 1
[21/03/2014 18:28:33] /a 1
[21/03/2014 18:28:33] /a 1
[21/03/2014 18:28:33] /a 1
[21/03/2014 18:28:34] /a 1
[21/03/2014 18:28:34] /a 1
[21/03/2014 18:28:34] /a 1
[21/03/2014 18:28:34] /a 1
[21/03/2014 18:28:35] /a 1
[21/03/2014 18:28:35] /a 1
[21/03/2014 18:28:35] /a 1
[21/03/2014 18:28:35] /a 1
[21/03/2014 18:28:36] /a 1
[21/03/2014 18:28:36] /a 1
[21/03/2014 18:28:36] /a 1
[21/03/2014 18:28:36] /a 1
[21/03/2014 18:28:37] /a 1
[21/03/2014 18:28:37] /a 1
[21/03/2014 18:28:37] /a 1
[21/03/2014 18:28:37] /a 1
[21/03/2014 18:28:38] /a 1
[21/03/2014 18:28:38] /a 1
[21/03/2014 18:28:38] /a 1
[21/03/2014 18:28:38] /a 1
[21/03/2014 18:28:38] /a 1
[21/03/2014 18:28:38] /a 1
[21/03/2014 18:28:38] /a 1
[21/03/2014 18:28:39] /a 1
[21/03/2014 18:28:39] /a 1
[21/03/2014 18:28:39] /a 1
[21/03/2014 18:28:39] /a 1
[21/03/2014 18:28:39] /a 1
[21/03/2014 18:28:39] /a 1
[21/03/2014 18:28:39] /a 1
[21/03/2014 18:28:39] /a 1
[21/03/2014 18:28:39] /a 1
[21/03/2014 18:28:39] /a 1
[21/03/2014 18:28:39] /a 1
[21/03/2014 18:28:39] /a 1
[21/03/2014 18:28:39] /a 1
[21/03/2014 18:28:39] /a 1
[21/03/2014 18:28:40] /a 1
[21/03/2014 18:28:40] /a 1
[21/03/2014 18:28:40] /a 1
[21/03/2014 18:28:40] /a 1
[21/03/2014 18:28:40] /a 1
[21/03/2014 18:28:40] /a 1
[21/03/2014 18:28:40] /a 1
[21/03/2014 18:28:40] /a 1
[21/03/2014 18:28:40] /a 1
[21/03/2014 18:28:40] /a 1
[21/03/2014 18:28:40] /a 1
[21/03/2014 18:28:40] /a 1
[21/03/2014 18:28:40] /a 1
[21/03/2014 18:28:40] /a 1
[21/03/2014 18:28:40] /a 1
[21/03/2014 18:28:40] /a 1
[21/03/2014 18:28:40] /a 1
[21/03/2014 18:28:40] /a 1
[21/03/2014 18:28:41] /a 1
[21/03/2014 18:28:41] /a 1
[21/03/2014 18:28:41] /a 1
[21/03/2014 18:28:41] /a 1
[21/03/2014 18:28:41] /a 1
[21/03/2014 18:28:41] /a 1
[21/03/2014 18:28:41] /a 1
[21/03/2014 18:28:41] /a 1
[21/03/2014 18:28:41] /a 1
[21/03/2014 18:28:41] /a 1
[21/03/2014 18:28:41] /a 1
[21/03/2014 18:28:41] /a 1
[21/03/2014 18:28:41] /a 1
[21/03/2014 18:28:41] /a 1
[21/03/2014 18:28:41] /a 1
[21/03/2014 18:28:41] /a 1
[21/03/2014 18:28:41] /a 1
[21/03/2014 18:28:41] /a 1
[21/03/2014 18:28:41] /a 1
[21/03/2014 18:28:41] /a 1
[21/03/2014 18:28:41] /a 1
[21/03/2014 18:28:42] /a 1
[21/03/2014 18:28:42] /a 1
[21/03/2014 18:28:42] /a 1
[21/03/2014 18:28:42] /a 1
[21/03/2014 18:28:42] /a 1
[21/03/2014 18:28:42] /a 1
[21/03/2014 18:28:42] /a 1
[21/03/2014 18:28:42] /a 1
[21/03/2014 18:28:43] /a 1
[21/03/2014 18:28:43] /a 1
[21/03/2014 18:28:43] /a 1
[21/03/2014 18:28:43] /a 1
[21/03/2014 18:28:43] /a 1
[21/03/2014 18:28:43] /a 1
[21/03/2014 18:28:43] /a 1
[21/03/2014 18:28:43] /a 1
[21/03/2014 18:28:43] /a 1
[21/03/2014 18:28:43] /a 1
[21/03/2014 18:28:43] /a 1
[21/03/2014 18:28:43] /a 1
[21/03/2014 18:28:43] /a 1
[21/03/2014 18:28:43] /a 1
[21/03/2014 18:28:43] /a 1
[21/03/2014 18:28:43] /a 1
[21/03/2014 18:28:43] /a 1
[21/03/2014 18:28:43] /a 1
[21/03/2014 18:28:43] /a 1
[21/03/2014 18:28:44] /a 1
[21/03/2014 18:28:44] /a 1
[21/03/2014 18:28:44] /a 1
[21/03/2014 18:28:44] /a 1
[21/03/2014 18:28:44] /a 1
[21/03/2014 18:28:44] /a 1
[21/03/2014 18:28:44] /a 1
[21/03/2014 18:28:44] /a 1
[21/03/2014 18:28:44] /a 1
[21/03/2014 18:28:44] /a 1
[21/03/2014 18:28:44] /a 1
[21/03/2014 18:28:44] /a 1
[21/03/2014 18:28:44] /a 1
[21/03/2014 18:28:45] /a 1
[21/03/2014 18:28:45] /a 1
[21/03/2014 18:28:45] /a 1
[21/03/2014 18:28:45] /a 1
[21/03/2014 18:28:45] /a 1
[21/03/2014 18:28:45] /a 1
[21/03/2014 18:28:45] /a 1
[21/03/2014 18:28:45] /a 1
[21/03/2014 18:28:45] /a 1
[21/03/2014 18:28:46] /a 1
[21/03/2014 18:28:46] /a 1
[21/03/2014 18:28:46] /a 1
[21/03/2014 18:28:46] /a 1
[21/03/2014 18:28:46] /a 1
[21/03/2014 18:28:46] /a 1
[21/03/2014 18:28:46] /a 1
[21/03/2014 18:28:46] /a 1
[21/03/2014 18:28:47] /a 1
[21/03/2014 18:28:47] /a 1
[21/03/2014 18:28:47] /a 1
[21/03/2014 18:28:47] /a 1
[21/03/2014 18:28:47] /a 1
[21/03/2014 18:28:47] /a 1
[21/03/2014 18:28:47] /a 1
[21/03/2014 18:28:47] /a 1
[21/03/2014 18:28:47] /a 1
[21/03/2014 18:28:47] /a 1
[21/03/2014 18:28:48] /a 1
[21/03/2014 18:28:48] /a 1
[21/03/2014 18:28:48] /a 1
[21/03/2014 18:28:48] /a 1
[21/03/2014 18:28:48] /a 1
[21/03/2014 18:28:48] /a 1
[21/03/2014 18:28:48] /a 1
[21/03/2014 18:28:48] /a 1
[21/03/2014 18:28:48] /a 1
[21/03/2014 18:28:48] /a 1
[21/03/2014 18:28:48] /a 1
[21/03/2014 18:28:48] /a 1
[21/03/2014 18:28:48] /a 1
[21/03/2014 18:28:49] /a 1
[21/03/2014 18:28:49] /a 1
[21/03/2014 18:28:49] /a 1
[21/03/2014 18:28:49] /a 1
[21/03/2014 18:28:49] /a 1
[21/03/2014 18:28:49] /a 1
[21/03/2014 18:28:49] /a 1
[21/03/2014 18:28:50] /a 1
[21/03/2014 18:28:50] /a 1
[21/03/2014 18:28:50] /a 1
[21/03/2014 18:28:50] /a 1
[21/03/2014 18:28:50] /a 1
[21/03/2014 18:28:50] /a 1
[21/03/2014 18:28:50] /a 1
[21/03/2014 18:28:50] /a 1
[21/03/2014 18:28:50] /a 1
[21/03/2014 18:28:50] /a 1
[21/03/2014 18:28:50] /a 1
[21/03/2014 18:28:50] /a 1
[21/03/2014 18:28:50] /a 1
[21/03/2014 18:28:50] /a 1
[21/03/2014 18:28:50] /a 1
[21/03/2014 18:28:51] /a 1
[21/03/2014 18:28:51] /a 1
[21/03/2014 18:28:51] /a 1
[21/03/2014 18:28:51] /a 1
[21/03/2014 18:28:51] /a 1
[21/03/2014 18:28:51] /a 1
[21/03/2014 18:28:51] /a 1
[21/03/2014 18:28:51] /a 1
[21/03/2014 18:28:51] /a 1
[21/03/2014 18:28:51] /a 1
[21/03/2014 18:28:51] /a 1
[21/03/2014 18:28:51] /a 1
[21/03/2014 18:28:51] /a 1
[21/03/2014 18:28:51] /a 1
[21/03/2014 18:28:52] /a 1
[21/03/2014 18:28:52] /a 1
[21/03/2014 18:28:52] /a 1
[21/03/2014 18:28:52] /a 1
[21/03/2014 18:28:52] /a 1
[21/03/2014 18:28:52] /a 1
[21/03/2014 18:28:52] /a 1
[21/03/2014 18:28:52] /a 1
[21/03/2014 18:28:52] /a 1
[21/03/2014 18:28:52] /a 1
[21/03/2014 18:28:52] /a 1
[21/03/2014 18:28:52] /a 1
[21/03/2014 18:28:52] /a 1
[21/03/2014 18:28:53] /a 1
[21/03/2014 18:28:53] /a 1
[21/03/2014 18:28:53] /a 1
[21/03/2014 18:28:53] /a 1
[21/03/2014 18:28:53] /a 1
[21/03/2014 18:28:53] /a 1
[21/03/2014 18:28:54] /a 1
[21/03/2014 18:28:54] /a 1
[21/03/2014 18:28:54] /a 1
[21/03/2014 18:28:54] /a 1
[21/03/2014 18:28:54] /a 1
[21/03/2014 18:28:54] /a 1
[21/03/2014 18:28:54] /a 1
[21/03/2014 18:28:54] /a 1
[21/03/2014 18:28:54] /a 1
[21/03/2014 18:28:54] /a 1
[21/03/2014 18:28:54] /a 1
[21/03/2014 18:28:54] /a 1
[21/03/2014 18:28:54] /a 1
[21/03/2014 18:28:54] /a 1
[21/03/2014 18:28:54] /a 1
[21/03/2014 18:28:54] /a 1
[21/03/2014 18:28:54] /a 1
[21/03/2014 18:28:54] /a 1
[21/03/2014 18:28:54] /a 1
[21/03/2014 18:28:54] /a 1
[21/03/2014 18:28:54] /a 1
[21/03/2014 18:28:54] /a 1
[21/03/2014 18:28:54] /a 1
[21/03/2014 18:28:54] /a 1
[21/03/2014 18:28:54] /a 1
[21/03/2014 18:28:54] /a 1
[21/03/2014 18:28:55] /a 1
[21/03/2014 18:28:55] /a 1
[21/03/2014 18:28:55] /a 1
[21/03/2014 18:28:55] /a 1
[21/03/2014 18:28:55] /a 1
[21/03/2014 18:28:55] /a 1
[21/03/2014 18:28:55] /a 1
[21/03/2014 18:28:55] /a 1
[21/03/2014 18:28:55] /a 1
[21/03/2014 18:28:55] /a 1
[21/03/2014 18:28:55] /a 1
[21/03/2014 18:28:55] /a 1
[21/03/2014 18:28:55] /a 1
[21/03/2014 18:28:55] /a 1
[21/03/2014 18:28:55] /a 1
[21/03/2014 18:28:55] /a 1
[21/03/2014 18:28:55] /a 1
[21/03/2014 18:28:55] /a 1
[21/03/2014 18:28:55] /a 1
[21/03/2014 18:28:55] /a 1
[21/03/2014 18:28:55] /a 1
[21/03/2014 18:28:55] /a 1
[21/03/2014 18:28:55] /a 1
[21/03/2014 18:28:55] /a 1
[21/03/2014 18:28:55] /a 1
[21/03/2014 18:28:55] /a 1
[21/03/2014 18:28:55] /a 1
[21/03/2014 18:28:56] /a 1
[21/03/2014 18:28:56] /a 1
[21/03/2014 18:28:56] /a 1
[21/03/2014 18:28:56] /a 1
[21/03/2014 18:28:56] /a 1
[21/03/2014 18:28:56] /a 1
[21/03/2014 18:28:56] /a 1
[21/03/2014 18:28:56] /a 1
[21/03/2014 18:28:56] /a 1
[21/03/2014 18:28:56] /a 1
[21/03/2014 18:28:56] /a 1
[21/03/2014 18:28:56] /a 1
[21/03/2014 18:28:56] /a 1
[21/03/2014 18:28:56] /a 1
[21/03/2014 18:28:56] /a 1
[21/03/2014 18:28:56] /a 1
[21/03/2014 18:28:56] /a 1
[21/03/2014 18:28:56] /a 1
[21/03/2014 18:28:56] /a 1
[21/03/2014 18:28:56] /a 1
[21/03/2014 18:28:56] /a 1
[21/03/2014 18:28:56] /a 1
[21/03/2014 18:28:56] /a 1
[21/03/2014 18:28:56] /a 1
[21/03/2014 18:28:56] /a 1
[21/03/2014 18:28:56] /a 1
[21/03/2014 18:28:56] /a 1
[21/03/2014 18:28:56] /a 1
[21/03/2014 18:28:57] /a 1
[21/03/2014 18:28:57] /a 1
[21/03/2014 18:28:57] /a 1
[21/03/2014 18:28:57] /a 1
[21/03/2014 18:28:57] /a 1
[21/03/2014 18:28:57] /a 1
[21/03/2014 18:28:57] /a 1
[21/03/2014 18:28:57] /a 1
[21/03/2014 18:28:57] /a 1
[21/03/2014 18:28:57] /a 1
[21/03/2014 18:28:57] /a 1
[21/03/2014 18:28:57] /a 1
[21/03/2014 18:28:57] /a 1
[21/03/2014 18:28:57] /a 1
[21/03/2014 18:28:57] /a 1
[21/03/2014 18:28:57] /a 1
[21/03/2014 18:28:57] /a 1
[21/03/2014 18:28:57] /a 1
[21/03/2014 18:28:57] /a 1
[21/03/2014 18:28:57] /a 1
[21/03/2014 18:28:57] /a 1
[21/03/2014 18:28:57] /a 1
[21/03/2014 18:28:57] /a 1
[21/03/2014 18:28:57] /a 1
[21/03/2014 18:28:57] /a 1
[21/03/2014 18:28:57] /a 1
[21/03/2014 18:28:57] /a 1
[21/03/2014 18:28:58] /a 1
[21/03/2014 18:28:58] /a 1
[21/03/2014 18:28:58] /a 1
[21/03/2014 18:28:58] /a 1
[21/03/2014 18:28:58] /a 1
[21/03/2014 18:28:58] /a 1
[21/03/2014 18:28:58] /a 1
[21/03/2014 18:28:58] /a 1
[21/03/2014 18:28:58] /a 1
[21/03/2014 18:28:58] /a 1
[21/03/2014 18:28:58] /a 1
[21/03/2014 18:28:58] /a 1
[21/03/2014 18:28:58] /a 1
[21/03/2014 18:28:58] /a 1
[21/03/2014 18:28:58] /a 1
[21/03/2014 18:28:58] /a 1
[21/03/2014 18:28:58] /a 1
[21/03/2014 18:28:58] /a 1
[21/03/2014 18:28:58] /a 1
[21/03/2014 18:28:58] /a 1
[21/03/2014 18:28:58] /a 1
[21/03/2014 18:28:58] /a 1
[21/03/2014 18:28:58] /a 1
[21/03/2014 18:28:58] /a 1
[21/03/2014 18:28:58] /a 1
[21/03/2014 18:28:58] /a 1
[21/03/2014 18:28:58] /a 1
[21/03/2014 18:28:58] /a 1
[21/03/2014 18:28:59] /a 1
[21/03/2014 18:28:59] /a 1
[21/03/2014 18:28:59] /a 1
[21/03/2014 18:28:59] /a 1
[21/03/2014 18:28:59] /a 1
[21/03/2014 18:28:59] /a 1
[21/03/2014 18:28:59] /a 1
[21/03/2014 18:28:59] /a 1
[21/03/2014 18:28:59] /a 1
[21/03/2014 18:28:59] /a 1
[21/03/2014 18:28:59] /a 1
[21/03/2014 18:29:00] /t
[22/03/2014 15:35:37] /m shiny feraligatr
[22/03/2014 15:35:42] /m typhlosion
[22/03/2014 15:35:45] /m meganium
[22/03/2014 15:35:51] /m shiny meganium
[22/03/2014 15:36:01] /m shiny typhlosion
[22/03/2014 15:36:28] /a 1
[22/03/2014 15:36:28] /a 1
[22/03/2014 15:36:28] /a 1
[22/03/2014 15:37:21] /a 1
[22/03/2014 15:37:22] /a 1
[22/03/2014 15:37:23] /a 1
[22/03/2014 15:37:23] /a 1
[22/03/2014 15:37:49] /m shiny beedrill
[22/03/2014 15:37:50] /m shiny beedrill
[22/03/2014 15:42:55] /r
[22/03/2014 15:42:55] /r
[22/03/2014 16:49:43] /goto hugh
[22/03/2014 16:49:47] /i 13862
[22/03/2014 16:50:08] /t
[22/03/2014 16:50:40] /m xatu
[22/03/2014 16:50:46] /m xatu
[22/03/2014 16:50:46] /m xatu
[22/03/2014 16:50:47] /m xatu
[22/03/2014 16:50:47] /m xatu
[22/03/2014 16:50:47] /m xatu
[22/03/2014 16:50:48] /m xatu
[22/03/2014 16:51:07] /i 13863
[22/03/2014 16:51:11] /i 13864
[22/03/2014 17:10:56] /i 13864
[22/03/2014 17:11:02] /i 13865
[22/03/2014 17:11:05] /i 13866
[22/03/2014 17:11:06] /i 13867
[22/03/2014 17:11:08] /i 13868
[22/03/2014 17:11:09] /i 13869
[22/03/2014 17:11:12] /i 13870
[22/03/2014 17:11:13] /i 13871
[22/03/2014 17:11:14] /i 13872
[22/03/2014 17:11:16] /i 13873
[22/03/2014 17:11:17] /i 13874
[22/03/2014 17:11:18] /i 13875
[22/03/2014 17:11:19] /i 13876
[22/03/2014 17:11:20] /i 13877
[22/03/2014 17:11:22] /i 13878
[22/03/2014 17:11:23] /i 13879
[22/03/2014 17:11:25] /i 13880
[22/03/2014 17:11:26] /i 13881
[22/03/2014 17:11:28] /i 13882
[22/03/2014 17:11:29] /i 13883
[22/03/2014 17:11:30] /i 13884
[22/03/2014 17:11:31] /i 13885
[22/03/2014 17:11:32] /i 13886
[22/03/2014 17:11:33] /i 13887
[22/03/2014 17:11:36] /i 13888
[22/03/2014 17:11:37] /i 13889
[22/03/2014 17:11:39] /i 13890
[22/03/2014 17:11:40] /i 13891
[22/03/2014 17:11:41] /i 13892
[22/03/2014 17:11:45] /i 13893
[22/03/2014 17:11:47] /i 13894
[22/03/2014 17:11:48] /i 13895
[22/03/2014 17:11:49] /i 13896
[22/03/2014 17:11:50] /i 13897
[22/03/2014 17:11:51] /i 13898
[22/03/2014 17:11:53] /i 13899
[22/03/2014 17:11:55] /i 13900
[22/03/2014 17:11:56] /i 13901
[22/03/2014 17:12:07] /i facebook backpack
[22/03/2014 17:12:34] /goto hugh
[22/03/2014 17:13:39] /t
[31/03/2014 17:28:22] /addskill beleth flavor, level, 120
[31/03/2014 17:28:43] /m blastoise
[31/03/2014 17:29:37] /r
[31/03/2014 17:33:49] /m blastoise
[31/03/2014 17:34:39] /m shiny weezing
[31/03/2014 21:47:19] /m hunter
[31/03/2014 21:47:22] /m ahunter
[31/03/2014 21:54:30] /a 2
[31/03/2014 21:54:58] /t
[31/03/2014 21:57:35] /i boost stone
[31/03/2014 22:47:52] /goto beleth flavor
[31/03/2014 23:04:04] /m shiny dodrio
[31/03/2014 23:21:12] /m shiny dodrio
[01/04/2014 00:13:59] /n pokemon collector
[01/04/2014 00:19:53] /n pokemon collector
[01/04/2014 00:22:40] /n pokemon collector
