[29/08/2014 22:45:06] /ghost
[29/08/2014 22:45:38] /b aaaaa
[29/08/2014 22:46:06] /ghost
[29/08/2014 22:46:57] /m shiny muk
[29/08/2014 22:47:16] /m shiny tangela
[29/08/2014 22:47:32] /m metagross
[29/08/2014 22:47:37] /m metagross
[29/08/2014 22:47:37] /m metagross
[29/08/2014 22:47:38] /m metagross
[29/08/2014 22:47:38] /m metagross
[29/08/2014 22:47:39] /m metagross
[29/08/2014 22:48:01] /goto tutor chaos
[29/08/2014 22:48:08] /m metagross
[29/08/2014 22:48:09] /m metagross
[29/08/2014 22:48:09] /m metagross
[29/08/2014 22:48:10] /m metagross
[29/08/2014 22:48:10] /m metagross
[29/08/2014 22:48:11] /m metagross/m metagross
[29/08/2014 22:48:11] /m metagross
[29/08/2014 22:48:27] /r
[29/08/2014 22:48:32] /r
[29/08/2014 22:48:37] /r
[29/08/2014 22:48:55] /r
[29/08/2014 22:48:58] /r
[29/08/2014 22:49:07] /r
[29/08/2014 22:49:07] /r
[29/08/2014 22:49:10] /r
[29/08/2014 22:49:12] /r
[29/08/2014 22:49:15] /r
[29/08/2014 22:49:16] /r
[29/08/2014 22:49:22] /r
[29/08/2014 22:49:25] /r
[29/08/2014 22:49:33] /r
[29/08/2014 22:49:35] /r
[29/08/2014 22:49:37] /r
[29/08/2014 22:49:40] /r
[29/08/2014 22:49:42] /r
[29/08/2014 22:49:45] /r
[29/08/2014 22:49:47] /r
[29/08/2014 22:50:11] /r
[29/08/2014 22:50:14] /r
[29/08/2014 22:50:31] /i shiny magmar
[29/08/2014 22:50:40] /i metagross
[29/08/2014 22:51:00] /m shiny magmar
[29/08/2014 22:51:13] /r
[29/08/2014 22:52:05] /addskill Bow Magico, level , 100000
[29/08/2014 22:52:58] /r
[29/08/2014 22:55:12] /m metagross
[29/08/2014 22:55:13] /m metagross
[29/08/2014 22:55:21] /r
[29/08/2014 22:55:26] /r
[29/08/2014 22:56:14] /goto tutor chaos
[29/08/2014 22:56:21] /m metagross
[29/08/2014 22:56:21] /m metagross
[29/08/2014 22:56:24] /m metagross
[29/08/2014 22:56:25] /m metagross
[29/08/2014 22:56:26] /m metagross
[29/08/2014 22:56:35] /ghost
[29/08/2014 22:57:00] /m metagross
[29/08/2014 22:57:00] /m metagross
[29/08/2014 22:57:01] /m metagross
[29/08/2014 22:57:03] /m metagross/m metagross/m metagross/m metagross/m metagross
[29/08/2014 22:57:04] /m metagross
[29/08/2014 22:57:05] /m metagross
[29/08/2014 22:57:05] /m metagross
[29/08/2014 22:57:06] /m metagross
[29/08/2014 22:57:06] /m metagross
[29/08/2014 22:58:53] /i return 7
[29/08/2014 22:59:31] /i 13975
[29/08/2014 23:00:01] /ghost
[29/08/2014 23:00:54] /r
[29/08/2014 23:01:15] /m metagross
[29/08/2014 23:01:47] /m metagross
[29/08/2014 23:01:48] /m metagross
[29/08/2014 23:01:49] /m metagross
[29/08/2014 23:01:50] /m metagross/m metagross
[29/08/2014 23:01:51] /m metagross
[29/08/2014 23:01:53] /m metagross
[29/08/2014 23:01:53] /m metagross
[29/08/2014 23:01:54] /m metagross
[29/08/2014 23:01:54] /m metagross
[29/08/2014 23:01:55] /m metagross
[29/08/2014 23:01:56] /m metagross
[29/08/2014 23:01:56] /m metagross
[29/08/2014 23:01:57] /m metagross
[29/08/2014 23:02:48] /m metagross
[29/08/2014 23:02:49] /m metagross
[29/08/2014 23:02:50] /m metagross
[29/08/2014 23:02:50] /m metagross
[29/08/2014 23:02:51] /m metagross
[29/08/2014 23:02:52] /m metagross
[29/08/2014 23:02:53] /m metagross
[29/08/2014 23:02:54] /m metagross
[29/08/2014 23:03:08] /m metagross
[29/08/2014 23:03:09] /m metagross
[29/08/2014 23:03:10] /m metagross
[29/08/2014 23:03:10] /m metagross
[29/08/2014 23:03:11] /m metagross
[29/08/2014 23:03:11] /m metagross
[29/08/2014 23:03:12] /m metagross
[29/08/2014 23:03:13] /m metagross
[29/08/2014 23:03:13] /m metagross
[29/08/2014 23:03:14] /m metagross
[29/08/2014 23:03:15] /m metagross
[29/08/2014 23:03:15] /m metagross
[29/08/2014 23:03:16] /m metagross
[29/08/2014 23:03:16] /m metagross
[29/08/2014 23:03:17] /m metagross
[29/08/2014 23:03:17] /m metagross
[29/08/2014 23:03:18] /m metagross
[29/08/2014 23:03:19] /m metagross
[29/08/2014 23:03:20] /m metagross
[29/08/2014 23:04:13] /goto shiny dodrio
[29/08/2014 23:04:21] /m metagross
[29/08/2014 23:04:22] /m metagross
[29/08/2014 23:04:24] /m metagross
[29/08/2014 23:04:24] /m metagross
[29/08/2014 23:04:25] /m metagross
[29/08/2014 23:04:26] /m metagross
[29/08/2014 23:04:27] /m metagross
[29/08/2014 23:04:27] /m metagross
[29/08/2014 23:04:28] /m metagross
[29/08/2014 23:04:29] /m metagross
[29/08/2014 23:04:30] /m metagross
[29/08/2014 23:04:30] /m metagross
[29/08/2014 23:04:31] /m metagross
[29/08/2014 23:04:32] /m metagross
[29/08/2014 23:05:14] /r
[29/08/2014 23:05:23] /m metagross
[29/08/2014 23:05:24] /m metagross
[29/08/2014 23:05:26] /m metagross
[29/08/2014 23:05:27] /m metagross
[29/08/2014 23:05:27] /m metagross
[29/08/2014 23:05:28] /m metagross
[29/08/2014 23:07:12] /goto tutor chaos
[29/08/2014 23:07:58] /m metagross
[29/08/2014 23:09:10] /goto tutor chaos
[29/08/2014 23:09:42] /m metagross
[29/08/2014 23:09:43] /m metagross
[29/08/2014 23:09:43] /m metagross
[29/08/2014 23:09:44] /m metagross
[29/08/2014 23:09:44] /m metagross
[29/08/2014 23:09:45] /m metagross
[29/08/2014 23:09:45] /m metagross
[29/08/2014 23:09:46] /m metagross
[29/08/2014 23:09:46] /m metagross
[29/08/2014 23:12:52] /send blastoise
[29/08/2014 23:13:15] /s mark
[29/08/2014 23:13:29] /s mark
[29/08/2014 23:14:14] /clean
[29/08/2014 23:14:25] /clean
[29/08/2014 23:15:09] /t
[29/08/2014 23:15:43] /c tutor chaos
[29/08/2014 23:17:22] /addskill Bow Magico, level , 5354324234
[29/08/2014 23:17:35] /addskill tutor chaos, level , 5354324234
[29/08/2014 23:18:10] /addskill senhor, level , 5354324234
[29/08/2014 23:19:54] /m shiny venusaur
[29/08/2014 23:20:12] /m shiny scyther
[29/08/2014 23:20:12] /m shiny scyther
[29/08/2014 23:20:13] /m shiny scyther
[29/08/2014 23:20:14] /m shiny scyther/m shiny scyther/m shiny scyther
[29/08/2014 23:20:15] /m shiny scyther
[29/08/2014 23:20:15] /m shiny scyther
[29/08/2014 23:20:16] /m shiny scyther
[29/08/2014 23:20:16] /m shiny scyther
[29/08/2014 23:20:17] /m shiny scyther
[29/08/2014 23:20:17] /m shiny scyther
[29/08/2014 23:20:18] /m shiny scyther
[29/08/2014 23:20:18] /m shiny scyther
[29/08/2014 23:20:19] /m shiny scyther
[29/08/2014 23:20:20] /m shiny scyther
[29/08/2014 23:20:27] /c tutor chaos
[29/08/2014 23:20:31] /m shiny scyther
[29/08/2014 23:20:32] /m shiny scyther
[29/08/2014 23:20:33] /m shiny scyther
[29/08/2014 23:20:34] /m shiny scyther
[29/08/2014 23:20:34] /m shiny scyther
[29/08/2014 23:20:35] /m shiny scyther
[29/08/2014 23:20:36] /m shiny scyther
[29/08/2014 23:20:36] /m shiny scyther
[29/08/2014 23:20:37] /m shiny scyther
[29/08/2014 23:20:38] /m shiny scyther
[29/08/2014 23:20:38] /m shiny scyther
[29/08/2014 23:20:39] /m shiny scyther
[29/08/2014 23:20:51] /m shiny blastoise
[29/08/2014 23:20:52] /m shiny blastoise
[29/08/2014 23:20:53] /m shiny blastoise
[29/08/2014 23:20:53] /m shiny blastoise
[29/08/2014 23:20:54] /m shiny blastoise
[29/08/2014 23:20:55] /m shiny blastoise
[29/08/2014 23:21:19] /m shiny scyhter
[29/08/2014 23:21:20] /m shiny scyhter
[29/08/2014 23:21:21] /m shiny scyhter
[29/08/2014 23:21:22] /m shiny scyhter
[29/08/2014 23:21:28] /m shiny scyther
[29/08/2014 23:21:31] /m shiny scyther/m shiny scyhter
[29/08/2014 23:21:32] /m shiny scyhter
[29/08/2014 23:21:32] /m shiny scyhter
[29/08/2014 23:21:33] /m shiny scyhter
[29/08/2014 23:21:34] /m shiny scyhter
[29/08/2014 23:21:44] /m shiny scyther
[29/08/2014 23:21:49] /m shiny scyther
[29/08/2014 23:21:49] /m shiny scyther
[29/08/2014 23:21:50] /m shiny scyther
[29/08/2014 23:21:51] /m shiny scyther
[29/08/2014 23:21:51] /m shiny scyther
[29/08/2014 23:21:52] /m shiny scyther
[29/08/2014 23:21:52] /m shiny scyther
[29/08/2014 23:22:00] /m shiny scyther
[29/08/2014 23:22:01] /m shiny scyther
[29/08/2014 23:22:02] /m shiny scyther
[29/08/2014 23:22:05] /t
[29/08/2014 23:22:25] /m shiny scyther
[29/08/2014 23:22:25] /m shiny scyther
[29/08/2014 23:22:26] /m shiny scyther
[29/08/2014 23:22:27] /m shiny scyther
[29/08/2014 23:22:47] /m shiny scyther
[29/08/2014 23:22:49] /m shiny scyther
[29/08/2014 23:22:50] /m shiny scyther
[29/08/2014 23:22:51] /m shiny scyther
[29/08/2014 23:22:51] /m shiny scyther
[29/08/2014 23:22:52] /m shiny scyther
[29/08/2014 23:22:53] /m shiny scyther
[29/08/2014 23:22:54] /m shiny scyther
[29/08/2014 23:22:54] /m shiny scyther
[29/08/2014 23:22:55] /m shiny scyther
[29/08/2014 23:22:56] /m shiny scyther
[29/08/2014 23:22:56] /m shiny scyther
[29/08/2014 23:22:57] /m shiny scyther
[29/08/2014 23:22:58] /m shiny scyther
[29/08/2014 23:22:58] /m shiny scyther
[29/08/2014 23:22:59] /m shiny scyther
[29/08/2014 23:22:59] /m shiny scyther
[29/08/2014 23:23:01] /m shiny scyther
[29/08/2014 23:24:08] /m shiny ratata
[29/08/2014 23:24:20] /m shiny electabuzz
[29/08/2014 23:24:23] /m shiny electabuzz/m shiny scyther
[29/08/2014 23:24:23] /m shiny scyther
[29/08/2014 23:24:24] /m shiny scyther
[29/08/2014 23:24:25] /m shiny scyther
[29/08/2014 23:24:25] /m shiny scyther
[29/08/2014 23:24:26] /m shiny scyther
[29/08/2014 23:24:31] /m shiny electabuzz
[29/08/2014 23:24:32] /m shiny electabuzz
[29/08/2014 23:24:32] /m shiny electabuzz
[29/08/2014 23:24:33] /m shiny electabuzz
[29/08/2014 23:24:33] /m shiny electabuzz
[29/08/2014 23:24:34] /m shiny electabuzz
[29/08/2014 23:24:35] /m shiny electabuzz
[29/08/2014 23:24:35] /m shiny electabuzz
[29/08/2014 23:24:36] /m shiny electabuzz
[29/08/2014 23:24:36] /m shiny electabuzz
[29/08/2014 23:24:37] /m shiny electabuzz
[29/08/2014 23:24:38] /m shiny electabuzz
[29/08/2014 23:24:38] /m shiny electabuzz
[29/08/2014 23:24:39] /m shiny electabuzz
[29/08/2014 23:24:47] /m shiny electabuzz
[29/08/2014 23:24:48] /m shiny electabuzz
[29/08/2014 23:24:48] /m shiny electabuzz
[29/08/2014 23:24:49] /m shiny electabuzz
[29/08/2014 23:24:50] /m shiny electabuzz
[29/08/2014 23:24:50] /m shiny electabuzz
[29/08/2014 23:24:51] /m shiny electabuzz
[29/08/2014 23:24:51] /m shiny electabuzz
[29/08/2014 23:24:52] /m shiny electabuzz
[29/08/2014 23:24:52] /m shiny electabuzz
[29/08/2014 23:25:00] /m shiny electabuzz
[29/08/2014 23:25:01] /m shiny electabuzz
[29/08/2014 23:25:01] /m shiny electabuzz
[29/08/2014 23:25:02] /m shiny electabuzz
[29/08/2014 23:25:03] /m shiny electabuzz
[29/08/2014 23:25:03] /m shiny electabuzz
[29/08/2014 23:25:04] /m shiny electabuzz
[29/08/2014 23:25:11] /m shiny electabuzz
[29/08/2014 23:25:12] /m shiny electabuzz
[29/08/2014 23:25:13] /m shiny electabuzz
[29/08/2014 23:25:13] /m shiny electabuzz
[29/08/2014 23:25:14] /m shiny electabuzz
[29/08/2014 23:25:15] /m shiny electabuzz
[29/08/2014 23:25:15] /m shiny electabuzz
[29/08/2014 23:25:16] /m shiny electabuzz
[29/08/2014 23:25:16] /m shiny electabuzz
[29/08/2014 23:25:17] /m shiny electabuzz
[29/08/2014 23:25:18] /m shiny electabuzz
[29/08/2014 23:25:18] /m shiny electabuzz
[29/08/2014 23:25:19] /m shiny electabuzz
[29/08/2014 23:25:44] /newtype
[29/08/2014 23:25:52] /newtype 13
[29/08/2014 23:25:56] /newtype 14
[29/08/2014 23:25:58] /newtype 145
[29/08/2014 23:26:22] /m shiny electabuzz
[29/08/2014 23:26:23] /m shiny electabuzz
[29/08/2014 23:26:24] /m shiny electabuzz
[29/08/2014 23:26:25] /m shiny electabuzz
[29/08/2014 23:26:25] /m shiny electabuzz
[29/08/2014 23:26:26] /m shiny electabuzz
[29/08/2014 23:26:27] /m shiny electabuzz
[29/08/2014 23:26:27] /m shiny electabuzz
[29/08/2014 23:26:28] /m shiny electabuzz
[29/08/2014 23:26:28] /m shiny electabuzz
[29/08/2014 23:26:29] /m shiny electabuzz
[29/08/2014 23:26:34] /newtype 3422
[29/08/2014 23:26:41] /newtype 34
[29/08/2014 23:26:47] /m shiny electabuzz
[29/08/2014 23:26:48] /m shiny electabuzz
[29/08/2014 23:26:48] /m shiny electabuzz
[29/08/2014 23:26:49] /m shiny electabuzz
[29/08/2014 23:26:49] /m shiny electabuzz
[29/08/2014 23:26:50] /m shiny electabuzz
[29/08/2014 23:26:51] /m shiny electabuzz
[29/08/2014 23:26:51] /m shiny electabuzz
[29/08/2014 23:26:52] /m shiny electabuzz
[29/08/2014 23:27:17] /i thundes dollares
[29/08/2014 23:27:45] /newtype 2
[29/08/2014 23:27:49] /newtype 3
[29/08/2014 23:27:50] /newtype 4
[29/08/2014 23:27:53] /newtype 45
[29/08/2014 23:27:57] /newtype 455
[29/08/2014 23:28:00] /newtype 4555
[29/08/2014 23:28:04] /newtype 452
[29/08/2014 23:28:12] /newtype 234
[29/08/2014 23:28:56] /clean
[29/08/2014 23:29:21] /t
[29/08/2014 23:29:37] /c
[29/08/2014 23:29:42] /c tutor chaos
[29/08/2014 23:29:49] /ghost
[29/08/2014 23:30:13] /m mewtwo
[29/08/2014 23:30:14] /m mewtwo
[29/08/2014 23:30:15] /m mewtwo
[29/08/2014 23:30:15] /m mewtwo
[29/08/2014 23:30:16] /m mewtwo
[29/08/2014 23:30:17] /m mewtwo
[29/08/2014 23:30:17] /m mewtwo
[29/08/2014 23:30:18] /m mewtwo
[29/08/2014 23:30:28] /r
[29/08/2014 23:30:29] /r
[29/08/2014 23:30:30] /r
[29/08/2014 23:30:33] /r
[29/08/2014 23:30:38] /r
[29/08/2014 23:30:40] /r
[29/08/2014 23:30:43] /r
[29/08/2014 23:30:44] /r
[29/08/2014 23:30:45] /r
[29/08/2014 23:30:52] /m moltres
[29/08/2014 23:30:54] /m moltres
[29/08/2014 23:30:54] /m moltres
[29/08/2014 23:30:55] /m moltres
[29/08/2014 23:30:56] /m moltres
[29/08/2014 23:30:56] /m moltres
[29/08/2014 23:30:57] /m moltres
[29/08/2014 23:30:57] /m moltres
[29/08/2014 23:31:11] /r
[29/08/2014 23:31:16] /r
[29/08/2014 23:31:25] /r
[29/08/2014 23:31:27] /r
[29/08/2014 23:31:27] /r
[29/08/2014 23:31:30] /r
[29/08/2014 23:31:37] /r
[29/08/2014 23:31:41] /r
[29/08/2014 23:31:42] /r
[29/08/2014 23:31:44] /r
[29/08/2014 23:31:45] /r
[29/08/2014 23:31:50] /r
[29/08/2014 23:31:51] /r
[29/08/2014 23:35:30] /goto tutor chaos
[29/08/2014 23:36:46] /goto outland
[29/08/2014 23:37:11] /goto blastoise
[29/08/2014 23:37:38] /goto dragonair
[29/08/2014 23:38:18] /goto tutor chaos
[29/08/2014 23:39:49] /goto tutor chaos
[29/08/2014 23:41:24] /goto gyarados
[29/08/2014 23:41:34] /c tutor chaos
[29/08/2014 23:41:51] /m shiny politoed
[29/08/2014 23:42:23] /goto tutor chaos
[29/08/2014 23:42:41] /m elder jynx
[29/08/2014 23:42:45] /m elder jynx
[29/08/2014 23:42:46] /m elder jynx
[29/08/2014 23:42:46] /m elder jynx
[29/08/2014 23:44:29] /goto tutor chaos
[29/08/2014 23:44:48] /m ufc machamp
[29/08/2014 23:45:06] /m war heracross
[29/08/2014 23:45:08] /m war heracross
[29/08/2014 23:45:09] /m war heracross
[29/08/2014 23:45:09] /m war heracross
[29/08/2014 23:45:10] /m war heracross
[29/08/2014 23:45:11] /m war heracross
[29/08/2014 23:45:11] /m war heracross
[29/08/2014 23:45:50] /m shiny magneton
[29/08/2014 23:45:51] /m shiny magneton
[29/08/2014 23:45:52] /m shiny magneton
[29/08/2014 23:45:52] /m shiny magneton
[29/08/2014 23:45:54] /m shiny magneton
[29/08/2014 23:46:11] /m shiny espeon
[29/08/2014 23:46:14] /m shiny espeon
[29/08/2014 23:46:14] /m shiny espeon
[29/08/2014 23:46:15] /m shiny espeon
[29/08/2014 23:46:15] /m shiny espeon
[29/08/2014 23:46:16] /m shiny espeon
[29/08/2014 23:46:17] /m shiny espeon
[29/08/2014 23:49:00] /clean
[29/08/2014 23:49:08] /clean
[29/08/2014 23:49:15] /clean
[29/08/2014 23:49:25] /r
[29/08/2014 23:49:28] /r
[29/08/2014 23:49:31] /r
[29/08/2014 23:49:49] /m shiny blastoise
[29/08/2014 23:50:06] /m shiny snorlax
[29/08/2014 23:50:18] /m shiny dodrio
[29/08/2014 23:50:19] /m shiny dodrio
[29/08/2014 23:50:20] /m shiny dodrio
[29/08/2014 23:50:21] /m shiny dodrio
[29/08/2014 23:50:22] /m shiny dodrio
[29/08/2014 23:54:13] /r
[29/08/2014 23:54:15] /r
[29/08/2014 23:54:15] /r
[29/08/2014 23:54:16] /r
[29/08/2014 23:54:18] /r
[29/08/2014 23:54:19] /r
[29/08/2014 23:54:21] /r
[29/08/2014 23:55:23] /m shiny snorlax
[29/08/2014 23:55:26] /m shiny snorlax
[29/08/2014 23:55:27] /m shiny snorlax
[29/08/2014 23:55:31] /m shiny snorlax
[29/08/2014 23:55:32] /m shiny snorlax
[29/08/2014 23:55:32] /m shiny snorlax
[29/08/2014 23:55:33] /m shiny snorlax
[29/08/2014 23:55:55] /m shiny snorlax
[29/08/2014 23:56:21] /m shiny snorlax
[29/08/2014 23:56:24] /m shiny snorlax
[29/08/2014 23:56:45] /m shiny gengar
[29/08/2014 23:56:46] /m shiny gengar
[29/08/2014 23:58:56] /m electabuzz
[29/08/2014 23:58:58] /m electabuzz
[29/08/2014 23:58:59] /m electabuzz
[29/08/2014 23:58:59] /m electabuzz
[29/08/2014 23:59:00] /m electabuzz
[29/08/2014 23:59:00] /m electabuzz
[29/08/2014 23:59:01] /m electabuzz
[29/08/2014 23:59:01] /m electabuzz
[29/08/2014 23:59:02] /m electabuzz
[29/08/2014 23:59:02] /m electabuzz
[29/08/2014 23:59:03] /m shiny gengar
[29/08/2014 23:59:03] /m shiny gengar
[29/08/2014 23:59:05] /m shiny gengar
[29/08/2014 23:59:06] /m shiny gengar
[29/08/2014 23:59:10] /m electabuzz
[29/08/2014 23:59:11] /m electabuzz
[29/08/2014 23:59:11] /m electabuzz
[29/08/2014 23:59:12] /m electabuzz
[29/08/2014 23:59:13] /m electabuzz
[29/08/2014 23:59:13] /m electabuzz
[29/08/2014 23:59:14] /m electabuzz
[29/08/2014 23:59:15] /m electabuzz
[29/08/2014 23:59:16] /m shiny snorlax
[29/08/2014 23:59:23] /m electabuzz
[29/08/2014 23:59:24] /m electabuzz
[29/08/2014 23:59:25] /m electabuzz
[29/08/2014 23:59:26] /m electabuzz
[29/08/2014 23:59:27] /m electabuzz
[29/08/2014 23:59:27] /m electabuzz
[29/08/2014 23:59:28] /m electabuzz
[29/08/2014 23:59:28] /m electabuzz
[29/08/2014 23:59:29] /m electabuzz
[29/08/2014 23:59:30] /m electabuzz
[29/08/2014 23:59:30] /m electabuzz
[29/08/2014 23:59:31] /m electabuzz
[29/08/2014 23:59:32] /m electabuzz
[29/08/2014 23:59:33] /m electabuzz
[29/08/2014 23:59:34] /m electabuzz
[30/08/2014 00:00:13] /n mark
[30/08/2014 00:01:16] /attr group 1
[30/08/2014 00:01:22] /attr group 1
[30/08/2014 00:01:26] /attr group 1
[30/08/2014 00:03:26] /town 3
[30/08/2014 00:03:31] /town 6
[30/08/2014 00:03:38] /c tutor chaos
[30/08/2014 00:03:39] /c
[30/08/2014 00:03:41] /t
[30/08/2014 00:05:24] /m golbat
[30/08/2014 00:05:25] /m golbat
[30/08/2014 00:05:25] /m golbat
[30/08/2014 00:05:27] /m golbat
[30/08/2014 00:05:28] /m golbat
[30/08/2014 00:05:28] /m golbat
[30/08/2014 00:05:29] /m golbat
[30/08/2014 00:05:29] /m golbat
[30/08/2014 00:05:30] /m golbat
[30/08/2014 00:05:31] /m golbat
[30/08/2014 00:05:31] /m golbat
[30/08/2014 00:05:32] /m golbat
[30/08/2014 00:05:32] /m golbat
[30/08/2014 00:05:33] /m golbat
[30/08/2014 00:05:34] /m golbat
[30/08/2014 00:05:34] /m golbat
[30/08/2014 00:05:35] /m golbat
[30/08/2014 00:05:35] /m golbat
[30/08/2014 00:05:37] /m golbat
[30/08/2014 00:05:37] /m golbat
[30/08/2014 00:05:38] /m golbat
[30/08/2014 00:05:39] /m golbat
[30/08/2014 00:05:39] /m golbat
[30/08/2014 00:05:40] /m golbat
[30/08/2014 00:05:41] /m golbat
[30/08/2014 00:05:41] /m golbat
[30/08/2014 00:05:42] /m golbat
[30/08/2014 00:05:43] /m golbat
[30/08/2014 00:05:44] /m golbat
[30/08/2014 00:05:44] /m golbat
[30/08/2014 00:05:45] /m golbat
[30/08/2014 00:05:46] /m golbat
[30/08/2014 00:05:47] /m golbat
[30/08/2014 00:05:48] /m golbat
[30/08/2014 00:05:49] /m golbat
[30/08/2014 00:05:50] /m golbat
[30/08/2014 00:05:51] /m golbat
[30/08/2014 00:05:51] /m golbat
[30/08/2014 00:05:52] /m golbat
[30/08/2014 00:05:52] /m golbat
[30/08/2014 00:05:53] /m golbat
[30/08/2014 00:05:53] /m golbat
[30/08/2014 00:05:54] /m golbat
[30/08/2014 00:05:55] /m golbat
[30/08/2014 00:05:55] /m golbat
[30/08/2014 00:05:56] /m golbat
[30/08/2014 00:05:56] /m golbat
[30/08/2014 00:05:57] /m golbat
[30/08/2014 00:05:58] /m golbat
[30/08/2014 00:05:58] /m golbat
[30/08/2014 00:05:59] /m golbat
[30/08/2014 00:05:59] /m golbat
[30/08/2014 00:06:00] /m golbat
[30/08/2014 00:06:02] /m golbat
[30/08/2014 00:06:02] /m golbat
[30/08/2014 00:06:05] /m golbat
[30/08/2014 00:06:24] /clean
[30/08/2014 00:07:02] /a
[30/08/2014 00:07:04] /a
[30/08/2014 00:07:04] /a
[30/08/2014 00:07:05] /a
[30/08/2014 00:07:06] /a
[30/08/2014 00:07:19] /m shiny fearow
[30/08/2014 00:07:20] /m shiny fearow
[30/08/2014 00:07:21] /m shiny fearow
[30/08/2014 00:07:21] /m shiny fearow
[30/08/2014 00:07:22] /m shiny fearow
[30/08/2014 00:07:32] /m shiny fearow
[30/08/2014 00:07:33] /m shiny fearow
[30/08/2014 00:07:35] /m shiny fearow
[30/08/2014 00:08:10] /ghost
[30/08/2014 00:08:57] /r
[30/08/2014 00:08:59] /r
[30/08/2014 00:09:06] /ghost
[30/08/2014 00:09:09] /r
[30/08/2014 00:09:18] /r
[30/08/2014 00:15:36] /addskill Bow Magico, level , 43252324
[30/08/2014 00:15:42] /addskill Bow Magico, level , 4325232453243252352362
[30/08/2014 00:15:45] /addskill Bow Magico, level , 43252324532
[30/08/2014 00:15:50] /addskill Bow Magico, level , 4343242
[30/08/2014 00:15:52] /addskill Bow Magico, level , 4343242
[30/08/2014 00:15:54] /addskill Bow Magico, level , 4343242
[30/08/2014 00:15:56] /addskill Bow Magico, level , 434324
[30/08/2014 00:15:58] /addskill Bow Magico, level , 4343
[30/08/2014 00:16:00] /addskill Bow Magico, level , 4343
[30/08/2014 00:16:01] /addskill Bow Magico, level , 4343
[30/08/2014 00:16:02] /addskill Bow Magico, level , 4343
[30/08/2014 00:16:02] /addskill Bow Magico, level , 4343
[30/08/2014 00:16:03] /addskill Bow Magico, level , 4343
[30/08/2014 00:16:03] /addskill Bow Magico, level , 4343
[30/08/2014 00:16:04] /addskill Bow Magico, level , 4343
[30/08/2014 00:16:05] /addskill Bow Magico, level , 4343
[30/08/2014 00:16:05] /addskill Bow Magico, level , 4343
[30/08/2014 00:16:07] /addskill Bow Magico, level , 4343
[30/08/2014 00:16:08] /addskill Bow Magico, level , 4343
[30/08/2014 00:16:11] /addskill Bow Magico, level , 434
[30/08/2014 00:16:12] /addskill Bow Magico, level , 434
[30/08/2014 00:16:13] /addskill Bow Magico, level , 434
[30/08/2014 00:16:13] /addskill Bow Magico, level , 434
[30/08/2014 00:16:14] /addskill Bow Magico, level , 434
[30/08/2014 00:16:15] /addskill Bow Magico, level , 434
[30/08/2014 00:16:15] /addskill Bow Magico, level , 434
[30/08/2014 00:18:50] /addskill Bow Magico, level , 4343
[30/08/2014 00:18:54] /addskill Bow Magico, level , 4
[30/08/2014 00:20:56] /i 13975
[30/08/2014 00:20:57] /i 13975
[30/08/2014 00:20:58] /i 13975
[30/08/2014 00:23:48] /ghost
[30/08/2014 00:25:15] /r
[30/08/2014 00:25:48] /ghost
[30/08/2014 00:26:09] /i 13975
[30/08/2014 00:26:10] /i 13975
[30/08/2014 00:26:10] /i 13975
[30/08/2014 00:26:11] /i 13975
[30/08/2014 00:26:58] /i 13975
[30/08/2014 00:26:59] /i 13975
[30/08/2014 15:07:43] /t
[30/08/2014 15:07:57] /r
[30/08/2014 15:07:58] /t
[30/08/2014 15:08:00] /c
[30/08/2014 15:08:13] /goto tutor chaos
[30/08/2014 15:08:28] /t tutor chaos
[30/08/2014 15:09:09] /attr group 5
[30/08/2014 15:10:32] /goto tutor chaos
[30/08/2014 15:11:48] /addskill Bow Magico, level, 400
[30/08/2014 15:11:58] /goto tutor chaos
[30/08/2014 15:12:32] /goto senhor
[30/08/2014 15:13:05] /t
[30/08/2014 15:13:06] /t
[30/08/2014 15:13:07] /t
[30/08/2014 15:13:07] /t
[30/08/2014 15:13:15] /goto senhor
[30/08/2014 15:13:37] /t
[30/08/2014 15:13:39] /t
[30/08/2014 15:13:44] /goto senhor
[30/08/2014 15:14:11] /a 1
[30/08/2014 15:14:14] /a 1
[30/08/2014 15:14:15] /a 1
[30/08/2014 15:14:16] /a 1
[30/08/2014 15:14:18] /a 1
[30/08/2014 15:14:20] /a 1
[30/08/2014 15:14:20] /a 1
[30/08/2014 15:14:27] /a 1
[30/08/2014 15:14:28] /t
[30/08/2014 15:14:36] /a 50
[30/08/2014 15:14:59] /a 1
[30/08/2014 15:15:20] /goto cerulean
[30/08/2014 15:15:29] /goto tangela
[30/08/2014 15:15:41] /goto tutor chaos
[30/08/2014 15:16:10] /a 5
[30/08/2014 15:16:13] /a 5
[30/08/2014 15:16:14] /a 5
[30/08/2014 15:16:14] /a 5
[30/08/2014 15:16:15] /a 5
[30/08/2014 15:16:15] /a 5
[30/08/2014 15:16:16] /a 5
[30/08/2014 15:16:18] /a 5
[30/08/2014 15:16:19] /a 5
[30/08/2014 15:16:19] /a 5
[30/08/2014 15:16:20] /a 5
[30/08/2014 15:16:20] /a 5
[30/08/2014 15:17:50] /goto tutor chaos
[30/08/2014 15:18:19] /addskill Bow Magico, level, 400
[30/08/2014 15:18:58] /addskill tutor chaos, level, 400
[30/08/2014 15:21:33] /i 12227
[30/08/2014 15:21:34] /i 12227
[30/08/2014 15:21:34] /i 12227
[30/08/2014 15:21:35] /i 12227
[30/08/2014 15:21:36] /i 12227
[30/08/2014 15:21:37] /i 12227
[30/08/2014 15:22:35] /addskill Bow Magico, level, 10
[30/08/2014 15:23:51] /addskill tutor chaos, level, 10
[30/08/2014 15:24:57] /goto shiny blastoise
[30/08/2014 15:25:06] /c tutor chaos
[30/08/2014 15:25:26] /addskill tutor chaos, level, 5
[30/08/2014 15:25:34] /addskill Bow Magico, level, 5
[30/08/2014 15:28:22] /clean
[30/08/2014 15:28:31] /clean
[30/08/2014 15:28:43] /i 12227
[30/08/2014 15:28:44] /i 12227
[30/08/2014 15:28:45] /i 12227
[30/08/2014 15:28:47] /i 12227
[30/08/2014 15:28:48] /i 12227
[30/08/2014 15:28:49] /i 12227
[30/08/2014 15:29:09] /i 12227
[30/08/2014 15:29:10] /i 12227
[30/08/2014 15:29:10] /i 12227
[30/08/2014 15:29:11] /i 12227
[30/08/2014 15:29:11] /i 12227
[30/08/2014 15:29:12] /i 12227
[30/08/2014 15:29:21] /i 12227
[30/08/2014 15:29:22] /i 12227
[30/08/2014 15:29:23] /i 12227
[30/08/2014 15:29:23] /i 12227
[30/08/2014 15:29:39] /i 12227
[30/08/2014 15:29:40] /i 12227
[30/08/2014 15:29:41] /i 12227
[30/08/2014 15:29:41] /i 12227
[30/08/2014 15:31:30] /ghost
[30/08/2014 16:15:25] /i 11641
[30/08/2014 16:15:27] /i 11641
[30/08/2014 16:15:27] /i 11641
[30/08/2014 16:15:28] /i 11641
[30/08/2014 16:15:28] /i 11641
[30/08/2014 16:15:29] /i 11641
[30/08/2014 16:15:44] /i 11641
[30/08/2014 16:15:44] /i 11641
[30/08/2014 16:15:45] /i 11641
[30/08/2014 16:15:46] /i 11641
[30/08/2014 16:15:46] /i 11641
[30/08/2014 16:15:47] /i 11641
[30/08/2014 16:15:56] /clean
[30/08/2014 16:16:01] /i 11641
[30/08/2014 16:20:44] /goto tutor chaos
[30/08/2014 16:20:58] /goto senhor
[30/08/2014 16:21:20] /goto senhor
[30/08/2014 16:21:40] /a 3
[30/08/2014 16:22:28] /goto tutor chaos
[30/08/2014 16:23:47] /goto shiny magmar
[30/08/2014 16:27:06] /town 10
[30/08/2014 16:30:04] /goto shiny charizard
[30/08/2014 16:32:23] /goto shiny dodrio
[30/08/2014 16:33:19] /goto tutor chaos
[30/08/2014 16:33:37] /m shiny venomot
[30/08/2014 16:34:18] /m zaptos
[30/08/2014 16:34:36] /m moltrs
[30/08/2014 16:34:39] /m moltres
[30/08/2014 16:36:54] /m zaptos
[30/08/2014 16:36:57] /m zapto
[30/08/2014 16:37:24] /goto moltres
[30/08/2014 16:38:23] /goto shiny magcargo
[30/08/2014 16:38:34] /goto shiny lanturn
[30/08/2014 16:38:43] /m shiny lantunr
[30/08/2014 16:38:54] /m shiny lanturne
[30/08/2014 16:38:56] /m shiny lanturn
[30/08/2014 16:39:28] /goto shiny lanturn
[30/08/2014 16:39:40] /goto lanturn
[30/08/2014 16:40:06] /m shiny venusaur
[30/08/2014 16:40:19] /m shiny cubone
[30/08/2014 16:41:59] /goto tutor chaos
[30/08/2014 16:42:05] /goto tutor chaos
[30/08/2014 16:42:45] /goto tutor chaos
[30/08/2014 16:42:55] /goto tutor chaos
[30/08/2014 16:43:14] /m shiny mr. mime
[30/08/2014 16:43:16] /m shiny mr. mime
[30/08/2014 16:43:17] /m shiny mr. mime
[30/08/2014 16:43:17] /m shiny mr. mime
[30/08/2014 16:43:17] /m shiny mr. mime
[30/08/2014 16:43:18] /m shiny mr. mime
[30/08/2014 16:43:18] /m shiny mr. mime
[30/08/2014 16:43:19] /m shiny mr. mime
[30/08/2014 16:43:19] /m shiny mr. mime
[30/08/2014 16:43:20] /m shiny mr. mime
[30/08/2014 16:43:53] /m shiny mantine
[30/08/2014 16:43:54] /m shiny mantine
[30/08/2014 16:43:55] /m shiny mantine
[30/08/2014 16:43:55] /m shiny mantine
[30/08/2014 16:43:56] /m shiny mantine
[30/08/2014 16:43:56] /m shiny mantine
[30/08/2014 16:43:57] /m shiny mantine
[30/08/2014 16:43:57] /m shiny mantine
[30/08/2014 16:43:58] /m shiny mantine
[30/08/2014 16:43:58] /m shiny mantine
[30/08/2014 16:43:58] /m shiny mantine
[30/08/2014 16:43:59] /m shiny mantine
[30/08/2014 16:43:59] /m shiny mantine
[30/08/2014 16:44:00] /m shiny mantine
[30/08/2014 16:44:00] /m shiny mantine
[30/08/2014 16:44:01] /m shiny mantine
[30/08/2014 16:44:01] /m shiny mantine
[30/08/2014 16:44:02] /m shiny mantine
[30/08/2014 16:44:05] /m shiny mantine
[30/08/2014 16:44:20] /m shiny lanturn
[30/08/2014 16:44:21] /m shiny lanturn
[30/08/2014 16:44:22] /m shiny lanturn
[30/08/2014 16:44:22] /m shiny lanturn
[30/08/2014 16:44:22] /m shiny lanturn
[30/08/2014 16:44:23] /m shiny lanturn
[30/08/2014 16:44:23] /m shiny lanturn
[30/08/2014 16:44:24] /m shiny lanturn
[30/08/2014 16:44:25] /m shiny lanturn
[30/08/2014 16:44:38] /m shiny magcargo
[30/08/2014 16:44:39] /m shiny magcargo
[30/08/2014 16:44:39] /m shiny magcargo
[30/08/2014 16:44:40] /m shiny magcargo
[30/08/2014 16:44:40] /m shiny magcargo
[30/08/2014 16:44:41] /m shiny magcargo
[30/08/2014 16:44:41] /m shiny magcargo
[30/08/2014 16:44:42] /m shiny magcargo
[30/08/2014 16:44:42] /m shiny magcargo
[30/08/2014 16:45:12] /m shiny weezing
[30/08/2014 16:45:13] /m shiny weezing
[30/08/2014 16:45:14] /m shiny weezing
[30/08/2014 16:45:14] /m shiny weezing
[30/08/2014 16:45:14] /m shiny weezing
[30/08/2014 16:45:15] /m shiny weezing
[30/08/2014 16:45:15] /m shiny weezing
[30/08/2014 16:45:58] /m shiny electabuzz
[30/08/2014 16:45:59] /m shiny electabuzz
[30/08/2014 16:45:59] /m shiny electabuzz
[30/08/2014 16:46:00] /m shiny electabuzz
[30/08/2014 16:46:00] /m shiny electabuzz
[30/08/2014 16:46:01] /m shiny electabuzz
[30/08/2014 16:46:01] /m shiny electabuzz
[30/08/2014 16:46:01] /m shiny electabuzz
[30/08/2014 16:46:02] /m shiny electabuzz
[30/08/2014 16:46:43] /m shiny sandslash
[30/08/2014 16:46:43] /m shiny sandslash
[30/08/2014 16:46:44] /m shiny sandslash
[30/08/2014 16:46:44] /m shiny sandslash
[30/08/2014 16:46:45] /m shiny sandslash
[30/08/2014 16:46:45] /m shiny sandslash
[30/08/2014 16:46:46] /m shiny sandslash
[30/08/2014 16:46:49] /m shiny sandslash
[30/08/2014 16:46:49] /m shiny sandslash
[30/08/2014 16:46:50] /m shiny sandslash
[30/08/2014 16:47:10] /m shiny electabuzz
[30/08/2014 16:47:30] /m zapdos
[30/08/2014 16:47:50] /m shiny golem
[30/08/2014 16:48:05] /m moltres
[30/08/2014 16:48:56] /m mewtwo
[30/08/2014 16:49:09] /m mewtwo
[30/08/2014 16:49:21] /m mewtwo
[30/08/2014 16:49:27] /m mew
[30/08/2014 16:49:43] /m lugia
[30/08/2014 16:49:57] /m kyoger
[30/08/2014 16:49:59] /m kyogerw
[30/08/2014 16:50:01] /m kyogerwe
[30/08/2014 16:50:06] /m kyogere
[30/08/2014 16:50:13] /m latios
[30/08/2014 16:50:43] /m celibe
[30/08/2014 16:50:51] /m celibi
[30/08/2014 16:52:47] /goto tutor chaos
[30/08/2014 16:53:24] /a 13
[30/08/2014 16:53:25] /a 13
[30/08/2014 16:53:26] /a 13
[30/08/2014 16:53:27] /a 13
[30/08/2014 16:53:28] /a 13
[30/08/2014 16:53:28] /a 13
[30/08/2014 16:53:29] /a 13
[30/08/2014 16:53:29] /a 13
[30/08/2014 16:53:30] /a 13
[30/08/2014 16:53:30] /a 13
[30/08/2014 16:53:31] /a 13
[30/08/2014 16:53:31] /a 13
[30/08/2014 16:53:32] /a 13
[30/08/2014 16:53:33] /a 13
[30/08/2014 16:53:34] /a 13
[30/08/2014 16:53:34] /a 13
[30/08/2014 16:53:35] /a 13
[30/08/2014 16:53:35] /a 13
[30/08/2014 16:53:36] /a 13
[30/08/2014 16:53:37] /a 13
[30/08/2014 16:53:37] /a 13
[30/08/2014 16:53:38] /a 13
[30/08/2014 16:53:43] /goto tutor chaos
[30/08/2014 16:55:35] /goto tutor chaos
[30/08/2014 16:55:42] /goto senhor
[30/08/2014 16:57:34] /goto senhor
[30/08/2014 17:01:34] /i master ball
[30/08/2014 17:01:38] /i master bal
[30/08/2014 17:06:06] /goto shiny tangela
[30/08/2014 17:06:17] /goto shiny mr. mime
[30/08/2014 17:07:21] /goto senhor
[30/08/2014 17:57:19] /goto senhor
[30/08/2014 18:15:09] /goto tutor chaos
[30/08/2014 18:15:35] /goto tutor chaos
[30/08/2014 18:15:50] /goto tutor chaos
[30/08/2014 18:15:57] /goto tutor chaos
[30/08/2014 18:17:52] /goto tutor chaos
[30/08/2014 18:18:20] /goto senhor
[30/08/2014 18:18:38] /i 12727
[30/08/2014 18:18:59] /i 12727
[30/08/2014 18:19:03] /i 12727
[30/08/2014 18:19:05] /i 12727
[30/08/2014 18:19:10] /i 12727
[30/08/2014 18:19:13] /i 12727
[30/08/2014 18:19:16] /i 12727
[30/08/2014 18:19:40] /i 12727
[30/08/2014 18:19:44] /i 12727
[30/08/2014 18:19:46] /i 12727
[30/08/2014 18:19:49] /i 12727
[30/08/2014 18:19:50] /i 12727
[30/08/2014 18:19:51] /i 12727
[30/08/2014 18:19:53] /i 12727
[30/08/2014 18:19:55] /i 12727
[30/08/2014 18:19:58] /r
[30/08/2014 18:20:00] /i 12727
[30/08/2014 18:20:02] /i 12727
[30/08/2014 18:20:03] /i 12727
[30/08/2014 18:20:07] /r
[30/08/2014 18:20:10] /i 12727
[30/08/2014 18:20:14] /i 12727
[30/08/2014 18:20:18] /i 12727
[30/08/2014 18:20:33] /i 12727
[30/08/2014 18:20:46] /i 12681
[30/08/2014 18:20:47] /i 12681
[30/08/2014 18:20:48] /i 12681
[30/08/2014 18:20:48] /i 12681
[30/08/2014 18:20:58] /i 12681
[30/08/2014 18:20:59] /i 12681
[30/08/2014 18:20:59] /i 12681
[30/08/2014 18:20:59] /i 12681
[30/08/2014 18:21:00] /i 12681
[30/08/2014 18:21:01] /i 12681
[30/08/2014 18:21:18] /i 12681
[30/08/2014 18:21:23] /i 12681
[30/08/2014 18:21:24] /i 12681
[30/08/2014 18:21:24] /i 12681
[30/08/2014 18:21:25] /i 12681
[30/08/2014 18:21:25] /i 12681
[30/08/2014 18:21:25] /i 12681
[30/08/2014 18:21:26] /i 12681
[30/08/2014 18:21:26] /i 12681
[30/08/2014 18:21:27] /i 12681
[30/08/2014 18:21:27] /i 12681
[30/08/2014 18:21:28] /i 12681
[30/08/2014 18:21:28] /i 12681
[30/08/2014 18:23:54] /i 2145, 100
[30/08/2014 18:24:06] /a 3
[30/08/2014 18:24:12] /c tutor chaos
[30/08/2014 18:24:23] /c tutor chaos
[30/08/2014 18:24:43] /c senhor
[30/08/2014 18:24:57] /a 4
[30/08/2014 18:25:21] /a 5
[30/08/2014 18:25:37] /a 3
[30/08/2014 18:26:00] /r
[30/08/2014 18:26:02] /r
[30/08/2014 18:26:05] /r
[30/08/2014 18:26:08] /r
[30/08/2014 18:26:12] /r
[30/08/2014 18:26:13] /r
[30/08/2014 18:26:14] /r
[30/08/2014 18:26:16] /r
[30/08/2014 18:26:20] /r
[30/08/2014 18:26:23] /r
[30/08/2014 18:26:24] /r
[30/08/2014 18:26:25] /r
[30/08/2014 18:26:26] /r
[30/08/2014 18:26:29] /r
[30/08/2014 18:26:30] /r
[30/08/2014 18:26:31] /r
[30/08/2014 18:26:33] /r
[30/08/2014 18:26:36] /r
[30/08/2014 18:26:39] /r
[30/08/2014 18:27:09] /i 2145, 180
[30/08/2014 18:27:36] /ghost
[30/08/2014 18:27:43] /goto tutor chaos
[30/08/2014 18:27:50] /goto tutor chaos
[30/08/2014 18:28:08] /goto tutor chaos
[30/08/2014 18:28:09] /goto tutor chaos
[30/08/2014 18:28:09] /goto tutor chaos
[30/08/2014 18:28:10] /goto tutor chaos
[30/08/2014 18:28:11] /goto tutor chaos
[30/08/2014 18:28:11] /goto tutor chaos
[30/08/2014 18:28:12] /goto tutor chaos
[30/08/2014 18:28:12] /goto tutor chaos
[30/08/2014 18:28:13] /goto tutor chaos
[30/08/2014 18:28:13] /goto tutor chaos
[30/08/2014 18:28:14] /goto tutor chaos
[30/08/2014 18:28:14] /goto tutor chaos
[30/08/2014 18:28:14] /goto tutor chaos
[30/08/2014 18:28:15] /goto tutor chaos
[30/08/2014 18:28:15] /goto tutor chaos
[30/08/2014 18:28:16] /goto tutor chaos
[30/08/2014 18:28:16] /goto tutor chaos
[30/08/2014 18:28:17] /goto tutor chaos
[30/08/2014 18:28:17] /goto tutor chaos
[30/08/2014 18:28:18] /goto tutor chaos
[30/08/2014 18:28:18] /goto tutor chaos]
[30/08/2014 18:28:20] /goto tutor chaos]
[30/08/2014 18:28:21] /goto tutor chaos]
[30/08/2014 18:28:23] /goto tutor chaos
[30/08/2014 18:28:24] /goto tutor chaos
[30/08/2014 18:28:30] /goto tutor chaos
[30/08/2014 18:28:47] /t tutor chaos
[30/08/2014 18:28:50] /goto tutor chaos
[30/08/2014 18:28:52] /t tutor chaos
[30/08/2014 18:28:55] /t tutor chaos
[30/08/2014 18:28:55] /t tutor chaos
[30/08/2014 18:28:56] /t tutor chaos
[30/08/2014 18:28:57] /t tutor chaos
[30/08/2014 18:29:45] /t red fury
[30/08/2014 18:29:46] /t red fury
[30/08/2014 18:29:47] /t red fury
[30/08/2014 18:29:47] /t red fury
[30/08/2014 18:29:48] /t red fury
[30/08/2014 18:29:48] /t red fury
[30/08/2014 18:29:48] /t red fury
[30/08/2014 18:29:49] /t red fury
[30/08/2014 18:29:49] /t red fury
[30/08/2014 18:29:50] /t red fury
[30/08/2014 18:29:50] /t red fury
[30/08/2014 18:29:51] /t red fury
[30/08/2014 18:29:51] /t red fury
[30/08/2014 18:30:01] /t red fury
[30/08/2014 18:30:02] /t red fury
[30/08/2014 18:30:03] /t red fury
[30/08/2014 18:30:04] /t red fury
[30/08/2014 18:30:04] /t red fury
[30/08/2014 18:30:05] /t red fury
[30/08/2014 18:30:17] /t red fury
[30/08/2014 18:30:18] /t red fury
[30/08/2014 18:31:03] /goto tutor chaos
[30/08/2014 18:31:59] /a 5
[30/08/2014 18:32:00] /a 5
[30/08/2014 18:32:00] /a 5
[30/08/2014 18:32:01] /a 5
[30/08/2014 18:32:03] /a 5
[30/08/2014 18:32:03] /a 5
[30/08/2014 18:32:04] /a 5
[30/08/2014 18:32:06] /a 5
[30/08/2014 18:34:17] /goto tutor chaos
[30/08/2014 18:34:22] /goto tutor chaos
[30/08/2014 18:34:24] /goto tutor chaos
[30/08/2014 18:34:25] /goto tutor chaos
[30/08/2014 18:34:25] /goto tutor chaos
[30/08/2014 18:34:26] /goto tutor chaos
[30/08/2014 18:34:27] /goto tutor chaos
[30/08/2014 18:34:27] /goto tutor chaos
[30/08/2014 18:34:28] /goto tutor chaos
[30/08/2014 18:34:28] /goto tutor chaos
[30/08/2014 18:34:29] /goto tutor chaos
[30/08/2014 18:34:29] /goto tutor chaos
[30/08/2014 18:34:30] /goto tutor chaos
[30/08/2014 18:34:31] /goto tutor chaos
[30/08/2014 18:34:31] /goto tutor chaos
[30/08/2014 18:34:32] /goto tutor chaos
[30/08/2014 18:34:33] /goto tutor chaos
[30/08/2014 18:34:33] /goto tutor chaos
[30/08/2014 18:34:35] /goto tutor chaos
[30/08/2014 18:34:35] /goto tutor chaos
[30/08/2014 18:34:36] /goto tutor chaos
[30/08/2014 18:34:37] /goto tutor chaos
[30/08/2014 18:34:41] /goto tutor chaos
[30/08/2014 18:34:41] /goto tutor chaos
[30/08/2014 18:34:42] /goto tutor chaos
[30/08/2014 18:34:42] /goto tutor chaos
[30/08/2014 18:34:43] /goto tutor chaos
[30/08/2014 18:34:44] /goto tutor chaos
[30/08/2014 18:34:44] /goto tutor chaos
[30/08/2014 18:34:45] /goto tutor chaos
[30/08/2014 18:34:46] /goto tutor chaos
[30/08/2014 18:34:46] /goto tutor chaos
[30/08/2014 18:34:47] /goto tutor chaos
[30/08/2014 18:34:48] /goto tutor chaos
[30/08/2014 18:34:56] /goto tutor chaos
[30/08/2014 18:34:57] /goto tutor chaos
[30/08/2014 18:34:57] /goto tutor chaos
[30/08/2014 18:34:57] /goto tutor chaos
[30/08/2014 18:34:58] /goto tutor chaos
[30/08/2014 18:34:59] /goto tutor chaos
[30/08/2014 18:34:59] /goto tutor chaos
[30/08/2014 18:35:00] /goto tutor chaos
[30/08/2014 18:35:00] /goto tutor chaos
[30/08/2014 18:35:01] /goto tutor chaos
[30/08/2014 18:35:01] /goto tutor chaos
[30/08/2014 18:35:02] /goto tutor chaos
[30/08/2014 18:35:02] /goto tutor chaos
[30/08/2014 18:35:03] /goto tutor chaos
[30/08/2014 18:35:03] /goto tutor chaos
[30/08/2014 18:35:04] /goto tutor chaos
[30/08/2014 18:35:05] /goto tutor chaos
[30/08/2014 18:35:06] /goto tutor chaos
[30/08/2014 18:35:06] /goto tutor chaos
[30/08/2014 18:35:07] /goto tutor chaos
[30/08/2014 18:35:08] /goto tutor chaos
[30/08/2014 18:35:08] /goto tutor chaos
[30/08/2014 18:35:09] /goto tutor chaos
[30/08/2014 18:35:09] /goto tutor chaos
[30/08/2014 18:35:10] /goto tutor chaos
[30/08/2014 18:35:11] /goto tutor chaos
[30/08/2014 18:35:11] /goto tutor chaos
[30/08/2014 18:35:12] /goto tutor chaos
[30/08/2014 18:35:15] /goto tutor chaos
[30/08/2014 18:35:16] /goto tutor chaos
[30/08/2014 18:35:20] /goto tutor chaos
[30/08/2014 18:35:20] /goto tutor chaos
[30/08/2014 18:35:21] /goto tutor chaos
[30/08/2014 18:35:21] /goto tutor chaos
[30/08/2014 18:35:22] /goto tutor chaos
[30/08/2014 18:35:22] /goto tutor chaos
[30/08/2014 18:35:23] /goto tutor chaos
[30/08/2014 18:35:24] /goto tutor chaos
[30/08/2014 18:35:24] /goto tutor chaos
[30/08/2014 18:35:25] /goto tutor chaos
[30/08/2014 18:35:26] /goto tutor chaos
[30/08/2014 18:35:26] /goto tutor chaos
[30/08/2014 18:35:28] /goto tutor chaos
[30/08/2014 18:35:28] /goto tutor chaos
[30/08/2014 18:35:29] /goto tutor chaos
[30/08/2014 18:35:29] /goto tutor chaos
[30/08/2014 18:35:30] /goto tutor chaos
[30/08/2014 18:35:32] /goto tutor chaos
[30/08/2014 18:35:32] /goto tutor chaos
[30/08/2014 18:35:33] /goto tutor chaos
[30/08/2014 18:35:33] /goto tutor chaos
[30/08/2014 18:35:38] /goto tutor chaos
[30/08/2014 18:35:39] /goto tutor chaos
[30/08/2014 18:35:39] /goto tutor chaos
[30/08/2014 18:35:40] /goto tutor chaos
[30/08/2014 18:35:41] /goto tutor chaos
[30/08/2014 18:35:41] /goto tutor chaos
[30/08/2014 18:35:42] /goto tutor chaos
[30/08/2014 18:35:42] /goto tutor chaos
[30/08/2014 18:35:43] /goto tutor chaos
[30/08/2014 18:35:43] /goto tutor chaos
[30/08/2014 18:35:44] /goto tutor chaos
[30/08/2014 18:35:44] /goto tutor chaos
[30/08/2014 18:35:48] /goto tutor chaos
[30/08/2014 18:35:49] /goto tutor chaos
[30/08/2014 18:35:49] /goto tutor chaos
[30/08/2014 18:35:50] /goto tutor chaos
[30/08/2014 18:35:50] /goto tutor chaos
[30/08/2014 18:35:51] /goto tutor chaos
[30/08/2014 18:35:51] /goto tutor chaos
[30/08/2014 18:35:51] /goto tutor chaos
[30/08/2014 18:35:52] /goto tutor chaos
[30/08/2014 18:35:52] /goto tutor chaos
[30/08/2014 18:35:53] /goto tutor chaos
[30/08/2014 18:35:53] /goto tutor chaos
[30/08/2014 18:35:54] /goto tutor chaos
[30/08/2014 18:35:56] /goto tutor chaos
[30/08/2014 18:35:56] /goto tutor chaos
[30/08/2014 18:35:57] /goto tutor chaos
[30/08/2014 18:35:58] /goto tutor chaos
[30/08/2014 18:35:58] /goto tutor chaos
[30/08/2014 18:35:59] /goto tutor chaos
[30/08/2014 18:35:59] /goto tutor chaos
[30/08/2014 18:36:00] /goto tutor chaos
[30/08/2014 18:36:00] /goto tutor chaos
[30/08/2014 18:36:01] /goto tutor chaos
[30/08/2014 18:36:01] /goto tutor chaos
[30/08/2014 18:36:02] /goto tutor chaos
[30/08/2014 18:36:03] /goto tutor chaos
[30/08/2014 18:36:03] /goto tutor chaos
[30/08/2014 18:36:09] /goto tutor chaos
[30/08/2014 18:36:09] /goto tutor chaos
[30/08/2014 18:36:10] /goto tutor chaos
[30/08/2014 18:36:10] /goto tutor chaos
[30/08/2014 18:36:10] /goto tutor chaos
[30/08/2014 18:36:12] /goto tutor chaos
[30/08/2014 18:36:13] /goto tutor chaos
[30/08/2014 18:36:13] /goto tutor chaos
[30/08/2014 18:36:14] /goto tutor chaos
[30/08/2014 18:36:15] /goto tutor chaos
[30/08/2014 18:36:16] /goto tutor chaos
[30/08/2014 18:36:16] /goto tutor chaos
[30/08/2014 18:36:17] /goto tutor chaos
[30/08/2014 18:36:17] /goto tutor chaos
[30/08/2014 18:36:18] /goto tutor chaos
[30/08/2014 18:36:18] /goto tutor chaos
[30/08/2014 18:36:20] /t
[30/08/2014 18:55:26] /goto shiny raticate
[30/08/2014 18:56:06] /t
[30/08/2014 18:57:30] /i 12727
[30/08/2014 18:57:32] /i 12727
[30/08/2014 18:57:33] /i 12727
[30/08/2014 18:57:34] /i 12727
[30/08/2014 18:57:36] /i 12727
[30/08/2014 18:57:37] /i 12727
[30/08/2014 18:57:38] /i 12727
[30/08/2014 18:57:41] /i 12727
[30/08/2014 18:57:42] /i 12727
[30/08/2014 18:57:44] /i 12727
[30/08/2014 18:57:46] /i 12727
[30/08/2014 18:57:48] /i 12727
[30/08/2014 18:57:49] /i 12727
[30/08/2014 18:57:50] /i 12727
[30/08/2014 18:57:51] /i 12727
[30/08/2014 18:57:53] /i 12727
[30/08/2014 18:57:54] /i 12727
[30/08/2014 18:57:55] /i 12727
[30/08/2014 18:59:00] /i 3453
[30/08/2014 18:59:19] /r
[30/08/2014 18:59:30] /r
[30/08/2014 18:59:34] /r
[30/08/2014 18:59:36] /r
[30/08/2014 18:59:41] /r
[30/08/2014 18:59:45] /r
[30/08/2014 18:59:52] /r all
[30/08/2014 18:59:55] /r all
[30/08/2014 18:59:56] /r all
[30/08/2014 19:00:07] /i 12729
[30/08/2014 19:00:08] /i 12729
[30/08/2014 19:00:09] /i 12729
[30/08/2014 19:00:11] /i 12729
[30/08/2014 19:00:12] /i 12729
[30/08/2014 19:07:43] /goto scyther
[30/08/2014 19:08:19] /i 12729
[30/08/2014 19:08:28] /r
[30/08/2014 19:08:35] /i 3453
[30/08/2014 19:08:37] /i 12729
[30/08/2014 19:08:40] /i 3453
[30/08/2014 19:08:47] /i 3453
[30/08/2014 19:08:50] /i 12729
[30/08/2014 19:08:53] /i 12729
[30/08/2014 19:09:07] /t
[30/08/2014 19:09:51] /r
[30/08/2014 19:09:55] /r
[30/08/2014 19:09:56] /r
[30/08/2014 19:10:11] /i 11665
[30/08/2014 19:10:13] /i 11665
[30/08/2014 19:10:14] /i 11665
[30/08/2014 19:10:17] /i 11665
[30/08/2014 19:10:27] /i 11665
[30/08/2014 19:10:32] /i 11665
[30/08/2014 20:41:00] /goto tutor chaos
[30/08/2014 20:41:55] /spy tutor chaos
[30/08/2014 20:45:33] /r
[30/08/2014 20:45:36] /r
[30/08/2014 20:45:53] /i dark balls
[30/08/2014 20:45:55] /i dark ball
[30/08/2014 20:49:30] /addskill Bow magico, level,39
[30/08/2014 20:57:01] /i 1227
[30/08/2014 20:57:09] /i 12227
[30/08/2014 20:58:02] /i 12227
[30/08/2014 20:59:46] /i 12727
[30/08/2014 20:59:47] /i 12727
[30/08/2014 20:59:49] /i 12727
[30/08/2014 20:59:50] /i 12727
[30/08/2014 20:59:51] /i 12727
[30/08/2014 20:59:53] /i 12727
[30/08/2014 20:59:54] /i 12727
[30/08/2014 20:59:56] /i 12727
[30/08/2014 21:00:01] /i 12727
[30/08/2014 21:00:02] /i 12727
[30/08/2014 21:00:05] /i 12727
[30/08/2014 21:00:07] /i 12727
[30/08/2014 21:00:09] /i 12727
[30/08/2014 21:00:10] /i 12727
[30/08/2014 21:00:12] /i 12727
[30/08/2014 21:00:14] /i 12727
[31/08/2014 17:53:57] /goto tutor chaos
[31/08/2014 17:55:23] /clean
[31/08/2014 17:56:04] /attr group 5
[31/08/2014 17:56:45] /i 12227
[31/08/2014 17:56:46] /i 12227
[31/08/2014 17:56:47] /i 12227
[31/08/2014 17:56:48] /i 12227
[31/08/2014 17:56:48] /i 12227
[31/08/2014 17:56:49] /i 12227
[31/08/2014 17:56:58] /i 12227
[31/08/2014 17:57:02] /i 12227
[31/08/2014 17:57:08] /i 12227
[31/08/2014 17:57:20] /clean
[31/08/2014 17:57:45] /addskill chaos , lvl, 202
[31/08/2014 20:21:06] /r
[31/08/2014 20:21:09] /r
[31/08/2014 20:21:12] /r
[31/08/2014 20:21:15] /r
[31/08/2014 20:21:56] /i 12227
[31/08/2014 20:21:56] /i 12227
[31/08/2014 20:21:57] /i 12227
[31/08/2014 20:21:57] /i 12227
[31/08/2014 20:21:58] /i 12227
[31/08/2014 20:21:58] /i 12227
[31/08/2014 20:22:00] /i 12227
[31/08/2014 20:22:00] /i 12227
[31/08/2014 20:22:00] /i 12227
[31/08/2014 20:22:01] /i 12227
[31/08/2014 20:22:01] /i 12227
[31/08/2014 20:22:02] /i 12227
[31/08/2014 20:24:01] /clean
