[07/09/2014 17:09:31] /b duvida ou Sugestao no help
[07/09/2014 17:19:27] /b é apenas save
[07/09/2014 17:21:05] /b chegamos a 15 player ! evento estamos organizando !
[07/09/2014 17:26:15] /t liu king
[07/09/2014 17:30:06] /t black label
[07/09/2014 17:31:08] /b temos comando para virar rank 5 basta falar /clan Nick do clan,5 so da para ser 1 clan n da para mudar
[07/09/2014 17:44:17] /t
[07/09/2014 17:48:32] /t
[07/09/2014 17:58:19] /b Mais tarde teremos + quests
[07/09/2014 18:19:06] /b Para Ser Rank Apenas Falar /clan Nick Do Clan,5 So da para mudar uma vez
[07/09/2014 18:20:05] /b Bugs ou sugestões no help
[07/09/2014 19:26:29] /b para virar rank basta falar /clan nick do clan,5
[07/09/2014 19:33:55] /t
[07/09/2014 20:45:50] /t
[07/09/2014 22:11:17] /t atirador
[07/09/2014 22:13:24] /t feartxv
[07/09/2014 22:13:26] /t feartxc
[07/09/2014 22:14:59] /t
[07/09/2014 22:39:13] /t feartxc
[07/09/2014 22:39:30] /t
[07/09/2014 23:27:50] /b flw ai galera
[08/09/2014 17:46:33] /b cheguei bugs,duvidas ou sugestões no help !
[08/09/2014 18:30:22] /t skyther
[08/09/2014 18:30:56] /b novo tutor Falkerz
[08/09/2014 18:57:01] /t
[08/09/2014 19:15:20] /b arrumamos o fishing!
[08/09/2014 19:28:45] /t kiwn
[08/09/2014 19:31:54] /b para ser rank 5 basta falar o comando /rank nomedoclan,5 so da para ser 1 clan não da para mudar novamente
[08/09/2014 19:34:35] /b ouve 1 erro falei /rank nomedoclan,5      mais o correto é /clan nomedoclan,5
[08/09/2014 19:34:57] /b evento daki 30 minutos
[08/09/2014 19:35:06] /b chamem seus amigos
[08/09/2014 20:27:26] /t
[08/09/2014 20:27:54] /b area de evento no pvp na escada em frente
[08/09/2014 20:28:35] /b area de evento no pvp na escada em frente  2 numeros se errar volta pro final
[08/09/2014 20:28:39] /t fisico quimico
[08/09/2014 20:28:45] /t aguzz
[08/09/2014 20:29:08] /b area de evento se localica no pvp na escada logo em frente
[08/09/2014 20:29:42] /b 2 numeros de errar volta ao começo
[08/09/2014 21:04:31] /t monok
[08/09/2014 21:04:53] /b para quem esta na area de evento manda msg para mim 
[08/09/2014 21:05:49] /t elanmonok
[08/09/2014 21:51:14] /t aguzz
[08/09/2014 22:13:08] /t
[08/09/2014 22:30:40] /b iremos reinicia o serv para arrumarmos o big lax esta mt apelao
[08/09/2014 22:30:43] /b 1 minu!
[08/09/2014 22:59:17] /t sou first
[08/09/2014 23:18:25] /t
[09/09/2014 13:54:41] /b eaew galera
[09/09/2014 13:55:00] /b duvidas ou bug ou sugestões no help
[09/09/2014 14:00:16] /b para ser rank 5 basta falar o comando /clan nomedoclan,5 so da para ser 1 clan não da para mudar novamente
[09/09/2014 14:05:26] /b duvidas,bugs ou sugestões no help ! Obrigado
[09/09/2014 14:16:33] /b duvidas,bugs ou sugestões no help ! Obrigado
[09/09/2014 14:29:49] /b para ser rank 5 basta falar o comando /clan nomedoclan,5 so da para ser 1 clan não da para mudar novamente
[09/09/2014 15:13:13] /b duvidas,bugs ou sugestões no help ! Obrigado
[09/09/2014 15:51:20] /b adm red fury ira esconder 30td que ganhou na loteria em 1 minuto
[09/09/2014 15:51:58] /b adm red fury ira esconder 30td que ganhou na loteria em 1 minuto
[09/09/2014 15:52:39] /b 30s
[09/09/2014 15:53:02] /b valendo !
[09/09/2014 15:55:51] /b uma dica eu estou perto !
[09/09/2014 15:56:21] /b esta embaixo de uma arvore ! ao norte da cidade
[09/09/2014 15:56:40] /b Rodrigoxmb ganhou
[09/09/2014 15:58:19] /b evento as 5:30 chamen seus amigo ! 
[09/09/2014 15:58:23] /b evento as 5:30 chamen seus amigos ! 
[09/09/2014 15:58:47] /b evento surpresa 
[09/09/2014 16:00:34] /t soul first
[09/09/2014 16:00:38] /t soulfirst
[09/09/2014 16:00:45] /t sou first
[09/09/2014 16:01:40] /t
[09/09/2014 17:41:01] /b se ot chegar a 20 player tera evento ! então chamem seus amigos!
[09/09/2014 17:41:16] /b para ser rank 5 basta falar o comando /clan nomedoclan,5 so da para ser 1 clan não da para mudar novamente
[09/09/2014 17:41:30] /b duvidas,bugs ou sugestões no help ! Obrigado
[09/09/2014 18:06:24] /b para ser rank 5 basta falar o comando /clan nomedoclan,5 so da para ser 1 clan não da para mudar novamente
[09/09/2014 18:16:25] /b reiniciando o serv para arrumar alguns bugs
[09/09/2014 18:16:35] /b e alguns shinys volta em 30s
[09/09/2014 18:20:23] /b shiny muk sera arrumada jah jah é que esquecemos !
[09/09/2014 18:20:36] /b para ser rank 5 basta falar o comando /clan nomedoclan,5 so da para ser 1 clan não da para mudar novamente
[09/09/2014 18:21:27] /b duvidas,bugs ou sugestões no help ! Obrigado
[09/09/2014 23:17:31] /t
[09/09/2014 23:18:00] /b amanha teremos muitos eventos atarde a anoite vlw por jogar nosso server 
[09/09/2014 23:19:11] /t atirador
[10/09/2014 13:45:30] /b para ser rank 5 basta falar o comando /clan nomedoclan,5 so da para ser 1 clan não da para mudar novamente
[10/09/2014 13:45:31] /b duvidas,bugs ou sugestões no help ! Obrigado
[10/09/2014 13:48:47] /b chamem seus amigo que se tiver 20 players tera evento recompensativo !
[10/09/2014 13:52:52] /b duvidas,bugs ou sugestões no help ! Obrigado
[10/09/2014 13:55:07] /b para ser rank 5 basta falar o comando /clan nomedoclan,5 so da para ser 1 clan não da para mudar novamente
[10/09/2014 13:57:34] /t monok
[10/09/2014 13:58:52] /b para ser rank 5 basta falar o comando /clan nomedoclan,5 so da para ser 1 clan não da para mudar novamente
[10/09/2014 14:03:55] /t
[10/09/2014 14:19:53] /b se o server atingir 20 player tera evento
[10/09/2014 14:20:17] /t black label
[10/09/2014 14:48:10] /b para ser rank 5 basta falar o comando /clan nomedoclan,5 so da para ser 1 clan não da para mudar novamente
[10/09/2014 14:49:13] /b para ser rank 5 basta falar o comando /clan nomedoclan,5 so da para ser 1 clan não da para mudar novamente
[10/09/2014 14:49:28] /b duvidas,bugs ou sugestões no help ! Obrigado
[10/09/2014 15:01:29] /b para ser rank 5 basta falar o comando /clan nomedoclan,5 so da para ser 1 clan não da para mudar novamente
[10/09/2014 15:01:29] /b para ser rank 5 basta falar o comando /clan nomedoclan,5 so da para ser 1 clan não da para mudar novamente
[10/09/2014 15:08:00] /b duvidas,bugs ou sugestões no help ! Obrigado
[10/09/2014 15:08:22] /b se chegarmos a 20 player termos evento
[10/09/2014 15:13:46] /b para ser rank 5 basta falar o comando /clan nomedoclan,5 so da para ser 1 clan não da para mudar novamente
[10/09/2014 15:17:38] /b Usem o trade para compras e vendas !
[10/09/2014 15:21:35] /b para ser rank 5 basta falar o comando /clan nomedoclan,5 so da para ser 1 clan não da para mudar novamente
[10/09/2014 15:29:57] /b para ser rank 5 basta falar o comando /clan nomedoclan,5 so da para ser 1 clan não da para mudar novamente
[10/09/2014 15:46:06] /b para ser rank 5 basta falar o comando /clan nomedoclan,5 so da para ser 1 clan não da para mudar novamente
[10/09/2014 16:02:32] /b USEM O TRADE PARA COMPRAS E VENDAS ! NINGUEM USA ISSO
[10/09/2014 16:02:53] /b partiu começa a usar
[10/09/2014 16:43:05] /t morte preta
[10/09/2014 16:51:30] /t morte preta
[10/09/2014 16:58:46] /b denoite tera evento 
[10/09/2014 17:44:57] /t
[10/09/2014 18:04:34] /b 2 numeros erro sai 
[10/09/2014 18:04:54] /b simples assim 2 numero de1 a 6 se erra entra no tp
[10/09/2014 18:11:41] /t morte branca
[10/09/2014 18:12:02] /t
[10/09/2014 18:13:28] /b mais tarde tem mais eventos
[10/09/2014 22:03:40] /t
[10/09/2014 22:23:37] /t
[10/09/2014 22:43:43] /t
[11/09/2014 00:00:07] /b iremos reinicia para arrumamos o resp do mantine e lanturn 
[11/09/2014 00:00:12] /b o serv volta em 30s
[11/09/2014 00:01:41] /b volta em 30s
[11/09/2014 00:02:20] /b esperem estamos fazendo os ultimos ajustes aki
[11/09/2014 00:02:42] /b daki 30s 
[11/09/2014 00:02:46] /b volta
[11/09/2014 14:50:41] /b para ser rank 5 basta falar o comando /clan nomedoclan,5 so da para ser 1 clan não da para mudar novamente
[11/09/2014 14:51:25] /b duvidas,bugs ou sugestões no help ! Obrigado
[11/09/2014 19:32:00] /t
[11/09/2014 21:11:01] /b para ser rank 5 basta falar o comando /clan nomedoclan,5 so da para ser 1 clan não da para mudar novamente
[11/09/2014 21:11:03] /b duvidas,bugs ou sugestões no help ! Obrigado
[11/09/2014 21:36:44] /b server sera reiniciado daki 1 minu para ajusted de bugs
[11/09/2014 22:11:35] /b para ser rank 5 basta falar o comando /clan nomedoclan,5 so da para ser 1 clan não da para mudar novamente
[11/09/2014 23:28:13] /b para ser rank 5 basta falar o comando /clan nomedoclan,5 so da para ser 1 clan não da para mudar novamente
[12/09/2014 14:20:33] /b para ser rank 5 basta falar o comando /clan nomedoclan,5 so da para ser 1 clan não da para mudar novamente
[12/09/2014 15:09:25] /b GOGOGO area de evento aberta evento começa daki 1 minuto !
[12/09/2014 15:09:36] /b gogo area de evento aberta
[12/09/2014 16:43:44] /b para ser rank 5 basta falar o comando /clan nomedoclan,5 so da para ser 1 clan não da para mudar novamente
[12/09/2014 20:18:24] /b para ser rank 5 basta falar o comando /clan nomedoclan,5 so da para ser 1 clan não da para mudar novamente
[12/09/2014 21:08:53] /t atirador
[12/09/2014 21:22:57] /b vai ter evento daki 5 minutos
[12/09/2014 21:25:20] /b evento de bag 2 numeros de 1 a 6 se errar sai de acertar ataca o dado na bag --->>>iniciara em 3 minutos
[12/09/2014 21:27:53] /t
[12/09/2014 22:06:44] /t myron
[12/09/2014 22:06:54] /b para ser rank 5 basta falar o comando /clan nomedoclan,5 so da para ser 1 clan não da para mudar novamente
[12/09/2014 22:20:11] /b n vou responder PM perguntas no help
[12/09/2014 22:25:19] /t killer
[12/09/2014 22:28:03] /b flw ai lindos até mais tarde red fury cuidara de vcs ai jah n garanto se sera muito bem
[13/09/2014 11:12:46] /b lembrando evento hj as 19 torneio ! eu não irei participar para felicidades de todos
[13/09/2014 11:13:06] /b 19hrs sem minimo de lvl ou maximo de lvl 
[13/09/2014 11:19:22] /b ai galera freezek vai me dar 1 scizor+50 elite chan e raichu e um regen 3 vou esconder daki 1 minuto
[13/09/2014 11:20:59] /b sera em saffron
[13/09/2014 11:22:01] /t google
[13/09/2014 11:23:19] /t escondido GOGO ACHAR 
[13/09/2014 11:23:25] /b gogo achar 
[13/09/2014 11:23:29] /b foi escondido jah
[13/09/2014 11:23:55] /t asunaratata
[13/09/2014 11:24:26] /b esta escondido apenas o elite chan os outros serao de perguntas e respostas '-'
[13/09/2014 11:24:59] /b quem achar avisa
[13/09/2014 11:26:31] /t mariocard
[13/09/2014 11:26:45] /b jah acharam agr sera um scizor +50
[13/09/2014 11:27:00] /b vai ser de pergunta respondam no help
[13/09/2014 11:28:11] /b so esperando 1 minu para liberar fala de geral no trade
[13/09/2014 11:29:28] /b estamos procurando 1 pergunta foda aki
[13/09/2014 11:31:10] /b vou dar 1 scizor +50 para quem dizer de quem é essa frase Tipo, As guerras vem e vão, mais meus soldados são eternos
[13/09/2014 11:31:45] /b falam no help
[13/09/2014 11:32:07] /b 10:31 Jony Gray: tupac
[13/09/2014 11:32:56] /b agr a proxima sera para 1 shiny raichu
[13/09/2014 11:33:21] /b raichu com held t3 --->> regeneration
[13/09/2014 11:33:34] /b lah vai
[13/09/2014 11:33:36] /b Quanto tempo dura a memória de um peixinho dourado japonês?
[13/09/2014 11:34:08] /b apenas no help
[13/09/2014 11:34:39] /b ta dificil? Quanto tempo dura a memória de um peixinho dourado japonês?
[13/09/2014 11:35:03] /b 10:34 Luiz Rx: 3 seg
[13/09/2014 11:35:47] /t luiz rx
[13/09/2014 11:36:14] /b agr por ultimo y regen 3
[13/09/2014 11:37:38] /b irei mandar a pergunta em 1 minuto
[13/09/2014 11:37:44] /b valendo regen 3
[13/09/2014 11:39:59] /b lah vai Quem foi o criador dos Flintstones
[13/09/2014 11:40:10] /b so aceito resposta completa
[13/09/2014 11:42:17] /b kk os mlk tudo chuta
[13/09/2014 11:42:26] /b agr n acerta mais
[13/09/2014 11:42:43] /b 10:41 Mathswd: Ed Benedict (The Gladstones)
[13/09/2014 11:42:53] /b matgswd
[13/09/2014 11:42:59] /t mathswd
[13/09/2014 11:43:17] /b flw amanha tem mais
[13/09/2014 14:51:30] /b lembrando hj as 19hrs torneio 
[13/09/2014 14:51:40] /b gogo rushar eu n irei participar
[13/09/2014 14:52:03] /b para ser rank 5 basta falar o comando /clan nomedoclan,5 so da para ser 1 clan não da para mudar novamente
[13/09/2014 15:38:02] /b para ser rank 5 basta falar o comando /clan nomedoclan,5 so da para ser 1 clan não da para mudar novamente
[13/09/2014 15:44:22] /b para ser rank 5 basta falar o comando /clan nomedoclan,5 so da para ser 1 clan não da para mudar novamente
[13/09/2014 18:34:17] /b para ser rank 5 basta falar o comando /clan nomedoclan,5 so da para ser 1 clan não da para mudar novamente
[13/09/2014 18:34:17] /b para ser rank 5 basta falar o comando /clan nomedoclan,5 so da para ser 1 clan não da para mudar novamente
[13/09/2014 18:34:17] /b para ser rank 5 basta falar o comando /clan nomedoclan,5 so da para ser 1 clan não da para mudar novamente
[13/09/2014 18:37:37] /b se chegar a 20 player até as 19hrs avera evemto !
[13/09/2014 18:37:50] /b o torneio que foi marcado ontem
[13/09/2014 18:38:02] /b como jah disse n participarei
[13/09/2014 18:51:03] /t black laber
[13/09/2014 18:51:06] /t black label
[13/09/2014 18:53:13] /b torneio sera adiado para amanha por conta de n tem muitos playes online
[13/09/2014 18:55:53] /t lolda
[13/09/2014 18:55:55] /t lolda
[13/09/2014 18:56:03] /t lolda
[13/09/2014 18:56:14] /t lolda
[13/09/2014 18:56:29] /t lolda
[14/09/2014 14:20:48] /b avisando que o torneio de ontem foi adiado para hj as 15hrs ! 
[14/09/2014 14:21:18] /b para quem ta achando que vou participar obs:Não Vou
[14/09/2014 14:23:00] /b torneio 1x1 chamem seus amigos flw '-' mais tarde volto !!! 15hrs
[14/09/2014 14:38:56] /b falei errado galera é as 17hrs '-' 
[14/09/2014 16:28:29] /b torneio daki 32 minutos ! 
[14/09/2014 16:30:04] /t google
[14/09/2014 16:35:55] /t style
[14/09/2014 16:35:58] /t stytlle
[14/09/2014 16:36:02] /t stylle
[15/09/2014 14:57:14] /b fala galera
[15/09/2014 14:58:15] /t Wolf Master
[15/09/2014 14:59:21] /b dps volto galera
[15/09/2014 21:31:38] /b para ser rank 5 basta falar o comando /clan nomedoclan,5 so da para ser 1 clan não da para mudar novamente
[15/09/2014 21:48:11] /t chimith
[15/09/2014 21:48:16] /t chaos pumba
[16/09/2014 18:57:29] /b para ser rank 5 basta falar o comando /clan nomedoclan,5 so da para ser 1 clan não da para mudar novamente
[16/09/2014 20:05:11] /b para ser rank 5 basta falar o comando /clan nomedoclan,5 so da para ser 1 clan não da para mudar novamente
[16/09/2014 20:17:01] /b para ser rank 5 basta falar o comando /clan nomedoclan,5 so da para ser 1 clan não da para mudar novamente
[16/09/2014 20:25:37] /b duvidas,bugs ou sugestões no help ! Obrigado
[16/09/2014 20:41:59] /b block repawn = ban
[16/09/2014 20:46:34] /b para ser rank 5 basta falar o comando /clan nomedoclan,5 so da para ser 1 clan não da para mudar novamente
[16/09/2014 20:53:49] /b duvidas,bugs ou sugestões no help ! Obrigado
[16/09/2014 21:54:33] /b para ser rank 5 basta falar o comando /clan nomedoclan,5 so da para ser 1 clan não da para mudar novamente
[16/09/2014 23:12:53] /b flw ai galera amanha eu volto '-'
[16/09/2014 23:12:59] /b com mais evento neh ! '-' 
[16/09/2014 23:13:58] /b para ser rank 5 basta falar o comando /clan nomedoclan,5 so da para ser 1 clan não da para mudar novamente
[17/09/2014 20:34:11] /b se chegarmos a 20 player teremos evento ! chamem seus amigos
[17/09/2014 20:34:18] /b para ser rank 5 basta falar o comando /clan nomedoclan,5 so da para ser 1 clan não da para mudar novamente
[18/09/2014 17:59:47] /b mals ai galera o red fury esta nucando o server agr por conta de ter perdido adm 
[18/09/2014 17:59:53] /b agr estamos colokando 1 ant nuker
[18/09/2014 18:45:54] /b galera n da pra deixar + o ot on
[18/09/2014 18:46:06] /b esta muito complicado deixar o ot on
[18/09/2014 18:46:16] /b fury nucando ot assim complicando
[18/09/2014 18:46:23] /b o server
[18/09/2014 18:47:03] /b mais acalmem criaremos outro server com outro ip!
[18/09/2014 18:47:36] /b é claro teremos que resetar desculpem isso é ot recuperar é facil
[18/09/2014 18:47:48] /b e sim os 10 primeiros ganharam recompensas
[18/09/2014 18:53:20] /b ot vai fica online até cair
[18/09/2014 18:53:29] /b se cair até nunca mais '-'
[18/09/2014 18:53:38] /b até um novo server :P
