[29/08/2014 22:45:12] /a 3
[29/08/2014 22:45:13] /a 3
[29/08/2014 22:45:14] /a 3
[29/08/2014 22:45:14] /a 3
[29/08/2014 22:46:05] /m charizard
[29/08/2014 22:46:27] /c senhor
[29/08/2014 22:46:34] /c Bow Magico
[29/08/2014 22:47:00] /r
[29/08/2014 22:47:02] /r
[29/08/2014 22:47:10] /m venusaur
[29/08/2014 22:47:11] /m venusaur
[29/08/2014 22:47:11] /m venusaur
[29/08/2014 22:47:11] /m venusaur
[29/08/2014 22:47:12] /m venusaur
[29/08/2014 22:47:12] /m venusaur
[29/08/2014 22:47:13] /m venusaur
[29/08/2014 22:47:13] /m venusaur
[29/08/2014 22:47:15] /m venusaur
[29/08/2014 22:47:29] /m lugia
[29/08/2014 22:47:39] /r
[29/08/2014 22:47:49] /goto tutor chaos
[29/08/2014 22:48:46] /r
[29/08/2014 22:48:48] /r
[29/08/2014 22:48:51] /r
[29/08/2014 22:48:52] /r
[29/08/2014 22:48:54] /r
[29/08/2014 22:49:37] /t
[29/08/2014 22:49:42] /t
[29/08/2014 22:49:58] /t
[29/08/2014 22:50:39] /i charizard
[29/08/2014 22:50:48] /i charizard
[29/08/2014 22:51:54] /n nurse joy
[29/08/2014 22:53:35] /a 30
[29/08/2014 22:53:39] /a 5
[29/08/2014 22:53:40] /a 5
[29/08/2014 22:53:45] /a 5
[29/08/2014 22:53:49] /a 5
[29/08/2014 22:53:50] /a 5
[29/08/2014 22:53:54] /a 5
[29/08/2014 22:53:54] /a 5
[29/08/2014 22:53:59] /a 5
[29/08/2014 22:56:00] /attr level 8888
[29/08/2014 22:57:21] /i 13968
[29/08/2014 22:57:51] /c senhor
[29/08/2014 22:58:13] /i 13968
[29/08/2014 23:00:05] /t
[29/08/2014 23:00:52] /t
[29/08/2014 23:00:56] /a 15
[29/08/2014 23:00:57] /a 15
[29/08/2014 23:00:59] /a 15
[29/08/2014 23:01:29] /i 3033
[29/08/2014 23:01:38] /r
[29/08/2014 23:01:41] /a 15
[29/08/2014 23:02:32] /i 14155
[29/08/2014 23:02:44] /i 14155
[29/08/2014 23:03:16] /i 12338
[29/08/2014 23:04:07] /goto Shiny Dodrio
[29/08/2014 23:04:16] /goto charizard
[29/08/2014 23:04:21] /goto senhor
[29/08/2014 23:04:23] /goto senhor
[29/08/2014 23:04:24] /goto senhor
[29/08/2014 23:04:25] /goto senhor
[29/08/2014 23:04:25] /goto senhor
[29/08/2014 23:04:30] /goto tutor chaos
[29/08/2014 23:04:47] /i 13947
[29/08/2014 23:04:52] /i 13947
[29/08/2014 23:05:29] /i 13954
[29/08/2014 23:05:33] /i 13954
[29/08/2014 23:05:50] /i 13954
[29/08/2014 23:07:36] /attr level 100
[29/08/2014 23:10:46] /goto tutor chaos
[29/08/2014 23:11:46] /i 5
[29/08/2014 23:11:51] /i 15
[29/08/2014 23:12:00] /i 12347
[29/08/2014 23:14:12] /a 3
[29/08/2014 23:14:18] /a 3
[29/08/2014 23:14:30] /m lugia
[29/08/2014 23:15:06] /addskill level, chaos slow
[29/08/2014 23:15:14] /addskill level, chaos slow
[29/08/2014 23:15:22] /addskill chaos slow,level
[29/08/2014 23:15:25] /addskill chaos slow,level 250
[29/08/2014 23:15:27] /addskill chaos slow,level 250
[29/08/2014 23:15:27] /addskill chaos slow,level 250
[29/08/2014 23:15:27] /addskill chaos slow,level 250
[29/08/2014 23:15:28] /addskill chaos slow,level 250
[29/08/2014 23:15:28] /addskill chaos slow,level 250
[29/08/2014 23:15:34] /addskill chaos slow,level 
[29/08/2014 23:15:34] /addskill chaos slow,level 
[29/08/2014 23:15:35] /addskill chaos slow,level 
[29/08/2014 23:15:35] /addskill chaos slow,level 
[29/08/2014 23:15:35] /addskill chaos slow,level 
[29/08/2014 23:15:36] /addskill chaos slow,level 
[29/08/2014 23:15:40] /addskill chaos slow,level,100
[29/08/2014 23:15:53] /t
[29/08/2014 23:17:47] /i 2160
[29/08/2014 23:17:49] /i 2160
[29/08/2014 23:17:49] /i 2160
[29/08/2014 23:17:49] /i 2160
[29/08/2014 23:17:50] /i 2160
[29/08/2014 23:17:58] /goto tutor chaos
[29/08/2014 23:18:39] /down
[29/08/2014 23:18:45] /i 12593
[29/08/2014 23:18:59] /r
[29/08/2014 23:24:08] /r
[29/08/2014 23:24:11] /r
[29/08/2014 23:25:32] /newtype 200
[29/08/2014 23:25:39] /newtype 233
[29/08/2014 23:25:42] /newtype 234
[29/08/2014 23:25:45] /newtype 555
[29/08/2014 23:25:52] /newtype 552
[29/08/2014 23:25:54] /newtype 553
[29/08/2014 23:25:56] /newtype 554
[29/08/2014 23:25:57] /newtype 554
[29/08/2014 23:26:01] /newtype 556
[29/08/2014 23:26:03] /newtype 600
[29/08/2014 23:26:05] /newtype 605
[29/08/2014 23:26:08] /newtype 606
[29/08/2014 23:26:09] /newtype 607
[29/08/2014 23:26:10] /newtype 607
[29/08/2014 23:26:17] /newtype 608
[29/08/2014 23:26:22] /newtype 609
[29/08/2014 23:26:24] /newtype 610
[29/08/2014 23:26:29] /newtype 611
[29/08/2014 23:26:30] /newtype 612
[29/08/2014 23:26:31] /newtype 613
[29/08/2014 23:26:33] /newtype 614
[29/08/2014 23:26:34] /newtype 615
[29/08/2014 23:26:35] /newtype 616
[29/08/2014 23:26:38] /newtype 616
[29/08/2014 23:26:39] /newtype 617
[29/08/2014 23:26:41] /newtype 618
[29/08/2014 23:26:44] /newtype 700
[29/08/2014 23:26:47] /newtype 702
[29/08/2014 23:26:49] /newtype 705
[29/08/2014 23:26:51] /newtype 800
[29/08/2014 23:26:54] /newtype 615
[29/08/2014 23:26:57] /newtype 616
[29/08/2014 23:26:58] /newtype 617
[29/08/2014 23:27:01] /newtype 650
[29/08/2014 23:27:03] /newtype 650
[29/08/2014 23:27:04] /newtype 651
[29/08/2014 23:27:49] /i 2160
[29/08/2014 23:27:50] /i 2160
[29/08/2014 23:27:51] /i 2160
[29/08/2014 23:28:48] /attr action id 1999
[29/08/2014 23:29:09] /attr skill level
[29/08/2014 23:29:12] /attr skill level 150
[29/08/2014 23:29:18] /attr skills level 150
[29/08/2014 23:29:41] /attr action id 12594
[29/08/2014 23:30:07] /attr action id 12594
[29/08/2014 23:30:35] /attr action id 12594
[29/08/2014 23:30:43] /i chest
[29/08/2014 23:30:47] /attr action id 12594
[29/08/2014 23:30:56] /attr action id 12594
[29/08/2014 23:31:21] /attr action id 65535
[29/08/2014 23:31:27] /attr action id 65535
[29/08/2014 23:31:29] /attr action id 65535
[29/08/2014 23:31:55] /attr actionid 65535
[29/08/2014 23:32:27] /attr actionid 12593
[29/08/2014 23:32:38] /attr actionid 12593
[29/08/2014 23:32:58] /attr actionid 12594
[29/08/2014 23:34:00] /attr actionid 12331
[29/08/2014 23:34:07] /attr actionid 12331
[29/08/2014 23:34:40] /i 12331
[29/08/2014 23:35:33] /i 12331
[29/08/2014 23:35:59] /i 12227
[29/08/2014 23:36:04] /i 12227
[29/08/2014 23:36:34] /i 12339
[29/08/2014 23:36:47] /i 14186
[29/08/2014 23:36:57] /i 14186
[29/08/2014 23:37:24] /i 14185
[29/08/2014 23:37:53] /i 14187
[29/08/2014 23:37:56] /i 14187
[29/08/2014 23:37:57] /i 14187
[29/08/2014 23:38:11] /i 14188
[29/08/2014 23:38:12] /i 14188
[29/08/2014 23:38:12] /i 14188
[29/08/2014 23:39:18] /attr actionid 9499
[29/08/2014 23:41:12] /goto tutor chaos
[29/08/2014 23:41:19] /t
[29/08/2014 23:41:21] /t 2
[29/08/2014 23:41:42] /r
[29/08/2014 23:42:43] /attr actionid 19392
[29/08/2014 23:42:48] /attr actionid 19392
[29/08/2014 23:42:59] /attr actionuid 19392
[29/08/2014 23:43:12] /i 19392
[29/08/2014 23:43:22] /i 12681
[29/08/2014 23:44:57] /i 12593
[29/08/2014 23:45:05] /attr actionid 12593
[29/08/2014 23:45:30] /attr actionid 12594
[29/08/2014 23:45:46] /r
[29/08/2014 23:46:09] /goto account manager
[29/08/2014 23:47:01] /goto account manager
[29/08/2014 23:47:02] /goto account manager
[29/08/2014 23:47:29] /goto account manager
[29/08/2014 23:47:40] /goto account manager
[29/08/2014 23:50:30] /i 4
[29/08/2014 23:50:40] /r
[29/08/2014 23:50:41] /r
[29/08/2014 23:50:41] /r
[29/08/2014 23:50:42] /r
[29/08/2014 23:50:43] /r
[29/08/2014 23:50:49] /r
[29/08/2014 23:53:23] /n nurse
[29/08/2014 23:53:30] /n nurse chansey
[29/08/2014 23:53:32] /n nurse chansey
[29/08/2014 23:53:54] /r
[29/08/2014 23:53:55] /r
[29/08/2014 23:53:59] /r
[29/08/2014 23:54:02] /r
[29/08/2014 23:54:21] /clean
[29/08/2014 23:55:48] /i 14187
[29/08/2014 23:58:00] /i 14187
[30/08/2014 00:00:42] /i 13968
[30/08/2014 00:01:04] /i X-Attack T7
[30/08/2014 00:01:11] /i X-Attack T7
[30/08/2014 00:02:39] /m venusaur
[30/08/2014 00:02:45] /m venusaur
[30/08/2014 00:02:45] /m venusaur
[30/08/2014 00:02:57] /r
[30/08/2014 00:03:06] /m venusaur
[30/08/2014 00:03:06] /m venusaur
[30/08/2014 00:03:07] /m venusaur
[30/08/2014 00:03:07] /m venusaur
[30/08/2014 00:03:19] /m venusaur
[30/08/2014 00:03:20] /m venusaur
[30/08/2014 00:03:21] /m venusaur
[30/08/2014 00:03:21] /m venusaur
[30/08/2014 00:03:22] /m venusaur
[30/08/2014 00:03:53] /r
[30/08/2014 00:04:12] /n namer
[30/08/2014 00:04:57] /i X-Attack T7
[30/08/2014 00:05:09] /goto tutor chaos
[30/08/2014 00:05:22] /m venusaur
[30/08/2014 00:05:23] /m venusaur
[30/08/2014 00:05:23] /m venusaur
[30/08/2014 00:05:24] /m venusaur
[30/08/2014 00:05:25] /m venusaur
[30/08/2014 00:06:16] /m venusaur
[30/08/2014 00:06:36] /m shiny alakazam
[30/08/2014 00:07:07] /m shiny alakazam
[30/08/2014 00:07:35] /i Y-Regeneration T7
[30/08/2014 00:08:27] /goto tutor chaos
[30/08/2014 00:08:39] /r
[30/08/2014 00:08:40] /r
[30/08/2014 00:09:33] /goto tutor chaos
[30/08/2014 00:14:14] /i X-Defense T7
[30/08/2014 00:14:58] /i X-Attack T7
[30/08/2014 00:15:31] /i X-Attack T7
[30/08/2014 01:29:07] /goto tutor chaos
[30/08/2014 01:30:20] /up
[30/08/2014 01:30:21] /up
[30/08/2014 01:30:21] /up
[30/08/2014 01:30:24] /up
[30/08/2014 01:30:25] /up
[30/08/2014 01:30:37] /down
[30/08/2014 01:30:38] /down
[30/08/2014 01:30:38] /down
[30/08/2014 01:30:39] /down
[30/08/2014 01:30:39] /down
[30/08/2014 01:30:39] /down
[30/08/2014 01:30:40] /down
[30/08/2014 01:30:53] /n namer
[30/08/2014 01:32:37] /i 11826
[30/08/2014 01:34:36] /i teleport
[30/08/2014 01:34:42] /i portal
[30/08/2014 01:35:37] /i 24158
[30/08/2014 01:36:30] /i 1387
[30/08/2014 01:37:58] /goto chaos tutor
[30/08/2014 01:38:03] /goto tutor chaos
[30/08/2014 01:38:10] /goto senhor
[30/08/2014 01:38:16] /t
[30/08/2014 01:38:23] /goto tutor chaos
[30/08/2014 01:38:25] /goto tutor chaos
[30/08/2014 01:38:25] /goto tutor chaos
[30/08/2014 01:38:29] /a 2
[30/08/2014 01:38:30] /a 2
[30/08/2014 01:39:19] /goto tutor chaos
[30/08/2014 19:13:57] /i 14474
[30/08/2014 19:14:02] /i 14474
[30/08/2014 19:14:42] /attr actionid 3522
[30/08/2014 19:14:46] /attr actionid 3522
[30/08/2014 19:14:50] /attr actionid 3522
[30/08/2014 19:15:22] /i 2017
[30/08/2014 19:15:27] /r
[30/08/2014 19:15:33] /attr actionid 2017
[30/08/2014 19:16:14] /i 12227
[30/08/2014 19:16:16] /i 12227
[30/08/2014 19:16:16] /i 12227
[30/08/2014 19:16:40] /i 12331
[30/08/2014 19:16:55] /i 12331
[30/08/2014 19:17:00] /i 12331
[30/08/2014 19:17:14] /i 12339
[30/08/2014 19:19:26] /i 11726
[30/08/2014 19:19:27] /i 11726
[30/08/2014 19:19:27] /i 11726
[30/08/2014 19:19:28] /i 11726
[30/08/2014 19:19:38] /i 11728
[30/08/2014 19:19:45] /r
[30/08/2014 19:19:50] /i 11729
[30/08/2014 19:20:00] /i 11725
[30/08/2014 19:20:01] /i 11725
[30/08/2014 19:20:02] /i 11725
[30/08/2014 19:20:03] /i 11725
[30/08/2014 19:20:04] /i 11725
[30/08/2014 19:20:05] /i 11725
[30/08/2014 19:20:07] /r
[30/08/2014 19:20:14] /i 11730
[30/08/2014 19:20:20] /i 11726
[30/08/2014 19:20:21] /i 11726
[30/08/2014 19:20:22] /i 11726
[30/08/2014 19:20:23] /i 11726
[30/08/2014 19:20:29] /i 11736
[30/08/2014 19:20:36] /r
[30/08/2014 19:20:39] /r
[30/08/2014 19:20:48] /i 11737
[30/08/2014 19:20:51] /i 11737
[30/08/2014 19:20:58] /i 1173
[30/08/2014 19:37:40] /goto senhor
[30/08/2014 19:39:45] /goto senhor
[30/08/2014 19:39:53] /m venusaur
[30/08/2014 19:40:06] /c venusaur
[30/08/2014 19:40:34] /t
[30/08/2014 19:44:19] /n flint
[30/08/2014 19:44:24] /i 12331
[30/08/2014 19:44:35] /i 12227
[30/08/2014 19:46:06] /spy Red Fury
[30/08/2014 19:46:19] /spy Red Fury
[30/08/2014 19:46:38] /spy Red Fury
[30/08/2014 19:48:30] /spy red fury
[30/08/2014 19:52:32] /i revive
[30/08/2014 20:00:51] /newtype 112
[30/08/2014 20:01:51] /newtype 1277
[30/08/2014 20:01:57] /newtype 1278
[30/08/2014 20:02:00] /newtype 1277
[30/08/2014 20:03:33] /newtype 1277
[30/08/2014 20:05:02] /newtype 816
[30/08/2014 20:05:05] /newtype 1277
[30/08/2014 20:05:07] /newtype 1276
[30/08/2014 20:05:09] /newtype 1277
[30/08/2014 20:05:11] /newtype 1275
[30/08/2014 20:05:13] /newtype 1277
[30/08/2014 20:12:11] /goto senhor
[30/08/2014 20:12:16] /goto slowpoke
[30/08/2014 20:13:49] /t
[30/08/2014 20:14:04] /a 700
[30/08/2014 20:14:08] /a 100
[30/08/2014 20:15:13] /a 700
[30/08/2014 20:15:32] /a 15
[30/08/2014 20:15:35] /a 15
[30/08/2014 20:15:38] /up
[30/08/2014 20:15:44] /a 30
[30/08/2014 20:16:09] /a 15
[30/08/2014 20:16:10] /a 15
[30/08/2014 20:16:43] /down
[30/08/2014 20:16:45] /down
[30/08/2014 20:16:46] /down
[30/08/2014 20:16:49] /up
[30/08/2014 20:16:53] /up
[30/08/2014 20:17:55] /goto slowpoke
[30/08/2014 20:19:12] /attr actionid 3529
[30/08/2014 20:19:20] /a 5
[30/08/2014 20:19:23] /attr actionid 3529
[30/08/2014 20:19:49] /attr storage,150
[30/08/2014 20:21:22] /attr actionid4452
[30/08/2014 20:21:27] /attr actionid 
[30/08/2014 20:21:28] /attr actionid 4452
[30/08/2014 20:22:09] /attr actionid 4452
[30/08/2014 20:22:23] /addskill chaos slow,level,400
[30/08/2014 20:23:35] /t
[30/08/2014 20:23:40] /a 150
[30/08/2014 20:23:43] /a 10
[30/08/2014 20:23:46] /a 100
[30/08/2014 20:23:48] /a 100
[30/08/2014 20:23:50] /a 150
[30/08/2014 20:23:56] /a 5
[30/08/2014 20:23:57] /a 5
[30/08/2014 20:23:59] /a 5
[30/08/2014 20:23:59] /a 5
[30/08/2014 20:24:02] /a 5
[30/08/2014 20:24:02] /a 5
[30/08/2014 20:24:03] /a 5
[30/08/2014 20:24:04] /a 5
[30/08/2014 20:24:12] /a 5
[30/08/2014 20:24:14] /a 5
[30/08/2014 20:24:14] /a 5
[30/08/2014 20:24:16] /a 5
[30/08/2014 20:24:17] /a 5
[30/08/2014 20:24:17] /a 5
[30/08/2014 20:24:18] /a 5
[30/08/2014 20:24:18] /a 5
[30/08/2014 20:24:19] /a 5
[30/08/2014 20:24:20] /a 5
[30/08/2014 20:24:20] /a 5
[30/08/2014 20:24:21] /a 5
[30/08/2014 20:24:23] /a 5
[30/08/2014 20:24:25] /a 5
[30/08/2014 20:24:26] /a 5
[30/08/2014 20:24:28] /a 5
[30/08/2014 20:24:29] /a 5
[30/08/2014 20:24:29] /a 5
[30/08/2014 20:24:33] /a 5
[30/08/2014 20:24:34] /a 5
[30/08/2014 20:24:41] /a 5
[30/08/2014 20:24:42] /a 5
[30/08/2014 20:24:42] /a 5
[30/08/2014 20:24:57] /a 5
[30/08/2014 20:25:11] /a 5
[30/08/2014 20:25:12] /a 5
[30/08/2014 20:25:27] /a 5
[30/08/2014 20:25:35] /a 5
[30/08/2014 20:27:46] /t
[30/08/2014 20:28:46] /newtype 426
[30/08/2014 20:29:08] /attr looktype 426
[30/08/2014 20:29:20] /attr newtype 426
[30/08/2014 20:29:31] /newtype 423,slowpoke
[30/08/2014 20:29:35] /newtype 426,slowpoke
[30/08/2014 20:30:03] /newtype 426,slowpoke
[30/08/2014 20:30:09] /m slowpoke
[30/08/2014 20:30:10] /m slowpoke
[30/08/2014 20:30:10] /m slowpoke
[30/08/2014 20:30:11] /m slowpoke
[30/08/2014 20:30:11] /m slowpoke
[30/08/2014 20:30:12] /m slowpoke
[30/08/2014 20:30:12] /m slowpoke
[30/08/2014 20:30:13] /m slowpoke
[30/08/2014 20:31:20] /t
[30/08/2014 20:32:11] /attr actionid 10150
[30/08/2014 20:32:15] /attr actionid 10150
[30/08/2014 20:33:32] /t
[30/08/2014 20:33:46] /i 11782
[30/08/2014 20:33:56] /i 11791
[30/08/2014 20:34:16] /t
[30/08/2014 20:34:32] /attr actionid 10150
[30/08/2014 20:34:42] /attr actionid 19381
[30/08/2014 20:35:01] /goto senhor
[30/08/2014 20:36:01] /goto senhor
[30/08/2014 20:36:03] /goto senhor
[30/08/2014 20:36:12] /t
[30/08/2014 22:10:45] /goto tutor chaos
[30/08/2014 22:10:56] /newtype 1277
[30/08/2014 22:11:01] /newtype 1280
[30/08/2014 22:11:02] /newtype 1281
[30/08/2014 22:11:04] /newtype 1282
[30/08/2014 22:11:07] /newtype 1283
[30/08/2014 22:11:14] /newtype 1284
[30/08/2014 22:11:16] /newtype 1285
[30/08/2014 22:11:17] /newtype 1286
[30/08/2014 22:11:19] /newtype 1287
[30/08/2014 22:11:24] /newtype 1288
[30/08/2014 22:11:26] /newtype 1289
[30/08/2014 22:11:28] /newtype 12890
[30/08/2014 22:11:30] /newtype 12891
[30/08/2014 22:11:37] /newtype 1290
[30/08/2014 22:11:39] /newtype 1291
[30/08/2014 22:11:40] /newtype 1292
[30/08/2014 22:11:44] /newtype 1293
[30/08/2014 22:11:45] /newtype 1294
[30/08/2014 22:11:46] /newtype 1295
[30/08/2014 22:11:48] /newtype 1296
[30/08/2014 22:11:49] /newtype 1297
[30/08/2014 22:11:50] /newtype 1298
[30/08/2014 22:11:52] /newtype 129
[30/08/2014 22:11:57] /newtype 1299
[30/08/2014 22:11:59] /newtype 1300
[30/08/2014 22:12:01] /newtype 1301
[30/08/2014 22:12:02] /newtype 1302
[30/08/2014 22:12:03] /newtype 1303
[30/08/2014 22:12:04] /newtype 1304
[30/08/2014 22:12:05] /newtype 1305
[30/08/2014 22:12:06] /newtype 1306
[30/08/2014 22:12:07] /newtype 1307
[30/08/2014 22:12:07] /newtype 1308
[30/08/2014 22:12:11] /newtype 1310
[30/08/2014 22:12:13] /newtype 1311
[30/08/2014 22:12:14] /newtype 1312
[30/08/2014 22:12:16] /newtype 1313
[30/08/2014 22:12:17] /newtype 1314
[30/08/2014 22:12:18] /newtype 1315
[30/08/2014 22:12:19] /newtype 1316
[30/08/2014 22:12:21] /newtype 1317
[30/08/2014 22:12:22] /newtype 1317
[30/08/2014 22:15:50] /goto senhor
[30/08/2014 22:16:31] /a 3
[30/08/2014 22:16:34] /a 3
[30/08/2014 22:16:35] /a 5
[30/08/2014 22:16:40] /t
[30/08/2014 22:16:58] /goto tutor chaos
[30/08/2014 22:17:00] /goto tutor chaos
[30/08/2014 22:17:01] /goto tutor chaos
[30/08/2014 22:17:02] /goto tutor chaos
[30/08/2014 22:17:03] /goto tutor chaos
[30/08/2014 22:17:04] /goto tutor chaos
[30/08/2014 22:17:04] /goto tutor chaos
[30/08/2014 22:17:05] /goto tutor chaos
[30/08/2014 22:17:05] /goto tutor chaos
[30/08/2014 22:17:06] /goto tutor chaos
[30/08/2014 22:17:06] /goto tutor chaos
[30/08/2014 22:17:07] /goto tutor chaos
[30/08/2014 22:17:07] /goto tutor chaos
[30/08/2014 22:17:08] /goto tutor chaos
[30/08/2014 22:17:28] /t
[30/08/2014 22:18:56] /goto senhor
[30/08/2014 22:19:56] /goto senhor
[30/08/2014 22:28:27] /goto senhor
[30/08/2014 22:29:51] /i x-attack t7
[30/08/2014 22:30:08] /i y-regeneration t7
[30/08/2014 22:30:14] /i revive
[30/08/2014 22:30:49] /goto senhor
[30/08/2014 22:38:01] /goto senhor
[30/08/2014 22:55:38] /m lugia
[30/08/2014 22:57:04] /r
[30/08/2014 22:58:14] /m shiny blastoise
[30/08/2014 22:58:34] /m shiny blastoise
[30/08/2014 22:58:34] /m shiny blastoise
[30/08/2014 22:58:35] /m shiny blastoise
[30/08/2014 22:58:35] /m shiny blastoise
[30/08/2014 22:58:36] /m shiny blastoise
[31/08/2014 18:49:34] /goto senhor
[31/08/2014 18:49:38] /goto tutor chaos
[31/08/2014 18:49:49] /m brave rhydon
[31/08/2014 18:52:17] /t
[31/08/2014 20:52:27] /m shiny mr. mime
[31/08/2014 20:52:28] /m shiny mr. mime
[31/08/2014 20:52:29] /m shiny mr. mime
[31/08/2014 20:52:29] /m shiny mr. mime
[31/08/2014 20:52:30] /m shiny mr. mime
[31/08/2014 20:52:35] /m shiny mr. mime
[31/08/2014 20:54:47] /i master ball
[31/08/2014 20:54:49] /i master ball
[31/08/2014 20:54:53] /i dark ball
[31/08/2014 20:55:00] /m shiny mr. mime
[31/08/2014 20:55:22] /goto senhor
[31/08/2014 21:05:29] /goto senhor
[31/08/2014 21:05:34] /m brute rhydon
[31/08/2014 21:05:54] /n mark
[31/08/2014 21:06:11] /r
[31/08/2014 21:06:27] /t
[31/08/2014 21:06:34] /goto senhor
[31/08/2014 21:07:36] /t
[31/08/2014 21:08:55] /n dak
[31/08/2014 21:10:15] /newtype 1500
[31/08/2014 21:10:49] /c slowpoke
[31/08/2014 21:10:58] /newtype 1501
[31/08/2014 21:11:01] /newtype 1502
[31/08/2014 21:11:23] /newtype 1503
[31/08/2014 21:11:25] /newtype 1504
[31/08/2014 21:11:28] /newtype 1505
[31/08/2014 21:11:34] /goto senhor
[31/08/2014 21:11:38] /goto slowpoke
[31/08/2014 21:11:49] /newtype 1506
[31/08/2014 21:11:56] /newtype 1507
[31/08/2014 21:11:59] /newtype 1508
[31/08/2014 21:12:02] /newtype 1509
[31/08/2014 21:12:23] /newtype 1510
[31/08/2014 21:12:25] /newtype 1511
[31/08/2014 21:12:27] /newtype 1512
[31/08/2014 21:12:34] /newtype 1513
[31/08/2014 21:12:35] /newtype 1514
[31/08/2014 21:12:36] /newtype 1515
[31/08/2014 21:12:37] /newtype 1516
[31/08/2014 21:12:38] /newtype 1517
[31/08/2014 21:12:40] /newtype 1518
[31/08/2014 21:12:41] /newtype 1519
[31/08/2014 21:12:43] /newtype 1520
[31/08/2014 21:12:44] /newtype 1521
[31/08/2014 21:12:45] /newtype 1522
[31/08/2014 21:12:46] /newtype 1523
[31/08/2014 21:12:47] /newtype 1524
[31/08/2014 21:12:49] /newtype 1525
[31/08/2014 21:12:51] /newtype 1526
[31/08/2014 21:12:57] /newtype 1527
[31/08/2014 21:12:59] /newtype 1528
[31/08/2014 21:13:02] /newtype 1528
[31/08/2014 21:13:04] /newtype 1529
[31/08/2014 21:13:10] /newtype 1530
[31/08/2014 21:13:12] /newtype 1531
[31/08/2014 21:13:14] /newtype 1532
[31/08/2014 21:13:15] /newtype 1533
[31/08/2014 21:13:16] /newtype 1534
[31/08/2014 21:13:17] /newtype 1535
[31/08/2014 21:13:18] /newtype 1536
[31/08/2014 21:13:20] /newtype 1537
[31/08/2014 21:13:21] /newtype 1538
[31/08/2014 21:13:23] /newtype 1539
[31/08/2014 21:13:25] /newtype 1540
[31/08/2014 21:13:26] /newtype 1541
[31/08/2014 21:13:27] /newtype 1542
[31/08/2014 21:13:28] /newtype 1543
[31/08/2014 21:13:29] /newtype 1544
[31/08/2014 21:13:30] /newtype 1545
[31/08/2014 21:13:31] /newtype 1546
[31/08/2014 21:13:33] /newtype 1547
[31/08/2014 21:13:33] /newtype 1548
[31/08/2014 21:13:36] /newtype 1549
[31/08/2014 21:13:39] /newtype 1548
[31/08/2014 21:13:40] /newtype 1549
[31/08/2014 21:13:43] /newtype 1550
[31/08/2014 21:13:44] /newtype 1551
[31/08/2014 21:13:46] /newtype 1552
[31/08/2014 21:13:47] /newtype 1553
[31/08/2014 21:13:48] /newtype 1554
[31/08/2014 21:13:49] /newtype 1555
[31/08/2014 21:13:50] /newtype 1556
[31/08/2014 21:13:51] /newtype 1557
[31/08/2014 21:13:53] /newtype 1558
[31/08/2014 21:13:56] /newtype 1559
[31/08/2014 21:13:57] /newtype 1558
[31/08/2014 21:14:00] /newtype 1560
[31/08/2014 21:14:02] /newtype 1561
[31/08/2014 21:14:03] /newtype 1562
[31/08/2014 21:14:04] /newtype 1563
[31/08/2014 21:14:04] /newtype 1563
[31/08/2014 21:14:06] /newtype 1564
[31/08/2014 21:14:07] /newtype 1565
[31/08/2014 21:14:08] /newtype 1566
[31/08/2014 21:14:10] /newtype 1567
[31/08/2014 21:14:11] /newtype 1568
[31/08/2014 21:14:12] /newtype 1569
[31/08/2014 21:14:14] /newtype 1570
[31/08/2014 21:14:16] /newtype 1571
[31/08/2014 21:14:17] /newtype 1572
[31/08/2014 21:14:18] /newtype 1571
[31/08/2014 21:14:23] /goto cone
[31/08/2014 21:14:31] /newtype 1572
[31/08/2014 21:14:39] /newtype 1572
[31/08/2014 21:14:51] /newtype 1573
[31/08/2014 21:14:55] /newtype 1574
[31/08/2014 21:15:07] /newtype 1574
[31/08/2014 21:15:24] /newtype 1575
[31/08/2014 21:15:25] /newtype 1576
[31/08/2014 21:15:26] /newtype 1577
[31/08/2014 21:15:27] /newtype 1578
[31/08/2014 21:15:28] /newtype 1579
[31/08/2014 21:15:33] /newtype 1580
[31/08/2014 21:15:34] /newtype 1581
[31/08/2014 21:15:45] /newtype 1582
[31/08/2014 21:15:46] /newtype 1582
[31/08/2014 21:15:51] /newtype 1583
[31/08/2014 21:15:52] /newtype 1583
[31/08/2014 21:15:56] /newtype 1584
[31/08/2014 21:15:57] /newtype 1585
[31/08/2014 21:15:58] /newtype 1586
[31/08/2014 21:16:01] /newtype 1587
[31/08/2014 21:16:05] /newtype 1584
[31/08/2014 21:16:06] /newtype 1582
[31/08/2014 21:16:07] /newtype 158
[31/08/2014 21:16:09] /newtype 1581
[31/08/2014 21:16:10] /newtype 1581
[31/08/2014 21:16:19] /newtype 1587
[31/08/2014 21:16:21] /newtype 1588
[31/08/2014 21:16:23] /newtype 1589
[31/08/2014 21:16:26] /newtype 1590
[31/08/2014 21:16:28] /newtype 1591
[31/08/2014 21:16:35] /newtype 1593
[31/08/2014 21:16:37] /newtype 1594
[31/08/2014 21:16:44] /newtype 1595
[31/08/2014 21:16:49] /newtype 1596
[31/08/2014 21:16:53] /newtype 1596
[31/08/2014 21:16:54] /newtype 1597
[31/08/2014 21:16:57] /newtype 1597
[31/08/2014 21:16:59] /newtype 1598
[31/08/2014 21:17:00] /newtype 1599
[31/08/2014 21:17:04] /newtype 1600
[31/08/2014 21:17:05] /newtype 1601
[31/08/2014 21:17:06] /newtype 1602
[31/08/2014 21:17:09] /newtype 1603
[31/08/2014 21:17:10] /newtype 1604
[31/08/2014 21:17:11] /newtype 1605
[31/08/2014 21:17:13] /newtype 1606
[31/08/2014 21:17:15] /newtype 1607
[31/08/2014 21:17:18] /newtype 1608
[31/08/2014 21:17:20] /newtype 1609
[31/08/2014 21:17:22] /newtype 1610
[31/08/2014 21:17:24] /newtype 1611
[31/08/2014 21:17:25] /newtype 1612
[31/08/2014 21:17:26] /newtype 1613
[31/08/2014 21:17:27] /newtype 1614
[31/08/2014 21:17:28] /newtype 1615
[31/08/2014 21:17:30] /newtype 1616
[31/08/2014 21:17:33] /newtype 1617
[31/08/2014 21:17:35] /newtype 1618
[31/08/2014 21:17:36] /newtype 1619
[31/08/2014 21:17:38] /newtype 1620
[31/08/2014 21:17:39] /newtype 1621
[31/08/2014 21:17:40] /newtype 1622
[31/08/2014 21:17:42] /newtype 1623
[31/08/2014 21:17:43] /newtype 1624
[31/08/2014 21:17:45] /newtype 1625
[31/08/2014 21:17:48] /newtype 1500
[31/08/2014 21:17:51] /newtype 1450
[31/08/2014 21:17:53] /newtype 1451
[31/08/2014 21:18:00] /newtype 1452
[31/08/2014 21:18:01] /newtype 1453
[31/08/2014 21:18:02] /newtype 1454
[31/08/2014 21:18:04] /newtype 1455
[31/08/2014 21:18:05] /newtype 1456
[31/08/2014 21:18:07] /newtype 1457
[31/08/2014 21:18:08] /newtype 1458
[31/08/2014 21:18:14] /newtype 1459
[31/08/2014 21:18:16] /newtype 1460
[31/08/2014 21:18:18] /newtype 1461
[31/08/2014 21:18:19] /newtype 146
[31/08/2014 21:18:20] /newtype 1462
[31/08/2014 21:18:22] /newtype 1463
[31/08/2014 21:18:23] /newtype 1464
[31/08/2014 21:18:24] /newtype 1465
[31/08/2014 21:18:25] /newtype 1466
[31/08/2014 21:18:27] /newtype 1467
[31/08/2014 21:18:28] /newtype 148
[31/08/2014 21:18:29] /newtype 149
[31/08/2014 21:18:36] /newtype 1469
[31/08/2014 21:18:38] /newtype 1470
[31/08/2014 21:18:39] /newtype 1471
[31/08/2014 21:18:40] /newtype 1472
[31/08/2014 21:18:58] /newtype 1472
[31/08/2014 21:19:08] /newtype 1473
[31/08/2014 21:19:09] /newtype 1474
[31/08/2014 21:19:11] /newtype 1475
[31/08/2014 21:19:14] /newtype 1476
[31/08/2014 21:19:15] /newtype 1477
[31/08/2014 21:19:30] /newtype 1478
[31/08/2014 21:19:34] /newtype 1479
[31/08/2014 21:19:36] /newtype 1480
[31/08/2014 21:19:38] /newtype 1481
[31/08/2014 21:19:39] /newtype 1482
[31/08/2014 21:19:40] /newtype 1483
[31/08/2014 21:19:41] /newtype 1484
[31/08/2014 21:19:42] /newtype 1485
[31/08/2014 21:19:44] /newtype 1486
[31/08/2014 21:19:45] /newtype 1487
[31/08/2014 21:19:47] /newtype 1488
[31/08/2014 21:19:48] /newtype 1489
[31/08/2014 21:19:52] /newtype 1490
[31/08/2014 21:19:57] /newtype 1491
[31/08/2014 21:19:58] /newtype 1492
[31/08/2014 21:19:59] /newtype 1493
[31/08/2014 21:20:00] /newtype 1494
[31/08/2014 21:20:01] /newtype 1495
[31/08/2014 21:20:02] /newtype 1496
[31/08/2014 21:20:05] /newtype 1497
[31/08/2014 21:20:06] /newtype 1498
[31/08/2014 21:20:07] /newtype 1499
[31/08/2014 21:20:10] /newtype 1500
[31/08/2014 21:20:20] /newtype 1600
[31/08/2014 21:20:22] /newtype 1603
[31/08/2014 21:20:25] /newtype 1604
[31/08/2014 21:20:27] /newtype 1605
[31/08/2014 21:20:29] /newtype 1606
[31/08/2014 21:20:37] /newtype 1607
[31/08/2014 21:20:38] /newtype 1608
[31/08/2014 21:20:48] /newtype 1609
[31/08/2014 21:20:51] /newtype 1607
[31/08/2014 21:20:56] /newtype 1608
[31/08/2014 21:21:56] /i 12445
[31/08/2014 21:21:59] /i 12446
[31/08/2014 21:22:01] /i 12447
[31/08/2014 21:22:04] /i 12448
[31/08/2014 21:22:06] /i 12449
[31/08/2014 21:22:09] /i 12450
[31/08/2014 21:22:24] /i 12845
[31/08/2014 21:22:27] /i 12846
[31/08/2014 21:22:29] /i 12847
[31/08/2014 21:22:30] /i 12848
[31/08/2014 21:23:06] /i x-attack t7
[31/08/2014 21:23:07] /i x-attack t7
[31/08/2014 21:23:07] /i x-attack t7
[31/08/2014 21:23:08] /i x-attack t7
[31/08/2014 21:23:09] /i x-attack t7
[31/08/2014 21:23:17] /i x-attack t7
[31/08/2014 21:23:18] /i x-attack t7
[31/08/2014 21:23:28] /i 12848
[31/08/2014 21:23:36] /i 12846
[31/08/2014 21:23:42] /i 1289
[31/08/2014 21:23:47] /r
[31/08/2014 21:24:15] /goto cone
[31/08/2014 21:24:41] /newtype 164
[31/08/2014 21:24:43] /newtype 1604
[31/08/2014 21:25:22] /i 12439
[31/08/2014 21:25:26] /r
[31/08/2014 21:25:34] /i 12440
[31/08/2014 21:25:39] /r
[31/08/2014 21:25:52] /i 12441
[31/08/2014 21:25:53] /i 12442
[31/08/2014 21:25:54] /i 12443
[31/08/2014 21:25:55] /i 12444
[31/08/2014 21:25:56] /i 12445
[31/08/2014 21:25:57] /i 12446
[31/08/2014 21:26:01] /i 12480
[31/08/2014 21:26:02] /i 12481
[31/08/2014 21:26:02] /i 12482
[31/08/2014 21:26:03] /i 12483
[31/08/2014 21:26:05] /i 12484
[31/08/2014 21:26:07] /i 12484
[31/08/2014 21:26:09] /i 12485
[31/08/2014 21:26:11] /i 12486
[31/08/2014 21:26:13] /i 12487
[31/08/2014 21:26:14] /i 12488
[31/08/2014 21:26:15] /i 1248
[31/08/2014 21:26:18] /i 12489
[31/08/2014 21:26:26] /i 12490
[31/08/2014 21:26:27] /i 12491
[31/08/2014 21:26:30] /i 12492
[31/08/2014 21:26:35] /i 12493
[31/08/2014 21:26:42] /i 12495
[31/08/2014 21:27:29] /i 11139
[31/08/2014 21:27:37] /i 11285
[31/08/2014 21:27:51] /i 11288
[31/08/2014 21:28:00] /i 11387
[31/08/2014 21:28:22] /i 11989
[31/08/2014 21:28:28] /i 12139
[31/08/2014 21:28:42] /i 12577
[31/08/2014 21:28:50] /i 12578
[31/08/2014 21:29:01] /i Old Amber
[31/08/2014 21:29:15] /i 12605
[31/08/2014 21:29:25] /i 12606
[31/08/2014 21:30:43] /goto senhor
[31/08/2014 21:30:47] /goto cone
[31/08/2014 21:30:55] /i 12606
[31/08/2014 21:30:57] /i 12605
[31/08/2014 21:31:00] /i 12604
[31/08/2014 21:31:06] /r
[31/08/2014 21:31:15] /i 12607
[31/08/2014 21:31:18] /i 12608
[31/08/2014 21:31:20] /i 12609
[31/08/2014 21:31:23] /i 12610
[31/08/2014 21:31:27] /i 12611
[31/08/2014 21:31:30] /i 12612
[31/08/2014 21:31:32] /i 12613
[31/08/2014 21:31:37] /i 12614
[31/08/2014 21:31:39] /i 12615
[31/08/2014 21:32:14] /newtype 1597
[31/08/2014 21:32:16] /newtype 1596
[31/08/2014 21:32:17] /newtype 1595
[31/08/2014 21:32:18] /newtype 1594
[31/08/2014 21:32:26] /newtype 1604
[31/08/2014 21:33:48] /i 12614
[31/08/2014 21:33:53] /r
[31/08/2014 21:34:48] /i 12615
[31/08/2014 21:34:50] /i 12616
[31/08/2014 21:34:53] /i 12617
[31/08/2014 21:34:55] /i 12618
[31/08/2014 21:34:57] /i 12619
[31/08/2014 21:35:01] /r
[31/08/2014 21:35:02] /r
[31/08/2014 21:35:02] /r
[31/08/2014 21:35:03] /r
[31/08/2014 21:35:08] /r
[31/08/2014 21:35:21] /i 11644
[31/08/2014 21:35:26] /i 11644
[31/08/2014 21:35:36] /i 12606
[31/08/2014 21:35:38] /i 12607
[31/08/2014 21:35:40] /i 12608
[31/08/2014 21:35:42] /i 12609
[31/08/2014 21:35:49] /goto senhor
[31/08/2014 21:35:52] /goto mineiro
[31/08/2014 21:36:12] /goto cone
[31/08/2014 21:36:34] /goto mineiro
[31/08/2014 21:36:39] /goto minero
[31/08/2014 21:36:41] /goto minero
[31/08/2014 21:37:37] /newtype 1288
[31/08/2014 21:37:52] /newtype 933
[31/08/2014 21:38:00] /newtype 934
[31/08/2014 21:38:02] /newtype 935
[31/08/2014 21:38:05] /newtype 1604
[31/08/2014 21:39:16] /goto minero
[31/08/2014 21:40:13] /goto minero
[31/08/2014 21:43:34] /goto cone
[31/08/2014 21:43:36] /goto cone
[31/08/2014 21:46:10] /addskill Chaos Slow,level,7
[31/08/2014 21:47:59] /goto minero
[31/08/2014 21:48:03] /goto minero
[31/08/2014 21:48:27] /goto minero
[31/08/2014 21:48:29] /goto minero
[31/08/2014 21:48:30] /goto minero
[31/08/2014 21:48:31] /goto minero
[31/08/2014 21:48:37] /t
[31/08/2014 21:49:31] /goto minero
[31/08/2014 21:52:07] /b 18:51 Congratulations, you caught a pokemon (Shiny Charizard)!
[31/08/2014 21:52:59] /t
[31/08/2014 21:53:09] /goto minero
[31/08/2014 21:56:34] /goto minero
[31/08/2014 21:57:49] /goto minero
[31/08/2014 21:57:50] /goto minero
[31/08/2014 22:03:32] /t
[31/08/2014 22:03:41] /goto red firy
[31/08/2014 22:03:44] /goto red fury
[31/08/2014 22:03:59] /goto aerodactyl
[31/08/2014 22:04:02] /goto aerodactyl
[31/08/2014 22:04:03] /t
[31/08/2014 22:04:07] /a 150
[31/08/2014 22:04:09] /a 100
[31/08/2014 22:04:15] /goto aerodactyl
[31/08/2014 22:04:20] /goto aerodactyl
[31/08/2014 22:04:23] /goto aerodactyl
[31/08/2014 22:04:27] /goto aerodactyl
[31/08/2014 22:04:33] /goto aerodactyl
[31/08/2014 22:04:35] /a 10
[31/08/2014 22:04:36] /a 10
[31/08/2014 22:04:37] /a 10
[31/08/2014 22:04:37] /a 10
[31/08/2014 22:04:37] /a 10
[31/08/2014 22:04:38] /a 10
[31/08/2014 22:04:38] /a 10
[31/08/2014 22:04:39] /a 10
[31/08/2014 22:04:39] /a 10
[31/08/2014 22:04:40] /a 10
[31/08/2014 22:04:40] /a 10
[31/08/2014 22:04:42] /a 10
[31/08/2014 22:04:45] /t 
[31/08/2014 22:04:57] /m shiny ditto
[31/08/2014 22:05:04] /m ditto
[31/08/2014 22:05:18] /m ditto
[31/08/2014 22:05:25] /m ditto
[31/08/2014 22:05:32] /m ditto
[31/08/2014 22:05:32] /m ditto
[31/08/2014 22:05:33] /m ditto
[31/08/2014 22:05:33] /m ditto
[31/08/2014 22:05:34] /m ditto
[31/08/2014 22:05:34] /m ditto
[31/08/2014 22:05:34] /m ditto
[31/08/2014 22:05:35] /m ditto
[31/08/2014 22:05:35] /m ditto
[31/08/2014 22:05:36] /m ditto
[31/08/2014 22:05:36] /m ditto
[31/08/2014 22:05:37] /m ditto
[31/08/2014 22:05:38] /m ditto
[31/08/2014 22:06:16] /m ditto
[31/08/2014 22:06:16] /m ditto
[31/08/2014 22:06:17] /m ditto
[31/08/2014 22:06:17] /m ditto
[31/08/2014 22:06:18] /m ditto
[31/08/2014 22:06:18] /m ditto
[31/08/2014 22:06:18] /m ditto
[31/08/2014 22:06:19] /m ditto
[31/08/2014 22:06:19] /m ditto
[31/08/2014 22:06:20] /m ditto
[31/08/2014 22:06:20] /m ditto
[31/08/2014 22:06:20] /m ditto
[31/08/2014 22:06:21] /m ditto
[31/08/2014 22:23:24] /m ditto
[31/08/2014 22:23:53] /newtype 1483
[31/08/2014 22:24:00] /newtype 1600
[31/08/2014 22:24:03] /newtype 1601
[31/08/2014 22:24:08] /newtype 1100
[31/08/2014 22:24:11] /newtype 1101
[31/08/2014 22:24:12] /newtype 1102
[31/08/2014 22:24:13] /newtype 1103
[31/08/2014 22:24:14] /newtype 1104
[31/08/2014 22:24:15] /newtype 1105
[31/08/2014 22:24:16] /newtype 1106
[31/08/2014 22:24:17] /newtype 1107
[31/08/2014 22:24:17] /newtype 1108
[31/08/2014 22:24:19] /newtype 1109
[31/08/2014 22:24:22] /newtype 1110
[31/08/2014 22:24:23] /newtype 1111
[31/08/2014 22:24:24] /newtype 1112
[31/08/2014 22:24:25] /newtype 115
[31/08/2014 22:24:29] /newtype 1116
[31/08/2014 22:24:31] /newtype 1117
[31/08/2014 22:24:36] /newtype 1120
[31/08/2014 22:24:40] /newtype 1150
[31/08/2014 22:24:41] /newtype 1151
[31/08/2014 22:24:42] /newtype 1152
[31/08/2014 22:24:43] /newtype 1153
[31/08/2014 22:24:44] /newtype 1154
[31/08/2014 22:24:45] /newtype 1155
[31/08/2014 22:24:48] /newtype 1800
[31/08/2014 22:24:49] /newtype 18001
[31/08/2014 22:24:51] /newtype 1801
[31/08/2014 22:24:54] /newtype 1900
[31/08/2014 22:24:58] /newtype 1629
[31/08/2014 22:25:01] /newtype 1630
[31/08/2014 22:25:03] /newtype 1637
[31/08/2014 22:25:05] /newtype 1638
[31/08/2014 22:25:07] /newtype 1639
[31/08/2014 22:25:09] /newtype 1650
[31/08/2014 22:25:11] /newtype 1651
[31/08/2014 22:25:15] /newtype 1656
[31/08/2014 22:25:19] /newtype 1657
[31/08/2014 22:25:23] /newtype 1658
[31/08/2014 22:25:25] /newtype 1659
[31/08/2014 22:25:27] /newtype 1660
[31/08/2014 22:25:30] /newtype 1669
[31/08/2014 22:25:33] /newtype 1659
[31/08/2014 22:25:37] /newtype 1658
[31/08/2014 22:25:43] /newtype 1660
[31/08/2014 22:25:44] /newtype 1661
[31/08/2014 22:25:46] /newtype 1662
[31/08/2014 22:25:47] /newtype 1664
[31/08/2014 22:25:49] /newtype 1661
[31/08/2014 22:25:52] /newtype 1660
[31/08/2014 22:27:14] /newtype 1660
[31/08/2014 22:27:16] /newtype 1661
[31/08/2014 22:27:20] /newtype 9
[31/08/2014 22:27:22] /newtype 10
[31/08/2014 22:27:23] /newtype 11
[31/08/2014 22:27:24] /newtype 12
[31/08/2014 22:27:26] /newtype 11
[31/08/2014 22:27:33] /newtype 12
[31/08/2014 22:27:36] /newtype 13
[31/08/2014 22:27:41] /newtype 14
[31/08/2014 22:27:43] /newtype 15
[31/08/2014 22:27:45] /newtype 14
[31/08/2014 22:27:49] /newtype 15
[31/08/2014 22:27:53] /newtype 16
[31/08/2014 22:27:56] /newtype 17
[31/08/2014 22:27:57] /newtype 18
[31/08/2014 22:27:59] /newtype 19
[31/08/2014 22:28:01] /newtype 20
[31/08/2014 22:28:06] /newtype 21
[31/08/2014 22:28:09] /newtype 20
[31/08/2014 22:28:11] /newtype 21
[31/08/2014 22:28:12] /newtype 22
[31/08/2014 22:28:13] /newtype 23
[31/08/2014 22:28:14] /newtype 24
[31/08/2014 22:28:17] /newtype 25
[31/08/2014 22:28:18] /newtype 26
[31/08/2014 22:28:19] /newtype 27
[31/08/2014 22:28:20] /newtype 28
[31/08/2014 22:28:20] /newtype 29
[31/08/2014 22:28:22] /newtype 30
[31/08/2014 22:28:24] /newtype 35
[31/08/2014 22:28:27] /newtype 40
[31/08/2014 22:28:29] /newtype 45
[31/08/2014 22:28:31] /newtype 50
[31/08/2014 22:28:33] /newtype 60
[31/08/2014 22:28:35] /newtype 60
[31/08/2014 22:28:39] /newtype 07
[31/08/2014 22:28:41] /newtype 70
[31/08/2014 22:28:47] /newtype 80
[31/08/2014 22:28:49] /newtype 90
[31/08/2014 22:28:51] /newtype 10
[31/08/2014 22:28:53] /newtype 100
[31/08/2014 22:28:56] /newtype 120
[31/08/2014 22:29:01] /newtype 130
[31/08/2014 22:29:03] /newtype 135
[31/08/2014 22:29:04] /newtype 40
[31/08/2014 22:29:07] /newtype 140
[31/08/2014 22:29:10] /newtype 150
[31/08/2014 22:29:12] /newtype 160
[31/08/2014 22:29:14] /newtype 170
[31/08/2014 22:29:15] /newtype 180
[31/08/2014 22:29:17] /newtype 190
[31/08/2014 22:29:19] /newtype 200
[31/08/2014 22:29:21] /newtype 201
[31/08/2014 22:29:23] /newtype 250
[31/08/2014 22:29:25] /newtype 260
[31/08/2014 22:29:27] /newtype 280
[31/08/2014 22:29:30] /newtype 300
[31/08/2014 22:29:32] /newtype 350
[31/08/2014 22:29:35] /newtype 40
[31/08/2014 22:29:37] /newtype 400
[31/08/2014 22:29:41] /newtype 390
[31/08/2014 22:29:43] /newtype 3970
[31/08/2014 22:29:45] /newtype 370
[31/08/2014 22:29:46] /newtype 371
[31/08/2014 22:29:49] /newtype 360
[31/08/2014 22:29:51] /newtype 350
[31/08/2014 22:29:52] /newtype 351
[31/08/2014 22:29:54] /newtype 352
[31/08/2014 22:30:05] /newtype 353
[31/08/2014 22:30:07] /newtype 354
[31/08/2014 22:30:07] /newtype 355
[31/08/2014 22:30:08] /newtype 356
[31/08/2014 22:30:41] /newtype 357
[31/08/2014 22:30:43] /newtype 70
[31/08/2014 22:30:52] /newtype 500
[31/08/2014 22:30:54] /newtype 501
[31/08/2014 22:30:56] /newtype 502
[31/08/2014 22:30:56] /newtype 503
[31/08/2014 22:30:58] /newtype 504
[31/08/2014 22:30:59] /newtype 505
[31/08/2014 22:31:00] /newtype 506
[31/08/2014 22:31:03] /newtype 600
[31/08/2014 22:31:04] /newtype 601
[31/08/2014 22:31:06] /newtype 700
[31/08/2014 22:31:07] /newtype 701
[31/08/2014 22:31:08] /newtype 702
[31/08/2014 22:31:10] /newtype 705
[31/08/2014 22:31:12] /newtype 707
[31/08/2014 22:31:13] /newtype 708
[31/08/2014 22:31:15] /newtype 710
[31/08/2014 22:31:17] /newtype 711
[31/08/2014 22:31:21] /newtype 750
[31/08/2014 22:31:25] /newtype 800
[31/08/2014 22:42:03] /newtype 10
[31/08/2014 22:42:05] /newtype 9
[31/08/2014 22:42:07] /newtype 8
[31/08/2014 22:42:09] /newtype 11
[31/08/2014 22:42:10] /newtype 12
[31/08/2014 22:42:12] /newtype 11
[31/08/2014 22:43:50] /newtype 12
[31/08/2014 22:43:51] /newtype 11
[31/08/2014 22:44:07] /goto snehor
[31/08/2014 22:44:12] /goto minero
[31/08/2014 22:45:03] /goto minero
[31/08/2014 22:45:22] /newtype 13
[31/08/2014 22:45:27] /newtype 14
[31/08/2014 22:45:29] /newtype 11
[31/08/2014 22:45:30] /newtype 12
[31/08/2014 22:45:39] /newtype 15
[31/08/2014 22:45:49] /newtype 14
[31/08/2014 22:45:51] /newtype 16
[31/08/2014 22:45:52] /newtype 17
[31/08/2014 22:45:53] /newtype 18
[31/08/2014 22:45:54] /newtype 19
[31/08/2014 22:45:56] /newtype 20
[31/08/2014 22:46:11] /newtype 21
[31/08/2014 22:46:13] /newtype 18
[31/08/2014 22:46:15] /newtype 17
[31/08/2014 22:46:20] /newtype 21
[31/08/2014 22:46:25] /newtype 1604
[31/08/2014 22:46:51] /t
[31/08/2014 22:47:03] /bc green Exotic Island
[31/08/2014 22:48:47] /goto minero
[31/08/2014 22:50:43] /goto minero
[31/08/2014 22:50:45] /goto minero
[31/08/2014 22:50:46] /goto minero
[31/08/2014 22:52:37] /goto minero
[31/08/2014 22:52:38] /goto minero
[31/08/2014 22:52:44] /goto minero
[31/08/2014 22:52:45] /goto minero
[31/08/2014 22:52:46] /goto minero
[31/08/2014 22:52:51] /goto minero
[31/08/2014 22:52:53] /goto minero
[31/08/2014 22:52:56] /goto minero
[31/08/2014 23:19:17] /t
[31/08/2014 23:19:33] /goto minero
[01/09/2014 00:16:31] /goto minero
[01/09/2014 00:17:08] /addskill Chaos Slow,level,28
[01/09/2014 22:00:18] /goto chaos
[01/09/2014 22:00:24] /goto cone
[01/09/2014 22:00:30] /newtype 12
[01/09/2014 22:00:32] /newtype 13
[01/09/2014 22:00:33] /newtype 14
[01/09/2014 22:00:34] /newtype 15
[01/09/2014 22:00:36] /newtype 11
[01/09/2014 22:00:37] /newtype 10
[01/09/2014 22:00:39] /newtype 9
[01/09/2014 22:00:40] /newtype 8
[01/09/2014 22:00:43] /newtype 16
[01/09/2014 22:00:44] /newtype 17
[01/09/2014 22:00:46] /newtype 18
[01/09/2014 22:00:48] /newtype 19
[01/09/2014 22:00:50] /newtype 20
[01/09/2014 22:00:51] /newtype 20
[01/09/2014 22:00:53] /newtype 21
[01/09/2014 22:00:55] /newtype 20
[01/09/2014 22:38:19] /goto minero
[01/09/2014 22:43:43] /r
[01/09/2014 22:43:44] /r
[01/09/2014 22:43:44] /r
[01/09/2014 22:43:45] /r
[01/09/2014 22:43:46] /r
[01/09/2014 22:43:49] /r
[01/09/2014 22:43:51] /r
[01/09/2014 22:43:52] /r
[01/09/2014 22:43:54] /r
[01/09/2014 22:43:56] /r
[01/09/2014 22:46:07] /m Shiny Mr. Mime,50
[01/09/2014 22:46:13] /r
[01/09/2014 22:47:46] /r
[01/09/2014 22:48:22] /r
[01/09/2014 22:49:57] /goto cone
[01/09/2014 22:51:40] /addskill Chaos Slow,level,20
[02/09/2014 00:03:49] /goto minero
[02/09/2014 00:04:45] /m capoeira hitmontop
[02/09/2014 00:04:47] /m capoeira hitmontop
[02/09/2014 00:04:47] /m capoeira hitmontop
[02/09/2014 00:04:48] /m capoeira hitmontop
[02/09/2014 00:04:48] /m capoeira hitmontop
[02/09/2014 00:04:49] /m capoeira hitmontop
[02/09/2014 00:06:08] /m fainted shiny scyther
[02/09/2014 00:06:23] /i fainted shiny scyther
[02/09/2014 00:06:49] /m shiny alakazam
[02/09/2014 00:06:56] /r
[02/09/2014 00:07:08] /r
[02/09/2014 00:07:21] /m shiny alakazam
[02/09/2014 00:07:41] /m milotic
[02/09/2014 00:07:57] /m aerodactyl
[02/09/2014 00:08:06] /m ditto
[02/09/2014 00:08:19] /m shiny ditto
[02/09/2014 00:09:05] /m shiny blastoise
[02/09/2014 00:10:39] /m celebi
[02/09/2014 00:11:49] /m shiny pinsir
[02/09/2014 00:12:22] /m shiny veusaur
[02/09/2014 00:12:31] /m shiny venusaur
[02/09/2014 00:12:54] /m shiny scyther
[02/09/2014 00:13:11] /m shiny xatu
[02/09/2014 00:13:28] /r
[02/09/2014 00:15:36] /m nidoking
[02/09/2014 00:15:51] /m nidoking
[02/09/2014 00:16:40] /i 2145
[02/09/2014 00:16:41] /i 2145
[02/09/2014 00:16:42] /i 2145
[02/09/2014 00:17:37] /i 2145
[02/09/2014 00:21:10] /goto Feartxc
[02/09/2014 00:21:29] /down
[02/09/2014 00:21:30] /down
[02/09/2014 00:21:31] /down
[02/09/2014 00:21:31] /down
[02/09/2014 00:21:39] /goto shiny magmortar
[02/09/2014 00:21:45] /goto magmortar
[02/09/2014 00:22:24] /goto electrive
[02/09/2014 00:22:32] /goto electivire
[02/09/2014 00:25:20] /t
[02/09/2014 21:58:52] /t
[02/09/2014 21:59:00] /goto cone
[02/09/2014 21:59:01] /goto cone
[02/09/2014 21:59:02] /goto cone
[02/09/2014 22:00:25] /goto cone
[02/09/2014 22:00:27] /goto cone
[02/09/2014 22:00:33] /newtype 1277
[02/09/2014 22:00:36] /newtype 1276
[02/09/2014 22:00:39] /newtype 1278
[02/09/2014 22:00:40] /newtype 125
[02/09/2014 22:00:42] /newtype 124
[02/09/2014 22:00:44] /newtype 1276
[02/09/2014 22:00:45] /newtype 1275
[02/09/2014 22:00:46] /newtype 1274
[02/09/2014 22:00:47] /newtype 1273
[02/09/2014 22:00:49] /newtype 1272
[02/09/2014 22:00:50] /newtype 1271
[02/09/2014 22:00:51] /newtype 1270
[02/09/2014 22:00:56] /newtype 1269
[02/09/2014 22:00:57] /newtype 1268
[02/09/2014 22:00:58] /newtype 126
[02/09/2014 22:01:01] /newtype 1267
[02/09/2014 22:01:03] /newtype 1265
[02/09/2014 22:01:04] /newtype 1266
[02/09/2014 22:01:06] /newtype 1264
[02/09/2014 22:01:07] /newtype 1263
[02/09/2014 22:01:07] /newtype 1262
[02/09/2014 22:01:08] /newtype 1261
[02/09/2014 22:01:11] /newtype 1260
[02/09/2014 22:01:14] /newtype 1259
[02/09/2014 22:01:17] /newtype 1258
[02/09/2014 22:01:18] /newtype 1257
[02/09/2014 22:01:19] /newtype 1256
[02/09/2014 22:01:20] /newtype 1255
[02/09/2014 22:01:21] /newtype 1254
[02/09/2014 22:01:22] /newtype 1253
[02/09/2014 22:01:24] /newtype 1252
[02/09/2014 22:01:25] /newtype 1251
[02/09/2014 22:01:27] /newtype 1250
[02/09/2014 22:01:37] /newtype 1249
[02/09/2014 22:01:40] /newtype 1248
[02/09/2014 22:01:41] /newtype 1247
[02/09/2014 22:50:17] /m bug
[02/09/2014 22:50:39] /newtype 12
[02/09/2014 22:50:42] /newtype 13
[02/09/2014 22:50:46] /newtype 14
[02/09/2014 22:50:49] /newtype 15
[02/09/2014 22:54:29] /n namer
[02/09/2014 22:54:45] /r
[02/09/2014 22:54:54] /m crystal onix
[02/09/2014 22:54:57] /m crystal onix
[02/09/2014 22:55:02] /down
[02/09/2014 22:55:05] /down
[02/09/2014 22:55:07] /down
[02/09/2014 22:55:08] /down
[02/09/2014 22:55:09] /down
[02/09/2014 22:55:13] /a 3
[02/09/2014 22:55:23] /m crystal onix
[02/09/2014 22:55:31] /m shiny scyther
[02/09/2014 22:55:37] /r
[02/09/2014 22:55:44] /m shiny alakazam
[02/09/2014 22:55:48] /r
[02/09/2014 22:55:51] /r
[02/09/2014 22:55:58] /t
[02/09/2014 23:04:13] /i 16000
[02/09/2014 23:04:38] /i 16000/r
[02/09/2014 23:04:41] /r
[02/09/2014 23:14:32] /i 11364
[02/09/2014 23:18:02] /spy thiagoxc
[02/09/2014 23:20:33] /spy cone
[02/09/2014 23:21:21] /i boosted box
[02/09/2014 23:21:22] /i boosted box
[02/09/2014 23:21:22] /i boosted box
[02/09/2014 23:21:23] /i boosted box
[02/09/2014 23:21:24] /i boosted box
[02/09/2014 23:25:38] /i boosted box
[02/09/2014 23:25:38] /i boosted box
[02/09/2014 23:25:39] /i boosted box
[02/09/2014 23:25:39] /i boosted box
[02/09/2014 23:25:40] /i boosted box
[02/09/2014 23:25:41] /i boosted box
[02/09/2014 23:29:30] /clean
[02/09/2014 23:29:42] /i boosted box
[02/09/2014 23:29:43] /i boosted box
[02/09/2014 23:29:43] /i boosted box
[02/09/2014 23:29:44] /i boosted box
[02/09/2014 23:29:44] /i boosted box
[02/09/2014 23:29:46] /i boosted box
[02/09/2014 23:29:55] /r
[02/09/2014 23:29:57] /i boosted box
[02/09/2014 23:30:01] /r
[02/09/2014 23:30:03] /i boosted box
[03/09/2014 00:08:05] /t
[03/09/2014 00:08:24] /goto thiagoxc
[03/09/2014 11:31:37] /goto slowpoke
[03/09/2014 11:32:21] /goto slowpok
[03/09/2014 11:32:23] /goto slowpoke
[03/09/2014 11:32:50] /m ditto
[03/09/2014 11:33:58] /n namer
[03/09/2014 11:34:12] /r
[03/09/2014 11:36:11] /m arcanine
[03/09/2014 11:36:35] !revert
[03/09/2014 11:37:05] /m arcanine
[03/09/2014 11:37:38] !revert
[03/09/2014 11:37:50] /m arcanine
[03/09/2014 11:38:20] !revert
[03/09/2014 11:38:57] !revert
