[25/06/2014 15:04:31] /b Duvidas no help ;)
[25/06/2014 15:04:55] /t Alcino
[25/06/2014 15:11:31] /t gvmrock
[25/06/2014 15:11:33] /t gvmrock
[25/06/2014 15:11:36] /t gvmrock
[25/06/2014 15:11:37] /t gvmrock
[25/06/2014 15:11:40] /t gvmrock
[25/06/2014 15:12:07] /b Esta preso ou bugado na parede, avise-nos no help
[25/06/2014 15:33:22] /t Dangooo
[25/06/2014 15:56:14] /b Esta bugado? Mande mensagem no help-channel
[25/06/2014 16:26:44] /t Tush I
[25/06/2014 16:43:06] /t Zy Master
[25/06/2014 16:44:35] /t malaco
[25/06/2014 16:50:51] /t Mega Dark
[25/06/2014 16:53:52] /b Tutor Condor vai assumir o help, volto daqui 1 hr
[25/06/2014 17:42:19] /b Esta bugado? Manda msg no help ;P
[25/06/2014 17:42:58] /t Black Movier
[25/06/2014 17:53:14] /b Galera a gente sabe que ta lag não precisa ficar falando no help, o adm esta mechendo no ot, por isso o lag.
[25/06/2014 18:27:55] /t Find Treta
[25/06/2014 18:28:48] /t flex
[25/06/2014 18:29:29] /t Find treta
[25/06/2014 18:29:34] /t Find treta
[25/06/2014 18:30:48] /t Find Flex
[25/06/2014 18:58:20] /b Galera vou sair um pouco jaja algum outro tutor entra fiquei o dia todo no help, depois eu volto tchau ;P
[26/06/2014 10:40:26] /b Tutor on, duvidas no help.
[26/06/2014 10:40:59] /t Kisame
[26/06/2014 10:41:00] /t Kisame
[26/06/2014 10:43:21] /b Esta bugado preso na parede, msg no help
[26/06/2014 11:17:04] /t Heall na mleku
[26/06/2014 11:49:38] /t Lucas Matos
[26/06/2014 11:51:15] /b Pessoal vamos abrir o trade para negociar, vlw
[26/06/2014 11:52:31] /b Galera que quiser ir golden main quest msg pro Jack Daniels tão montando team
[26/06/2014 12:04:43] /b Sem comentarios no help proximo vai legar notation
[26/06/2014 12:04:50] /b Levar *
[26/06/2014 12:06:22] /b jaja volto ...
[26/06/2014 12:39:50] /b Tutor on, duvidas no help
[26/06/2014 12:40:09] /t Rias Gremory
[26/06/2014 12:43:17] /t Mitsuki
[26/06/2014 12:56:17] /b Depois reclamam de lag, olha o jeito que ta segundo andar do cp
[26/06/2014 12:56:22] /b Qm fez isso não tem direito nenhum de reclamar
[26/06/2014 12:58:46] /t Mega Dark
[26/06/2014 16:16:08] /t Ashh
[26/06/2014 16:44:24] /t Pamonha
[26/06/2014 16:46:19] /b Galera não irei mais responder PM, caso de duvidas, pergunte no help
[26/06/2014 17:12:37] /t Madlife
[26/06/2014 17:18:19] /t Caioo
[26/06/2014 17:29:44] /b Pra quem nao entendeu o evento vai funcionar assim , vai ter 2 player , ai cada um vai roda o dado o que tirar o numero maior no dado vai se clasificando até chega a final
[26/06/2014 17:30:56] /t
[26/06/2014 17:31:16] /b Senhor leia pm pfvr
[26/06/2014 18:05:58] /t Kirk Bummet
[26/06/2014 18:13:03] /t
[26/06/2014 18:14:24] /t
[27/06/2014 09:12:53] /b Senhor ta ai? Manda pvt rapidao
[27/06/2014 09:14:24] /b Ae galera abre o trade pra nois fz umas troca
[27/06/2014 09:35:14] /b Alguem sabe de um local que eu possa dar dive?
[27/06/2014 10:00:49] /b Senhor ta on ?
[27/06/2014 11:12:53] /t
[27/06/2014 11:49:51] /t
[27/06/2014 11:50:23] /t
[27/06/2014 11:51:12] /t
[27/06/2014 11:51:40] /b Senhor ta ai ?
[27/06/2014 11:52:52] /t
[27/06/2014 12:16:53] /t
[27/06/2014 12:17:44] /t
[27/06/2014 12:23:19] /b Novo site do ot: http://pokemonh.sytes.net/
[27/06/2014 13:26:14] /b Quem não tiver usando o help, feche pfvr, obg
[27/06/2014 14:14:08] /t Core Blue
[27/06/2014 14:45:17] /t
[27/06/2014 14:47:16] /t Mysterzin
[27/06/2014 14:53:34] /t Jallal Fernandes
[27/06/2014 14:54:35] /t Jallal Fernandes
[27/06/2014 14:54:41] /t Jellal Fernandes
[27/06/2014 14:57:52] /t Dominic Toretto
[27/06/2014 14:58:11] /t
[27/06/2014 15:01:15] /t
[27/06/2014 15:51:53] /t
[27/06/2014 19:05:58] /t
[27/06/2014 19:47:39] /t Madlife
[27/06/2014 20:09:20] /t Try Hard
[27/06/2014 20:14:20] /t Jellal Fernandes
[27/06/2014 20:17:49] /t Bruno The Delievery
[28/06/2014 13:37:51] /b Pra mim ou pra ele ;)
[28/06/2014 13:43:36] /b Achou algum bug? Reporte no CTRL+R
[29/06/2014 01:49:10] /t
[29/06/2014 01:58:40] /t
[29/06/2014 02:00:28] /t Bruno the Delievery
[29/06/2014 02:09:03] /t Chapo Guzman
[29/06/2014 02:11:03] /t Nando
[29/06/2014 02:43:47] /t
[29/06/2014 18:41:59] /t
[29/06/2014 18:52:04] /b Senhor esta on ?
[29/06/2014 19:02:26] /t
[29/06/2014 19:11:03] /t
[29/06/2014 19:22:59] /t
[29/06/2014 20:16:36] /t Abak Woopz
[29/06/2014 20:29:23] /t
[29/06/2014 20:34:01] /t Lipe
[29/06/2014 20:44:36] /t Skyon
[29/06/2014 20:53:22] /t Bdm Z
[29/06/2014 20:56:38] /b Tem alguem fazn main gold manda pm 
[29/06/2014 20:56:57] /t Lipe
[29/06/2014 20:58:42] /t Renanrex
[29/06/2014 21:03:36] /t Cathe
[29/06/2014 21:07:00] /t
[29/06/2014 21:13:20] /t
[29/06/2014 21:14:43] /t
[29/06/2014 22:13:43] /t
[29/06/2014 22:14:33] /t Chale
[29/06/2014 22:19:38] /t
[29/06/2014 22:21:29] /t
[29/06/2014 22:44:10] /t Darkdriiano
[29/06/2014 22:49:48] /t Alesiho
[30/06/2014 09:12:07] /t
[30/06/2014 09:35:21] /b Pessoal vamos abrir o Game-chat, obg
[30/06/2014 09:36:36] /t Leo Reis
[30/06/2014 09:56:29] /t
[30/06/2014 10:07:00] /b Qm tiver afim de ir D.A quest, vai cp de lavender vo levar ...
[30/06/2014 10:18:31] /b Mt lag slc
[30/06/2014 10:18:44] /b Fiquem parados ai
[30/06/2014 12:01:42] /t
[30/06/2014 12:28:01] /t Darkdriiano
[30/06/2014 12:28:35] /b Quem foi hacked ai reporta CTRL+R, e se fazer falso report vai levar ban
[30/06/2014 12:33:49] /b Quem levo hacked reportem ctrl+r, não mandem pm pra mim cara, não posso fazer nada
[30/06/2014 12:49:43] /b Abram game-chat para combinar quests e etc...
[30/06/2014 13:17:24] /t
[30/06/2014 13:17:55] /t
[30/06/2014 13:21:05] /t
[30/06/2014 13:26:57] /t Miss
[30/06/2014 13:41:22] /t Lucas Matos
[30/06/2014 14:05:22] /b Vo almoçar se comportem
[30/06/2014 14:18:35] /t Only Mitsuki
[30/06/2014 14:29:51] /t
[30/06/2014 14:31:27] /t
[30/06/2014 14:42:07] /t Elite magmortar
[30/06/2014 14:54:37] /t Arlequina
[30/06/2014 14:57:35] /t Gvmrock
[30/06/2014 14:57:49] /t GvmRock
[30/06/2014 15:10:08] /t Renanrex
[30/06/2014 15:22:45] /b Ja venho @#AFK se comportem ...
[30/06/2014 15:56:44] /t Gvmrock
[30/06/2014 16:12:10] /t
[30/06/2014 16:16:40] /t
[30/06/2014 16:23:34] /t Hey Psiu
[30/06/2014 16:23:58] /t
[02/07/2014 14:46:18] /t
[02/07/2014 14:54:06] /t
[02/07/2014 15:29:00] /t
[02/07/2014 15:30:11] /t
[02/07/2014 15:33:58] /b Abram o game-chat !
[02/07/2014 15:37:50] /t
[02/07/2014 17:10:31] /t
[02/07/2014 17:19:36] /b Duvidas no help
[02/07/2014 17:28:42] /a
[02/07/2014 17:30:40] /a 1
[02/07/2014 17:30:42] /a 5
[02/07/2014 17:30:44] /a 5
[02/07/2014 17:30:45] /a 5
[02/07/2014 17:30:48] /a 5
[02/07/2014 17:30:51] /a 5
[02/07/2014 17:30:58] /a 5
[02/07/2014 17:31:01] /a 3
[02/07/2014 17:31:32] /a 10
[02/07/2014 17:31:35] /a 5
[02/07/2014 17:31:37] /a 5
[02/07/2014 17:31:49] /i 14186
[02/07/2014 17:32:05] /i 14186
[02/07/2014 17:32:11] /i 14186
[02/07/2014 17:32:40] /i 14186
[02/07/2014 17:32:48] /i 14186
[02/07/2014 17:33:05] /i 2160
[02/07/2014 17:34:16] /i 2160
[02/07/2014 17:34:20] /i 2160
[02/07/2014 17:34:28] /i 2160
[02/07/2014 17:34:32] /i 2160
[02/07/2014 17:34:39] /i 2160
[02/07/2014 17:34:43] /i 2160
[02/07/2014 17:34:50] /i 2160
[02/07/2014 17:34:54] /i 2160
[02/07/2014 17:35:10] /i boost stone
[02/07/2014 17:36:06] /i dice
[02/07/2014 17:36:36] /ghost
[02/07/2014 17:36:37] /ghost
[02/07/2014 17:37:00] /a 5
[02/07/2014 17:37:02] /a 5
[02/07/2014 17:39:13] /ghost
[02/07/2014 17:39:15] /goto Nando
[02/07/2014 17:39:18] /goto Blacking
[02/07/2014 17:39:24] /a 5
[02/07/2014 17:39:30] /goto Eduzikao
[02/07/2014 17:39:38] /goto Eduzikao
[02/07/2014 17:39:42] /ghost
[02/07/2014 17:39:47] /a 1
[02/07/2014 17:39:50] /t Xupisco
[02/07/2014 17:39:54] /a 10
[02/07/2014 17:42:50] /a 1
[02/07/2014 17:44:00] /goto Stifler
[02/07/2014 17:44:12] /a 5
[02/07/2014 17:44:19] /a 5
[02/07/2014 17:44:31] /goto Eduardoloko
[02/07/2014 17:45:14] /t
[02/07/2014 17:45:22] /newtype 1542
[02/07/2014 17:45:35] /goto Blacking
[02/07/2014 17:46:57] /newtype 1646
[02/07/2014 17:47:04] /newtype 1645
[02/07/2014 17:47:06] /newtype 1644
[02/07/2014 17:47:49] /goto Fenix Op
[02/07/2014 17:48:00] /goto blacking
[02/07/2014 17:51:26] /goto Killerzin
[02/07/2014 17:51:59] /goto Blacking
[02/07/2014 17:52:40] /newtype 15
[02/07/2014 17:55:36] /newtype 14
[02/07/2014 17:55:42] /newtype 13
[02/07/2014 17:55:45] /newtype 12
[02/07/2014 17:56:02] /newtype 12
[02/07/2014 17:56:03] /newtype 11
[02/07/2014 17:56:32] /newtype 10
[02/07/2014 17:56:34] /newtype 9
[02/07/2014 17:56:39] /newtype 16
[02/07/2014 17:56:44] /newtype 17
[02/07/2014 17:56:57] /a 5
[02/07/2014 17:57:02] /a 5
[02/07/2014 17:57:22] /a 2
[02/07/2014 17:57:28] /newtype 12
[02/07/2014 17:57:43] /newtype 17
[02/07/2014 17:57:55] /newtype 18
[02/07/2014 17:57:58] /newtype 19
[02/07/2014 17:58:01] /newtype 20
[02/07/2014 17:58:04] /newtype 21
[02/07/2014 17:59:44] /newtype 23
[02/07/2014 18:00:20] /newtype 1466
[02/07/2014 18:00:26] /newtype 1467
[02/07/2014 18:00:29] /newtype 1468
[03/07/2014 10:32:27] /t Lucky Fii
[03/07/2014 10:32:45] /t Nicko
[03/07/2014 10:33:03] /t Nicko
[03/07/2014 10:37:30] /t Victorloko
[03/07/2014 10:42:11] /t King will
[03/07/2014 10:47:41] /t Sir Only Friends
[03/07/2014 11:06:56] /t Zeentos
[03/07/2014 11:43:27] /b Galera abram o game-chat pra combinar quests e vendas, sem isso no help, proximo vou dar notation
[03/07/2014 11:44:24] /t Romulo
[03/07/2014 11:57:37] /t Eduardoloko
[03/07/2014 11:57:55] /t Victorloko
[03/07/2014 11:58:28] /t
[03/07/2014 11:58:49] /t Irmaos Metralha
[03/07/2014 12:06:43] /t Pastor Pokemon
[03/07/2014 12:08:22] /t Tiomandioca
[03/07/2014 12:54:48] /t
[03/07/2014 13:49:00] /t
[03/07/2014 13:50:03] /b Quem quiser ir d.a quest, vai cp lavender.
[03/07/2014 13:53:19] /t
[03/07/2014 13:54:27] /b Qm for d.a vai lavender to partindo
[03/07/2014 13:55:53] /b Quem souber onde é a piramide vai indo e espera la
[03/07/2014 14:05:39] /b Ta mt lag
[03/07/2014 14:05:41] /b Mds
[03/07/2014 14:05:51] /b Vo volta ia
[03/07/2014 19:40:17] /t Nando
[03/07/2014 20:09:37] /t Vrance
[03/07/2014 20:12:51] /t Gz Chockz
[03/07/2014 20:12:57] /t Gb Chockz
[03/07/2014 20:40:03] /t Bartowski
[03/07/2014 20:42:42] /b Quem quiser combinar guilds, abra game-chat
[03/07/2014 20:42:45] /b Quem quiser combinar guilds, abra game-chat
[03/07/2014 20:42:52] /b E quests tbm
[03/07/2014 20:49:55] /b Galera tao fazendo team pra golden, quem quiser h "Golden
[03/07/2014 20:50:53] /t Romulo
[03/07/2014 20:58:52] /t Falcone Hell
[03/07/2014 21:20:02] /t Falcone Hell
[03/07/2014 21:22:49] /t Japa
[03/07/2014 21:44:57] /t
[03/07/2014 21:53:10] /t Happy
[03/07/2014 22:05:31] /t Gvmrock
[03/07/2014 22:28:54] /newtype 15
[03/07/2014 22:28:59] /newtype 14
[03/07/2014 22:29:52] /goto Senhor
[03/07/2014 22:29:53] /goto Senhor
[03/07/2014 22:29:54] /goto Senhor
[03/07/2014 22:29:57] /goto Senhor
[03/07/2014 22:29:58] /goto Senhor
[03/07/2014 22:30:03] /goto Senhor
[03/07/2014 22:30:04] /goto Senhor
[03/07/2014 22:30:07] /goto Senhor
[03/07/2014 22:30:08] /goto Senhor
[03/07/2014 22:30:11] /goto Senhor
[03/07/2014 22:30:36] /a 2
[03/07/2014 22:30:45] /r
[03/07/2014 22:30:49] /i 11473
[03/07/2014 22:31:12] /r
[03/07/2014 22:31:16] /i 11473
[03/07/2014 22:31:23] /r
[03/07/2014 22:31:25] /i 11473
[03/07/2014 22:31:28] /r
[03/07/2014 22:31:29] /i 11473
[03/07/2014 22:31:34] /a 3
[03/07/2014 22:31:38] /goto Senhor
[03/07/2014 22:31:46] /goto Senhor
[03/07/2014 22:31:50] /r
[03/07/2014 22:31:52] /i 11473
[03/07/2014 22:31:55] /r
[03/07/2014 22:31:56] /i 11473
[03/07/2014 22:31:57] /r
[03/07/2014 22:31:58] /i 11473
[03/07/2014 22:32:04] /r
[03/07/2014 22:32:05] /i 11473
[03/07/2014 22:32:09] /r
[03/07/2014 22:32:10] /i 11473
[03/07/2014 22:32:12] /r
[03/07/2014 22:32:13] /i 11473
[03/07/2014 22:32:18] /r
[03/07/2014 22:32:20] /r
[03/07/2014 22:32:21] /i 11473
[03/07/2014 22:32:28] /a 5
[03/07/2014 22:32:30] /a 10
[03/07/2014 22:32:53] /ghost
[03/07/2014 22:32:56] /goto King Will
[03/07/2014 22:33:17] /goto Senhor
[03/07/2014 22:33:19] /ghost
[03/07/2014 22:33:26] /i dice
[03/07/2014 22:34:04] /b Saiam do fly pfvr, obg
[03/07/2014 22:34:35] /a 10
[03/07/2014 22:34:38] /a 3
[03/07/2014 22:35:14] /a 3
[03/07/2014 22:35:18] /a 3
[03/07/2014 22:36:48] /i 11473
[03/07/2014 22:38:21] /goto Senhor
[03/07/2014 22:38:36] /t
[03/07/2014 22:38:40] /goto Senhor
[03/07/2014 22:43:48] /t Gb Chockz
[03/07/2014 22:45:21] /t Mucryxx
[03/07/2014 22:50:47] /t Gb Chockz
[03/07/2014 22:53:05] /goto Japa
[03/07/2014 22:53:38] /goto Senhor
[03/07/2014 22:53:42] /a 10
[03/07/2014 22:56:09] /t Elvingador
[03/07/2014 22:56:28] /t Pedlers
[03/07/2014 22:57:18] /t Paula Tejando
[03/07/2014 23:05:26] /a 3
[03/07/2014 23:05:53] /r
[03/07/2014 23:05:54] /a 10
[03/07/2014 23:06:57] /t Death Scythe
[03/07/2014 23:07:36] /t Pastor Pokemon
[03/07/2014 23:08:37] /t Gvmrock
[03/07/2014 23:10:48] /t
[03/07/2014 23:10:50] /ghost
[03/07/2014 23:11:59] /b Boa noite galera, até amanhã cedo ;)
[04/07/2014 08:33:52] /ghost
[04/07/2014 08:36:49] /ghost
[04/07/2014 08:36:49] /t
[04/07/2014 08:37:01] /attr
[04/07/2014 08:40:03] /goto Clouthy
[04/07/2014 08:40:07] /attr group 4
[04/07/2014 08:40:08] /r
[04/07/2014 08:40:46] /attr group 2
[04/07/2014 08:40:59] /ghost
[04/07/2014 08:41:11] /attr group 5
[04/07/2014 12:09:39] /b
[16/07/2014 19:09:26] /newtype 16
[16/07/2014 19:11:21] /goto Senhor
[16/07/2014 19:11:41] /addskill Clouthy Op, level 100
[16/07/2014 19:11:42] /addskill Clouthy Op, level 100
[16/07/2014 19:11:52] /addskill Clouthy Op, level 100
[16/07/2014 19:11:52] /addskill Clouthy Op, level 100
[16/07/2014 19:11:52] /addskill Clouthy Op, level 100
[16/07/2014 19:11:53] /addskill Clouthy Op, level 100
[16/07/2014 19:11:53] /addskill Clouthy Op, level 100
[16/07/2014 19:11:53] /addskill Clouthy Op, level 100
[16/07/2014 19:11:53] /addskill Clouthy Op, level 100
[16/07/2014 19:11:53] /addskill Clouthy Op, level 100
[16/07/2014 19:11:53] /addskill Clouthy Op, level 100
[16/07/2014 19:11:53] /addskill Clouthy Op, level 100
[16/07/2014 19:11:53] /addskill Clouthy Op, level 100
[16/07/2014 19:11:53] /addskill Clouthy Op, level 100
[16/07/2014 19:11:53] /addskill Clouthy Op, level 100
[16/07/2014 19:11:53] /addskill Clouthy Op, level 100
[16/07/2014 19:11:53] /addskill Clouthy Op, level 100
[16/07/2014 19:11:53] /addskill Clouthy Op, level 100
[16/07/2014 19:11:53] /addskill Clouthy Op, level 100
[16/07/2014 19:11:53] /addskill Clouthy Op, level 100
[16/07/2014 19:11:53] /addskill Clouthy Op, level 100
[16/07/2014 19:11:53] /addskill Clouthy Op, level 100
[16/07/2014 19:11:53] /addskill Clouthy Op, level 100
[16/07/2014 19:11:53] /addskill Clouthy Op, level 100
[16/07/2014 19:11:53] /addskill Clouthy Op, level 100
[16/07/2014 19:11:53] /addskill Clouthy Op, level 100
[16/07/2014 19:11:53] /addskill Clouthy Op, level 100
[16/07/2014 19:11:53] /addskill Clouthy Op, level 100
[16/07/2014 19:11:53] /addskill Clouthy Op, level 100
[16/07/2014 19:11:53] /addskill Clouthy Op, level 100
[16/07/2014 19:11:54] /addskill Clouthy Op, level 100
[16/07/2014 19:11:54] /addskill Clouthy Op, level 100
[16/07/2014 19:11:54] /addskill Clouthy Op, level 100
[16/07/2014 19:11:54] /addskill Clouthy Op, level 100
[16/07/2014 19:11:54] /addskill Clouthy Op, level 100
[16/07/2014 19:11:54] /addskill Clouthy Op, level 100
[16/07/2014 19:11:54] /addskill Clouthy Op, level 100
[16/07/2014 19:11:54] /addskill Clouthy Op, level 100
[16/07/2014 19:11:54] /addskill Clouthy Op, level 100
[16/07/2014 19:11:54] /addskill Clouthy Op, level 100
[16/07/2014 19:11:54] /addskill Clouthy Op, level 100
[16/07/2014 19:11:54] /addskill Clouthy Op, level 100
[16/07/2014 19:11:54] /addskill Clouthy Op, level 100
[16/07/2014 19:11:54] /addskill Clouthy Op, level 100
[16/07/2014 19:11:54] /addskill Clouthy Op, level 100
[16/07/2014 19:11:54] /addskill Clouthy Op, level 100
[16/07/2014 19:11:55] /addskill Clouthy Op, level 100
[16/07/2014 19:11:55] /addskill Clouthy Op, level 100
[16/07/2014 19:11:56] /addskill Clouthy Op, level 100
[16/07/2014 19:11:56] /addskill Clouthy Op, level 100
[16/07/2014 19:11:56] /addskill Clouthy Op, level 100
[16/07/2014 19:11:56] /addskill Clouthy Op, level 100
[16/07/2014 19:11:57] /addskill Clouthy Op, level 100
[16/07/2014 19:11:57] /addskill Clouthy Op, level 100
[16/07/2014 19:11:57] /addskill Clouthy Op, level 100
[16/07/2014 19:11:57] /addskill Clouthy Op, level 100
[16/07/2014 19:11:57] /addskill Clouthy Op, level 100
[16/07/2014 19:11:57] /addskill Clouthy Op, level 100
[16/07/2014 19:11:57] /addskill Clouthy Op, level 100
[16/07/2014 19:11:57] /addskill Clouthy Op, level 100
[16/07/2014 19:11:57] /addskill Clouthy Op, level 100
[16/07/2014 19:11:57] /addskill Clouthy Op, level 100
[16/07/2014 19:11:58] /addskill Clouthy Op, level 100
[16/07/2014 19:11:59] /addskill Clouthy Op, level 100
[16/07/2014 19:11:59] /addskill Clouthy Op, level 100
[16/07/2014 19:11:59] /addskill Clouthy Op, level 100
[16/07/2014 19:11:59] /addskill Clouthy Op, level 100
[16/07/2014 19:11:59] /addskill Clouthy Op, level 100
[16/07/2014 19:11:59] /addskill Clouthy Op, level 100
[16/07/2014 19:11:59] /addskill Clouthy Op, level 100
[16/07/2014 19:11:59] /addskill Clouthy Op, level 100
[16/07/2014 19:12:00] /addskill Clouthy Op, level 100
[16/07/2014 19:12:00] /addskill Clouthy Op, level 100
[16/07/2014 19:12:00] /addskill Clouthy Op, level 100
[16/07/2014 19:12:00] /addskill Clouthy Op, level 100
[16/07/2014 19:12:01] /addskill Clouthy Op, level 100
[16/07/2014 19:12:01] /addskill Clouthy Op, level 100
[16/07/2014 19:12:01] /addskill Clouthy Op, level 100
[16/07/2014 19:12:01] /addskill Clouthy Op, level 100
[16/07/2014 19:12:01] /addskill Clouthy Op, level 100
[16/07/2014 19:12:01] /addskill Clouthy Op, level 100
[16/07/2014 19:12:01] /addskill Clouthy Op, level 100
[16/07/2014 19:12:01] /addskill Clouthy Op, level 100
[16/07/2014 19:12:02] /addskill Clouthy Op, level 100
[16/07/2014 19:12:02] /addskill Clouthy Op, level 100
[16/07/2014 19:12:02] /addskill Clouthy Op, level 100
[16/07/2014 19:12:02] /addskill Clouthy Op, level 100
[16/07/2014 19:12:02] /addskill Clouthy Op, level 100
[16/07/2014 19:12:02] /addskill Clouthy Op, level 100
[16/07/2014 19:12:03] /addskill Clouthy Op, level 100
[16/07/2014 19:12:03] /addskill Clouthy Op, level 100
[16/07/2014 19:12:03] /addskill Clouthy Op, level 100
[16/07/2014 19:12:04] /addskill Clouthy Op, level 100
[16/07/2014 19:12:04] /addskill Clouthy Op, level 100
[16/07/2014 19:12:05] /addskill Clouthy Op, level 100
[16/07/2014 19:12:06] /addskill Clouthy Op, level 100
[16/07/2014 19:12:07] /addskill Clouthy Op, level 100
[16/07/2014 19:12:07] /addskill Clouthy Op, level 100
[16/07/2014 19:12:07] /addskill Clouthy Op, level 100
[16/07/2014 19:12:07] /addskill Clouthy Op, level 100
[16/07/2014 19:12:07] /addskill Clouthy Op, level 100
[16/07/2014 19:12:07] /addskill Clouthy Op, level 100
[16/07/2014 19:12:07] /addskill Clouthy Op, level 100
[16/07/2014 19:12:07] /addskill Clouthy Op, level 100
[16/07/2014 19:12:07] /addskill Clouthy Op, level 100
[16/07/2014 19:12:08] /addskill Clouthy Op, level 100
[16/07/2014 19:12:08] /addskill Clouthy Op, level 100
[16/07/2014 19:12:08] /addskill Clouthy Op, level 100
[16/07/2014 19:12:08] /addskill Clouthy Op, level 100
[16/07/2014 19:12:08] /addskill Clouthy Op, level 100
[16/07/2014 19:12:09] /addskill Clouthy Op, level 100
[16/07/2014 19:12:09] /addskill Clouthy Op, level 100
[16/07/2014 19:12:09] /addskill Clouthy Op, level 100
[16/07/2014 19:12:09] /addskill Clouthy Op, level 100
[16/07/2014 19:12:09] /addskill Clouthy Op, level 100
[16/07/2014 19:12:09] /addskill Clouthy Op, level 100
[16/07/2014 19:12:09] /addskill Clouthy Op, level 100
[16/07/2014 19:12:09] /addskill Clouthy Op, level 100
[16/07/2014 19:12:09] /addskill Clouthy Op, level 100
[16/07/2014 19:12:09] /addskill Clouthy Op, level 100
[16/07/2014 19:12:09] /addskill Clouthy Op, level 100
[16/07/2014 19:12:09] /addskill Clouthy Op, level 100
[16/07/2014 19:12:09] /addskill Clouthy Op, level 100
[16/07/2014 19:12:09] /addskill Clouthy Op, level 100
[16/07/2014 19:12:09] /addskill Clouthy Op, level 100
[16/07/2014 19:12:09] /addskill Clouthy Op, level 100
[16/07/2014 19:12:09] /addskill Clouthy Op, level 100
[16/07/2014 19:12:10] /addskill Clouthy Op, level 100
[16/07/2014 19:12:10] /addskill Clouthy Op, level 100
[16/07/2014 19:12:10] /addskill Clouthy Op, level 100
[16/07/2014 19:12:43] /goto Senhor
[16/07/2014 19:14:29] /goto Senhor
[16/07/2014 19:14:32] /goto Senhor
[16/07/2014 19:14:34] /goto Senhor
[16/07/2014 19:14:35] /goto Senhor
[16/07/2014 19:14:39] /goto Senhor
[16/07/2014 19:14:42] /goto Senhor
[16/07/2014 19:14:44] /goto Senhor
[16/07/2014 19:14:45] /goto Senhor
[16/07/2014 19:14:46] /goto Senhor
[16/07/2014 19:14:47] /goto Senhor
[16/07/2014 19:14:50] /up
[16/07/2014 19:15:11] /goto Senhor
[16/07/2014 19:15:16] /goto Senhor
[16/07/2014 19:15:18] /goto Senhor
[16/07/2014 19:15:19] /goto Senhor
[16/07/2014 19:15:21] /goto Senhor
[16/07/2014 19:15:22] /goto Senhor
[16/07/2014 19:15:39] /goto Senhor
[16/07/2014 19:15:40] /goto Senhor
[16/07/2014 19:15:42] /goto Senhor
[16/07/2014 19:15:43] /goto Senhor
[16/07/2014 19:15:45] /goto Senhor
[16/07/2014 19:15:46] /goto Senhor
[16/07/2014 19:15:48] /goto Senhor
[16/07/2014 19:15:50] /goto Senhor
[16/07/2014 19:15:52] /goto Senhor
[16/07/2014 19:15:55] /goto Senhor
[16/07/2014 19:15:59] /goto Senhor
[16/07/2014 19:16:02] /goto Senhor
[16/07/2014 19:16:10] /goto Senhor
[16/07/2014 19:16:21] /goto Senhor
[16/07/2014 19:16:26] /goto Senhor
[16/07/2014 19:16:28] /goto Senhor
[16/07/2014 19:16:31] /goto Senhor
[16/07/2014 19:16:38] /goto Senhor
[16/07/2014 19:16:46] /goto Senhor
[16/07/2014 19:16:48] /goto Senhor
[16/07/2014 19:16:50] /goto Senhor
[16/07/2014 19:16:51] /goto Senhor
[16/07/2014 19:16:52] /goto Senhor
[16/07/2014 19:16:53] /goto Senhor
[16/07/2014 19:16:54] /goto Senhor
[16/07/2014 19:16:55] /goto Senhor
[16/07/2014 19:16:56] /goto Senhor
[16/07/2014 19:17:00] /goto Senhor
[16/07/2014 19:17:02] /goto Senhor
[16/07/2014 19:17:03] /goto Senhor
[16/07/2014 19:17:05] /goto Senhor
[16/07/2014 19:17:07] /goto Senhor
[16/07/2014 19:17:25] /goto Senhor
[16/07/2014 19:17:33] /goto Senhor
[16/07/2014 19:17:34] /goto Senhor
[16/07/2014 19:17:35] /goto Senhor
[16/07/2014 19:17:37] /goto Senhor
[16/07/2014 19:17:53] /goto Senhor
[16/07/2014 19:18:02] /goto Senhor
[16/07/2014 19:19:29] /goto Senhor
[16/07/2014 19:19:48] /goto Senhor
[16/07/2014 19:19:57] /goto Senhor
[16/07/2014 19:20:01] /goto Senhor
[16/07/2014 19:20:04] /goto Senhor
[16/07/2014 19:20:16] /goto Senhor
[16/07/2014 19:20:17] /goto Senhor
[16/07/2014 19:20:19] /goto Senhor
[16/07/2014 19:20:21] /goto Senhor
[16/07/2014 19:20:26] /goto Senhor
[16/07/2014 19:20:31] /goto Senhor
[16/07/2014 19:20:33] /goto Senhor
[16/07/2014 19:20:43] /goto Senhor
[16/07/2014 19:20:52] /goto Senhor
[16/07/2014 19:20:59] /goto Senhor
[16/07/2014 19:21:01] /goto Senhor
[16/07/2014 19:21:07] /goto Senhor
[16/07/2014 19:21:09] /goto Senhor
[16/07/2014 19:21:09] /goto Senhor
[16/07/2014 19:21:10] /goto Senhor
[16/07/2014 19:21:11] /goto Senhor
[16/07/2014 19:21:12] /goto Senhor
[16/07/2014 19:21:13] /goto Senhor
[16/07/2014 19:21:15] /goto Senhor
[16/07/2014 19:21:16] /goto Senhor
[16/07/2014 19:21:47] /goto Senhor
[16/07/2014 19:21:48] /goto Senhor
[16/07/2014 19:21:49] /goto Senhor
[16/07/2014 19:21:50] /goto Senhor
[16/07/2014 19:21:51] /goto Senhor
[16/07/2014 19:21:52] /goto Senhor
[16/07/2014 19:21:52] /goto Senhor
[16/07/2014 19:21:53] /goto Senhor
[16/07/2014 19:21:54] /goto Senhor
[16/07/2014 19:21:55] /goto Senhor
[16/07/2014 19:21:56] /goto Senhor
[16/07/2014 19:22:02] /goto Senhor
[16/07/2014 19:22:04] /goto Senhor
[16/07/2014 19:22:19] /goto Senhor
[16/07/2014 19:22:21] /goto Senhor
[16/07/2014 19:22:23] /goto Senhor
[16/07/2014 19:22:31] /goto Senhor
[16/07/2014 19:22:33] /goto Senhor
[16/07/2014 19:22:40] /goto Senhor
[16/07/2014 19:23:18] /goto Senhor
[16/07/2014 19:23:41] /goto Senhor
[16/07/2014 19:23:49] /goto Senhor
[16/07/2014 19:23:53] /goto Senhor
[16/07/2014 19:23:54] /goto Senhor
[16/07/2014 19:23:56] /goto Senhor
[16/07/2014 19:23:57] /goto Senhor
[16/07/2014 19:23:59] /goto Senhor
[16/07/2014 19:24:00] /goto Senhor
[16/07/2014 19:24:21] /goto Senhor
[16/07/2014 19:24:25] /goto Senhor
[16/07/2014 19:24:30] /goto Senhor
[16/07/2014 19:24:50] /goto Senhor
[16/07/2014 19:25:01] /goto Senhor
[16/07/2014 19:25:15] /goto Senhor
[16/07/2014 19:25:17] /goto Senhor
[16/07/2014 19:26:00] /goto Senhor
[16/07/2014 19:26:09] /goto Senhor
[16/07/2014 19:26:11] /goto Senhor
[16/07/2014 19:26:12] /goto Senhor
[16/07/2014 19:26:15] /goto Senhor
[16/07/2014 19:26:17] /goto Senhor
[16/07/2014 19:26:24] /goto Senhor
[16/07/2014 19:27:14] /goto Senhor
[16/07/2014 19:27:23] /goto Senhor
[16/07/2014 19:29:22] /goto Senhor
[16/07/2014 19:29:25] /goto Senhor
[16/07/2014 19:30:02] /goto Senhor
[16/07/2014 19:30:39] /goto Senhor
[16/07/2014 19:30:46] /goto 5
[16/07/2014 19:31:36] /goto Senhor
[16/07/2014 19:31:45] /goto Senhor
[16/07/2014 19:31:47] /goto Senhor
[16/07/2014 19:32:01] /goto Senhor
[16/07/2014 19:32:03] /goto Senhor
[16/07/2014 19:32:11] /goto Senhor
[16/07/2014 19:32:28] /goto Senhor
[16/07/2014 19:36:56] /t
[16/07/2014 19:37:33] /ghost
[16/07/2014 19:38:06] /goto Shiny Salamence
[16/07/2014 19:38:46] /t
[16/07/2014 19:39:08] /i 12344
[16/07/2014 19:40:26] /goto Senhor
[16/07/2014 19:42:11] /goto Senhor
[16/07/2014 19:42:50] /goto Senhor
[16/07/2014 19:43:40] /r all
[16/07/2014 19:43:58] /t
[16/07/2014 19:44:21] /a 3
[16/07/2014 19:44:24] /goto Senhor
[16/07/2014 19:44:30] /a 2
[16/07/2014 19:45:04] /ghost
[16/07/2014 19:45:07] /goto Senhor
