[08/09/2014 18:37:13] /t Skyther
[08/09/2014 18:56:12] /spy
[08/09/2014 18:56:17] /spy falkerz
[08/09/2014 18:56:38] !spy
[08/09/2014 18:56:44] !spy falker
[08/09/2014 18:56:45] !spy falkerz
[08/09/2014 19:41:13] /b Se alguem ainda não sabe, no pvp, existe um portal para as outland's.
[08/09/2014 19:44:10] /b Evento vai começar em 20min, chamen seus amigos !!
[08/09/2014 20:02:52] /t Turvo
[08/09/2014 20:15:01] /b Os comandos de AUTOLOOT são, ./aloot add:nome do item (para adicionar), ./aloot check (para ver os items que estão na lista), ./aloot remove:nome do item (para remover) SÓ É POSSIVEL POR NO MAX 30 ITEM NA LISTA
[08/09/2014 20:50:14] /b Galera, duvidas no help !
[08/09/2014 21:05:32] /t Kiwn
[08/09/2014 21:40:55] /t falkerz
[08/09/2014 22:07:34] !spy Chaos Pumba
[08/09/2014 22:11:48] /t falkerz
[09/09/2014 00:59:18] !spy Death Killer
[09/09/2014 00:59:53] /b eae galerinha, bora rushar !!!
[09/09/2014 01:00:12] /b Chamen seus amigos para que o server bombe. !!!
[09/09/2014 01:32:10] /t falkerz
[09/09/2014 02:16:08] /t Steamer
[09/09/2014 02:19:42] /t falkerz
[09/09/2014 02:22:16] /t falkerz
[09/09/2014 02:28:13] /t
[09/09/2014 02:37:44] /t
[09/09/2014 02:47:19] /t
[09/09/2014 02:52:29] /t
[09/09/2014 13:06:21] /b Boa tarde, qualquer coisa to no HELP ! :>
[09/09/2014 13:46:23] /t
[09/09/2014 14:34:22] /t
[09/09/2014 14:47:04] /t Turboo
[09/09/2014 14:49:54] /t
[09/09/2014 15:25:59] /t Im Jigglypuff
[09/09/2014 15:35:20] /t
[09/09/2014 16:00:34] /t soul first
[09/09/2014 16:22:17] /t
[09/09/2014 16:29:27] /b Bom jogo a todos !
[09/09/2014 19:53:04] !spy Mathswd
[09/09/2014 19:54:04] /t Hardcore Gazha
[09/09/2014 20:04:26] /t xarope
[09/09/2014 20:06:52] !spy Oxtentador
[09/09/2014 20:08:39] !spy Oxtentador
[09/09/2014 20:09:13] !spy Oxtentador
[09/09/2014 20:12:58] !spy Oxtentador
[09/09/2014 20:13:11] !spy Mlk das Pepekas
[09/09/2014 20:13:25] !spy Elanmonok
[09/09/2014 20:16:25] !spy Elanmonok
[09/09/2014 20:16:27] !spy Oxtentador
[09/09/2014 20:16:32] !spy Mlk das Pepekas
[09/09/2014 20:18:58] !spy Danielruas
[09/09/2014 20:19:04] !spy Oxtentador
[09/09/2014 20:19:20] !spy Mlk das Pepekas
[09/09/2014 22:17:16] !spy Google
[09/09/2014 23:04:26] /t Leo Stronda Monstro
[09/09/2014 23:11:19] !spy Dead Mau Five
[09/09/2014 23:11:24] /t Dead Mau Five
[09/09/2014 23:13:56] /t
[09/09/2014 23:20:59] /t Dead Mau Five
[09/09/2014 23:43:13] /t Dead Mau Five
[09/09/2014 23:43:22] /t
[09/09/2014 23:46:37] /t
[09/09/2014 23:55:14] /t Leo Stronda Monstro
[10/09/2014 00:00:20] /t
[10/09/2014 00:10:08] /t
[10/09/2014 00:10:14] /t dead mau five
[10/09/2014 00:14:08] /t
[10/09/2014 12:55:43] /t
[10/09/2014 13:01:42] /b Bom jogo a todos !!!
[10/09/2014 14:41:38] /t
[10/09/2014 15:51:47] /mutede celestial
[10/09/2014 15:52:41] /mutede celestial
[10/09/2014 15:52:46] /mutede celestial, 20
[10/09/2014 16:21:04] /t
[10/09/2014 16:24:56] /t
[10/09/2014 16:39:41] /t
[10/09/2014 17:05:21] /t
[10/09/2014 17:18:38] /t
[10/09/2014 17:25:27] /b saindo aki, bom game a todos !
[10/09/2014 18:47:38] /t Mathswd
[10/09/2014 19:31:12] /t
[10/09/2014 19:34:31] /t Dead Mau Five
[10/09/2014 19:40:50] /b 19:40 New record: 27 players are logged in. NICE !
[10/09/2014 20:07:31] /t
[10/09/2014 20:26:37] /t dead mau five
[10/09/2014 20:31:57] /t google
[10/09/2014 20:33:06] /t
[10/09/2014 20:35:59] /t
[10/09/2014 20:46:18] /t
[10/09/2014 20:49:44] /b galera, Rodrigoxmb me deu um Scizor +50 para sortear ai, o primeiro que me mandar a resolução desse problema ganha. Esse numero em binario 1000101011, quanto ele vale em Decimal?
[10/09/2014 20:52:00] /b 20:50 Nickfucked: 555
[10/09/2014 20:52:12] /b Nickfucked acertou
[10/09/2014 20:54:03] /t Nickfucked
[10/09/2014 20:55:12] /t quando eu conseguir outro pokemon +50 eu faço outro desse
[10/09/2014 20:55:26] /b quando eu conseguir outro pokemon +50 eu faço outro evento desse.
[10/09/2014 21:49:17] /t
[10/09/2014 21:57:57] /b quem esta dentro da quest da Master Ball ? estou esperando aqui a 20min jah.
[10/09/2014 22:22:01] /t
[11/09/2014 19:27:01] /t
[11/09/2014 19:29:05] /t
[11/09/2014 19:49:19] /t
[11/09/2014 20:14:15] /t 20:11 New record: 30 players are logged in. LOL NICE
[11/09/2014 20:14:20] /b 20:11 New record: 30 players are logged in. NICEEEEEEEEEEEEEEEE
[11/09/2014 23:02:43] /t
[11/09/2014 23:10:34] /t dead mau five
[11/09/2014 23:10:41] /t dead mau five
[11/09/2014 23:10:47] /t dead mau five
[11/09/2014 23:10:54] /t dead mau five
[11/09/2014 23:11:01] /t dead mau five
[11/09/2014 23:11:56] /t dead mau five
[11/09/2014 23:30:27] /t
[11/09/2014 23:31:38] /t dead mau five
[11/09/2014 23:32:55] /t dead mau five
[11/09/2014 23:35:38] /t dead mau five
[11/09/2014 23:41:01] /t
[12/09/2014 13:42:17] /t Pokebola Vuadora
[12/09/2014 23:09:15] /t Killzone
[12/09/2014 23:18:54] /b COMANDO DE AUTO LOOT : ./aloot add:nome - ./aloot remove:nome - ./aloot check <-> O AUTO LOOT PODE CONTER NO MAXIMO 30 ITEMS.
[12/09/2014 23:27:55] /t
[12/09/2014 23:28:14] /t
[12/09/2014 23:32:20] /b Bom game a todos !!!!
[13/09/2014 15:44:19] /b COMANDO DE AUTO LOOT : ./aloot add:nome - ./aloot remove:nome - ./aloot check <-> O AUTO LOOT PODE CONTER NO MAXIMO 30 ITEMS.
[13/09/2014 16:09:16] /b COMANDO DE AUTO LOOT : ./aloot add:nome - ./aloot remove:nome - ./aloot check <-> O AUTO LOOT PODE CONTER NO MAXIMO 30 ITEMS.
[13/09/2014 16:19:13] /t
[13/09/2014 16:26:23] /b CORINTHIANS PORRA !
[13/09/2014 16:28:09] /b
[16/09/2014 00:04:54] /b COMANDO DE AUTO LOOT : ./aloot add:nome - ./aloot remove:nome - ./aloot check <-> O AUTO LOOT PODE CONTER NO MAXIMO 30 ITEMS.
[16/09/2014 00:23:06] /t
[16/09/2014 00:23:17] /b to indo tbm, fuiiii
