[31/10/2014 12:30:19] /reload
[31/10/2014 12:30:42] /reload all
[31/10/2014 12:30:48] /clean
[31/10/2014 12:30:56] /r all
[31/10/2014 12:31:10] /owner
[31/10/2014 12:31:13] /owner
[31/10/2014 12:32:01] /gethouse
[31/10/2014 12:32:06] /gethouse owns
[31/10/2014 12:39:48] /r all
[31/10/2014 12:39:49] /r all
[31/10/2014 12:39:50] /r all
[31/10/2014 12:39:50] /r all
[31/10/2014 12:39:51] /r all
[31/10/2014 12:39:51] /r all
[31/10/2014 12:39:52] /r all
[31/10/2014 12:39:53] /r all
[31/10/2014 12:39:53] /r all
[31/10/2014 12:39:54] /r all
[31/10/2014 12:39:59] /r all
[31/10/2014 12:40:00] /r all
[31/10/2014 12:40:01] /r all
[31/10/2014 12:40:02] /r all
[31/10/2014 12:40:02] /r all
[31/10/2014 12:40:03] /r all
[31/10/2014 12:40:03] /r all
[31/10/2014 12:40:04] /r all
[31/10/2014 12:40:05] /r all
[31/10/2014 12:40:06] /r all
[31/10/2014 12:40:08] /r all
[31/10/2014 12:40:09] /r all
[31/10/2014 12:40:09] /r all
[31/10/2014 12:40:09] /r all
[31/10/2014 12:40:10] /r all
[31/10/2014 12:40:12] /r all
[31/10/2014 12:40:12] /r all
[31/10/2014 12:40:13] /r all
[31/10/2014 12:40:14] /r all
[31/10/2014 12:40:14] /r all
[31/10/2014 12:40:16] /r all
[31/10/2014 12:40:19] /r all
[31/10/2014 12:40:20] /r all
[31/10/2014 12:40:21] /r all
[31/10/2014 12:40:23] /r all
[31/10/2014 12:40:25] /r all
[31/10/2014 12:40:25] /r all
[31/10/2014 12:40:26] /r all
[31/10/2014 12:40:26] /r all
[31/10/2014 12:40:27] /r all
[31/10/2014 12:40:27] /r all
[31/10/2014 12:40:28] /r all
[31/10/2014 12:40:29] /r all
[31/10/2014 12:40:31] /r all
[31/10/2014 12:40:33] /r all
[31/10/2014 12:40:34] /r all
[31/10/2014 12:40:34] /r all
[31/10/2014 12:40:35] /r all
[31/10/2014 12:40:55] /r all
[31/10/2014 12:40:57] /r all
[31/10/2014 12:40:58] /r all
[31/10/2014 12:41:03] /r all
[31/10/2014 12:41:04] /r all
[31/10/2014 12:41:05] /r all
[31/10/2014 12:41:06] /r all
[31/10/2014 12:41:07] /r all
[31/10/2014 12:41:08] /r all
[31/10/2014 12:41:32] /r all
[31/10/2014 12:41:33] /r all
[31/10/2014 12:41:35] /r all
[31/10/2014 12:41:36] /r all
[31/10/2014 12:41:37] /r all
[31/10/2014 12:41:38] /r all
[31/10/2014 12:41:39] /r all
[31/10/2014 12:41:40] /r all
[31/10/2014 12:43:57] /clean
[31/10/2014 17:38:05] /goto wailord
[31/10/2014 17:54:44] /t
[31/10/2014 18:41:43] /goto milotic
[31/10/2014 19:16:37] /town 8
[31/10/2014 19:16:39] /town 1
[31/10/2014 19:16:40] /town 111
[31/10/2014 19:16:41] /town 112
[31/10/2014 19:16:42] /town 11
[31/10/2014 19:16:44] /town 10
[31/10/2014 19:16:47] /town 1
[31/10/2014 19:20:00] /t
[31/10/2014 19:20:23] /town 2
[31/10/2014 19:22:47] /goto magnezone
[15/05/2015 18:30:04] /t
[15/05/2015 18:38:47] /down
[15/05/2015 18:38:50] /down
[15/05/2015 18:39:52] /up
[15/05/2015 18:49:56] /t
[15/05/2015 18:51:29] /m shiny blastoise
[15/05/2015 18:55:18] !revert
[15/05/2015 18:55:21] !revert
[15/05/2015 18:55:34] !revert
[15/05/2015 18:57:12] /m scyther
[15/05/2015 18:57:35] /r
[15/05/2015 18:57:38] /town 3
[15/05/2015 18:57:47] !revert
[15/05/2015 19:03:13] /m caterpie
[15/05/2015 19:07:23] /m blastoise
[15/05/2015 19:09:54] /m caterpie
[15/05/2015 19:13:48] /m blastoise
[15/05/2015 19:35:57] /m shiny scyther
[15/05/2015 19:36:12] /r
[15/05/2015 19:36:18] /m gyarados
[15/05/2015 19:36:23] /r
[15/05/2015 19:36:26] /r
[15/05/2015 19:37:27] /m blastoise
[15/05/2015 19:37:32] /r
[15/05/2015 19:37:57] /m caterpie
[15/05/2015 19:58:07] /t
[16/05/2015 15:32:50] /m Guardian Poliwrath
[16/05/2015 15:32:52] /c Guardian Poliwrath
[16/05/2015 15:34:43] /m Guardian Poliwrath
[16/05/2015 15:36:53] /m Guardian Poliwrath
[16/05/2015 15:37:17] /m Guardian Poliwrath
[16/05/2015 15:37:48] /m Guardian Poliwrath
[16/05/2015 15:38:18] /m poliwrath
[16/05/2015 15:38:38] /m Guardian Poliwrath
[19/05/2015 18:39:28] /s maggie
[19/05/2015 18:39:29] /c maggie
[04/06/2015 20:40:41] /m bulbasaur
[04/06/2015 20:40:51] /m bulbasaur
[04/06/2015 20:40:52] /m bulbasaur
[04/06/2015 20:40:52] /m bulbasaur
[04/06/2015 20:40:53] /m bulbasaur
[04/06/2015 20:40:53] /m bulbasaur
[04/06/2015 20:41:10] /m bulbasaur
[04/06/2015 20:41:11] /m bulbasaur
[04/06/2015 20:41:11] /m bulbasaur
[04/06/2015 20:41:12] /m bulbasaur
[04/06/2015 20:41:12] /m bulbasaur
[04/06/2015 20:41:13] /m bulbasaur
[04/06/2015 20:41:13] /m bulbasaur
[04/06/2015 20:41:14] /m bulbasaur
[04/06/2015 20:41:14] /m bulbasaur
[04/06/2015 20:41:15] /m bulbasaur
[04/06/2015 20:41:41] /m bulbasaur
[04/06/2015 20:42:34] /m bulbasaur
[04/06/2015 20:43:38] /m ivysaur
[04/06/2015 20:43:39] /m ivysaur
[04/06/2015 20:43:40] /m ivysaur
[04/06/2015 20:43:41] /m ivysaur
[04/06/2015 20:43:41] /m ivysaur
[04/06/2015 20:43:43] /m ivysaur
[04/06/2015 20:43:44] /m ivysaur
[04/06/2015 20:43:44] /m ivysaur
[04/06/2015 20:43:45] /m ivysaur
[04/06/2015 20:43:45] /m ivysaur
[04/06/2015 20:43:46] /m ivysaur
[04/06/2015 20:43:46] /m ivysaur
[04/06/2015 20:43:47] /m ivysaur
[04/06/2015 20:43:59] /m ivysaur
[04/06/2015 20:44:00] /m ivysaur
[04/06/2015 20:44:01] /m ivysaur
[04/06/2015 20:44:01] /m ivysaur
[04/06/2015 20:44:02] /m ivysaur
[04/06/2015 20:44:02] /m ivysaur
[04/06/2015 20:44:03] /m ivysaur
[04/06/2015 20:44:04] /m ivysaur
[04/06/2015 20:44:04] /m ivysaur
[04/06/2015 20:44:06] /m ivysaur
[04/06/2015 20:44:15] /m ivysaur
[04/06/2015 20:44:15] /m ivysaur
[04/06/2015 20:44:16] /m ivysaur
[04/06/2015 20:44:16] /m ivysaur
[04/06/2015 20:44:17] /m ivysaur
[04/06/2015 20:44:17] /m ivysaur
[04/06/2015 20:44:17] /m ivysaur
[04/06/2015 20:44:18] /m ivysaur
[04/06/2015 20:44:19] /m ivysaur
[04/06/2015 20:44:19] /m ivysaur
[04/06/2015 20:59:19] /m ivysaur
[04/06/2015 20:59:20] /m ivysaur
[04/06/2015 20:59:20] /m ivysaur
[04/06/2015 20:59:21] /m ivysaur
[04/06/2015 20:59:21] /m ivysaur
[04/06/2015 20:59:22] /m ivysaur
[04/06/2015 20:59:22] /m ivysaur
[04/06/2015 20:59:23] /m ivysaur
[04/06/2015 20:59:23] /m ivysaur
[04/06/2015 20:59:24] /m ivysaur
[04/06/2015 20:59:24] /m ivysaur
[04/06/2015 20:59:25] /m ivysaur
[04/06/2015 20:59:25] /m ivysaur
[04/06/2015 20:59:26] /m ivysaur
[04/06/2015 20:59:27] /m ivysaur
[04/06/2015 21:04:36] /m ivysaur
[04/06/2015 21:04:37] /m ivysaur
[04/06/2015 21:04:37] /m ivysaur
[04/06/2015 21:04:38] /m ivysaur
[04/06/2015 21:04:38] /m ivysaur
[04/06/2015 21:04:38] /m ivysaur
[04/06/2015 21:04:39] /m ivysaur
[04/06/2015 21:04:40] /m ivysaur
[04/06/2015 21:04:40] /m ivysaur
[04/06/2015 21:04:40] /m ivysaur
[04/06/2015 21:04:41] /m ivysaur
[04/06/2015 21:04:41] /m ivysaur
[04/06/2015 21:04:42] /m ivysaur
[04/06/2015 21:04:42] /m ivysaur
[04/06/2015 21:04:44] /m ivysaur
[04/06/2015 21:06:05] /m ivysaur
[04/06/2015 21:06:05] /m ivysaur
[04/06/2015 21:06:06] /m ivysaur
[04/06/2015 21:06:06] /m ivysaur
[04/06/2015 21:06:06] /m ivysaur
[04/06/2015 21:06:07] /m ivysaur
[04/06/2015 21:06:07] /m ivysaur
[04/06/2015 21:06:08] /m ivysaur
[04/06/2015 21:06:08] /m ivysaur
[04/06/2015 21:06:09] /m ivysaur
[04/06/2015 21:06:09] /m ivysaur
[04/06/2015 21:06:10] /m ivysaur
[04/06/2015 21:06:10] /m ivysaur
[04/06/2015 21:06:11] /m ivysaur
[04/06/2015 21:06:11] /m ivysaur
[04/06/2015 21:06:11] /m ivysaur
[04/06/2015 21:06:11] /m ivysaur
[04/06/2015 21:06:12] /m ivysaur
[04/06/2015 21:08:12] /m bulbasaur
[04/06/2015 21:08:13] /m bulbasaur
[04/06/2015 21:08:13] /m bulbasaur
[04/06/2015 21:08:14] /m bulbasaur
[04/06/2015 21:08:15] /m bulbasaur
[04/06/2015 21:08:15] /m bulbasaur
[04/06/2015 21:08:16] /m bulbasaur
[04/06/2015 21:08:16] /m bulbasaur
[04/06/2015 21:08:16] /m bulbasaur
[04/06/2015 21:08:17] /m bulbasaur
[04/06/2015 21:08:17] /m bulbasaur
[04/06/2015 21:08:18] /m bulbasaur
[04/06/2015 21:08:18] /m bulbasaur
[04/06/2015 21:08:18] /m bulbasaur
[04/06/2015 21:08:19] /m bulbasaur
[05/06/2015 10:00:17] /a 50
[05/06/2015 10:00:18] /a 50
[05/06/2015 10:00:46] /a 50
