[02/06/2014 22:05:07] /t
[02/06/2014 22:07:15] /goto shiny venusaur
[02/06/2014 22:07:59] /i ultra ball
[02/06/2014 22:08:02] /i master ball
[02/06/2014 22:09:43] /goto shiny cubone
[02/06/2014 22:10:12] /goto shiny cubone
[02/06/2014 22:10:18] /goto shiny cubone
[02/06/2014 22:10:55] /goto shiny cubone
[02/06/2014 22:11:17] /goto shiny cubone
[02/06/2014 22:11:43] /goto shiny xatu
[02/06/2014 22:17:11] /t
[02/06/2014 22:18:24] /a 2
[02/06/2014 22:32:51] /i dark ball
[02/06/2014 22:33:24] /m shiny meganiun
[02/06/2014 22:33:27] /m shiny meganium
[02/06/2014 22:53:42] /clean
[02/06/2014 22:58:44] /goto shiny cubone
[02/06/2014 22:59:26] /m shiny cubone
[02/06/2014 22:59:29] /m shiny cubone
[02/06/2014 22:59:30] /m shiny cubone
[02/06/2014 22:59:31] /m shiny cubone
[02/06/2014 22:59:31] /m shiny cubone
[02/06/2014 22:59:44] /m shiny cubone
[02/06/2014 22:59:45] /m shiny cubone
[02/06/2014 22:59:45] /m shiny cubone
[02/06/2014 22:59:46] /m shiny cubone
[02/06/2014 22:59:46] /m shiny cubone
[02/06/2014 23:00:07] /m shiny cubone
[02/06/2014 23:00:08] /m shiny cubone
[02/06/2014 23:00:08] /m shiny cubone
[02/06/2014 23:00:09] /m shiny cubone
[02/06/2014 23:00:09] /m shiny cubone
[02/06/2014 23:00:10] /m shiny cubone
[02/06/2014 23:00:10] /m shiny cubone
[02/06/2014 23:00:11] /m shiny cubone
[02/06/2014 23:00:33] /t
[02/06/2014 23:00:50] /ghost
[02/06/2014 23:03:35] /t
[02/06/2014 23:04:16] /m shiny lanturn
[02/06/2014 23:07:04] /goto shiny politoed
[02/06/2014 23:07:47] /t
[02/06/2014 23:09:27] /i nootbook
[02/06/2014 23:09:33] /i computer
[02/06/2014 23:10:18] /ghost
[02/06/2014 23:10:21] /ghost
[02/06/2014 23:10:28] /goto poews
[02/06/2014 23:10:41] /m shiny cubone
[02/06/2014 23:11:51] /t
[02/06/2014 23:12:05] /goto shiny rhydon
[02/06/2014 23:12:38] /i rank up
[02/06/2014 23:14:18] /m shiny rhydon
[02/06/2014 23:14:19] /m shiny rhydon
[02/06/2014 23:14:20] /m shiny rhydon
[02/06/2014 23:14:20] /m shiny rhydon
[02/06/2014 23:14:21] /m shiny rhydon
[02/06/2014 23:14:21] /m shiny rhydon
[02/06/2014 23:14:21] /m shiny rhydon
[02/06/2014 23:14:22] /m shiny rhydon
[02/06/2014 23:14:22] /m shiny rhydon
[02/06/2014 23:14:23] /m shiny rhydon
[02/06/2014 23:14:24] /m shiny rhydon
[02/06/2014 23:16:14] /m shiny rhydon
[02/06/2014 23:16:15] /m shiny rhydon
[02/06/2014 23:16:15] /m shiny rhydon
[02/06/2014 23:16:16] /m shiny rhydon
[02/06/2014 23:16:16] /m shiny rhydon
[02/06/2014 23:16:17] /m shiny rhydon
[02/06/2014 23:17:13] /m shiny rhydon
[02/06/2014 23:17:14] /m shiny rhydon
[02/06/2014 23:17:15] /m shiny rhydon
[02/06/2014 23:17:15] /m shiny rhydon
[02/06/2014 23:17:15] /m shiny rhydon
[02/06/2014 23:17:16] /m shiny rhydon
[02/06/2014 23:17:16] /m shiny rhydon
[02/06/2014 23:17:17] /m shiny rhydon
[02/06/2014 23:17:17] /m shiny rhydon
[02/06/2014 23:17:41] /i ultra ball
[02/06/2014 23:17:56] /i ultra ball
[02/06/2014 23:17:58] /m shiny rhydon
[02/06/2014 23:17:58] /m shiny rhydon
[02/06/2014 23:17:59] /m shiny rhydon
[02/06/2014 23:17:59] /m shiny rhydon
[02/06/2014 23:18:00] /m shiny rhydon
[02/06/2014 23:18:00] /m shiny rhydon
[02/06/2014 23:18:00] /m shiny rhydon
[02/06/2014 23:18:01] /m shiny rhydon
[02/06/2014 23:18:01] /m shiny rhydon
[02/06/2014 23:18:02] /m shiny rhydon
[02/06/2014 23:18:02] /m shiny rhydon
[02/06/2014 23:18:30] /m shiny rhydon
[02/06/2014 23:18:31] /m shiny rhydon
[02/06/2014 23:18:31] /m shiny rhydon
[02/06/2014 23:18:32] /m shiny rhydon
[02/06/2014 23:18:32] /m shiny rhydon
[02/06/2014 23:18:33] /m shiny rhydon
[02/06/2014 23:18:33] /m shiny rhydon
[02/06/2014 23:18:33] /m shiny rhydon
[02/06/2014 23:18:34] /m shiny rhydon
[02/06/2014 23:18:34] /m shiny rhydon
[02/06/2014 23:19:20] /t
[02/06/2014 23:19:27] /b salve
[02/06/2014 23:19:45] /r all
[02/06/2014 23:19:59] /b xp ta baixa?
[02/06/2014 23:20:50] /reload config
[02/06/2014 23:20:57] /b ve se aumento a xp
[02/06/2014 23:21:00] /b serve 24hrs
[02/06/2014 23:22:08] /b nao tem vaga
[02/06/2014 23:22:24] /b nao insista nao tem vaga
[02/06/2014 23:23:44] /b aumentei mais a xp
[02/06/2014 23:23:50] /reload config
[02/06/2014 23:24:33] /goto poews
[02/06/2014 23:25:27] /reload config
[02/06/2014 23:25:35] /goto poews
[02/06/2014 23:26:28] /reload config
[02/06/2014 23:26:34] /goto poews
[02/06/2014 23:27:10] /reload config
[02/06/2014 23:27:28] /t
[02/06/2014 23:28:04] /goto shiny electabuzz
[02/06/2014 23:28:10] /goto shiny meganium
[02/06/2014 23:29:49] /i 12617
[02/06/2014 23:49:16] /b descupem pelas quedas nao vai cair mais
[02/06/2014 23:49:20] /b bom jogo
[02/06/2014 23:51:40] /i future orb
[02/06/2014 23:51:46] /i wisted spoon
[02/06/2014 23:52:01] /i twisted spoon
[02/06/2014 23:52:09] /i mimic clothes
[02/06/2014 23:53:52] /r
[02/06/2014 23:53:55] /r
[02/06/2014 23:53:57] /r
[02/06/2014 23:54:00] /r
[02/06/2014 23:54:01] /r
[02/06/2014 23:55:02] /m kadabra
[02/06/2014 23:55:03] /m kadabra
[02/06/2014 23:55:09] /m kadabra
[02/06/2014 23:57:51] /b aumentei fly dos poke vo renicia pra salva as alteraçoes
[02/06/2014 23:57:54] /b ja volta
[02/06/2014 23:57:56] /save
[03/06/2014 00:03:52] /b nao vai mais cair
[03/06/2014 00:08:15] /goto poews
[03/06/2014 00:10:12] /i 11641
[03/06/2014 00:10:16] /i 11641
[03/06/2014 00:10:17] /i 11641
[03/06/2014 00:10:17] /i 11641
[03/06/2014 00:10:21] /i 11641
[03/06/2014 00:10:22] /i 11641
[03/06/2014 00:10:22] /i 11641
[03/06/2014 00:10:23] /i 11641
[03/06/2014 00:10:46] /r all
[03/06/2014 00:11:25] /i 12339
[03/06/2014 00:11:42] /i 12339
[03/06/2014 00:11:43] /i 12339
[03/06/2014 00:11:43] /i 12339
[03/06/2014 00:11:48] /i 12339
[03/06/2014 00:11:49] /i 12339
[03/06/2014 00:11:49] /i 12339
[03/06/2014 00:11:54] /i 12339
[03/06/2014 00:11:55] /i 12339
[03/06/2014 00:11:55] /i 12339
[03/06/2014 00:11:56] /i 12339
[03/06/2014 00:12:19] /r all
[03/06/2014 00:12:20] /i 12339
[03/06/2014 00:12:21] /i 12339
[03/06/2014 00:12:22] /i 12339
[03/06/2014 00:12:27] /t
[03/06/2014 00:14:01] /goto bruninha
[03/06/2014 00:14:19] /goto powes
[03/06/2014 00:14:25] /goto poews
[03/06/2014 00:15:09] /t
[03/06/2014 00:15:16] /goto shiny cubone
[03/06/2014 00:15:49] /goto shiny cubone
[03/06/2014 00:16:00] /goto shiny cubone
[03/06/2014 00:16:01] /goto shiny cubone
[03/06/2014 00:16:06] /m shiny cubone
[03/06/2014 00:16:08] /m shiny cubone
[03/06/2014 00:16:09] /m shiny cubone
[03/06/2014 00:16:09] /m shiny cubone
[03/06/2014 00:16:35] /m shiny cubone
[03/06/2014 00:16:36] /m shiny cubone
[03/06/2014 00:16:36] /m shiny cubone
[03/06/2014 00:16:37] /m shiny cubone
[03/06/2014 00:16:37] /m shiny cubone
[03/06/2014 00:16:38] /m shiny cubone
[03/06/2014 00:16:38] /m shiny cubone
[03/06/2014 00:16:51] /m shiny cubone
[03/06/2014 00:16:52] /m shiny cubone
[03/06/2014 00:16:53] /m shiny cubone
[03/06/2014 00:16:53] /m shiny cubone
[03/06/2014 00:16:54] /m shiny cubone
[03/06/2014 00:16:54] /m shiny cubone
[03/06/2014 00:18:02] /b quer que reinicia aumentei pouco o catch
[03/06/2014 00:18:08] /b ?
[03/06/2014 00:18:28] /b salvando
[03/06/2014 00:18:35] /save
[03/06/2014 00:21:39] /t
[03/06/2014 00:22:54] /goto bruninha
[03/06/2014 00:23:53] /t
[03/06/2014 00:25:26] /m shiny cubone
[03/06/2014 00:25:27] /m shiny cubone
[03/06/2014 00:25:28] /m shiny cubone
[03/06/2014 00:25:28] /m shiny cubone
[03/06/2014 00:25:29] /m shiny cubone
[03/06/2014 00:25:29] /m shiny cubone
[03/06/2014 00:25:30] /m shiny cubone
[03/06/2014 00:25:44] /m shiny cubone
[03/06/2014 00:25:45] /m shiny cubone
[03/06/2014 00:25:45] /m shiny cubone
[03/06/2014 00:25:46] /m shiny cubone
[03/06/2014 00:25:47] /m shiny cubone
[03/06/2014 00:25:47] /m shiny cubone
[03/06/2014 00:25:48] /m shiny cubone
[03/06/2014 00:25:48] /m shiny cubone
[03/06/2014 00:25:49] /m shiny cubone
[03/06/2014 00:25:49] /m shiny cubone
[03/06/2014 00:25:50] /m shiny cubone
[03/06/2014 00:26:08] /m shiny cubone
[03/06/2014 00:26:09] /m shiny cubone
[03/06/2014 00:26:10] /m shiny cubone
[03/06/2014 00:26:10] /m shiny cubone
[03/06/2014 00:26:11] /m shiny cubone
[03/06/2014 00:26:11] /m shiny cubone
[03/06/2014 00:27:30] /goto entei
[03/06/2014 00:27:36] /goto mew
[03/06/2014 00:27:40] /m mew
[03/06/2014 00:28:07] /m mew
[03/06/2014 00:28:19] /r
[03/06/2014 00:49:29] /b cliente do serve :http://www.mediafire.com/download/dia9r6qa7cqex33/Pokemon_Style_1.0.rar
[03/06/2014 00:49:38] /b cliente do serve :http://www.mediafire.com/download/dia9r6qa7cqex33/Pokemon_Style_1.0.rar
[03/06/2014 00:49:57] /b é old
[03/06/2014 12:15:04] /b bom dia kk
[03/06/2014 12:15:27] /i computer
[03/06/2014 12:15:41] /goto bruninha
[03/06/2014 12:15:46] /goto bruninha
[03/06/2014 12:16:25] /b vou fazer evento agora de tarde 15:00 evento de bag com 1 master ball e mt dinheiro
[03/06/2014 12:16:32] /b boost stones etc
[03/06/2014 12:16:48] /b nao tem vaga
[03/06/2014 12:17:08] /i computer
[03/06/2014 12:17:10] /r
[03/06/2014 12:17:27] /b top do serve tem como ver no pc em saffron
[03/06/2014 12:17:42] /b vo fazer 14:00 entao o evento
[03/06/2014 12:17:55] /b Royaal é o top serve
[03/06/2014 12:18:12] /b bruninha logo em seguida
[03/06/2014 12:18:28] /i computer
[03/06/2014 12:18:30] /i computer
[03/06/2014 12:18:33] /i computer
[03/06/2014 12:18:37] /i computer
[03/06/2014 12:25:03] /b vo reinicar o serve rapidao
[03/06/2014 12:25:08] /b volta em 1mn no max
[03/06/2014 12:25:13] /b salvando e reiniciando
[03/06/2014 12:25:15] /save
[03/06/2014 12:36:08] /b Shines sao aleatorios
[03/06/2014 12:36:25] /b só os da cyber que sao fixos e tem uma quantidade de tempo pra nasce
[03/06/2014 12:37:14] /b vem paga de loco pra cima de mim n , eu salvei antes de cair
[03/06/2014 12:37:23] /b quem perdeu perdeu , use o comando !save
[03/06/2014 12:41:27] /b afk dps volto resolvendo umas coisas aq
[03/06/2014 12:54:04] /b Não vo coloca o comando de pega rank 5 , quem quiser vai faze task , ta facil só precisa mata 5 ,5 ,5 poke
[03/06/2014 12:59:34] /attr position 1061 1060 10
[03/06/2014 12:59:49] /i 12681
[03/06/2014 12:59:50] /i 12681
[03/06/2014 12:59:51] /i 12681
[03/06/2014 12:59:56] /i 12681
[03/06/2014 12:59:56] /i 12681
[03/06/2014 12:59:57] /i 12681
[03/06/2014 13:00:02] /i 12681
[03/06/2014 13:00:03] /i 12681
[03/06/2014 13:00:03] /i 12681
[03/06/2014 13:00:08] /i 12681
[03/06/2014 13:00:09] /i 12681
[03/06/2014 13:00:09] /i 12681
[03/06/2014 13:00:10] /i 12681
[03/06/2014 13:00:11] /i 12681
[03/06/2014 13:00:18] /i 12681
[03/06/2014 13:00:19] /i 12681
[03/06/2014 13:00:19] /i 12681
[03/06/2014 13:00:20] /i 12681
[03/06/2014 13:00:26] /i 12681
[03/06/2014 13:00:27] /i 12681
[03/06/2014 13:00:27] /i 12681
[03/06/2014 13:00:28] /i 12681
[03/06/2014 13:00:28] /i 12681
[03/06/2014 13:00:38] /i 12681
[03/06/2014 13:00:38] /i 12681
[03/06/2014 13:00:39] /i 12681
[03/06/2014 13:00:39] /i 12681
[03/06/2014 13:00:47] /i 12681
[03/06/2014 13:00:47] /i 12681
[03/06/2014 13:00:48] /i 12681
[03/06/2014 13:00:48] /i 12681
[03/06/2014 13:00:55] /i 12681
[03/06/2014 13:00:56] /i 12681
[03/06/2014 13:00:56] /i 12681
[03/06/2014 13:00:57] /i 12681
[03/06/2014 13:00:57] /i 12681
[03/06/2014 13:01:04] /i 12681
[03/06/2014 13:01:05] /i 12681
[03/06/2014 13:01:05] /i 12681
[03/06/2014 13:01:06] /i 12681
[03/06/2014 13:01:07] /i 12681
[03/06/2014 13:01:07] /i 12681
[03/06/2014 13:01:20] /i 12681
[03/06/2014 13:01:21] /i 12681
[03/06/2014 13:01:22] /i 12681
[03/06/2014 13:01:22] /i 12681
[03/06/2014 13:01:23] /i 12681
[03/06/2014 13:01:23] /i 12681
[03/06/2014 13:01:36] /i 12681
[03/06/2014 13:01:37] /i 12681
[03/06/2014 13:01:37] /i 12681
[03/06/2014 13:01:38] /i 12681
[03/06/2014 13:01:38] /i 12681
[03/06/2014 13:01:47] /i 12681
[03/06/2014 13:01:47] /i 12681
[03/06/2014 13:01:48] /i 12681
[03/06/2014 13:01:48] /i 12681
[03/06/2014 13:01:55] /i 12681
[03/06/2014 13:01:55] /i 12681
[03/06/2014 13:01:56] /i 12681
[03/06/2014 13:02:03] /i 12681
[03/06/2014 13:02:03] /i 12681
[03/06/2014 13:02:04] /i 12681
[03/06/2014 13:02:04] /i 12681
[03/06/2014 13:03:40] /i boost stone
[03/06/2014 13:05:24] /i 2160
[03/06/2014 13:05:33] /i 2160
[03/06/2014 13:05:34] /i 2160
[03/06/2014 13:05:48] /i 2160
[03/06/2014 13:05:48] /i 2160
[03/06/2014 13:06:09] /i 2160
[03/06/2014 13:06:09] /i 2160
[03/06/2014 13:06:18] /i boost stone
[03/06/2014 13:06:22] /i boost stone
[03/06/2014 13:07:29] /b Evento de bag na sala de eventos , Tem 2 master ball , dinheiro e boost stone e 1 shiny cubone
[03/06/2014 13:07:31] /b Evento de bag na sala de eventos , Tem 2 master ball , dinheiro e boost stone e 1 shiny cubone
[03/06/2014 13:07:32] /b Evento de bag na sala de eventos , Tem 2 master ball , dinheiro e boost stone e 1 shiny cubone
[03/06/2014 13:08:19] /b Evento de bag na sala de eventos , Tem 2 master ball , dinheiro e boost stone e 1 shiny cubone
[03/06/2014 13:08:20] /b Evento de bag na sala de eventos , Tem 2 master ball , dinheiro e boost stone e 1 shiny cubone
[03/06/2014 13:08:21] /b Evento de bag na sala de eventos , Tem 2 master ball , dinheiro e boost stone e 1 shiny cubone
[03/06/2014 13:08:23] /b Evento de bag na sala de eventos , Tem 2 master ball , dinheiro e boost stone e 1 shiny cubone
[03/06/2014 13:08:24] /b Evento de bag na sala de eventos , Tem 2 master ball , dinheiro e boost stone e 1 shiny cubone
[03/06/2014 13:08:28] /b GOGO NO TC
[03/06/2014 13:08:40] /b Evento de bag na sala de eventos , Tem 2 master ball , dinheiro e boost stone e 1 shiny cubone
[03/06/2014 13:08:41] /b Evento de bag na sala de eventos , Tem 2 master ball , dinheiro e boost stone e 1 shiny cubone
[03/06/2014 13:09:01] /b Evento de bag na sala de eventos , Tem 2 master ball , dinheiro e boost stone e 1 shiny cubone
[03/06/2014 13:09:02] /b Evento de bag na sala de eventos , Tem 2 master ball , dinheiro e boost stone e 1 shiny cubone
[03/06/2014 13:09:13] /i dice
[03/06/2014 13:09:26] /ghost
[03/06/2014 13:09:38] /b Evento de bag na sala de eventos , Tem 2 master ball , dinheiro e boost stone e 1 shiny cubone
[03/06/2014 13:09:39] /b Evento de bag na sala de eventos , Tem 2 master ball , dinheiro e boost stone e 1 shiny cubone
[03/06/2014 13:09:47] /b evento começa 13:11
[03/06/2014 13:09:55] /b quem tiver de mc ja se prepara pro ban
[03/06/2014 13:09:56] /b quem tiver de mc ja se prepara pro ban
[03/06/2014 13:09:58] /b quem tiver de mc ja se prepara pro ban
[03/06/2014 13:09:59] /b quem tiver de mc ja se prepara pro ban
[03/06/2014 13:10:11] /b quem tiver de mc ja se prepara pro ban
[03/06/2014 13:10:21] /b EVENTO DE BAG NO TC , NA AREA DE EVENTOS
[03/06/2014 13:10:22] /b EVENTO DE BAG NO TC , NA AREA DE EVENTOS
[03/06/2014 13:10:25] /b EVENTO DE BAG NO TC , NA AREA DE EVENTOS
[03/06/2014 13:10:31] /mc
[03/06/2014 13:10:57] /b TEM MUCHILA VAZIA TAMBEM
[03/06/2014 13:11:00] /b TEM MUCHILA VAZIA TAMBEM
[03/06/2014 13:12:32] /b Vo começa evento
[03/06/2014 13:12:48] /b 2 numero 1 só acerto
[03/06/2014 13:13:07] /b quem clica no dado vai pro final da fila
[03/06/2014 13:15:45] /mc
[03/06/2014 13:19:11] /goto Ynuiahs
[03/06/2014 13:21:46] /b quem tiro s cubone e as master?
[03/06/2014 13:23:23] /b vo faze assim quem tira 2 numero taca 2x
[03/06/2014 13:26:58] /mc
[03/06/2014 13:29:08] /b quem tiro as master e o s cubone?
[03/06/2014 13:29:44] /goto So legendary
[03/06/2014 13:29:56] /goto Mary Jane
[03/06/2014 13:31:04] /b pega a porra da bag quando pega o premio
[03/06/2014 13:33:08] /b xo ve se alguma tem premio ainda
[03/06/2014 13:33:32] /b tem o s cubone e uma master ainda
[03/06/2014 13:40:29] /i 14474
[03/06/2014 13:40:46] /i 12339
[03/06/2014 13:40:47] /i 12339
[03/06/2014 13:41:05] /b coloquei boox boosted +50
[03/06/2014 13:41:38] /b tem boost stone + a box
[03/06/2014 13:41:58] /b cabo
[03/06/2014 13:42:14] /goto Syny
[03/06/2014 13:42:47] /t Demolidor
[03/06/2014 13:42:51] /t Couto
[03/06/2014 13:43:17] /t Couto
[03/06/2014 13:43:42] /r
[03/06/2014 13:46:11] /t
[03/06/2014 13:46:41] /b vo resetar o ot , volta logo em seguida os lek fez tudo bug de dinheiro e boost stone
[03/06/2014 13:46:50] /b vo reseta quem quiser volta a joga volta
[03/06/2014 13:46:57] /b se n quiser thau
[03/06/2014 13:47:24] /b vlw pra quem n quiser bye
[03/06/2014 13:47:26] /b ;D
[03/06/2014 13:47:41] /b vo aumenta a xp
[03/06/2014 13:47:44] /b fui
