[05/06/2015 10:22:18] /t
[05/06/2015 10:22:23] /m bulbasaur
[05/06/2015 10:22:47] /m ratata
[05/06/2015 10:22:50] /m rattata
[05/06/2015 10:23:19] /addskill good,lvl,200
[05/06/2015 10:23:28] /i ultra ball
[05/06/2015 10:23:53] /m venusaur
[05/06/2015 10:24:04] /m venusaur
[05/06/2015 10:27:27] /m ivysaur
[05/06/2015 19:07:17] /t
[06/06/2015 17:29:11] /up
[08/06/2015 14:21:53] /i medicine
[09/06/2015 23:27:04] /t
[10/06/2015 23:47:17] /t
[10/06/2015 23:51:16] /up
[10/06/2015 23:53:24] /i revive
[10/06/2015 23:53:25] /i revive
[11/06/2015 00:11:48] /i leaf stone
[11/06/2015 00:11:50] /i venom stone
[11/06/2015 00:14:09] /c Oopas
[11/06/2015 00:14:15] /i ultra pot
[11/06/2015 00:14:22] /i ultra potion
[11/06/2015 01:02:56] /goto zaron
[11/06/2015 01:02:59] /goto zeon
[11/06/2015 01:17:49] /goto zeon
[11/06/2015 01:20:23] /newtype 1170,zeon
[11/06/2015 01:34:46] /addskill lvl,zeon,40
[11/06/2015 01:35:06] /addskill zeon,lvl,40
[11/06/2015 01:35:15] /addskill Olokobixo,lvl,40
[11/06/2015 01:35:21] /addskill Olokobixo,lvl,4
[11/06/2015 01:35:24] /addskill zeon,lvl,4
[11/06/2015 01:37:28] /goto machamp
[11/06/2015 01:37:29] /goto machamp
[11/06/2015 01:37:31] /r
[11/06/2015 01:37:32] /goto machamp
[11/06/2015 01:37:35] /goto zeon
[11/06/2015 01:37:37] /down
[11/06/2015 01:37:53] /m shiny onix
[11/06/2015 01:38:04] /down
[11/06/2015 01:38:30] /a 50
[11/06/2015 01:38:33] /c zeon
[11/06/2015 01:38:34] /c Olokobixo
[11/06/2015 01:40:11] /town 2
[11/06/2015 01:40:12] /town 3
[11/06/2015 01:40:17] /c zeon
[11/06/2015 01:40:21] /c Olokobixo
[11/06/2015 01:40:30] /i box 4
[11/06/2015 01:40:54] /i 11641
[11/06/2015 01:40:55] /i 11641
[11/06/2015 01:41:00] /i 11641
[11/06/2015 01:41:01] /i 11641
[11/06/2015 01:41:02] /i 11641
[11/06/2015 01:41:05] /i 11641
[11/06/2015 01:41:06] /i 11641
[11/06/2015 01:41:06] /i 11641
[11/06/2015 01:41:07] /i 11641
[11/06/2015 01:41:07] /i 11641
[11/06/2015 01:41:22] /i 12227
[11/06/2015 01:41:23] /i 12227
[11/06/2015 01:41:39] /i 12331
[11/06/2015 01:41:39] /i 12331
[11/06/2015 01:41:46] /i punch
[11/06/2015 01:41:51] /i punch stone
[11/06/2015 01:41:57] /i leaf stone
[11/06/2015 01:44:40] /addskill ,zeon,lvl,49
[11/06/2015 01:44:46] /addskill ,olokobixo,lvl,49
[11/06/2015 01:45:03] /addskill Olokobixo,lvl,49
[11/06/2015 01:46:21] /i small diamond
[11/06/2015 01:46:38] /i 2160
[11/06/2015 01:48:11] /c Olokobixo
[11/06/2015 01:48:14] /m bixo papao
[11/06/2015 01:48:35] /m maromba
[11/06/2015 01:48:42] /m senencio
[11/06/2015 01:49:00] /m mewtwo
[11/06/2015 01:49:56] /r
[11/06/2015 01:51:00] /addskill ,zeon,lvl,80
[11/06/2015 01:51:02] /t
[11/06/2015 01:51:07] /addskill zeon,lvl,80
[11/06/2015 01:51:13] /addskill olokobixo,lvl,80
[11/06/2015 01:51:27] /addskill olokobixo,lvl,80
[11/06/2015 01:52:34] /c zeon
[11/06/2015 01:54:12] /c omas
[11/06/2015 01:54:14] /c zeon
[11/06/2015 01:55:01] /c zeon
[11/06/2015 01:55:07] /i x-attack t7
[11/06/2015 01:55:09] /i x-attack t7
[11/06/2015 01:55:44] /c namer
[11/06/2015 01:55:47] /c zeon
[11/06/2015 01:56:36] /c olokobixo
[11/06/2015 01:56:42] /c omas
[11/06/2015 01:57:07] /i revive
[11/06/2015 01:59:00] /goto milk miltank
[11/06/2015 01:59:20] /c zeon
[11/06/2015 01:59:27] /c omas
[11/06/2015 02:00:42] /c omas
[11/06/2015 02:00:56] /c /goto zeon
[11/06/2015 02:00:59] /goto zeon
[11/06/2015 02:02:04] /goto omas
[11/06/2015 02:02:06] /c zeon
[11/06/2015 02:03:27] /i y-regeneration t7
[11/06/2015 02:03:35] /i y-regeneration t7
[11/06/2015 02:03:47] /i x-attack t7
[17/06/2015 22:43:53] /t
[17/06/2015 22:43:57] /town 2
[17/06/2015 22:44:00] /town 3
[18/06/2015 19:21:40] /t
[21/06/2015 20:32:09] /m blastoise
[22/06/2015 19:04:17] /goto venusaur
[22/06/2015 19:05:04] /t
[22/06/2015 19:05:07] /goto zeon
[22/06/2015 19:05:10] /t zeon
[22/06/2015 19:05:11] /t
[22/06/2015 19:05:36] /addskill group, 6
[22/06/2015 19:05:39] /addskill group 6
[22/06/2015 19:05:41] /addskill group 6
[22/06/2015 19:06:45] /m venusaur
[22/06/2015 19:11:53] /b terra nova tbm
[22/06/2015 19:13:19] /m venusaur
[22/06/2015 19:23:24] /m venusaur
[22/06/2015 19:27:07] /m venusaur
[22/06/2015 19:31:20] /m venusaur
[22/06/2015 19:31:21] /m venusaur
[22/06/2015 19:31:21] /m venusaur
[22/06/2015 19:31:22] /m venusaur
[22/06/2015 19:31:22] /m venusaur
[22/06/2015 19:31:23] /m venusaur
[22/06/2015 19:32:56] /m venusaur
[22/06/2015 20:19:51] /m venusaur
[22/06/2015 20:20:15] /goto venusaur
[22/09/2015 12:34:31] /t
[22/09/2015 12:35:27] /i 15005
[22/09/2015 12:35:29] /i 15010
[22/09/2015 12:35:31] /i 15030
[22/09/2015 12:35:33] /i 15050
[22/09/2015 12:35:35] /i 15048
[22/09/2015 12:35:37] /i 15040
[22/09/2015 12:35:39] /i 15045
[22/09/2015 12:35:40] /i 15043
[22/09/2015 12:35:42] /i 15044
[22/09/2015 12:35:43] /i 15044
[22/09/2015 12:35:50] /i 15044
[22/09/2015 12:35:52] /i 15044
[22/09/2015 12:35:52] /i 15044
[22/09/2015 12:36:02] /i 15044
[22/09/2015 12:36:02] /i 15044
[22/09/2015 12:36:03] /i 15044
[22/09/2015 12:36:03] /i 15044
[22/09/2015 12:36:04] /i 15044
[22/09/2015 12:36:04] /i 15044
[22/09/2015 12:36:09] /i 15044
[22/09/2015 12:36:21] /i 15044
[22/09/2015 12:36:22] /i 15044
[22/09/2015 12:36:23] /i 15044
[22/09/2015 12:36:23] /i 15044
[22/09/2015 12:36:25] /i 15044
[22/09/2015 12:36:25] /i 15044
[26/09/2015 18:15:58] /goto venusaur
[26/09/2015 18:16:41] /t
[18/01/2016 11:38:11] /goto elettabuzz
[18/01/2016 11:38:15] /goto electabuzz
[18/01/2016 11:39:00] /down
[18/01/2016 11:39:02] /down
[18/01/2016 11:39:10] /down
[18/01/2016 12:56:42] /goto alakazam
[18/01/2016 12:59:04] /i 957
[18/01/2016 12:59:10] /i 100
[18/01/2016 13:00:40] /i 4632
[18/01/2016 13:00:43] /i 4633
[18/01/2016 13:00:45] /i 4650
[18/01/2016 13:01:06] /t
[18/01/2016 13:01:46] /i 779
[18/01/2016 13:01:49] /i 790
[18/01/2016 13:01:53] /i 800
[18/01/2016 13:02:07] /i 790
[18/01/2016 13:02:08] /i 792
[18/01/2016 13:02:09] /i 793
[18/01/2016 13:02:10] /i 794
[18/01/2016 13:02:11] /i 795
[18/01/2016 13:02:13] /i 796
[18/01/2016 13:02:15] /i 797
[18/01/2016 13:02:15] /i 798
[18/01/2016 13:02:16] /i 799
[18/01/2016 13:02:20] /i 810
[18/01/2016 13:02:22] /i 812
[18/01/2016 13:02:24] /i 860
[18/01/2016 13:02:27] /i 900
[18/01/2016 13:02:54] /t
[18/01/2016 13:03:08] /i 8010
[18/01/2016 13:03:20] /i 8000
[18/01/2016 13:03:24] /i 7800
[18/01/2016 13:03:28] /i 7850
[18/01/2016 13:03:30] /i 7860
[18/01/2016 13:03:32] /i 7880
[18/01/2016 13:22:49] /i 959
[18/01/2016 13:22:57] /i 8315
[18/01/2016 13:23:01] /i 8315
[18/01/2016 13:23:02] /i 8316
[18/01/2016 13:23:04] /i 8317
[18/01/2016 13:23:06] /i 8318
[04/02/2016 20:43:12] /i 1717
[04/02/2016 20:43:48] /i 3570
[04/02/2016 20:56:00] /i 3569
[04/02/2016 21:04:09] /goto vneusaur
[04/02/2016 21:04:11] /goto venusaur
[04/02/2016 21:04:38] /t
[13/03/2016 19:35:10] /goto god charizard
[13/03/2016 19:35:13] /goto ash charizard
[13/03/2016 20:00:55] /t
[13/03/2016 20:01:12] /t 2
[13/03/2016 20:01:13] /t
[13/03/2016 20:01:20] /a 50
[13/03/2016 20:01:22] /a 50
[13/03/2016 20:01:23] /a 50
[13/03/2016 20:01:27] /a 50
[13/03/2016 20:01:30] /a
[13/03/2016 20:01:31] /a 3
[13/03/2016 20:01:46] /town 3
[13/03/2016 20:01:49] /town 4
[13/03/2016 20:01:56] /town 5
[13/03/2016 20:01:57] /town 6
[13/03/2016 20:02:00] /down
[13/03/2016 20:02:02] /a
[13/03/2016 20:02:59] /t
[13/03/2016 20:03:07] /t
[13/03/2016 20:04:04] /town 3
[13/03/2016 20:04:05] /town 4
[13/03/2016 20:04:06] /town 5
[13/03/2016 20:04:07] /town 6
[13/03/2016 20:06:19] /town 4
[13/03/2016 20:06:20] /town 5
[13/03/2016 20:06:21] /town 6
[13/03/2016 20:06:33] /town 6
