[03/09/2014 18:57:33] /goto atirador
[03/09/2014 18:57:38] /goto explorer
[03/09/2014 18:58:20] /i x-attack t7
[03/09/2014 19:00:10] /r all
[03/09/2014 19:00:11] /r all
[03/09/2014 19:00:12] /r all
[03/09/2014 19:00:13] /r all
[03/09/2014 19:00:22] /t
[03/09/2014 19:00:31] /goto explorer
[03/09/2014 19:00:35] /c ziraldo
[03/09/2014 19:01:01] /newtype 1605,explorer
[03/09/2014 19:01:14] /newtype 16034,explorer
[03/09/2014 19:01:21] /newtype 1604,explorer
[03/09/2014 19:01:46] /newtype 1600,explorer
[03/09/2014 19:01:52] /newtype 1595,explorer
[03/09/2014 19:02:05] /newtype 1596,explorer
[03/09/2014 19:02:14] /newtype 1597,explorer
[03/09/2014 19:02:24] /newtype 1598,explorer
[03/09/2014 19:02:31] /newtype 1599,explorer
[03/09/2014 19:02:41] /newtype 1697,explorer
[03/09/2014 19:02:48] /newtype 1660,explorer
[03/09/2014 19:02:58] /newtype 1661,explorer
[03/09/2014 19:03:05] /newtype 1662,explorer
[03/09/2014 19:03:10] /newtype 1663,explorer
[03/09/2014 19:03:17] /newtype 1622explorer
[03/09/2014 19:03:23] /newtype 1622,explorer
[03/09/2014 19:03:43] /newtype 1598,explorer
[03/09/2014 19:03:55] /newtype 1610,explorer
[03/09/2014 19:04:04] /newtype 168,explorer
[03/09/2014 19:04:11] /newtype 1608,explorer
[03/09/2014 19:04:28] /a 5
[03/09/2014 19:04:29] /a 5
[03/09/2014 19:04:32] /down
[03/09/2014 19:04:41] /a 3
[03/09/2014 19:04:43] /a 5
[03/09/2014 19:04:44] /a 5
[03/09/2014 19:04:46] /a 5
[03/09/2014 19:04:48] /a 5
[03/09/2014 19:04:49] /a 5
[03/09/2014 19:04:50] /a 5
[03/09/2014 19:04:50] /a 5
[03/09/2014 19:04:52] /a 5
[03/09/2014 19:04:53] /up
[03/09/2014 19:05:29] /newtype 1495
[03/09/2014 19:05:32] /newtype 1595
[03/09/2014 19:05:34] /newtype 1594
[03/09/2014 19:05:35] /newtype 1594
[03/09/2014 19:05:48] /newtype 1595
[03/09/2014 19:05:55] /newtype 1605
[03/09/2014 19:05:57] /newtype 1604
[03/09/2014 19:06:37] /t
[03/09/2014 19:07:11] /c explorer
[03/09/2014 19:08:44] /t
