[23/06/2014 23:49:34] /b Duvidas Help
[24/06/2014 00:06:34] /b Esta Com duvidas? Faça suas duvidas no Help Channel
[24/06/2014 00:24:19] /b ops malz aee pessoal por eu trocar as palavras no help pq to meio nervozo
[24/06/2014 00:25:43] /b duvidas help channel
[24/06/2014 00:28:33] /b nao irei responder mais pm so no help 
[24/06/2014 00:31:09] /b Felipeosg nao posso fazer nada essa e minha primeira vez como tutor em um server cheio
[24/06/2014 00:58:07] /b gogo pessoal main quest de cerulean tp pra cerulean
[24/06/2014 01:03:09] /b +1 pra main quest de cerulean
[24/06/2014 01:04:07] /b nao posso desbugar ninguem lamento
[24/06/2014 01:04:41] /b nao tenho comando para desbugar
[24/06/2014 01:22:56] /b qeum morrreu ai ?
[24/06/2014 01:28:43] /b Alguem ai tem master ball manda pm pra mim
[24/06/2014 01:31:50] /b quem quer que eu bloke dark abra quest fala eu no game chat
[24/06/2014 01:34:23] /b eu ja disse que nao posso puxa
[24/06/2014 01:34:49] /b e o adm esta off colocando novos pokemons
[24/06/2014 01:35:42] /t Krazynnes
[24/06/2014 01:36:51] /b gogo golden quest quem nao foi lvl 150+
[24/06/2014 01:38:13] /b gogo outland main quest
[24/06/2014 02:21:25] /t Green
[24/06/2014 14:14:39] /b 14:13 Congratulations, you caught a pokemon (Shiny Ninetales)!
[24/06/2014 14:32:10] /b tem salamence pelo mapa free tmb
[24/06/2014 14:44:53] /b pra quem ta pedindo mapa do serve ta aki http://puu.sh/7iD7E.png
[24/06/2014 15:02:20] /t Dalino
[24/06/2014 15:02:30] /t Dalino
[24/06/2014 15:03:31] /b quem ai nao fez dark abra e quer faze tp lavender
[24/06/2014 15:04:10] /b dark abra e lvl 200
[24/06/2014 15:05:06] /b vou bloka esperem
[24/06/2014 15:07:06] /b esperem eu sei qual e o portal
[24/06/2014 15:07:26] /b folow em mim
[24/06/2014 15:14:43] /b quem quise vai em frente
[24/06/2014 15:15:07] /b esse e o portal certo
[24/06/2014 15:15:28] /b todos terminarao a quest?
[24/06/2014 15:15:48] /b quem fico pra traz manda pm
[24/06/2014 15:16:48] /b irei na quest dnv daki a puco 
[24/06/2014 15:16:57] /b pra quem fico pra traz
[24/06/2014 15:19:09] /b parabens ao player muleke zika que cato um shiny charizard
[24/06/2014 15:29:48] /b larvita nao evolui ele esta bugado
[24/06/2014 15:40:22] /b ops chat errado
[24/06/2014 15:47:01] /t Vinicius Rullesz
[24/06/2014 15:55:26] /b nao vo responder pm mais
[24/06/2014 16:31:35] /b nao tem bloker raspaw
[24/06/2014 16:37:22] /b gogo main quest  falta 5 player
[24/06/2014 16:37:37] /b gogo main quest de cerulean falta 5 player
[24/06/2014 16:38:02] /b nao posso puxa ninguem
[24/06/2014 16:38:36] /b e a main de cerulean
[24/06/2014 17:00:32] /t Thiago X
[24/06/2014 17:01:09] /b gogo main quest de cerulean falta 3
[24/06/2014 17:04:19] /t Erza Escarlat
[24/06/2014 17:08:10] /b gogo +1 main quest de cerulean
[24/06/2014 17:14:42] /b espera main
[24/06/2014 17:17:09] /b nao posso responde estou quest
[24/06/2014 18:02:13] /t Luxuria
[24/06/2014 18:09:42] /t Hanniball
[24/06/2014 18:18:51] /b 18:18 Você ja gastou: 16 Ultra balls tentando catar um Salamence.
[24/06/2014 18:21:48] /b 18:21 You see a wild shiny typhlosion. Hit Points: 46150 / 46150. It is genderless.
[24/06/2014 18:28:03] /t Luffy
[24/06/2014 19:04:43] /b senhor o Clouthy Op disse que achou um bug
[24/06/2014 19:08:24] /b senhor o player Clouthy Op esta dizendo que a league ta bugada
[24/06/2014 19:41:45] /b adm tem bag pra todo mundo?
[24/06/2014 19:58:34] /t Old Punk
[24/06/2014 20:28:03] /b meu help nao quer abrir
