[03/06/2014 13:52:21] /a 100
[03/06/2014 13:52:24] /a 59
[03/06/2014 13:52:25] /a 59
[03/06/2014 13:52:37] /r
[03/06/2014 13:52:44] /t
[03/06/2014 13:53:05] /b bom up
[03/06/2014 13:53:07] /b aumentei a xp
[03/06/2014 13:54:02] /b vo faze evento de bag mais tarde pra compensa
[03/06/2014 13:57:11] /b bom up a todos
[03/06/2014 13:57:15] /b aumentei o catch tbm e a xp
[03/06/2014 13:57:20] /b ate 19 hrs
[03/06/2014 13:58:03] /i computer
[03/06/2014 13:58:10] /r
[03/06/2014 13:58:13] /i computer
[03/06/2014 13:58:18] /i computer
[03/06/2014 13:58:20] /i computer
[03/06/2014 13:58:29] /save
[03/06/2014 13:59:07] /i ultimate pokemon prize box
[03/06/2014 13:59:13] /i ultimate pokemon prize box
[03/06/2014 13:59:27] /i ultimate pokemon prize box
[03/06/2014 13:59:36] /c syny
[03/06/2014 13:59:38] /i ultimate pokemon prize box
[03/06/2014 14:00:21] /i ultimate pokemon prize box
[03/06/2014 14:00:34] /i ultimate pokemon prize box
[03/06/2014 14:00:52] /rename Syny , SyN
[03/06/2014 14:01:11] /goto Syn
[03/06/2014 14:01:30] /r all
[03/06/2014 14:01:43] /goto syn
[03/06/2014 14:02:38] /m venusaur
[03/06/2014 14:04:42] /m venusaur
[03/06/2014 14:05:27] /m venusaur
[03/06/2014 14:05:55] /goto Couto
[03/06/2014 14:05:59] /t
[03/06/2014 14:06:08] /save
[03/06/2014 14:09:02] /b nao editei ninguem , nem sou amigo de ninguem , n conheco ninguem entao nem vem fala que editei alguem
[03/06/2014 14:10:42] /b acredita nele nao mané , ele ta de zuera
[03/06/2014 14:11:12] /b tem league e outmain
[03/06/2014 14:41:12] /owner Meloso
[03/06/2014 14:42:36] /owner Meloso
[03/06/2014 14:42:41] /owner Player
[03/06/2014 15:24:54] /town 3
[03/06/2014 15:25:05] /r
[03/06/2014 15:25:10] /t
[03/06/2014 15:25:21] /b descupem pela queda
[03/06/2014 15:26:01] /b vo da 20 lvl pra geral
[03/06/2014 15:26:12] /b calma
[03/06/2014 15:27:57] /b calma carai
[03/06/2014 15:28:37] /attr King Of Catch,level,20
[03/06/2014 15:35:20] /town 3
[03/06/2014 15:35:26] /r
[03/06/2014 15:35:26] /t
[03/06/2014 15:35:31] /b geral cp
[03/06/2014 15:35:35] /b vo da lvl de todos
[03/06/2014 15:36:40] /b rlx
[03/06/2014 15:36:44] /b reinicei o pc
[03/06/2014 15:36:47] /b tava lag
[03/06/2014 15:36:48] /b aq
[03/06/2014 15:38:07] /addskill Level,all,30
[03/06/2014 15:38:13] /addskill Level,Syn,30
[03/06/2014 15:38:19] /addskill Level,SyN,30
[03/06/2014 15:38:33] /addskill SyN,level,30
[03/06/2014 15:38:47] /b quem n ganhou lvl vem cp de saffron
[03/06/2014 15:39:06] /addskill King Of Catch,level,30
[03/06/2014 15:39:15] /addskill Lendary Char,level,30
[03/06/2014 15:39:24] /addskill Molly,level,30
[03/06/2014 15:39:35] /addskill Redtube,level,30
[03/06/2014 15:40:29] /addskill Mr Leo,level,30
[03/06/2014 15:41:19] /save
[03/06/2014 15:43:01] /b fui arrumar o save
[03/06/2014 15:43:04] /b mal
[03/06/2014 15:43:07] /b salvei antes
[03/06/2014 15:43:09] /b de cai
[03/06/2014 15:43:20] /b n vai mais cair agr
[03/06/2014 15:43:26] /b ;D
[03/06/2014 15:43:30] /town 3
[03/06/2014 15:43:35] /r
[03/06/2014 15:43:36] /t
[03/06/2014 15:43:49] /i cmputer
[03/06/2014 15:43:58] /i computer
[03/06/2014 15:44:00] /i computer
[03/06/2014 15:45:24] /ghost
[03/06/2014 15:46:10] /reload config
[03/06/2014 15:46:13] /b salvado
[03/06/2014 15:46:18] /b free house agr
[03/06/2014 15:46:27] /b HOUSE É FREEE AGR
[03/06/2014 15:46:47] /save
[03/06/2014 15:48:03] /b Quem quer ser tutor
[03/06/2014 15:48:08] /b 2 vagas
[03/06/2014 15:48:19] /attr group,2
[03/06/2014 15:52:25] /b tao nukando
[03/06/2014 15:52:27] /b :o
[03/06/2014 15:52:38] /b coloquei ant nuker agr vamo ve se para
[03/06/2014 15:53:19] /b syn
[03/06/2014 15:53:22] /b vem
[03/06/2014 15:53:26] /c syn
[03/06/2014 15:53:34] /b quem quer tutor?
[03/06/2014 15:53:50] /attr group,2
[03/06/2014 15:53:52] /attr group,2
[03/06/2014 15:54:21] /attr set group,2
[03/06/2014 15:54:24] /attr set group,2
[03/06/2014 15:54:27] /attr set group,2
[03/06/2014 15:54:55] /attr set group,3
[03/06/2014 15:54:56] /attr set group,3
[03/06/2014 15:54:58] /attr set group,3
[03/06/2014 15:55:02] /attr set group,3
[03/06/2014 15:55:55] /attr set group,2
[03/06/2014 15:56:05] /attr set group,2
[03/06/2014 15:56:10] /attr set group 2
[03/06/2014 15:56:26] /attr set group 2
[03/06/2014 16:02:28] /b serve ja volta
[03/06/2014 16:02:52] /b serve ja volta
[06/06/2014 14:34:40] /t
[06/06/2014 14:34:42] /town 2
[06/06/2014 14:34:45] /town 3
[06/06/2014 14:34:52] /r
[06/06/2014 14:34:53] /t
[06/06/2014 14:55:35] /b salve galemra
[06/06/2014 14:55:39] /b galera*
[06/06/2014 15:02:44] /b vo reiniciar já volta em 1mn
[06/06/2014 15:04:33] /i computer
[06/06/2014 15:04:35] /i computer
[06/06/2014 15:06:37] /t
[06/06/2014 15:06:39] /town 3
[06/06/2014 15:06:45] /r
[06/06/2014 15:14:10] /b vo reiniciar to aumentando a xp
[06/06/2014 15:14:20] /save
[06/06/2014 15:15:50] /t
[06/06/2014 15:15:56] /goto Mhmd
[06/06/2014 15:16:33] /ghost
[06/06/2014 15:16:34] /ghost
[06/06/2014 15:24:37] /goto Mhmd
[06/06/2014 15:24:50] /goto Mhmd
[06/06/2014 15:52:33] /town 3
[06/06/2014 15:52:40] /r
[06/06/2014 17:03:38] /t
[06/06/2014 17:03:46] /i diamond
[06/06/2014 17:03:47] /i diamons
[06/06/2014 17:03:48] /i diamonds
[06/06/2014 17:03:54] /i diamond
[06/06/2014 17:06:06] /i 2145
[06/06/2014 17:57:46] /t
[06/06/2014 17:57:52] /b Salve
[06/06/2014 17:59:02] /b Gogo mais tarde tem evento
[06/06/2014 17:59:11] /b lota 20 player faço evento de bag
[06/06/2014 17:59:19] /b bom jogo
[06/06/2014 17:59:23] /b volto as 20:30
[06/06/2014 17:59:26] /b com o evento
[06/06/2014 17:59:39] /b n tem vagas por enquanto
[06/06/2014 18:00:01] /b nao tem vaga por enquanto
[06/06/2014 18:00:27] /squelch
[06/06/2014 18:00:32] /b pronto só respondo help
[06/06/2014 18:00:52] /b ta lag?
[06/06/2014 18:01:45] /i computer
[06/06/2014 18:01:47] /i computer
[06/06/2014 18:03:30] /b Sem palavrao no help e sem comentarios inuteis , desliga casp lock
[06/06/2014 18:04:28] /b fui só entro 20:30
[06/06/2014 22:51:58] /t
[06/06/2014 22:52:00] /ghost
[06/06/2014 22:52:12] /b BOA noite rapaziada , vo faze um evento pra vocês on ai
[06/06/2014 22:52:23] /b pra da um agrado pra voces, evento de bag
[06/06/2014 22:52:50] /i 11473
[06/06/2014 22:53:04] /b vo faze umas invasao entao
[06/06/2014 22:53:07] /b no cp
[06/06/2014 22:53:07] /t
[06/06/2014 22:53:15] /b geral saffron
[06/06/2014 22:53:24] /b vem geral
[06/06/2014 22:53:27] /r
[06/06/2014 22:53:30] /r
[06/06/2014 22:53:32] /r
[06/06/2014 22:53:52] /b vem geral
[06/06/2014 22:54:30] /m shiny grimmer
[06/06/2014 22:54:32] /m shiny grimer
[06/06/2014 22:54:33] /m shiny grimer
[06/06/2014 22:54:36] /m shiny grimer
[06/06/2014 22:54:37] /m shiny grimer
[06/06/2014 22:54:38] /m shiny grimer
[06/06/2014 22:54:51] /m shiny venusaur
[06/06/2014 22:54:52] /m shiny venusaur
[06/06/2014 22:54:53] /m shiny venusaur
[06/06/2014 22:54:53] /m shiny venusaur
[06/06/2014 22:54:54] /m shiny venusaur
[06/06/2014 22:54:58] /m shiny venusaur
[06/06/2014 22:55:12] /m shiny lanturn
[06/06/2014 22:55:12] /m shiny lanturn
[06/06/2014 22:55:13] /m shiny lanturn
[06/06/2014 22:55:13] /m shiny lanturn
[06/06/2014 22:55:18] /m shiny lanturn
[06/06/2014 22:55:44] /m shiny gengar
[06/06/2014 22:55:45] /m shiny gengar
[06/06/2014 22:55:46] /m shiny gengar
[06/06/2014 22:55:46] /m shiny gengar
[06/06/2014 22:55:47] /m shiny gengar
[06/06/2014 22:55:48] /m shiny gengar
[06/06/2014 22:55:49] /m shiny gengar
[06/06/2014 22:55:50] /m shiny gengar
[06/06/2014 22:55:53] /m shiny gengar
[06/06/2014 22:56:16] /m shiny dragonair
[06/06/2014 22:56:17] /m shiny dragonair
[06/06/2014 22:56:17] /m shiny dragonair
[06/06/2014 22:56:18] /m shiny dragonair
[06/06/2014 22:56:20] /m shiny dragonair
[06/06/2014 22:56:21] /m shiny dragonair
[06/06/2014 22:57:34] /ghost
[06/06/2014 22:57:44] /m shiny speon
[06/06/2014 22:57:47] /m shiny speaon
[06/06/2014 22:57:59] /m shiny venonat
[06/06/2014 22:57:59] /m shiny venonat
[06/06/2014 22:58:00] /m shiny venonat
[06/06/2014 22:58:03] /m shiny venonat
[06/06/2014 22:58:04] /m shiny venonat
[06/06/2014 22:58:05] /m shiny venonat
[06/06/2014 22:58:15] /m shiny venonat
[06/06/2014 22:58:16] /m shiny venonat
[06/06/2014 22:58:43] /m shiny grimer
[06/06/2014 22:58:44] /m shiny grimer
[06/06/2014 22:58:44] /m shiny grimer
[06/06/2014 22:58:45] /m shiny grimer
[06/06/2014 22:58:45] /m shiny grimer
[06/06/2014 22:58:47] /m shiny grimer
[06/06/2014 22:58:49] /m shiny grimer
[06/06/2014 22:59:07] /m shiny machamp
[06/06/2014 22:59:08] /m shiny machamp
[06/06/2014 22:59:08] /m shiny machamp
[06/06/2014 22:59:09] /m shiny machamp
[06/06/2014 22:59:13] /m shiny machamp
[06/06/2014 22:59:14] /m shiny machamp
[06/06/2014 22:59:31] /m shiny magmar
[06/06/2014 22:59:32] /m shiny magmar
[06/06/2014 22:59:33] /m shiny magmar
[06/06/2014 23:00:02] /m shiny electabuz
[06/06/2014 23:00:04] /m shiny electabuzz
[06/06/2014 23:00:05] /m shiny electabuzz
[06/06/2014 23:00:06] /m shiny electabuzz
[06/06/2014 23:00:12] /m shiny electabuzz
[06/06/2014 23:00:13] /m shiny electabuzz
[06/06/2014 23:00:29] /m shiny electabuzz
[06/06/2014 23:00:30] /m shiny electabuzz
[06/06/2014 23:00:30] /m shiny electabuzz
[06/06/2014 23:00:49] /m shiny scyther
[06/06/2014 23:00:49] /m shiny scyther
[06/06/2014 23:00:50] /m shiny scyther
[06/06/2014 23:01:14] /m mew
[06/06/2014 23:01:53] /m mewtwo
[06/06/2014 23:03:14] /m moltres
[06/06/2014 23:04:43] /b cabo evento
[06/06/2014 23:22:26] /ghost
[06/06/2014 23:22:39] /town 3
[06/06/2014 23:23:32] /c Player
[06/06/2014 23:23:37] /m shiny magmar
[06/06/2014 23:23:38] /m shiny magmar
[06/06/2014 23:23:38] /m shiny magmar
[06/06/2014 23:23:39] /m shiny magmar
[06/06/2014 23:23:53] /m shiny magmar
[06/06/2014 23:23:54] /m shiny magmar
[06/06/2014 23:23:54] /m shiny magmar
[06/06/2014 23:23:55] /m shiny magmar
[06/06/2014 23:23:55] /m shiny magmar
[06/06/2014 23:23:55] /m shiny magmar
[06/06/2014 23:23:56] /m shiny magmar
[06/06/2014 23:24:26] /m shiny magmar
[06/06/2014 23:24:26] /m shiny magmar
[06/06/2014 23:24:27] /m shiny magmar
[06/06/2014 23:24:27] /m shiny magmar
[06/06/2014 23:24:28] /m shiny magmar
[06/06/2014 23:24:28] /m shiny magmar
[06/06/2014 23:24:57] /m shiny magmar
[06/06/2014 23:24:57] /m shiny magmar
[06/06/2014 23:24:58] /m shiny magmar
[06/06/2014 23:24:58] /m shiny magmar
[06/06/2014 23:24:58] /m shiny magmar
[06/06/2014 23:24:59] /m shiny magmar
[06/06/2014 23:24:59] /m shiny magmar
[06/06/2014 23:25:00] /m shiny magmar
[06/06/2014 23:25:00] /m shiny magmar
[06/06/2014 23:25:30] /m shiny magmar
[06/06/2014 23:25:31] /m shiny magmar
[06/06/2014 23:25:31] /m shiny magmar
[06/06/2014 23:25:32] /m shiny magmar
[06/06/2014 23:25:32] /m shiny magmar
[06/06/2014 23:25:32] /m shiny magmar
[06/06/2014 23:25:33] /m shiny magmar
[06/06/2014 23:26:08] /i dark ball
[06/06/2014 23:26:34] /m shiny rhydon
[06/06/2014 23:26:38] /m shiny rhydon
[06/06/2014 23:26:39] /m shiny rhydon
[06/06/2014 23:26:39] /m shiny rhydon
[06/06/2014 23:26:40] /m shiny rhydon
[06/06/2014 23:26:40] /m shiny rhydon
[06/06/2014 23:26:41] /m shiny rhydon
[06/06/2014 23:26:41] /m shiny rhydon
[06/06/2014 23:27:23] /m shiny rhydon
[06/06/2014 23:28:17] /m shiny mamgar
[06/06/2014 23:28:23] /m shiny scyther
[06/06/2014 23:29:17] /m shiny scyther
[06/06/2014 23:29:17] /m shiny scyther
[06/06/2014 23:29:18] /m shiny scyther
[06/06/2014 23:29:18] /m shiny scyther
[06/06/2014 23:29:19] /m shiny scyther
[06/06/2014 23:29:53] /m shiny scyther
[06/06/2014 23:29:54] /m shiny scyther
[06/06/2014 23:29:54] /m shiny scyther
[06/06/2014 23:29:55] /m shiny scyther
[06/06/2014 23:29:55] /m shiny scyther
[06/06/2014 23:30:24] /m shiny scyther
[06/06/2014 23:30:24] /m shiny scyther
[06/06/2014 23:30:25] /m shiny scyther
[06/06/2014 23:30:25] /m shiny scyther
[06/06/2014 23:30:26] /m shiny scyther
[06/06/2014 23:30:26] /m shiny scyther
[06/06/2014 23:30:27] /m shiny scyther
[06/06/2014 23:30:27] /m shiny scyther
[06/06/2014 23:31:05] /m shiny magmar
[06/06/2014 23:31:07] /m shiny magmar
[06/06/2014 23:31:07] /m shiny magmar
[06/06/2014 23:31:07] /m shiny magmar
[06/06/2014 23:31:08] /m shiny magmar
[07/06/2014 12:47:36] /goto Player
[07/06/2014 12:47:42] /m shiny electabuzz
[07/06/2014 12:47:42] /m shiny electabuzz
[07/06/2014 12:47:43] /m shiny electabuzz
[07/06/2014 12:47:43] /m shiny electabuzz
[07/06/2014 12:47:44] /m shiny electabuzz
[07/06/2014 12:47:44] /m shiny electabuzz
[07/06/2014 12:48:23] /m shiny scyther
[07/06/2014 12:48:24] /m shiny scyther
[07/06/2014 12:48:24] /m shiny scyther
[07/06/2014 12:48:25] /m shiny scyther
[07/06/2014 12:48:25] /m shiny scyther
[07/06/2014 12:48:26] /m shiny scyther
[07/06/2014 12:48:26] /m shiny scyther
[07/06/2014 12:48:27] /m shiny scyther
[07/06/2014 12:48:27] /m shiny scyther
[07/06/2014 12:48:51] /m shiny scyther
[07/06/2014 12:48:51] /m shiny scyther
[07/06/2014 12:48:52] /m shiny scyther
[07/06/2014 12:48:52] /m shiny scyther
[07/06/2014 12:48:53] /m shiny scyther
[07/06/2014 12:48:53] /m shiny scyther
[07/06/2014 12:48:54] /m shiny scyther
[07/06/2014 12:48:55] /m shiny electabuzz
[07/06/2014 12:51:26] /i ultimate pokemon prize box
[07/06/2014 12:51:30] /i ultimate pokemon prize box
[07/06/2014 12:51:33] /goto player
[07/06/2014 12:51:43] /i mystery box
[07/06/2014 12:52:11] /i boost stone
[07/06/2014 13:10:24] /ghost
[07/06/2014 13:10:53] /i 12227
[07/06/2014 13:10:57] /i 12331
[07/06/2014 13:10:58] /i 12331
[07/06/2014 13:11:04] /r
[07/06/2014 13:11:05] /r
[07/06/2014 13:11:38] /m shiny xatu
[07/06/2014 13:11:39] /m shiny xatu
[07/06/2014 13:17:20] /goto Player
[07/06/2014 13:17:25] /m shiny charizard
[07/06/2014 13:17:26] /m shiny charizard
[07/06/2014 13:17:26] /m shiny charizard
[07/06/2014 13:17:27] /m shiny charizard
[07/06/2014 13:17:27] /m shiny charizard
[07/06/2014 13:17:56] /m shiny charizard
[07/06/2014 13:17:57] /m shiny charizard
[07/06/2014 13:17:57] /m shiny charizard
[07/06/2014 13:17:58] /m shiny charizard
[07/06/2014 13:17:58] /m shiny charizard
[07/06/2014 13:17:58] /m shiny charizard
[07/06/2014 13:17:59] /m shiny charizard
[07/06/2014 13:17:59] /m shiny charizard
[07/06/2014 13:18:33] /m shiny charizard
[07/06/2014 13:18:33] /m shiny charizard
[07/06/2014 13:18:34] /m shiny charizard
[07/06/2014 13:18:34] /m shiny charizard
[07/06/2014 13:18:34] /m shiny charizard
[07/06/2014 13:18:35] /m shiny charizard
[07/06/2014 13:18:35] /m shiny charizard
[07/06/2014 13:20:10] /m Shiny Giant Magikarp
[07/06/2014 13:20:11] /m Shiny Giant Magikarp
[07/06/2014 13:20:11] /m Shiny Giant Magikarp
[07/06/2014 13:20:31] /m Shiny Giant Magikarp
[07/06/2014 13:20:32] /m Shiny Giant Magikarp
[07/06/2014 13:20:32] /m Shiny Giant Magikarp
[07/06/2014 13:20:32] /m Shiny Giant Magikarp
[07/06/2014 13:20:33] /m Shiny Giant Magikarp
[07/06/2014 13:20:33] /m Shiny Giant Magikarp
[07/06/2014 13:20:51] /m Shiny Giant Magikarp
[07/06/2014 13:22:08] /m Shiny Alakazam
[07/06/2014 13:22:28] /m Shiny Alakazam
[07/06/2014 13:22:29] /m Shiny Alakazam
[07/06/2014 13:22:29] /m Shiny Alakazam
[07/06/2014 13:22:30] /m Shiny Alakazam
[07/06/2014 13:22:30] /m Shiny Alakazam
[07/06/2014 13:22:31] /m Shiny Alakazam
[07/06/2014 13:23:38] /m Shiny Alakazam
[07/06/2014 13:23:38] /m Shiny Alakazam
[07/06/2014 13:23:39] /m Shiny Alakazam
[07/06/2014 13:23:40] /m Shiny Alakazam
[07/06/2014 13:23:40] /m Shiny Alakazam
[07/06/2014 13:23:41] /m Shiny Alakazam
[07/06/2014 13:23:41] /m Shiny Alakazam
[07/06/2014 13:24:18] /m shiny speon
[07/06/2014 13:24:34] /m Shiny Mr. Mime
[07/06/2014 13:25:05] /m shiny dratini
[07/06/2014 13:25:07] /m shiny dratini
[07/06/2014 13:25:07] /m shiny dratini
[07/06/2014 13:25:07] /m shiny dratini
[07/06/2014 13:25:08] /m shiny dratini
[07/06/2014 13:25:09] /m shiny dratini
[07/06/2014 13:25:09] /m shiny dratini
[07/06/2014 13:25:36] /m shiny dratini
[07/06/2014 13:25:37] /m shiny dratini
[07/06/2014 13:25:37] /m shiny dratini
[07/06/2014 13:25:38] /m shiny dratini
[07/06/2014 13:25:38] /m shiny dratini
[07/06/2014 13:25:39] /m shiny dratini
[07/06/2014 13:25:39] /m shiny dratini
[07/06/2014 13:25:39] /m shiny dratini
[07/06/2014 13:25:40] /m shiny dratini
[07/06/2014 13:25:40] /m shiny dratini
[07/06/2014 13:25:41] /m shiny dratini
[07/06/2014 13:26:03] /m shiny dratini
[07/06/2014 13:26:04] /m shiny dratini
[07/06/2014 13:26:04] /m shiny dratini
[07/06/2014 13:26:05] /m shiny dratini
[07/06/2014 14:02:12] /goto player
[07/06/2014 14:02:17] /i record camera
[07/06/2014 14:02:19] /t
[07/06/2014 14:02:25] /goto player
[07/06/2014 14:02:28] /i 12330
[07/06/2014 14:02:41] /t
[07/06/2014 14:36:54] /b salve galera
[07/06/2014 14:36:57] /b vo da vip pra geral
[07/06/2014 14:37:08] /b vo salva e reinciia
[07/06/2014 14:37:16] /b quando volta geral vai ganha vip
[07/06/2014 14:37:25] /save
[07/06/2014 14:37:30] /reload talkation
[07/06/2014 14:40:01] /b 5mn geral vai recebe os diamonds
[07/06/2014 14:40:20] /b Só vai receber quem estiver online
[07/06/2014 14:40:29] /b Só vai receber quem estiver online
[07/06/2014 14:41:07] /b calma ae
[07/06/2014 14:43:32] /save
[07/06/2014 14:43:54] /b vo reiniciar novamente rapidinho :3
[07/06/2014 14:46:51] /b como o comando de dar item n ta funcionando vo faze pelo tc mesmo na area de eventos
[07/06/2014 14:46:53] /b geral la
[07/06/2014 14:47:08] /t Tabalipa
[07/06/2014 14:47:14] /ghost
[07/06/2014 14:47:39] /b Geral SALA DE EVENTOS NO TC GOGO 
[07/06/2014 14:47:44] /b Geral SALA DE EVENTOS NO TC GOGO  , QUEM QUISER VIP
[07/06/2014 14:47:51] /b Geral SALA DE EVENTOS NO TC GOGO  , QUEM QUISER VIP
[07/06/2014 14:48:02] /b Geral SALA DE EVENTOS NO TC GOGO  , QUEM QUISER VIP
[07/06/2014 14:48:46] /b Geral SALA DE EVENTOS NO TC GOGO  , QUEM QUISER VIP
[07/06/2014 14:48:46] /b Geral SALA DE EVENTOS NO TC GOGO  , QUEM QUISER VIP
[07/06/2014 14:48:47] /b Geral SALA DE EVENTOS NO TC GOGO  , QUEM QUISER VIP
[07/06/2014 14:48:47] /b Geral SALA DE EVENTOS NO TC GOGO  , QUEM QUISER VIP
[07/06/2014 14:48:48] /b Geral SALA DE EVENTOS NO TC GOGO  , QUEM QUISER VIP
[07/06/2014 14:48:48] /b Geral SALA DE EVENTOS NO TC GOGO  , QUEM QUISER VIP
[07/06/2014 14:49:42] /b ENCERRANDO EM 1MN
[07/06/2014 14:49:55] /b VO FECHA NINGUEM MAIS VAI PODE PASSA
[07/06/2014 14:50:05] /i 11473
[07/06/2014 14:51:23] /i 2145
[07/06/2014 16:19:36] /goto player
[07/06/2014 16:19:40] /i boost stone
[07/06/2014 16:19:43] /i boost stone
[07/06/2014 16:20:17] /b mais tarde evento de bag com shines , 17:30
[07/06/2014 16:20:26] /t
[07/06/2014 17:01:04] /goto player
[07/06/2014 17:01:09] /m raikou
[07/06/2014 17:29:43] /b daqui a pouco evento
[07/06/2014 17:30:32] /goto player
[07/06/2014 17:30:33] /r
[07/06/2014 17:41:31] /b vo preparar o evento pra voces de bag , quando tiver pronto chamo geral
[07/06/2014 17:41:33] /t
[07/06/2014 17:41:51] /i 11473
[07/06/2014 17:41:51] /i 11473
[07/06/2014 17:41:52] /i 11473
[07/06/2014 17:41:53] /i 11473
[07/06/2014 17:41:54] /i 11473
[07/06/2014 17:41:54] /i 11473
[07/06/2014 17:41:56] /t
[07/06/2014 17:42:17] /b quem quiser pode ir pegando seu luga na fila
[07/06/2014 17:42:23] /b quem quiser pode ir pegando seu luga na fila aq no TC , SALA DE EVENTOS
[07/06/2014 17:42:28] /b quem quiser pode ir pegando seu luga na fila aq no TC , SALA DE EVENTOS
[07/06/2014 17:42:59] /ghost
[07/06/2014 17:43:02] /ghost
[07/06/2014 17:43:06] /b quem quiser pode ir pegando seu luga na fila aq no TC , SALA DE EVENTOS
[07/06/2014 17:43:09] /b quem quiser pode ir pegando seu luga na fila aq no TC , SALA DE EVENTOS
[07/06/2014 17:43:17] /b quem quiser pode ir pegando seu luga na fila aq no TC , SALA DE EVENTOS ... EVENTO DE BAG
[07/06/2014 17:43:25] /r
[07/06/2014 17:43:27] /r
[07/06/2014 17:43:28] /r
[07/06/2014 17:43:30] /r
[07/06/2014 17:43:32] /r
[07/06/2014 17:43:35] /i 11473
[07/06/2014 17:43:36] /i 11473
[07/06/2014 17:43:38] /i 11473
[07/06/2014 17:43:41] /i 11473
[07/06/2014 17:43:42] /i 11473
[07/06/2014 17:43:44] /r
[07/06/2014 17:43:45] /r
[07/06/2014 17:43:46] /r
[07/06/2014 17:43:47] /r
[07/06/2014 17:43:49] /r
[07/06/2014 17:43:50] /r
[07/06/2014 17:43:52] /r
[07/06/2014 17:43:52] /r
[07/06/2014 17:43:54] /r
[07/06/2014 17:43:54] /r
[07/06/2014 17:43:59] /i 11473
[07/06/2014 17:44:00] /i 11473
[07/06/2014 17:44:01] /i 11473
[07/06/2014 17:44:02] /i 11473
[07/06/2014 17:44:04] /i 11473
[07/06/2014 17:44:05] /i 11473
[07/06/2014 17:44:07] /i 11473
[07/06/2014 17:44:08] /i 11473
[07/06/2014 17:44:11] /i 11473
[07/06/2014 17:44:12] /i 11473
[07/06/2014 17:44:23] /r
[07/06/2014 17:44:25] /i 11473
[07/06/2014 17:44:30] /r
[07/06/2014 17:44:31] /i 11473
[07/06/2014 17:44:48] /attr position  1060 1060 10
[07/06/2014 17:45:14] /b JA FIQUEM ESPERTO PRA PEGA FILA
[07/06/2014 17:45:25] /i 12681,5
[07/06/2014 17:45:31] /i 12681
[07/06/2014 17:45:31] /i 12681
[07/06/2014 17:45:32] /i 12681
[07/06/2014 17:45:33] /i 12681
[07/06/2014 17:45:33] /i 12681
[07/06/2014 17:45:40] /i 12681
[07/06/2014 17:45:41] /i 12681
[07/06/2014 17:45:41] /i 12681
[07/06/2014 17:45:42] /i 12681
[07/06/2014 17:45:49] /i 12681
[07/06/2014 17:45:49] /i 12681
[07/06/2014 17:45:50] /i 12681
[07/06/2014 17:45:53] /i 12681
[07/06/2014 17:45:54] /i 12681
[07/06/2014 17:45:54] /i 12681
[07/06/2014 17:45:55] /i 12681
[07/06/2014 17:46:02] /i 12681
[07/06/2014 17:46:02] /i 12681
[07/06/2014 17:46:03] /i 12681
[07/06/2014 17:46:03] /i 12681
[07/06/2014 17:46:10] /i 12681
[07/06/2014 17:46:10] /i 12681
[07/06/2014 17:46:11] /i 12681
[07/06/2014 17:46:11] /i 12681
[07/06/2014 17:46:24] /b vai ter diamonds , boost , pokes simples e uns shines e dinheiro
[07/06/2014 17:46:30] /i 12681
[07/06/2014 17:46:30] /i 12681
[07/06/2014 17:46:31] /i 12681
[07/06/2014 17:46:31] /i 12681
[07/06/2014 17:46:32] /i 12681
[07/06/2014 17:46:41] /i 12681
[07/06/2014 17:46:42] /i 12681
[07/06/2014 17:46:42] /i 12681
[07/06/2014 17:46:43] /i 12681
[07/06/2014 17:46:43] /i 12681
[07/06/2014 17:46:43] /i 12681
[07/06/2014 17:46:53] /i 12681
[07/06/2014 17:46:54] /i 12681
[07/06/2014 17:46:54] /i 12681
[07/06/2014 17:47:00] /i 12681
[07/06/2014 17:47:00] /i 12681
[07/06/2014 17:47:00] /i 12681
[07/06/2014 17:47:05] /i 12681
[07/06/2014 17:47:06] /i 12681
[07/06/2014 17:47:06] /i 12681
[07/06/2014 17:47:13] /i 12681
[07/06/2014 17:47:13] /i 12681
[07/06/2014 17:47:13] /i 12681
[07/06/2014 17:47:14] /i 12681
[07/06/2014 17:47:22] /i 12681
[07/06/2014 17:47:22] /i 12681
[07/06/2014 17:47:23] /i 12681
[07/06/2014 17:47:23] /i 12681
[07/06/2014 17:47:31] /mc
[07/06/2014 17:47:40] /b JA DIPENSA MC SE NAO SE CHEGA AQ NA FILA É BAN
[07/06/2014 17:47:54] /b chega na hora de roda dado e tiver de mc ja toma ban ip sem brincadeiras ;D
[07/06/2014 17:47:58] /i 12681
[07/06/2014 17:47:59] /i 12681
[07/06/2014 17:47:59] /i 12681
[07/06/2014 17:47:59] /i 12681
[07/06/2014 17:48:07] /mc
[07/06/2014 17:48:20] /b nao vem com essa de lan pq ninguem vai pra lan joga ot
[07/06/2014 17:48:22] /i 12681
[07/06/2014 17:48:23] /i 12681
[07/06/2014 17:48:23] /i 12681
[07/06/2014 17:48:33] /i 12681
[07/06/2014 17:48:33] /i 12681
[07/06/2014 17:48:50] /mc
[07/06/2014 17:48:54] /mc
[07/06/2014 17:49:26] /b ja to avisando pode ser primo , irmao oq for se chega na hora e tiver de mc ja toma ban
[07/06/2014 17:49:45] /i 2160
[07/06/2014 17:49:46] /i 2160
[07/06/2014 17:49:47] /i 2160
[07/06/2014 17:49:47] /i 2160
[07/06/2014 17:50:11] /i 2160
[07/06/2014 17:50:11] /i 2160
[07/06/2014 17:50:22] /i 2160
[07/06/2014 17:50:23] /i 2160
[07/06/2014 17:50:31] /i 2160
[07/06/2014 17:50:31] /i 2160
[07/06/2014 17:51:27] /i 2160
[07/06/2014 17:51:28] /i 2160
[07/06/2014 17:51:39] /b mais 3mn eu abro
[07/06/2014 17:51:42] /i 2160
[07/06/2014 17:51:43] /i 2160
[07/06/2014 17:51:43] /i 2160
[07/06/2014 17:51:44] /i 2160
[07/06/2014 17:52:01] /i 2160
[07/06/2014 17:52:02] /i 2160
[07/06/2014 17:52:06] /i 2160
[07/06/2014 17:52:14] /i 2160
[07/06/2014 17:52:14] /i 2160
[07/06/2014 17:52:15] /i 2160
[07/06/2014 17:53:42] /i boost stone
[07/06/2014 17:53:42] /i boost stone
[07/06/2014 17:54:30] /b Opa esse evento caprichei , tem boost stones , shines bom e ruins , dinheiro e master ball
[07/06/2014 17:54:37] /b Opa esse evento caprichei , tem boost stones , shines bom e ruins , dinheiro e master ball
[07/06/2014 17:54:48] /mc
[07/06/2014 17:55:04] /r
[07/06/2014 17:55:16] /b tem bag vazia lembrando
[07/06/2014 17:55:37] /i dice
[07/06/2014 17:55:47] /b se roda o dado vai pro final da fila
[07/06/2014 17:55:50] /b se roda o dado vai pro final da fila
[07/06/2014 17:56:33] /b EVENTO NO TC , AREA DE EVENTOS DE BAG GOGO
[07/06/2014 17:56:35] /b EVENTO NO TC , AREA DE EVENTOS DE BAG GOGO
[07/06/2014 17:56:37] /b EVENTO NO TC , AREA DE EVENTOS DE BAG GOGO
[07/06/2014 17:56:39] /b EVENTO NO TC , AREA DE EVENTOS DE BAG GOGO
[07/06/2014 17:56:41] /b EVENTO NO TC , AREA DE EVENTOS DE BAG GOGO
[07/06/2014 17:56:43] /b EVENTO NO TC , AREA DE EVENTOS DE BAG GOGO
[07/06/2014 17:56:48] /b EVENTO NO TC , AREA DE EVENTOS DE BAG GOGO
[07/06/2014 17:56:49] /b EVENTO NO TC , AREA DE EVENTOS DE BAG GOGO
[07/06/2014 17:57:01] /b EVENTO NO TC , AREA DE EVENTOS DE BAG GOGO
[07/06/2014 17:57:03] /mc
[07/06/2014 17:57:20] /b EVENTO NO TC , AREA DE EVENTOS DE BAG GOGO
[07/06/2014 17:57:21] /b EVENTO NO TC , AREA DE EVENTOS DE BAG GOGO
[07/06/2014 17:57:37] /b vo começa
[07/06/2014 17:57:59] /b LEMBRANDO QUE SE ACERTA 2 NUMEROS JOGA 2X
[07/06/2014 17:58:02] /b LEMBRANDO QUE SE ACERTA 2 NUMEROS JOGA 2X
[07/06/2014 17:59:18] /b apdo cato primeira master ball
[07/06/2014 18:02:15] /mc
[07/06/2014 18:04:33] /mc
[07/06/2014 18:06:58] /town 3,Kuz Kuz
[07/06/2014 18:13:23] /b JA VOLTO 15MN
[07/06/2014 18:13:28] /b ESPEREM NOS SEUS LUGARES
[07/06/2014 18:13:31] /b rapidao
[07/06/2014 18:13:48] /b 15 a 20m , vo ali em baixo os mlke toco interfone
[07/06/2014 18:13:59] /b ja volto
[07/06/2014 18:22:25] /b voltei
[07/06/2014 18:22:41] /b fui pega minha berma da cyclone né paiii
[07/06/2014 18:22:44] /b hoje tem baile
[07/06/2014 18:22:50] /b jaquee vai ta mosntro
[07/06/2014 18:22:58] /b bora continua
[07/06/2014 18:23:42] /b EVENTO DE BAG NA SALA DE EVENTOS
[07/06/2014 18:36:14] /b coloquei 1 master ball
[07/06/2014 18:37:04] /b NESSAS 3 BAGS TEM 1 MASTER
[07/06/2014 18:37:48] /r
[07/06/2014 18:37:50] /r
[07/06/2014 18:37:51] /r
[07/06/2014 18:37:52] /r
[07/06/2014 18:38:03] /r
[07/06/2014 18:38:03] /r
[07/06/2014 18:38:04] /r
[07/06/2014 18:38:17] /b podem ir cp
[07/06/2014 18:38:19] /t
[07/06/2014 18:38:23] /b cabo evento
[07/06/2014 18:38:34] /b invasao?
[07/06/2014 18:38:41] /b vem saffron
[07/06/2014 18:39:06] /m shiny weezing
[07/06/2014 18:39:07] /m shiny weezing
[07/06/2014 18:39:15] /m shiny weezing
[07/06/2014 18:39:16] /m shiny weezing
[07/06/2014 18:39:16] /m shiny weezing
[07/06/2014 18:39:17] /m shiny weezing
[07/06/2014 18:39:17] /m shiny weezing
[07/06/2014 18:39:41] /m shiny lanturn
[07/06/2014 18:39:42] /m shiny lanturn
[07/06/2014 18:39:42] /m shiny lanturn
[07/06/2014 18:39:56] /m shiny lanturn
[07/06/2014 18:39:57] /m shiny lanturn
[07/06/2014 18:39:57] /m shiny lanturn
[07/06/2014 18:39:58] /m shiny lanturn
[07/06/2014 18:40:25] /m mew
[07/06/2014 18:40:47] /m raikou
[07/06/2014 18:41:20] /m raikou
[07/06/2014 18:41:48] /m zapdos
[07/06/2014 18:42:36] /b chega e thau ;D bom up  e catch
[07/06/2014 18:42:40] /m mewtwo
[07/06/2014 18:44:12] /b chega de invasao
[07/06/2014 18:44:36] /ghost
[07/06/2014 19:20:44] /b vo fecha o ot
[07/06/2014 19:21:05] /b quem qusier compra ele manda pm
[07/06/2014 19:21:28] /squelch
[07/06/2014 19:21:35] /b ja pode manda pm
[07/06/2014 19:22:26] /b vo fecha
[07/06/2014 19:22:29] /b abrs
[07/06/2014 19:24:10] /b vo fecha n
[07/06/2014 19:24:12] /b kk
[07/06/2014 19:24:25] /b vai fica on
[07/06/2014 19:24:54] /b amanha 10 hrs da manha o ot volta
[07/06/2014 19:24:56] /b bj
[07/06/2014 19:25:01] /save
