[24/06/2014 00:12:21] /b Está perdido? Este é o mapa do server : http://puu.sh/7iD7E.png , divirta-se caçando!
[24/06/2014 00:14:15] /b Pessoal que quer falar com o ADM, ele esta AFK no momento.
[24/06/2014 00:22:24] /b Saindo aqui pessoal, Boa noite!!!
[24/06/2014 18:17:12] /b Boa tarde pessoal ^^ !!
[24/06/2014 18:50:27] /b Saindo aqui, jaja eu volto !!!
[24/06/2014 19:40:09] /b Voltei pessoal !!!
[24/06/2014 21:08:40] /b Quem tem venom stone manda PM aquii.
[24/06/2014 21:10:12] /t Clouthy Op
[24/06/2014 21:12:36] /t Kit Pearl
[24/06/2014 21:15:18] /b +/-
[24/06/2014 21:16:33] /b senhor manda pm pra mim rapidão.
[24/06/2014 21:24:54] /t King Will
[24/06/2014 21:27:38] /t King Will
[24/06/2014 21:30:29] /t King Will
[24/06/2014 21:33:02] /t King Will
[24/06/2014 21:44:19] /t King Will
[24/06/2014 21:44:39] /b Buguei xD
[24/06/2014 21:44:54] /b Volto..
[24/06/2014 21:56:23] /b Pessoal não responde PM........
[24/06/2014 21:56:45] /t King Will
[24/06/2014 21:57:13] /b Vou sair, jaja eu volto !!
[24/06/2014 22:00:45] /b Voltei !!!!!
[25/06/2014 10:46:48] /b Mand PM se vc tiver on.
[25/06/2014 10:49:30] /t King Will
[25/06/2014 10:52:55] /t Broskovisk
[25/06/2014 10:58:56] /b Senhor, me chama pm rapido.
[25/06/2014 11:08:03] /t Boy Kiiller
[25/06/2014 11:21:53] /b SeM TRADES NO HELP, E COMENTARIOS, SO PODE DUVIDAS SOBRE O GAME.
[25/06/2014 11:25:12] /b Saindo aqui pessoal, Bom jogo a todos !!!!!
[25/06/2014 11:26:16] /b galera tenho que ir fuiss
[25/06/2014 21:47:31] /b ADM pq mudei de clan ???
[25/06/2014 21:50:09] /b Silvio, Não...
[26/06/2014 10:52:47] /t Shadown Kabal
[26/06/2014 11:03:04] /b Saindo aqui pessoal, Flws, tenha um bom jogo !!!
