[03/09/2014 20:04:19] /i essence of fire
[03/09/2014 20:04:25] /c mark
[03/09/2014 20:04:44] /i essence of fire
[03/09/2014 20:05:10] /c hugh
[03/09/2014 20:05:26] /i magmar box
[03/09/2014 20:05:29] /i magma box
[03/09/2014 20:06:51] /i essence of fire
[03/09/2014 20:07:56] /i essence of fire
[03/09/2014 20:08:54] /m charizard
[03/09/2014 20:08:55] /m charizard
[03/09/2014 20:08:55] /m charizard
[03/09/2014 20:08:56] /m charizard
[03/09/2014 20:08:56] /m charizard
[03/09/2014 20:08:57] /m charizard
[03/09/2014 20:08:57] /m charizard
[03/09/2014 20:08:58] /m charizard
[03/09/2014 20:09:15] /m charizard
[03/09/2014 20:09:15] /m charizard
[03/09/2014 20:09:15] /m charizard
[03/09/2014 20:09:16] /m charizard
[03/09/2014 20:09:16] /m charizard
[03/09/2014 20:09:16] /m charizard
[03/09/2014 20:09:17] /m charizard
[03/09/2014 20:09:17] /m charizard
[03/09/2014 20:09:17] /m charizard
[03/09/2014 20:09:18] /m charizard
[03/09/2014 20:09:18] /m charizard
[03/09/2014 20:09:37] /m dragon tooth
[03/09/2014 20:09:45] /m charizard
[03/09/2014 20:09:45] /m charizard
[03/09/2014 20:09:45] /m charizard
[03/09/2014 20:09:46] /m charizard
[03/09/2014 20:09:47] /m charizard
[03/09/2014 20:09:47] /m charizard
[03/09/2014 20:09:52] /i y-regeneration t7
[03/09/2014 20:10:02] /i revive
[03/09/2014 20:10:09] /m charizard
[03/09/2014 20:10:10] /m charizard
[03/09/2014 20:10:10] /m charizard
[03/09/2014 20:10:11] /m charizard
[03/09/2014 20:10:11] /m charizard
[03/09/2014 20:10:12] /m charizard
[03/09/2014 20:10:21] /i pot of lava
[03/09/2014 20:10:24] /m charizard
[03/09/2014 20:10:25] /m charizard
[03/09/2014 20:10:25] /m charizard
[03/09/2014 20:10:26] /m charizard
[03/09/2014 20:10:26] /m charizard
[03/09/2014 20:10:27] /m charizard
[03/09/2014 20:10:27] /m charizard
[03/09/2014 20:10:28] /m charizard
[03/09/2014 20:10:28] /m charizard
[03/09/2014 20:10:42] /m charizard
[03/09/2014 20:10:43] /m charizard
[03/09/2014 20:10:43] /m charizard
[03/09/2014 20:10:43] /m charizard
[03/09/2014 20:10:44] /m charizard
[03/09/2014 20:10:44] /m charizard
[03/09/2014 20:10:44] /m charizard
[03/09/2014 20:10:45] /m charizard
[03/09/2014 20:10:46] /m charizard
[03/09/2014 20:10:47] /m charizard
[03/09/2014 20:10:47] /m charizard
[03/09/2014 20:10:48] /m charizard
[03/09/2014 20:10:48] /m charizard
[03/09/2014 20:10:49] /m charizard
[03/09/2014 20:10:49] /m charizard
[03/09/2014 20:10:50] /m charizard
[03/09/2014 20:10:50] /m charizard
[03/09/2014 20:10:51] /m charizard
[03/09/2014 20:10:55] /m charizard
[03/09/2014 20:10:55] /m charizard
[03/09/2014 20:10:55] /m charizard
[03/09/2014 20:10:56] /m charizard
[03/09/2014 20:10:56] /m charizard
[03/09/2014 20:10:56] /m charizard
[03/09/2014 20:10:57] /m charizard
[03/09/2014 20:10:57] /m charizard
[03/09/2014 20:10:57] /m charizard
[03/09/2014 20:10:58] /m charizard
[03/09/2014 20:10:58] /m charizard
[03/09/2014 20:10:58] /m charizard
[03/09/2014 20:10:59] /m charizard
[03/09/2014 20:10:59] /m charizard
[03/09/2014 20:10:59] /m charizard
[03/09/2014 20:11:00] /m charizard
[03/09/2014 20:11:00] /m charizard
[03/09/2014 20:11:00] /m charizard
[03/09/2014 20:11:00] /m charizard
[03/09/2014 20:11:01] /m charizard
[03/09/2014 20:11:01] /m charizard
[03/09/2014 20:11:01] /m charizard
[03/09/2014 20:11:02] /m charizard
[03/09/2014 20:11:02] /m charizard
[03/09/2014 20:11:02] /m charizard
[03/09/2014 20:11:03] /m charizard
[03/09/2014 20:11:03] /m charizard
[03/09/2014 20:11:03] /m charizard
[03/09/2014 20:11:04] /m charizard
[03/09/2014 20:11:08] /i x-attack t7
[03/09/2014 20:11:28] /m charizard
[03/09/2014 20:11:28] /m charizard
[03/09/2014 20:11:29] /m charizard
[03/09/2014 20:11:29] /m charizard
[03/09/2014 20:11:29] /m charizard
[03/09/2014 20:11:30] /m charizard
[03/09/2014 20:11:30] /m charizard
[03/09/2014 20:11:30] /m charizard
[03/09/2014 20:11:30] /m charizard
[03/09/2014 20:11:31] /m charizard
[03/09/2014 20:11:31] /m charizard
[03/09/2014 20:11:31] /m charizard
[03/09/2014 20:11:32] /m charizard
[03/09/2014 20:11:32] /m charizard
[03/09/2014 20:11:33] /m charizard
[03/09/2014 20:11:33] /m charizard
[03/09/2014 20:11:33] /m charizard
[03/09/2014 20:11:34] /m charizard
[03/09/2014 20:11:34] /m charizard
[03/09/2014 20:11:35] /m charizard
[03/09/2014 20:11:35] /m charizard
[03/09/2014 20:11:35] /m charizard
[03/09/2014 20:11:37] /m charizard
[03/09/2014 20:11:38] /m charizard
[03/09/2014 20:11:38] /m charizard
[03/09/2014 20:11:38] /m charizard
[03/09/2014 20:11:39] /m charizard
[03/09/2014 20:11:39] /m charizard
[03/09/2014 20:11:40] /m charizard
[03/09/2014 20:11:40] /m charizard
[03/09/2014 20:11:40] /m charizard
[03/09/2014 20:11:41] /m charizard
[03/09/2014 20:11:41] /m charizard
[03/09/2014 20:11:41] /m charizard
[03/09/2014 20:11:42] /m charizard
[03/09/2014 20:11:42] /m charizard
[03/09/2014 20:11:43] /m charizard
[03/09/2014 20:11:43] /m charizard
[03/09/2014 20:11:43] /m charizard
[03/09/2014 20:11:44] /m charizard
[03/09/2014 20:11:44] /m charizard
[03/09/2014 20:11:44] /m charizard
[03/09/2014 20:11:45] /m charizard
[03/09/2014 20:11:45] /m charizard
[03/09/2014 20:11:45] /m charizard
[03/09/2014 20:11:46] /m charizard
[03/09/2014 20:11:46] /m charizard
[03/09/2014 20:11:47] /m charizard
[03/09/2014 20:11:47] /m charizard
[03/09/2014 20:12:21] /i pot of lava
[03/09/2014 20:16:32] /goto download
[03/09/2014 20:16:41] /goto salamence
[03/09/2014 20:16:48] /goto wailord
[03/09/2014 20:18:42] /goto explorer
[03/09/2014 20:18:55] /attr group ,6
[03/09/2014 20:19:03] /attr grounp ,6
[03/09/2014 20:19:08] /attr grup ,6
[03/09/2014 20:19:16] /r
[03/09/2014 20:19:32] /attr group ,5
[03/09/2014 20:19:50] /attr group 6
[03/09/2014 20:19:55] /r
[03/09/2014 20:20:00] /t
[03/09/2014 20:20:07] /raidgya
[03/09/2014 20:21:01] /c explorer
[03/09/2014 20:21:18] /newtype 1658
[03/09/2014 20:21:46] /newtype 1658
[03/09/2014 20:21:50] /newtype 1658
[03/09/2014 20:21:55] /newtype 1658
[03/09/2014 20:22:18] /m salamence
[03/09/2014 20:22:27] /r
[03/09/2014 20:22:39] /newtype 123 ,explorer
[03/09/2014 20:22:53] /goto explorer
[03/09/2014 20:23:43] /t
[03/09/2014 20:23:53] /t
[03/09/2014 20:24:03] /r
[03/09/2014 20:24:06] /r
[03/09/2014 20:24:10] /r
[03/09/2014 20:24:11] /r
[03/09/2014 20:24:12] /r
[03/09/2014 20:24:13] /r
[03/09/2014 20:24:14] /r
[03/09/2014 20:24:17] /t
[03/09/2014 20:24:26] /r
[03/09/2014 20:24:27] /r
[03/09/2014 20:25:11] /muted explorer ,11
[03/09/2014 20:26:05] /goto explorer
[03/09/2014 20:26:09] /r
[03/09/2014 20:26:54] /goto galie
[03/09/2014 20:27:38] /c thiagoxc
[03/09/2014 20:27:40] /c thiagoxc
[03/09/2014 20:27:46] /c thiagoxc
[03/09/2014 20:27:48] /c thiagoxc
[03/09/2014 20:28:13] /c thiagoxc
[03/09/2014 20:28:27] /c explorer
[03/09/2014 20:29:05] /goto explorer
