[31/08/2014 21:25:16] /newtype 1658
[31/08/2014 21:25:26] /newtype 1658
[31/08/2014 21:26:53] /r
[31/08/2014 21:26:55] /r 100
[31/08/2014 21:26:57] /r all
[31/08/2014 21:27:42] /c red fury
[31/08/2014 21:27:42] /attr group 1
[31/08/2014 21:27:43] /c red fury
[31/08/2014 21:27:43] /attr group 1
[31/08/2014 21:27:44] /c red fury
[31/08/2014 21:27:44] /attr group 1
[31/08/2014 21:27:44] /c red fury
[31/08/2014 21:27:45] /c red fury
[31/08/2014 21:27:46] /c red fury
[31/08/2014 21:27:46] /c red fury
[31/08/2014 21:27:46] /c red fury
[31/08/2014 21:27:47] /c red fury
[31/08/2014 21:27:47] /c red fury
[31/08/2014 21:27:47] /c red fury
[31/08/2014 21:27:47] /c red fury
[31/08/2014 21:27:47] /c red fury
[31/08/2014 21:27:47] /c red fury
[31/08/2014 21:27:47] /c red fury
[31/08/2014 21:27:47] /c red fury
[31/08/2014 21:27:47] /c red fury
[31/08/2014 21:27:47] /c red fury
[31/08/2014 21:27:47] /c red fury
[31/08/2014 21:27:47] /c red fury
[31/08/2014 21:27:47] /c red fury
[31/08/2014 21:27:47] /c red fury
[31/08/2014 21:27:47] /c red fury
[31/08/2014 21:27:47] /c red fury
[31/08/2014 21:27:47] /c red fury
[31/08/2014 21:27:48] /c red fury
[31/08/2014 21:27:48] /c red fury
[31/08/2014 21:27:48] /c red fury
[31/08/2014 21:27:48] /c red fury
[31/08/2014 21:27:48] /c red fury
[31/08/2014 21:27:48] /c red fury
[31/08/2014 21:27:48] /c red fury
[31/08/2014 21:27:48] /c red fury
[31/08/2014 21:27:48] /c red fury
[31/08/2014 21:27:48] /c red fury
[31/08/2014 21:27:48] /c red fury
[31/08/2014 21:27:48] /c red fury
[31/08/2014 21:27:48] /c red fury
[31/08/2014 21:27:48] /c red fury
[31/08/2014 21:27:48] /c red fury
[31/08/2014 21:27:48] /c red fury
[31/08/2014 21:27:48] /c red fury
[31/08/2014 21:27:48] /c red fury
[31/08/2014 21:27:48] /c red fury
[31/08/2014 21:27:48] /c red fury
[31/08/2014 21:27:48] /c red fury
[31/08/2014 21:27:48] /c red fury
[31/08/2014 21:27:48] /c red fury
[31/08/2014 21:27:48] /c red fury
[31/08/2014 21:27:48] /c red fury
[31/08/2014 21:27:48] /c red fury
[31/08/2014 21:27:49] /c red fury
[31/08/2014 21:27:49] /c red fury
[31/08/2014 21:27:49] /c red fury
[31/08/2014 21:27:49] /c red fury
[31/08/2014 21:27:49] /c red fury
[31/08/2014 21:27:49] /c red fury
[31/08/2014 21:27:49] /c red fury
[31/08/2014 21:27:49] /attr group 1
[31/08/2014 21:27:49] /attr group 1
[31/08/2014 21:27:49] /c red fury
[31/08/2014 21:27:49] /attr group 1
[31/08/2014 21:27:49] /attr group 1
[31/08/2014 21:27:49] /attr group 1
[31/08/2014 21:29:10] /r
[31/08/2014 21:36:20] /attr group 1
[31/08/2014 21:37:03] /i ultra ball
[31/08/2014 21:40:29] /c capoeira hitmontop
[31/08/2014 21:40:35] /m capoeira hitmontop
[31/08/2014 21:40:44] /m capoeira hitmontop
[31/08/2014 21:41:58] /goto red fury
[31/08/2014 21:46:14] /t
[31/08/2014 21:46:23] /c brave venusaur
[31/08/2014 21:46:25] /r
[31/08/2014 21:46:27] /r
[31/08/2014 21:46:30] /c brave charizard
[31/08/2014 21:46:33] /c capoeira hitmontop
[31/08/2014 21:46:46] /m brave venusaur
[31/08/2014 21:46:50] /r
[31/08/2014 21:46:56] /m brave charizard
[31/08/2014 21:47:15] /m Enraged Typhlosion
[31/08/2014 21:47:36] /goto charizard valley
[31/08/2014 21:47:40] /goto charizard
[31/08/2014 21:47:42] /r
[31/08/2014 21:47:45] /goto charizard
[31/08/2014 21:47:50] /r
[31/08/2014 21:47:52] /r
[31/08/2014 21:47:57] /r
[31/08/2014 21:48:01] /goto charizard
[31/08/2014 21:48:03] /town 2
[31/08/2014 21:48:04] /town 3
[31/08/2014 21:48:05] /town 4
[31/08/2014 21:48:06] /town 5
[31/08/2014 21:48:07] /town 6
[31/08/2014 21:48:07] /town 7
[31/08/2014 21:48:08] /town 8
[31/08/2014 21:48:18] /a 50
[31/08/2014 21:50:01] /goto brave charizard
[31/08/2014 21:52:20] /goto brave charizard
[31/08/2014 21:54:57] /newtype 645
[31/08/2014 21:55:47] /newtype 200
[31/08/2014 21:55:49] /newtype 202
[31/08/2014 21:55:50] /newtype 203
[31/08/2014 21:55:51] /newtype 210
[31/08/2014 21:55:52] /newtype 212
[31/08/2014 21:55:53] /newtype 213
[31/08/2014 21:55:54] /newtype 214
[31/08/2014 21:55:55] /newtype 215
[31/08/2014 21:55:56] /newtype 216
[31/08/2014 21:55:57] /newtype 217
[31/08/2014 21:55:58] /newtype 218
[31/08/2014 21:55:58] /newtype 219
[31/08/2014 21:56:00] /newtype 220
[31/08/2014 21:56:01] /newtype 223
[31/08/2014 21:56:02] /newtype 224
[31/08/2014 21:56:08] /goto elder charizard
[31/08/2014 21:56:11] /r
[31/08/2014 21:56:14] /goto elder charizard
[31/08/2014 21:56:17] /goto red fury
[31/08/2014 21:56:47] /t
[31/08/2014 21:59:26] /m zaptos
[31/08/2014 21:59:28] /m zapdos
[31/08/2014 21:59:36] /r
[31/08/2014 21:59:39] /r
[31/08/2014 21:59:45] /r
[31/08/2014 22:01:19] /r
[31/08/2014 22:01:21] /r
[31/08/2014 22:02:42] /goto elder arcanine
[31/08/2014 22:02:49] /goto red fury
[31/08/2014 22:02:51] /goto ditto
[31/08/2014 22:02:57] /r
[31/08/2014 22:03:00] /goto ditto
[31/08/2014 22:03:00] /goto ditto
[31/08/2014 22:03:02] /goto ditto
[31/08/2014 22:04:25] /goto aerodaqtly
[31/08/2014 22:04:36] /goto Aerodactyl
[31/08/2014 22:04:37] /goto Aerodactyl
[31/08/2014 22:05:04] /m ditto
[31/08/2014 22:05:04] /m ditto
[31/08/2014 22:05:05] /m ditto
[31/08/2014 22:05:05] /m ditto
[31/08/2014 22:05:06] /m ditto
[31/08/2014 22:05:06] /m ditto
[31/08/2014 22:05:06] /m ditto
[31/08/2014 22:05:18] /m ditto
[31/08/2014 22:05:19] /m ditto
[31/08/2014 22:05:19] /m ditto
[31/08/2014 22:05:19] /m ditto
[31/08/2014 22:05:20] /m ditto
[31/08/2014 22:05:20] /m ditto
[31/08/2014 22:05:21] /m ditto
[31/08/2014 22:05:30] /m ditto
[31/08/2014 22:05:30] /m ditto
[31/08/2014 22:05:31] /m ditto
[31/08/2014 22:05:32] /m ditto
[31/08/2014 22:05:33] /m ditto
[31/08/2014 22:05:33] /m ditto
[31/08/2014 22:05:46] /m ditto
[31/08/2014 22:05:47] /m ditto
[31/08/2014 22:05:47] /m ditto
[31/08/2014 22:05:47] /m ditto
[31/08/2014 22:05:48] /m ditto
[31/08/2014 22:05:48] /m ditto
[31/08/2014 22:05:48] /m ditto
[31/08/2014 22:05:48] /m ditto
[31/08/2014 22:05:49] /m ditto
[31/08/2014 22:05:49] /m ditto
[31/08/2014 22:05:49] /m ditto
[31/08/2014 22:05:49] /m ditto
[31/08/2014 22:05:50] /m ditto
[31/08/2014 22:05:50] /m ditto
[31/08/2014 22:05:50] /m ditto
[31/08/2014 22:05:50] /m ditto
[31/08/2014 22:05:51] /m ditto
[31/08/2014 22:05:51] /m ditto
[31/08/2014 22:05:52] /m ditto
[31/08/2014 22:05:52] /m ditto
[31/08/2014 22:05:52] /m ditto
[31/08/2014 22:05:53] /m ditto
[31/08/2014 22:06:07] /m ditto
[31/08/2014 22:06:08] /m ditto
[31/08/2014 22:06:08] /m ditto
[31/08/2014 22:06:08] /m ditto
[31/08/2014 22:06:08] /m ditto
[31/08/2014 22:06:09] /m ditto
[31/08/2014 22:06:09] /m ditto
[31/08/2014 22:06:09] /m ditto
[31/08/2014 22:06:09] /m ditto
[31/08/2014 22:06:09] /m ditto
[31/08/2014 22:06:10] /m ditto
[31/08/2014 22:06:10] /m ditto
[31/08/2014 22:06:10] /m ditto
[31/08/2014 22:06:10] /m ditto
[31/08/2014 22:06:11] /m ditto
[31/08/2014 22:06:11] /m ditto
[31/08/2014 22:06:12] /m ditto
[31/08/2014 22:06:12] /m ditto
[31/08/2014 22:06:12] /m ditto
[31/08/2014 22:06:12] /m ditto
[31/08/2014 22:06:13] /m ditto
[31/08/2014 22:06:13] /m ditto
[31/08/2014 22:06:13] /m ditto
[31/08/2014 22:06:13] /m ditto
[31/08/2014 22:06:14] /m ditto
[31/08/2014 22:07:06] /goto brave charizard
[31/08/2014 22:07:09] /goto brave charizard
[31/08/2014 22:41:48] /t
[31/08/2014 22:44:38] /goto brave charizard
[31/08/2014 22:46:28] /goto lava magmar
[31/08/2014 22:50:37] /goto brave charizard
[31/08/2014 22:51:59] /goto lava magmar
[31/08/2014 23:03:02] /m Shiny Giant Magikarp
[31/08/2014 23:03:07] /i dark ball
[31/08/2014 23:03:22] /i revive
[31/08/2014 23:03:23] /i revive
[31/08/2014 23:03:23] /i revive
[31/08/2014 23:11:25] /i revive
[31/08/2014 23:11:26] /i revive
[31/08/2014 23:11:26] /i revive
[31/08/2014 23:11:26] /i revive
[31/08/2014 23:11:27] /i revive
[31/08/2014 23:13:49] /r
[31/08/2014 23:14:47] /attr group 5
[31/08/2014 23:34:59] /goto Bone Marowak
[31/08/2014 23:39:14] /c chaos test
[31/08/2014 23:49:23] /m shiny sandslash
[31/08/2014 23:49:44] /r
[31/08/2014 23:49:46] /r
[31/08/2014 23:49:47] /r
[31/08/2014 23:50:26] /m shiny sandslash
[31/08/2014 23:50:34] /m shiny sandslash
[31/08/2014 23:50:35] /m shiny sandslash
[31/08/2014 23:50:35] /m shiny sandslash
[31/08/2014 23:50:35] /m shiny sandslash
[31/08/2014 23:50:35] /m shiny sandslash
[31/08/2014 23:54:53] /m bone marowak
[31/08/2014 23:54:53] /m bone marowak
[31/08/2014 23:54:53] /m bone marowak
[31/08/2014 23:54:54] /m bone marowak
[31/08/2014 23:58:38] /m furious sandslash
[31/08/2014 23:58:39] /m furious sandslash
[31/08/2014 23:58:39] /m furious sandslash
[31/08/2014 23:58:39] /m furious sandslash
[31/08/2014 23:58:40] /m furious sandslash
[31/08/2014 23:58:40] /m furious sandslash
[31/08/2014 23:58:40] /m furious sandslash
[31/08/2014 23:58:41] /m furious sandslash
[31/08/2014 23:59:55] /m furious sandslash
[31/08/2014 23:59:56] /m furious sandslash
[01/09/2014 00:15:16] /goto brute rhydon
[01/09/2014 00:19:22] /goto brute blastoise
[01/09/2014 00:19:26] /goto brave blastoise
[01/09/2014 00:20:00] /goto brute rhydon
[01/09/2014 00:47:54] /goto furious scyther
[01/09/2014 00:48:00] /goto tribal scyther
[01/09/2014 00:48:07] /goto Tribal Scyther
[01/09/2014 00:49:53] /m scizor
[01/09/2014 00:49:58] /r
[01/09/2014 00:50:03] /goto brave venusaur
[01/09/2014 00:50:08] /t
[01/09/2014 00:50:29] /t
[01/09/2014 00:50:36] /goto feartxc
[01/09/2014 00:50:37] /t
[01/09/2014 00:50:53] /t
[01/09/2014 00:51:10] /t
[01/09/2014 00:55:55] /goto feartxc
[01/09/2014 01:20:25] /t
[01/09/2014 01:20:40] /m caterpie
[01/09/2014 01:20:41] /m caterpie
[01/09/2014 01:20:41] /m caterpie
[01/09/2014 01:20:42] /m caterpie
[01/09/2014 01:20:42] /m caterpie
[01/09/2014 01:20:42] /m caterpie
[01/09/2014 01:20:42] /m caterpie
[01/09/2014 01:20:55] /m rattata
[01/09/2014 01:20:56] /m rattata
[01/09/2014 01:20:57] /m rattata
[01/09/2014 01:20:57] /m rattata
[01/09/2014 01:23:07] /m ratta
[01/09/2014 01:23:09] /m rattata
[01/09/2014 01:23:09] /m rattata
[01/09/2014 01:23:10] /m rattata
[01/09/2014 01:23:10] /m rattata
[01/09/2014 01:23:10] /m rattata
[01/09/2014 01:23:11] /m rattata
[01/09/2014 01:23:11] /m rattata
[01/09/2014 01:23:12] /m rattata
[01/09/2014 10:50:32] /goto brave venusaur
[01/09/2014 10:58:29] /newtype 1398
[01/09/2014 10:58:44] /newtype 1472
[01/09/2014 10:58:47] /newtype 1510
[01/09/2014 10:58:50] /newtype 1610
[01/09/2014 10:58:53] /newtype 2100
[01/09/2014 10:58:58] /newtype 2001
[01/09/2014 10:59:01] /newtype 1990
[01/09/2014 10:59:06] /newtype 1900
[01/09/2014 10:59:09] /newtype 1800
[01/09/2014 10:59:12] /newtype 1600
[01/09/2014 10:59:14] /newtype 1700
[01/09/2014 10:59:19] /newtype 11655
[01/09/2014 10:59:21] /newtype 1165
[01/09/2014 10:59:25] /newtype 1656
[01/09/2014 10:59:28] /newtype 1657
[01/09/2014 10:59:30] /newtype 1658
[01/09/2014 10:59:32] /newtype 1659
[01/09/2014 10:59:34] /newtype 170
[01/09/2014 10:59:37] /newtype 1700
[01/09/2014 10:59:40] /newtype 1701
[01/09/2014 10:59:43] /newtype 1699
[01/09/2014 10:59:45] /newtype 1609
[01/09/2014 10:59:48] /newtype 1700
[01/09/2014 10:59:51] /newtype 1659
[01/09/2014 10:59:53] /newtype 1658
[01/09/2014 10:59:54] /newtype 1657
[01/09/2014 10:59:56] /newtype 1656
[01/09/2014 10:59:57] /newtype 1655
[01/09/2014 10:59:58] /newtype 1654
[01/09/2014 11:00:00] /newtype 1653
[01/09/2014 11:00:00] /newtype 1652
[01/09/2014 11:00:01] /newtype 1651
[01/09/2014 11:00:03] /newtype 1650
[01/09/2014 11:00:07] /newtype 1659
[01/09/2014 11:00:09] /newtype 1660
[01/09/2014 11:00:11] /newtype 1661
[01/09/2014 11:00:13] /newtype 1661
[01/09/2014 11:01:40] /newtype 20
[01/09/2014 11:03:26] /newtype 10000
[01/09/2014 11:03:41] /newtype 600
[01/09/2014 11:03:55] /newtype 17
[01/09/2014 11:21:29] /newtype 3644587
[01/09/2014 11:21:41] /newtype 42
[01/09/2014 11:44:47] /t
[01/09/2014 11:45:02] /m abra
[01/09/2014 11:59:48] /m brave venusaur
[01/09/2014 11:59:50] /m brave venusaur
[01/09/2014 11:59:50] /m brave venusaur
[01/09/2014 12:00:08] /r
[01/09/2014 12:00:09] /r
[01/09/2014 12:00:10] /r
[01/09/2014 12:01:21] /m venusaur
[01/09/2014 12:01:28] /m brave venusaur
[01/09/2014 12:01:28] /m brave venusaur
[01/09/2014 12:01:29] /m brave venusaur
[01/09/2014 12:01:30] /m brave venusaur
[01/09/2014 12:01:30] /m brave venusaur
[01/09/2014 12:02:14] /goto venusaur
[01/09/2014 12:02:28] /t
[01/09/2014 12:07:31] /goto ancient meganiun
[01/09/2014 12:07:33] /goto ancient meganium
[01/09/2014 12:07:46] /t
[01/09/2014 12:08:21] /m brave venusaur
[01/09/2014 12:08:22] /m brave venusaur
[01/09/2014 12:08:23] /m brave venusaur
[01/09/2014 12:08:23] /m brave venusaur
[01/09/2014 12:08:23] /m brave venusaur
[01/09/2014 12:08:55] /m brave venusaur
[01/09/2014 12:08:56] /m brave venusaur
[01/09/2014 12:08:56] /m brave venusaur
[01/09/2014 12:08:56] /m brave venusaur
[01/09/2014 12:08:57] /m brave venusaur
[01/09/2014 12:09:32] /m venusaur
[01/09/2014 12:09:33] /m venusaur
[01/09/2014 12:09:33] /m venusaur
[01/09/2014 12:09:34] /m venusaur
[01/09/2014 12:10:37] /m brave venusaur
[01/09/2014 12:10:37] /m brave venusaur
[01/09/2014 12:10:38] /m brave venusaur
[01/09/2014 12:10:40] /m brave venusaur
[01/09/2014 12:23:09] /goto brave venusaur
[01/09/2014 12:24:10] /a 50
[01/09/2014 12:24:10] /a 50
[01/09/2014 12:24:12] /a 50
[01/09/2014 12:24:14] /a 50
[01/09/2014 12:24:18] /a 3
[01/09/2014 12:26:24] /goto war heracross
[01/09/2014 12:27:55] /t
[01/09/2014 12:28:13] /t
[01/09/2014 12:28:29] /t
[01/09/2014 12:29:53] /t
[01/09/2014 17:31:42] /addskill lvl,100,minero
[01/09/2014 17:31:45] /addskill lvl,100,minero
[01/09/2014 17:37:43] /goto brave charizard
[01/09/2014 17:38:29] /r
[01/09/2014 17:38:30] /r
[01/09/2014 17:38:36] /t
[01/09/2014 17:38:56] /goto chaos test
[01/09/2014 17:39:38] /t
[01/09/2014 17:56:54] /m rattata
[01/09/2014 17:56:55] /m rattata
[01/09/2014 17:56:55] /m rattata
[01/09/2014 17:56:56] /m rattata
[01/09/2014 17:56:57] /m rattata
[01/09/2014 17:56:57] /m rattata
[01/09/2014 18:00:58] /i medicine
[01/09/2014 18:00:59] /i medicine
[01/09/2014 18:00:59] /i medicine
[01/09/2014 18:01:26] /t
[01/09/2014 18:01:38] /m brave charizard
[01/09/2014 18:25:50] /m rattata
[01/09/2014 18:28:50] /m rattata
[01/09/2014 18:28:53] /m wedle
[01/09/2014 18:28:56] /m caterpie
[01/09/2014 18:29:22] /m brave venusaur
[01/09/2014 18:34:04] /m brave venusaur
[01/09/2014 18:34:06] /m caterpie
[01/09/2014 18:50:08] /m brave venusaur
[01/09/2014 18:54:25] /m caterpie
[01/09/2014 18:54:47] /m caterpie
[01/09/2014 18:58:33] /m caterpie
[01/09/2014 18:59:10] /m brave venusaur
[01/09/2014 18:59:28] /r
[01/09/2014 19:02:26] /m brave venusaur
[01/09/2014 19:02:27] /m brave venusaur
[01/09/2014 19:02:27] /m brave venusaur
[01/09/2014 19:02:27] /m brave venusaur
[01/09/2014 19:02:28] /m brave venusaur
[01/09/2014 19:02:28] /m brave venusaur
[01/09/2014 19:02:28] /m brave venusaur
[01/09/2014 19:23:38] /m milk-miltank
[01/09/2014 19:29:27] /c cone
[01/09/2014 19:31:02] /t
[01/09/2014 19:34:39] /goto cone
[01/09/2014 19:37:49] /t
[01/09/2014 19:37:51] /c cone
[01/09/2014 19:37:55] /m brave blastoise
[01/09/2014 19:37:56] /m brave blastoise
[01/09/2014 19:37:56] /m brave blastoise
[01/09/2014 19:40:06] /r
[01/09/2014 19:40:07] /r
[01/09/2014 19:40:11] /r
[01/09/2014 19:40:14] /r
[01/09/2014 19:40:18] /m brave blastoise
[01/09/2014 19:40:19] /m brave blastoise
[01/09/2014 19:40:20] /m brave blastoise
[01/09/2014 19:40:38] /r
[01/09/2014 19:40:40] /r
[01/09/2014 19:40:43] /r
[01/09/2014 19:40:44] /r
[01/09/2014 19:41:05] /m brave blastoise
[01/09/2014 19:41:06] /m brave blastoise
[01/09/2014 19:41:09] /m brave blastoise
[01/09/2014 19:41:09] /m brave blastoise
[01/09/2014 19:41:10] /m brave blastoise
[01/09/2014 19:41:12] /m brave blastoise
[01/09/2014 19:41:13] /m brave blastoise
[01/09/2014 19:41:14] /m brave blastoise
[01/09/2014 19:41:38] /m brave blastoise
[01/09/2014 19:41:39] /m brave blastoise
[01/09/2014 19:41:40] /m brave blastoise
[01/09/2014 19:41:42] /m brave blastoise
[01/09/2014 19:41:43] /m brave blastoise
[01/09/2014 19:53:16] /m rattata
[01/09/2014 19:55:42] /m venusaur
[01/09/2014 20:04:22] /m brave blastose
[01/09/2014 20:04:25] /m brave blastoise
[01/09/2014 20:08:08] /m shiny muk
[01/09/2014 20:08:48] /m venusaur
[01/09/2014 20:08:50] /m venusaur
[01/09/2014 20:08:50] /m venusaur
[01/09/2014 20:08:50] /m venusaur
[01/09/2014 20:08:51] /m venusaur
[01/09/2014 20:08:52] /m venusaur
[01/09/2014 20:08:57] /m venusaur
[01/09/2014 20:08:58] /m venusaur
[01/09/2014 20:08:58] /m venusaur
[01/09/2014 20:08:59] /m venusaur
[01/09/2014 20:08:59] /m venusaur
[01/09/2014 20:09:07] /r
[01/09/2014 20:09:27] /c cone
[01/09/2014 20:09:40] /m venusaur
[01/09/2014 20:09:40] /m venusaur
[01/09/2014 20:09:41] /m venusaur
[01/09/2014 20:09:41] /m venusaur
[01/09/2014 20:09:41] /m venusaur
[01/09/2014 20:10:31] /m brave blastoise
[01/09/2014 20:10:32] /m brave blastoise
[01/09/2014 20:13:54] /goto magnetic electabuzz
[01/09/2014 20:16:58] /m Undefeated Machamp
[01/09/2014 20:54:44] /r
[01/09/2014 21:01:44] /goto tribal scyther
[01/09/2014 21:01:53] /m tribal scyther
[01/09/2014 21:01:57] /m furious scyther
[01/09/2014 21:02:00] /r
[01/09/2014 21:02:37] /goto elder muk
[01/09/2014 21:02:51] /goto elder charizard
[01/09/2014 21:02:54] /r
[01/09/2014 21:02:57] /goto elder charizard
[01/09/2014 21:02:59] /r
[01/09/2014 21:03:02] /goto elder charizard
[01/09/2014 21:03:04] /r
[01/09/2014 21:03:06] /goto elder charizard
[01/09/2014 21:03:08] /r
[01/09/2014 21:03:09] /goto elder charizard
[01/09/2014 21:03:11] /r
[01/09/2014 21:03:13] /goto elder charizard
[01/09/2014 21:03:15] /r
[01/09/2014 21:03:16] /goto elder charizard
[01/09/2014 21:03:54] /m Metal Skarmory
[01/09/2014 21:04:38] /goto elder venusaur
[01/09/2014 21:04:48] /goto Elder Venusaur
[01/09/2014 21:04:55] /goto Elder Jynx
[01/09/2014 21:06:52] /t
[01/09/2014 21:33:43] /town 2
[01/09/2014 21:33:44] /town 3
[01/09/2014 21:33:45] /town 4
[01/09/2014 21:35:51] /t
[01/09/2014 21:36:34] /goto cone
[01/09/2014 21:36:52] /c cone
[01/09/2014 21:37:20] /town 2
[01/09/2014 21:38:18] /town 5
[01/09/2014 21:43:46] /t
[01/09/2014 21:43:57] /town
[01/09/2014 21:43:59] /town 2
[01/09/2014 21:44:03] /c cone
[01/09/2014 21:44:40] /i x-return t1
[01/09/2014 21:44:42] /i x-return t2
[01/09/2014 21:44:42] /i x-return t3
[01/09/2014 21:44:43] /i x-return t4
[01/09/2014 21:44:44] /i x-return t5
[01/09/2014 21:44:45] /i x-return t6
[01/09/2014 21:44:46] /i x-return t7
[01/09/2014 21:46:40] /i x-return t2
[01/09/2014 21:46:42] /i x-return t6
[01/09/2014 21:46:43] /i x-return t7
[01/09/2014 22:11:51] /town 6
[01/09/2014 22:11:52] /town 8
[01/09/2014 22:11:53] /town 9
[01/09/2014 22:11:54] /town 10
[01/09/2014 22:11:56] /town 11
[01/09/2014 22:11:57] /town 13
[01/09/2014 22:11:59] /town 4
[01/09/2014 22:14:28] /up
[01/09/2014 22:14:30] /up
[01/09/2014 22:14:36] /down
[01/09/2014 22:19:29] /m shiny onix
[01/09/2014 22:19:30] /m shiny onix
[01/09/2014 22:19:30] /m shiny onix
[01/09/2014 22:19:31] /m shiny onix
[01/09/2014 22:19:31] /m shiny onix
[01/09/2014 22:19:32] /m shiny onix
[01/09/2014 22:19:33] /m shiny onix
[01/09/2014 22:19:34] /m shiny onix
[01/09/2014 22:20:20] /m shiny onix
[01/09/2014 22:20:21] /m shiny onix
[01/09/2014 22:20:22] /m shiny onix
[01/09/2014 22:20:22] /m shiny onix
[01/09/2014 22:20:23] /m shiny onix
[01/09/2014 22:20:23] /m shiny onix
[01/09/2014 22:20:24] /m shiny onix
[01/09/2014 22:20:24] /m shiny onix
[01/09/2014 22:21:21] /m shiny onix
[01/09/2014 22:21:21] /m shiny onix
[01/09/2014 22:21:22] /m shiny onix
[01/09/2014 22:21:22] /m shiny onix
[01/09/2014 22:21:23] /m shiny onix
[01/09/2014 22:21:23] /m shiny onix
[01/09/2014 22:21:24] /m shiny onix
[01/09/2014 22:21:24] /m shiny onix
[01/09/2014 22:22:32] /m shiny oni
[01/09/2014 22:22:33] /m shiny onix
[01/09/2014 22:22:33] /m shiny onix
[01/09/2014 22:22:34] /m shiny onix
[01/09/2014 22:22:34] /m shiny onix
[01/09/2014 22:22:35] /m shiny onix
[01/09/2014 22:22:35] /m shiny onix
[01/09/2014 22:22:35] /m shiny onix
[01/09/2014 22:22:36] /m shiny onix
[01/09/2014 22:22:37] /m shiny onix
[01/09/2014 22:22:38] /m shiny onix
[01/09/2014 22:22:38] /m shiny onix
[01/09/2014 22:22:39] /m shiny onix
[01/09/2014 22:22:39] /m shiny onix
[01/09/2014 22:22:42] /m shiny onix
[01/09/2014 22:22:42] /m shiny onix
[01/09/2014 22:22:42] /m shiny onix
[01/09/2014 22:22:43] /m shiny onix
[01/09/2014 22:22:43] /m shiny onix
[01/09/2014 22:22:43] /m shiny onix
[01/09/2014 22:22:44] /m shiny onix
[01/09/2014 22:22:44] /m shiny onix
[01/09/2014 22:22:44] /m shiny onix
[01/09/2014 22:22:47] /m shiny onix
[01/09/2014 22:22:47] /m shiny onix
[01/09/2014 22:22:48] /m shiny onix
[01/09/2014 22:22:48] /m shiny onix
[01/09/2014 22:22:49] /m shiny onix
[01/09/2014 22:22:50] /m shiny onix
[01/09/2014 22:22:50] /m shiny onix
[01/09/2014 22:22:51] /m shiny onix
[01/09/2014 22:22:51] /m shiny onix
[01/09/2014 22:22:52] /m shiny onix
[01/09/2014 22:22:53] /m shiny onix
[01/09/2014 22:24:01] /i ultra ball
[01/09/2014 22:24:02] /i ultra ball
[01/09/2014 22:24:02] /i ultra ball
[01/09/2014 22:24:18] /m shiny onix
[01/09/2014 22:24:19] /m shiny onix
[01/09/2014 22:24:21] /m shiny onix
[01/09/2014 22:24:22] /m shiny onix
[01/09/2014 22:24:22] /m shiny onix
[01/09/2014 22:24:23] /m shiny onix
[01/09/2014 22:24:23] /m shiny onix
[01/09/2014 22:24:23] /m shiny onix
[01/09/2014 22:24:24] /m shiny onix
[01/09/2014 22:24:24] /m shiny onix
[01/09/2014 22:24:24] /m shiny onix
[01/09/2014 22:24:25] /m shiny onix
[01/09/2014 22:24:25] /m shiny onix
[01/09/2014 22:24:25] /m shiny onix
[01/09/2014 22:24:26] /m shiny onix
[01/09/2014 22:24:26] /m shiny onix
[01/09/2014 22:24:26] /m shiny onix
[01/09/2014 22:24:27] /m shiny onix
[01/09/2014 22:24:27] /m shiny onix
[01/09/2014 22:24:27] /m shiny onix
[01/09/2014 22:24:28] /m shiny onix
[01/09/2014 22:24:28] /m shiny onix
[01/09/2014 22:24:28] /m shiny onix
[01/09/2014 22:24:29] /m shiny onix
[01/09/2014 22:24:29] /m shiny onix
[01/09/2014 22:24:30] /m shiny onix
[01/09/2014 22:24:30] /m shiny onix
[01/09/2014 22:27:31] /m shiny onix
[01/09/2014 22:27:31] /m shiny onix
[01/09/2014 22:27:32] /m shiny onix
[01/09/2014 22:27:32] /m shiny onix
[01/09/2014 22:27:33] /m shiny onix
[01/09/2014 22:27:33] /m shiny onix
[01/09/2014 22:27:34] /m shiny onix
[01/09/2014 22:27:34] /m shiny onix
[01/09/2014 22:27:34] /m shiny onix
[01/09/2014 22:27:35] /m shiny onix
[01/09/2014 22:27:35] /m shiny onix
[01/09/2014 22:27:35] /m shiny onix
[01/09/2014 22:27:36] /m shiny onix
[01/09/2014 22:27:36] /m shiny onix
[01/09/2014 22:27:37] /m shiny onix
[01/09/2014 22:27:37] /m shiny onix
[01/09/2014 22:27:37] /m shiny onix
[01/09/2014 22:27:38] /m shiny onix
[01/09/2014 22:28:06] /m shiny onix
[01/09/2014 22:28:07] /m shiny onix
[01/09/2014 22:28:07] /m shiny onix
[01/09/2014 22:28:07] /m shiny onix
[01/09/2014 22:28:08] /m shiny onix
[01/09/2014 22:28:08] /m shiny onix
[01/09/2014 22:28:09] /m shiny onix
[01/09/2014 22:28:09] /m shiny onix
[01/09/2014 22:28:09] /m shiny onix
[01/09/2014 22:28:10] /m shiny onix
[01/09/2014 22:28:10] /m shiny onix
[01/09/2014 22:28:10] /m shiny onix
[01/09/2014 22:28:11] /m shiny onix
[01/09/2014 22:28:11] /m shiny onix
[01/09/2014 22:28:11] /m shiny onix
[01/09/2014 22:28:12] /m shiny onix
[01/09/2014 22:28:12] /m shiny onix
[01/09/2014 22:28:12] /m shiny onix
[01/09/2014 22:28:13] /m shiny onix
[01/09/2014 22:28:13] /m shiny onix
[01/09/2014 22:28:13] /m shiny onix
[01/09/2014 22:28:14] /m shiny onix
[01/09/2014 22:28:14] /m shiny onix
[01/09/2014 22:28:14] /m shiny onix
[01/09/2014 22:28:15] /m shiny onix
[01/09/2014 22:28:15] /m shiny onix
[01/09/2014 22:28:16] /m shiny onix
[01/09/2014 22:28:16] /m shiny onix
[01/09/2014 22:28:16] /m shiny onix
[01/09/2014 22:28:16] /m shiny onix
[01/09/2014 22:28:17] /m shiny onix
[01/09/2014 22:28:17] /m shiny onix
[01/09/2014 22:28:17] /m shiny onix
[01/09/2014 22:28:18] /m shiny onix
[01/09/2014 22:28:18] /m shiny onix
[01/09/2014 22:28:18] /m shiny onix
[01/09/2014 22:29:36] /m shiny onix
[01/09/2014 22:29:37] /m shiny onix
[01/09/2014 22:29:37] /m shiny onix
[01/09/2014 22:29:38] /m shiny onix
[01/09/2014 22:29:38] /m shiny onix
[01/09/2014 22:29:38] /m shiny onix
[01/09/2014 22:29:38] /m shiny onix
[01/09/2014 22:29:39] /m shiny onix
[01/09/2014 22:29:39] /m shiny onix
[01/09/2014 22:29:39] /m shiny onix
[01/09/2014 22:29:40] /m shiny onix
[01/09/2014 22:29:40] /m shiny onix
[01/09/2014 22:29:41] /m shiny onix
[01/09/2014 22:29:41] /m shiny onix
[01/09/2014 22:29:41] /m shiny onix
[01/09/2014 22:29:41] /m shiny onix
[01/09/2014 22:29:42] /m shiny onix
[01/09/2014 22:29:42] /m shiny onix
[01/09/2014 22:29:42] /m shiny onix
[01/09/2014 22:29:43] /m shiny onix
[01/09/2014 22:29:43] /m shiny onix
[01/09/2014 22:29:43] /m shiny onix
[01/09/2014 22:29:44] /m shiny onix
[01/09/2014 22:32:46] /m shiny pinsir
[01/09/2014 22:32:47] /m shiny pinsir
[01/09/2014 22:32:48] /m shiny pinsir
[01/09/2014 22:32:48] /m shiny pinsir
[01/09/2014 22:32:49] /m shiny pinsir
[01/09/2014 22:32:49] /m shiny pinsir
[01/09/2014 22:32:50] /m shiny pinsir
[01/09/2014 22:32:50] /m shiny pinsir
[01/09/2014 22:32:51] /m shiny pinsir
[01/09/2014 22:32:51] /m shiny pinsir
[01/09/2014 22:32:52] /m shiny pinsir
[01/09/2014 22:32:52] /m shiny pinsir
[01/09/2014 22:32:53] /m shiny pinsir
[01/09/2014 22:32:53] /m shiny pinsir
[01/09/2014 22:32:53] /m shiny pinsir
[01/09/2014 22:32:54] /m shiny pinsir
[01/09/2014 22:32:54] /m shiny pinsir
[01/09/2014 22:32:55] /m shiny pinsir
[01/09/2014 22:33:06] /i x-attack t7
[01/09/2014 22:33:13] /i y-regeneration t7
[01/09/2014 22:33:40] /m shiny pinsir
[01/09/2014 22:33:41] /m shiny pinsir
[01/09/2014 22:33:41] /m shiny pinsir
[01/09/2014 22:33:41] /m shiny pinsir
[01/09/2014 22:33:41] /m shiny pinsir
[01/09/2014 22:33:41] /m shiny pinsir
[01/09/2014 22:33:41] /m shiny pinsir
[01/09/2014 22:33:41] /m shiny pinsir
[01/09/2014 22:33:41] /m shiny pinsir
[01/09/2014 22:33:41] /m shiny pinsir
[01/09/2014 22:33:41] /m shiny pinsir
[01/09/2014 22:33:41] /m shiny pinsir
[01/09/2014 22:33:41] /m shiny pinsir
[01/09/2014 22:33:53] /m shiny pinsir
[01/09/2014 22:33:54] /m shiny pinsir
[01/09/2014 22:33:54] /m shiny pinsir
[01/09/2014 22:34:01] /m shiny pinsir
[01/09/2014 22:34:02] /m shiny pinsir
[01/09/2014 22:34:02] /m shiny pinsir
[01/09/2014 22:34:02] /m shiny pinsir
[01/09/2014 22:34:02] /m shiny pinsir
[01/09/2014 22:34:15] /m shiny pinsir
[01/09/2014 22:34:18] /m shiny pinsir
[01/09/2014 22:34:18] /m shiny pinsir
[01/09/2014 22:34:18] /m shiny pinsir
[01/09/2014 22:34:18] /m shiny pinsir
[01/09/2014 22:34:19] /m shiny pinsir
[01/09/2014 22:34:19] /m shiny pinsir
[01/09/2014 22:34:19] /m shiny pinsir
[01/09/2014 22:34:19] /m shiny pinsir
[01/09/2014 22:34:19] /m shiny pinsir
[01/09/2014 22:34:19] /m shiny pinsir
[01/09/2014 22:34:19] /m shiny pinsir
[01/09/2014 22:34:33] /m shiny pinsir
[01/09/2014 22:34:34] /m shiny pinsir
[01/09/2014 22:34:34] /m shiny pinsir
[01/09/2014 22:34:34] /m shiny pinsir
[01/09/2014 22:34:34] /m shiny pinsir
[01/09/2014 22:34:34] /m shiny pinsir
[01/09/2014 22:34:34] /m shiny pinsir
[01/09/2014 22:34:34] /m shiny pinsir
[01/09/2014 22:34:34] /m shiny pinsir
[01/09/2014 22:34:34] /m shiny pinsir
[01/09/2014 22:34:34] /m shiny pinsir
[01/09/2014 22:34:34] /m shiny pinsir
[01/09/2014 22:34:34] /m shiny pinsir
[01/09/2014 22:34:34] /m shiny pinsir
[01/09/2014 22:34:35] /m shiny pinsir
[01/09/2014 22:34:35] /m shiny pinsir
[01/09/2014 22:34:35] /m shiny pinsir
[01/09/2014 22:34:35] /m shiny pinsir
[01/09/2014 22:34:35] /m shiny pinsir
[01/09/2014 22:34:35] /m shiny pinsir
[01/09/2014 22:34:35] /m shiny pinsir
[01/09/2014 22:34:35] /m shiny pinsir
[01/09/2014 22:34:35] /m shiny pinsir
[01/09/2014 22:34:35] /m shiny pinsir
[01/09/2014 22:34:35] /m shiny pinsir
[01/09/2014 22:34:35] /m shiny pinsir
[01/09/2014 22:34:35] /m shiny pinsir
[01/09/2014 22:34:35] /m shiny pinsir
[01/09/2014 22:34:35] /m shiny pinsir
[01/09/2014 22:34:35] /m shiny pinsir
[01/09/2014 22:34:35] /m shiny pinsir
[01/09/2014 22:34:35] /m shiny pinsir
[01/09/2014 22:34:35] /m shiny pinsir
[01/09/2014 22:34:35] /m shiny pinsir
[01/09/2014 22:34:36] /m shiny pinsir
[01/09/2014 22:34:36] /m shiny pinsir
[01/09/2014 22:34:36] /m shiny pinsir
[01/09/2014 22:34:36] /m shiny pinsir
[01/09/2014 22:34:36] /m shiny pinsir
[01/09/2014 22:34:36] /m shiny pinsir
[01/09/2014 22:34:36] /m shiny pinsir
[01/09/2014 22:34:36] /m shiny pinsir
[01/09/2014 22:34:36] /m shiny pinsir
[01/09/2014 22:34:36] /m shiny pinsir
[01/09/2014 22:34:36] /m shiny pinsir
[01/09/2014 22:34:36] /m shiny pinsir
[01/09/2014 22:34:36] /m shiny pinsir
[01/09/2014 22:34:36] /m shiny pinsir
[01/09/2014 22:34:36] /m shiny pinsir
[01/09/2014 22:34:36] /m shiny pinsir
[01/09/2014 22:34:36] /m shiny pinsir
[01/09/2014 22:34:58] /m shiny pinsir
[01/09/2014 22:34:59] /m shiny pinsir
[01/09/2014 22:34:59] /m shiny pinsir
[01/09/2014 22:34:59] /m shiny pinsir
[01/09/2014 22:34:59] /m shiny pinsir
[01/09/2014 22:34:59] /m shiny pinsir
[01/09/2014 22:34:59] /m shiny pinsir
[01/09/2014 22:34:59] /m shiny pinsir
[01/09/2014 22:34:59] /m shiny pinsir
[01/09/2014 22:35:09] /m shiny pinsir
[01/09/2014 22:35:09] /m shiny pinsir
[01/09/2014 22:35:09] /m shiny pinsir
[01/09/2014 22:35:10] /m shiny pinsir
[01/09/2014 22:35:10] /m shiny pinsir
[01/09/2014 22:35:19] /m shiny pinsir
[01/09/2014 22:35:19] /m shiny pinsir
[01/09/2014 22:35:19] /m shiny pinsir
[01/09/2014 22:35:20] /m shiny pinsir
[01/09/2014 22:35:20] /m shiny pinsir
[01/09/2014 22:35:20] /m shiny pinsir
[01/09/2014 22:35:20] /m shiny pinsir
[01/09/2014 22:35:20] /m shiny pinsir
[01/09/2014 22:35:46] /m shiny pinsir
[01/09/2014 22:35:47] /m shiny pinsir
[01/09/2014 22:35:47] /m shiny pinsir
[01/09/2014 22:35:47] /m shiny pinsir
[01/09/2014 22:35:47] /m shiny pinsir
[01/09/2014 22:35:47] /m shiny pinsir
[01/09/2014 22:35:47] /m shiny pinsir
[01/09/2014 22:35:47] /m shiny pinsir
[01/09/2014 22:35:47] /m shiny pinsir
[01/09/2014 22:35:47] /m shiny pinsir
[01/09/2014 22:35:47] /m shiny pinsir
[01/09/2014 22:35:47] /m shiny pinsir
[01/09/2014 22:35:47] /m shiny pinsir
[01/09/2014 22:35:48] /m shiny pinsir
[01/09/2014 22:35:48] /m shiny pinsir
[01/09/2014 22:35:48] /m shiny pinsir
[01/09/2014 22:35:48] /m shiny pinsir
[01/09/2014 22:35:48] /m shiny pinsir
[01/09/2014 22:35:48] /m shiny pinsir
[01/09/2014 22:35:48] /m shiny pinsir
[01/09/2014 22:35:48] /m shiny pinsir
[01/09/2014 22:35:48] /m shiny pinsir
[01/09/2014 22:35:48] /m shiny pinsir
[01/09/2014 22:35:48] /m shiny pinsir
[01/09/2014 22:35:48] /m shiny pinsir
[01/09/2014 22:35:48] /m shiny pinsir
[01/09/2014 22:35:48] /m shiny pinsir
[01/09/2014 22:35:48] /m shiny pinsir
[01/09/2014 22:35:48] /m shiny pinsir
[01/09/2014 22:35:48] /m shiny pinsir
[01/09/2014 22:35:48] /m shiny pinsir
[01/09/2014 22:35:48] /m shiny pinsir
[01/09/2014 22:35:48] /m shiny pinsir
[01/09/2014 22:35:48] /m shiny pinsir
[01/09/2014 22:35:48] /m shiny pinsir
[01/09/2014 22:35:48] /m shiny pinsir
[01/09/2014 22:35:48] /m shiny pinsir
[01/09/2014 22:35:48] /m shiny pinsir
[01/09/2014 22:35:49] /m shiny pinsir
[01/09/2014 22:35:49] /m shiny pinsir
[01/09/2014 22:35:49] /m shiny pinsir
[01/09/2014 22:35:49] /m shiny pinsir
[01/09/2014 22:35:49] /m shiny pinsir
[01/09/2014 22:35:49] /m shiny pinsir
[01/09/2014 22:35:49] /m shiny pinsir
[01/09/2014 22:35:49] /m shiny pinsir
[01/09/2014 22:35:49] /m shiny pinsir
[01/09/2014 22:35:49] /m shiny pinsir
[01/09/2014 22:35:49] /m shiny pinsir
[01/09/2014 22:35:49] /m shiny pinsir
[01/09/2014 22:35:49] /m shiny pinsir
[01/09/2014 22:35:49] /m shiny pinsir
[01/09/2014 22:35:49] /m shiny pinsir
[01/09/2014 22:35:49] /m shiny pinsir
[01/09/2014 22:35:49] /m shiny pinsir
[01/09/2014 22:36:22] /m shiny pinsir
[01/09/2014 22:36:22] /m shiny pinsir
[01/09/2014 22:36:22] /m shiny pinsir
[01/09/2014 22:36:22] /m shiny pinsir
[01/09/2014 22:36:22] /m shiny pinsir
[01/09/2014 22:36:22] /m shiny pinsir
[01/09/2014 22:36:22] /m shiny pinsir
[01/09/2014 22:36:22] /m shiny pinsir
[01/09/2014 22:36:23] /m shiny pinsir
[01/09/2014 22:36:23] /m shiny pinsir
[01/09/2014 22:36:23] /m shiny pinsir
[01/09/2014 22:36:23] /m shiny pinsir
[01/09/2014 22:41:05] /m shiny giant magikarp
[01/09/2014 22:41:06] /m shiny giant magikarp
[01/09/2014 22:41:06] /m shiny giant magikarp
[01/09/2014 22:41:07] /m shiny giant magikarp
[01/09/2014 22:41:07] /m shiny giant magikarp
[01/09/2014 22:41:08] /m shiny giant magikarp
[01/09/2014 22:41:10] /m shiny giant magikarp
[01/09/2014 22:41:11] /m shiny giant magikarp
[01/09/2014 22:41:12] /m shiny giant magikarp
[01/09/2014 22:41:12] /m shiny giant magikarp
[01/09/2014 22:41:13] /m shiny giant magikarp
[01/09/2014 22:41:14] /m shiny giant magikarp
[01/09/2014 22:41:24] /m shiny giant magikarp
[01/09/2014 22:41:32] /m shiny giant magikarp
[01/09/2014 22:41:56] /m shiny farfetch'd
[01/09/2014 22:41:56] /m shiny farfetch'd
[01/09/2014 22:41:56] /m shiny farfetch'd
[01/09/2014 22:41:56] /m shiny farfetch'd
[01/09/2014 22:41:56] /m shiny farfetch'd
[01/09/2014 22:41:57] /m shiny farfetch'd
[01/09/2014 22:41:58] /m shiny farfetch'd
[01/09/2014 22:42:04] /m shiny farfetch'd
[01/09/2014 22:42:10] /m shiny farfetch'd
[01/09/2014 22:42:11] /m shiny farfetch'd
[01/09/2014 22:42:11] /m shiny farfetch'd
[01/09/2014 22:42:13] /m shiny farfetch'd
[01/09/2014 22:42:13] /m shiny farfetch'd
[01/09/2014 22:42:14] /m shiny farfetch'd
[01/09/2014 22:42:14] /m shiny farfetch'd
[01/09/2014 22:42:31] /m shiny  venusaur
[01/09/2014 22:42:38] /m shiny venusaur
[01/09/2014 22:42:38] /m shiny venusaur
[01/09/2014 22:42:39] /m shiny venusaur
[01/09/2014 22:42:39] /m shiny venusaur
[01/09/2014 22:42:39] /m shiny venusaur
[01/09/2014 22:42:39] /m shiny venusaur
[01/09/2014 22:42:39] /m shiny venusaur
[01/09/2014 22:42:54] /m shiny venusaur
[01/09/2014 22:42:55] /m shiny venusaur
[01/09/2014 22:42:55] /m shiny venusaur
[01/09/2014 22:42:55] /m shiny venusaur
[01/09/2014 22:42:55] /m shiny venusaur
[01/09/2014 22:42:55] /m shiny venusaur
[01/09/2014 22:42:56] /m shiny venusaur
[01/09/2014 22:43:16] /m shiny venusaur
[01/09/2014 22:43:17] /m shiny venusaur
[01/09/2014 22:43:17] /m shiny venusaur
[01/09/2014 22:43:17] /m shiny venusaur
[01/09/2014 22:43:17] /m shiny venusaur
[01/09/2014 22:43:27] /m shiny venusaur
[01/09/2014 22:43:27] /m shiny venusaur
[01/09/2014 22:43:28] /m shiny venusaur
[01/09/2014 22:43:28] /m shiny venusaur
[01/09/2014 22:43:28] /m shiny venusaur
[01/09/2014 22:43:42] /m shiny venusaur
[01/09/2014 22:43:42] /m shiny venusaur
[01/09/2014 22:43:42] /m shiny venusaur
[01/09/2014 22:43:43] /m shiny venusaur
[01/09/2014 22:43:43] /m shiny venusaur
[01/09/2014 22:43:43] /m shiny venusaur
[01/09/2014 22:43:57] /m shiny venusaur
[01/09/2014 22:43:58] /m shiny venusaur
[01/09/2014 22:43:58] /m shiny venusaur
[01/09/2014 22:43:58] /m shiny venusaur
[01/09/2014 22:43:58] /m shiny venusaur
[01/09/2014 22:43:58] /m shiny venusaur
[01/09/2014 22:43:58] /m shiny venusaur
[01/09/2014 22:43:58] /m shiny venusaur
[01/09/2014 22:43:58] /m shiny venusaur
[01/09/2014 22:43:58] /m shiny venusaur
[01/09/2014 22:43:58] /m shiny venusaur
[01/09/2014 22:43:58] /m shiny venusaur
[01/09/2014 22:43:58] /m shiny venusaur
[01/09/2014 22:43:58] /m shiny venusaur
[01/09/2014 22:43:58] /m shiny venusaur
[01/09/2014 22:44:13] /m shiny venusaur
[01/09/2014 22:44:14] /m shiny venusaur
[01/09/2014 22:44:14] /m shiny venusaur
[01/09/2014 22:44:14] /m shiny venusaur
[01/09/2014 22:44:14] /m shiny venusaur
[01/09/2014 22:44:14] /m shiny venusaur
[01/09/2014 22:44:14] /m shiny venusaur
[01/09/2014 22:44:14] /m shiny venusaur
[01/09/2014 22:44:14] /m shiny venusaur
[01/09/2014 22:44:14] /m shiny venusaur
[01/09/2014 22:44:14] /m shiny venusaur
[01/09/2014 22:44:14] /m shiny venusaur
[01/09/2014 22:44:14] /m shiny venusaur
[01/09/2014 22:44:31] /m shiny venusaur
[01/09/2014 22:44:31] /m shiny venusaur
[01/09/2014 22:44:31] /m shiny venusaur
[01/09/2014 22:44:31] /m shiny venusaur
[01/09/2014 22:44:31] /m shiny venusaur
[01/09/2014 22:44:31] /m shiny venusaur
[01/09/2014 22:44:31] /m shiny venusaur
[01/09/2014 22:44:31] /m shiny venusaur
[01/09/2014 22:44:31] /m shiny venusaur
[01/09/2014 22:44:32] /m shiny venusaur
[01/09/2014 22:44:32] /m shiny venusaur
[01/09/2014 22:44:32] /m shiny venusaur
[01/09/2014 22:44:32] /m shiny venusaur
[01/09/2014 22:44:32] /m shiny venusaur
[01/09/2014 22:44:42] /i ultra ball
[01/09/2014 22:44:43] /i ultra ball
[01/09/2014 22:44:43] /i ultra ball
[01/09/2014 22:44:44] /i ultra ball
[01/09/2014 22:44:44] /m shiny venusaur
[01/09/2014 22:44:45] /m shiny venusaur
[01/09/2014 22:44:46] /m shiny venusaur
[01/09/2014 22:44:46] /m shiny venusaur
[01/09/2014 22:44:46] /m shiny venusaur
[01/09/2014 22:44:58] /m shiny venusaur
[01/09/2014 22:44:58] /m shiny venusaur
[01/09/2014 22:44:59] /m shiny venusaur
[01/09/2014 22:44:59] /m shiny venusaur
[01/09/2014 22:44:59] /m shiny venusaur
[01/09/2014 22:44:59] /m shiny venusaur
[01/09/2014 22:44:59] /m shiny venusaur
[01/09/2014 22:44:59] /m shiny venusaur
[01/09/2014 22:44:59] /m shiny venusaur
[01/09/2014 22:44:59] /m shiny venusaur
[01/09/2014 22:44:59] /m shiny venusaur
[01/09/2014 22:44:59] /m shiny venusaur
[01/09/2014 22:44:59] /m shiny venusaur
[01/09/2014 22:44:59] /m shiny venusaur
[01/09/2014 22:44:59] /m shiny venusaur
[01/09/2014 22:44:59] /m shiny venusaur
[01/09/2014 22:45:14] /m shiny venusaur
[01/09/2014 22:45:15] /m shiny venusaur
[01/09/2014 22:45:15] /m shiny venusaur
[01/09/2014 22:45:15] /m shiny venusaur
[01/09/2014 22:45:15] /m shiny venusaur
[01/09/2014 22:45:15] /m shiny venusaur
[01/09/2014 22:45:15] /m shiny venusaur
[01/09/2014 22:45:15] /m shiny venusaur
[01/09/2014 22:45:15] /m shiny venusaur
[01/09/2014 22:45:15] /m shiny venusaur
[01/09/2014 22:45:15] /m shiny venusaur
[01/09/2014 22:45:15] /m shiny venusaur
[01/09/2014 22:45:15] /m shiny venusaur
[01/09/2014 22:45:15] /m shiny venusaur
[01/09/2014 22:45:34] /m shiny venusaur
[01/09/2014 22:45:34] /m shiny venusaur
[01/09/2014 22:45:34] /m shiny venusaur
[01/09/2014 22:45:34] /m shiny venusaur
[01/09/2014 22:45:34] /m shiny venusaur
[01/09/2014 22:45:34] /m shiny venusaur
[01/09/2014 22:45:34] /m shiny venusaur
[01/09/2014 22:45:34] /m shiny venusaur
[01/09/2014 22:45:34] /m shiny venusaur
[01/09/2014 22:45:34] /m shiny venusaur
[01/09/2014 22:45:35] /m shiny venusaur
[01/09/2014 22:45:35] /m shiny venusaur
[01/09/2014 22:45:35] /m shiny venusaur
[01/09/2014 22:45:35] /m shiny venusaur
[01/09/2014 22:45:35] /m shiny venusaur
[01/09/2014 22:45:35] /m shiny venusaur
[01/09/2014 22:45:35] /m shiny venusaur
[01/09/2014 22:45:35] /m shiny venusaur
[01/09/2014 22:45:35] /m shiny venusaur
[01/09/2014 22:45:35] /m shiny venusaur
[01/09/2014 22:45:35] /m shiny venusaur
[01/09/2014 22:45:35] /m shiny venusaur
[01/09/2014 22:45:35] /m shiny venusaur
[01/09/2014 22:45:35] /m shiny venusaur
[01/09/2014 22:45:35] /m shiny venusaur
[01/09/2014 22:45:35] /m shiny venusaur
[01/09/2014 22:45:35] /m shiny venusaur
[01/09/2014 22:45:35] /m shiny venusaur
[01/09/2014 22:45:35] /m shiny venusaur
[01/09/2014 22:45:35] /m shiny venusaur
[01/09/2014 22:45:35] /m shiny venusaur
[01/09/2014 22:45:35] /m shiny venusaur
[01/09/2014 22:45:35] /m shiny venusaur
[01/09/2014 22:45:36] /m shiny venusaur
[01/09/2014 22:45:36] /m shiny venusaur
[01/09/2014 22:45:36] /m shiny venusaur
[01/09/2014 22:45:36] /m shiny venusaur
[01/09/2014 22:45:36] /m shiny venusaur
[01/09/2014 22:45:36] /m shiny venusaur
[01/09/2014 22:45:36] /m shiny venusaur
[01/09/2014 22:45:36] /m shiny venusaur
[01/09/2014 22:45:36] /m shiny venusaur
[01/09/2014 22:45:36] /m shiny venusaur
[01/09/2014 22:45:36] /m shiny venusaur
[01/09/2014 22:45:36] /m shiny venusaur
[01/09/2014 22:45:36] /m shiny venusaur
[01/09/2014 22:45:36] /m shiny venusaur
[01/09/2014 22:45:36] /m shiny venusaur
[01/09/2014 22:45:36] /m shiny venusaur
[01/09/2014 22:45:36] /m shiny venusaur
[01/09/2014 22:45:36] /m shiny venusaur
[01/09/2014 22:45:36] /m shiny venusaur
[01/09/2014 22:45:36] /m shiny venusaur
[01/09/2014 22:45:36] /m shiny venusaur
[01/09/2014 22:45:37] /m shiny venusaur
[01/09/2014 22:45:37] /m shiny venusaur
[01/09/2014 22:45:37] /m shiny venusaur
[01/09/2014 22:45:37] /m shiny venusaur
[01/09/2014 22:45:37] /m shiny venusaur
[01/09/2014 22:45:37] /m shiny venusaur
[01/09/2014 22:45:37] /m shiny venusaur
[01/09/2014 22:45:37] /m shiny venusaur
[01/09/2014 22:45:37] /m shiny venusaur
[01/09/2014 22:45:37] /m shiny venusaur
[01/09/2014 22:45:37] /m shiny venusaur
[01/09/2014 22:46:29] /m shiny pidgeot
[01/09/2014 22:46:29] /m shiny pidgeot
[01/09/2014 22:46:30] /m shiny pidgeot
[01/09/2014 22:46:30] /m shiny pidgeot
[01/09/2014 22:46:31] /m shiny pidgeot
[01/09/2014 22:46:31] /m shiny pidgeot
[01/09/2014 22:46:31] /m shiny pidgeot
[01/09/2014 22:46:32] /m shiny pidgeot
[01/09/2014 22:46:33] /m shiny pidgeot
[01/09/2014 22:46:33] /m shiny pidgeot
[01/09/2014 22:46:34] /m shiny pidgeot
[01/09/2014 22:46:34] /m shiny pidgeot
[01/09/2014 22:46:34] /m shiny pidgeot
[01/09/2014 22:46:35] /m shiny pidgeot
[01/09/2014 22:46:35] /m shiny pidgeot
[01/09/2014 22:46:36] /m shiny pidgeot
[01/09/2014 22:46:36] /m shiny pidgeot
[01/09/2014 22:46:37] /m shiny pidgeot
[01/09/2014 22:46:37] /m shiny pidgeot
[01/09/2014 22:46:37] /m shiny pidgeot
[01/09/2014 22:46:38] /m shiny pidgeot
[01/09/2014 22:46:38] /m shiny pidgeot
[01/09/2014 22:53:10] /goto chaos slow
[02/09/2014 00:00:38] /t
[02/09/2014 00:09:22] /i dark ball
[02/09/2014 00:09:26] /m mewtwo
[02/09/2014 00:10:17] /i x-attack t7
[02/09/2014 00:10:23] /i y-regeneration t7
[02/09/2014 00:10:34] /m mewtwo
[02/09/2014 00:11:13] /m caterpie
[02/09/2014 00:11:47] /m scizor
[02/09/2014 00:11:52] /m scizor
[02/09/2014 00:33:30] /town 3
[02/09/2014 00:33:31] /town 4
[02/09/2014 00:33:32] /town 5
[02/09/2014 00:33:32] /town 6
[02/09/2014 00:33:34] /town 7
[02/09/2014 00:33:35] /town 8
[02/09/2014 00:33:36] /town 9
[02/09/2014 00:33:38] /town 10
[02/09/2014 00:33:51] /town 9
[02/09/2014 00:33:53] /town 10
[02/09/2014 00:33:57] /a 50
[02/09/2014 00:33:59] /a 20
[02/09/2014 00:34:03] /a 30
[02/09/2014 00:34:11] /a
[02/09/2014 00:34:43] /up
[02/09/2014 00:40:30] /c feartxc
[02/09/2014 00:50:30] /goto feartxc
[02/09/2014 11:52:20] /town 2
[02/09/2014 12:04:38] /t
[02/09/2014 12:05:04] /up
[02/09/2014 12:24:05] /up
[02/09/2014 12:24:10] /up
[02/09/2014 12:30:09] /up
[02/09/2014 19:06:50] /m shiny sandslash
[02/09/2014 19:07:54] /m electabuz
[02/09/2014 19:07:56] /m electabuzz
[02/09/2014 19:07:57] /m electabuzz
[02/09/2014 19:07:58] /m electabuzz
[02/09/2014 19:07:59] /m electabuzz
[02/09/2014 19:07:59] /m electabuzz
[02/09/2014 19:07:59] /m electabuzz
[02/09/2014 19:08:00] /m electabuzz
[02/09/2014 19:08:01] /m electabuzz
[02/09/2014 19:08:19] /m electabuzz
[02/09/2014 19:08:19] /m electabuzz
[02/09/2014 19:08:19] /m electabuzz
[02/09/2014 19:08:20] /m electabuzz
[02/09/2014 19:08:20] /m electabuzz
[02/09/2014 19:08:21] /m electabuzz
[02/09/2014 19:08:21] /m electabuzz
[02/09/2014 19:08:22] /m electabuzz
[02/09/2014 19:08:59] /m blastoise
[02/09/2014 19:09:00] /m blastoise
[02/09/2014 19:09:00] /m blastoise
[02/09/2014 19:09:01] /m blastoise
[02/09/2014 19:09:01] /m blastoise
[02/09/2014 19:09:19] /m blastoise
[02/09/2014 19:09:20] /m blastoise
[02/09/2014 19:09:20] /m blastoise
[02/09/2014 19:09:21] /m blastoise
[02/09/2014 19:09:21] /m blastoise
[02/09/2014 19:09:21] /m blastoise
[02/09/2014 19:09:22] /m blastoise
[02/09/2014 19:09:22] /m blastoise
[02/09/2014 19:09:23] /m blastoise
[02/09/2014 19:09:23] /m blastoise
[02/09/2014 19:09:42] /m blastoise
[02/09/2014 19:09:42] /m blastoise
[02/09/2014 19:09:43] /m blastoise
[02/09/2014 19:09:43] /m blastoise
[02/09/2014 19:09:44] /m blastoise
[02/09/2014 19:09:45] /m electabuzz
[02/09/2014 19:09:45] /m electabuzz
[02/09/2014 19:10:10] /m electabuzz
[02/09/2014 19:10:11] /m electabuzz
[02/09/2014 19:10:11] /m electabuzz
[02/09/2014 19:10:11] /m electabuzz
[02/09/2014 19:10:12] /m electabuzz
[02/09/2014 19:10:12] /m electabuzz
[02/09/2014 19:10:12] /m electabuzz
[02/09/2014 19:10:13] /m electabuzz
[02/09/2014 19:15:19] /s mewtwo
[02/09/2014 19:15:32] /m caterpie
[02/09/2014 19:16:04] /s mewtwo
[02/09/2014 19:16:05] /s mewtwo
[02/09/2014 19:16:05] /s mewtwo
[02/09/2014 19:16:05] /s mewtwo
[02/09/2014 19:16:06] /s mewtwo
[02/09/2014 19:16:06] /s mewtwo
[02/09/2014 19:16:06] /s mewtwo
[02/09/2014 19:16:07] /s mewtwo
[02/09/2014 19:16:10] /m rattata
[02/09/2014 19:16:31] /r
[02/09/2014 19:16:38] /s rattata
[02/09/2014 19:16:46] /m caterpie
[02/09/2014 19:17:44] /r
[02/09/2014 19:17:49] /r
[02/09/2014 19:18:07] /attr group 5
[02/09/2014 19:24:32] /goto red fury
[02/09/2014 19:24:53] /goto retard
[02/09/2014 19:24:55] /goto retard
[02/09/2014 19:24:56] /goto retard
[02/09/2014 19:24:57] /goto retard
[02/09/2014 19:24:58] /goto retard
[02/09/2014 19:24:59] /goto retard
[02/09/2014 19:25:00] /goto retard
[02/09/2014 19:25:01] /goto retard
[02/09/2014 19:25:02] /goto retard
[02/09/2014 19:25:02] /goto retard
[02/09/2014 19:25:03] /goto retard 2
[02/09/2014 19:25:05] /goto retard 3
[02/09/2014 19:25:06] /goto retard 4
[02/09/2014 19:25:16] /wp lala
[02/09/2014 19:25:21] /goto lala
[02/09/2014 19:25:23] /goto lala
[02/09/2014 19:25:24] /goto lala
[02/09/2014 19:25:25] /goto lala
[02/09/2014 19:25:26] /goto lala
[02/09/2014 19:25:27] /goto lala
[02/09/2014 19:25:49] /wp
[02/09/2014 19:26:02] /wp remove as
[02/09/2014 19:26:12] /wp remove as
[02/09/2014 19:26:14] /wp
[02/09/2014 19:26:44] /up
[02/09/2014 19:26:45] /up
[02/09/2014 19:26:46] /down
[02/09/2014 19:28:15] /mode
[02/09/2014 19:28:22] /mode red fury
[02/09/2014 19:28:26] /mode red fury
[02/09/2014 19:28:39] /n
[02/09/2014 19:28:42] /n rattata
[02/09/2014 19:28:46] /n revove
[02/09/2014 19:30:14] /serverdiag
[02/09/2014 19:30:35] /demote
[02/09/2014 19:31:18] /goto red fury
[02/09/2014 19:31:22] /goto red fury
[02/09/2014 19:33:36] /muted minero ,1000
[02/09/2014 19:34:35] /muted thiagoxc,3000
[02/09/2014 19:39:16] /m rattata
[02/09/2014 19:40:00] /r
[02/09/2014 19:43:07] /castigar red fury
[02/09/2014 20:04:01] /castigar red fury
[02/09/2014 20:04:06] /a
[02/09/2014 20:04:06] /a
[02/09/2014 20:04:07] /a
[02/09/2014 20:04:08] /a
[02/09/2014 20:04:09] /a
[02/09/2014 20:04:19] /castigar cone
[02/09/2014 20:06:06] /raidgya
[02/09/2014 20:06:19] /goto shiny onix
[02/09/2014 20:06:22] /r
[02/09/2014 20:06:23] /goto shiny onix
[02/09/2014 20:06:26] /r
[02/09/2014 20:06:28] /goto shiny onix
[02/09/2014 20:06:30] /r
[02/09/2014 20:06:31] /goto shiny onix
[02/09/2014 20:06:33] /r
[02/09/2014 20:06:34] /goto shiny onix
[02/09/2014 20:06:36] /r
[02/09/2014 20:06:37] /goto shiny onix
[02/09/2014 20:06:38] /r
[02/09/2014 20:06:39] /goto shiny onix
[02/09/2014 20:06:42] /r
[02/09/2014 20:06:44] /goto shiny onix
[02/09/2014 20:08:35] /t
