[03/09/2014 20:36:57] /goto elder tangela
[03/09/2014 20:36:59] /t
[03/09/2014 20:37:27] /ghost
[03/09/2014 20:42:26] /c maurow rusher
[03/09/2014 20:44:48] /goto account manager
[03/09/2014 20:44:50] /goto account manager
[03/09/2014 20:44:51] /goto account manager
[03/09/2014 20:44:57] /goto account manager
[03/09/2014 20:47:54] /t
[03/09/2014 23:14:58] /goto smeargle
[04/09/2014 10:34:12] /goto hitmontop
[04/09/2014 10:40:32] /goto hitmontop
[04/09/2014 10:40:41] /up
[04/09/2014 10:41:08] /r
[04/09/2014 10:41:11] /r
[04/09/2014 10:41:23] /goto hitmontop
[04/09/2014 10:41:25] /r
[04/09/2014 10:41:25] /goto hitmontop
[04/09/2014 10:41:48] /r
[04/09/2014 10:41:53] /goto hitmontop
[04/09/2014 10:41:59] /goto tyrogue
[04/09/2014 10:42:06] /goto crobat
[04/09/2014 10:42:11] /goto shiny ninetales
[04/09/2014 10:42:14] /goto shiny politoed
[04/09/2014 10:42:17] /r
[04/09/2014 10:42:19] /goto shiny politoed
[04/09/2014 10:46:20] /up
[04/09/2014 10:46:23] /up
[04/09/2014 10:47:09] /goto shiny politoed
[04/09/2014 10:47:57] /goto shiny polotied
[04/09/2014 10:47:59] /goto shiny polotied
[04/09/2014 10:48:00] /goto shiny politoed
[04/09/2014 10:48:15] /goto shiny politoed
[04/09/2014 10:49:11] /goto shiny dodro
[04/09/2014 10:49:16] /goto dodrio
[04/09/2014 10:49:19] /goto ariados
[04/09/2014 10:49:24] /goto shiny ariados
[04/09/2014 10:50:14] /goto shiny rhydon
[04/09/2014 10:51:49] /goto shiny rhydon
[04/09/2014 10:51:51] /r
[04/09/2014 10:51:52] /goto shiny rhydon
[04/09/2014 10:52:01] /r
[04/09/2014 10:52:06] /goto shiny thydon
[04/09/2014 10:52:10] /goto shiny sntantler
[04/09/2014 10:52:17] /goto shiny Stantler
[04/09/2014 10:52:20] /r
[04/09/2014 10:52:21] /goto shiny Stantler
[04/09/2014 10:55:14] /goto donphan
[04/09/2014 10:55:18] /goto tyranithar
[04/09/2014 10:55:20] /goto tyranitar
[04/09/2014 10:59:34] /goto shiny espeon
[04/09/2014 10:59:37] /r
[04/09/2014 10:59:38] /goto shiny espeon
[04/09/2014 11:00:00] /goto shiny umbreon
[04/09/2014 11:00:02] /r
[04/09/2014 11:00:03] /goto shiny umbreon
[04/09/2014 11:00:06] /r
[04/09/2014 11:00:07] /goto shiny umbreon
[04/09/2014 11:00:09] /r
[04/09/2014 11:00:09] /goto shiny umbreon
[04/09/2014 11:00:11] /r
[04/09/2014 11:00:12] /goto shiny umbreon
[04/09/2014 11:00:13] /goto shiny umbreon
[04/09/2014 11:00:15] /goto shiny umbreon 2
[04/09/2014 11:00:17] /goto shiny umbreon 
[04/09/2014 11:00:19] /r
[04/09/2014 11:00:19] /goto shiny umbreon 
[04/09/2014 11:00:21] /r
[04/09/2014 11:00:21] /goto shiny umbreon 
[04/09/2014 11:00:23] /r
[04/09/2014 11:00:25] /goto shiny umbreon 
[04/09/2014 11:00:27] /r
[04/09/2014 11:00:27] /goto shiny umbreon 
[04/09/2014 11:00:30] /r
[04/09/2014 11:00:30] /goto shiny umbreon 
[04/09/2014 11:00:32] /r
[04/09/2014 11:00:33] /goto shiny umbreon 
[04/09/2014 11:00:37] /r
[04/09/2014 11:00:47] /r
[04/09/2014 11:00:48] /goto shiny umbreon
[04/09/2014 11:00:49] /r
[04/09/2014 11:00:49] /goto shiny umbreon
[04/09/2014 11:00:50] /r
[04/09/2014 11:00:51] /goto shiny umbreon
[04/09/2014 11:00:52] /goto shiny umbreon
[04/09/2014 11:00:53] /r
[04/09/2014 11:00:53] /goto shiny umbreon
[04/09/2014 11:00:54] /goto shiny umbreon
[04/09/2014 11:00:55] /r
[04/09/2014 11:00:56] /goto shiny umbreon
[04/09/2014 11:00:57] /r
[04/09/2014 11:00:57] /goto shiny umbreon
[04/09/2014 11:00:58] /r
[04/09/2014 11:00:59] /goto shiny umbreon
[04/09/2014 11:00:59] /r
[04/09/2014 11:01:00] /goto shiny umbreon
[04/09/2014 11:01:01] /r
[04/09/2014 11:01:01] /goto shiny umbreon
[04/09/2014 11:01:03] /goto shiny umbreon
[04/09/2014 11:01:04] /r
[04/09/2014 11:01:04] /goto shiny umbreon
[04/09/2014 11:01:05] /goto shiny umbreon
[04/09/2014 11:01:07] /r
[04/09/2014 11:01:07] /goto shiny umbreon
[04/09/2014 11:01:09] /goto shiny umbreon
[04/09/2014 11:01:10] /r
[04/09/2014 11:01:10] /goto shiny umbreon
[04/09/2014 11:01:11] /goto shiny umbreon
[04/09/2014 11:01:13] /r
[04/09/2014 11:01:13] /r
[04/09/2014 11:01:13] /goto shiny umbreon
[04/09/2014 11:01:15] /r
[04/09/2014 11:01:15] /goto shiny umbreon
[04/09/2014 11:01:16] /goto shiny umbreon
[04/09/2014 11:01:17] /goto shiny umbreon
[04/09/2014 11:01:19] /r
[04/09/2014 11:01:20] /goto shiny umbreon
[04/09/2014 11:01:21] /r
[04/09/2014 11:01:21] /goto shiny umbreon
[04/09/2014 11:01:22] /goto shiny umbreon
[04/09/2014 11:01:23] /r
[04/09/2014 11:01:23] /r
[04/09/2014 11:01:24] /goto shiny umbreon
[04/09/2014 11:01:25] /goto shiny umbreon
[04/09/2014 11:01:25] /goto shiny umbreon
[04/09/2014 11:01:25] /goto shiny umbreon
[04/09/2014 11:01:25] /goto shiny umbreon
[04/09/2014 11:01:25] /goto shiny umbreon
[04/09/2014 11:01:26] /goto shiny umbreon
[04/09/2014 11:01:26] /goto shiny umbreon
[04/09/2014 11:43:09] /goto mr.mime
[04/09/2014 11:43:12] /goto mr. mime
[04/09/2014 11:43:14] /r
[04/09/2014 11:43:15] /r
[04/09/2014 11:43:16] /goto mr. mime
[04/09/2014 11:43:19] /r
[04/09/2014 11:43:20] /goto mr. mime
[04/09/2014 11:43:22] /r
[04/09/2014 11:43:25] /goto mr. mime
[04/09/2014 11:43:46] /r
[04/09/2014 11:43:47] /r
[04/09/2014 11:43:47] /goto mr. mime
[04/09/2014 11:43:48] /r
[04/09/2014 11:43:49] /r
[04/09/2014 11:43:50] /r
[04/09/2014 11:43:51] /goto mr. mime
[04/09/2014 11:43:52] /r
[04/09/2014 11:43:52] /r
[04/09/2014 11:43:54] /r
[04/09/2014 11:43:55] /r
[04/09/2014 11:43:55] /goto mr. mime
[04/09/2014 11:43:55] /goto mr. mime
[04/09/2014 11:43:56] /goto mr. mime
[04/09/2014 11:43:56] /goto mr. mime
[04/09/2014 11:43:56] /goto mr. mime
[04/09/2014 11:43:56] /goto mr. mime
[04/09/2014 11:43:56] /goto mr. mime
[04/09/2014 11:49:49] /goto aerodaqtly
[04/09/2014 11:50:00] /goto aerodactyl
