[02/09/2014 22:25:20] /i 12339
[02/09/2014 22:25:22] /i 12339
[02/09/2014 22:25:25] /i 12339
[02/09/2014 22:25:26] /i 12339
[02/09/2014 22:25:30] /i 12339
[02/09/2014 22:25:34] /i 12339
[02/09/2014 22:25:37] /i 12339
[02/09/2014 22:25:38] /i 12339
[02/09/2014 22:25:39] /i 12339
[02/09/2014 22:26:22] /t
[02/09/2014 22:26:25] /a
[02/09/2014 22:26:31] /i 12339
[02/09/2014 22:26:34] /i 12339
[02/09/2014 22:26:35] /i 12339
[02/09/2014 22:26:39] /i 12339
[02/09/2014 22:26:39] /i 12339
[02/09/2014 22:26:40] /i 12339
[02/09/2014 22:26:42] /i 12339
[02/09/2014 22:26:43] /i 12339
[02/09/2014 22:26:44] /i 12339
[02/09/2014 22:27:08] /newtype 1660
[02/09/2014 22:27:10] /newtype 1662
[02/09/2014 22:27:11] /newtype 1662
[02/09/2014 22:27:16] /newtype 1665
[02/09/2014 22:27:17] /newtype 1666
[02/09/2014 22:27:24] /i 12339
[02/09/2014 22:27:25] /i 12339
[02/09/2014 22:27:26] /i 12339
[02/09/2014 22:27:27] /i 12339
[02/09/2014 22:27:27] /i 12339
[02/09/2014 22:27:28] /i 12339
[02/09/2014 22:27:29] /i 12339
[02/09/2014 22:27:30] /i 12339
[02/09/2014 22:27:31] /i 12339
[02/09/2014 22:27:31] /i 12339
[02/09/2014 22:27:32] /i 12339
[02/09/2014 22:27:33] /i 12339
[02/09/2014 22:27:34] /i 12339
[02/09/2014 22:27:35] /i 12339
[02/09/2014 22:27:36] /i 12339
[02/09/2014 22:27:38] /i 12339
[02/09/2014 22:27:39] /i 12339
[02/09/2014 22:27:39] /i 12339
[02/09/2014 22:27:41] /i 12339
[02/09/2014 22:27:42] /i 12339
[02/09/2014 22:28:54] /spy thiagoxc
[02/09/2014 22:29:04] /spy thiagoxc
[02/09/2014 22:29:06] /spy thiagoxc
[02/09/2014 22:29:18] /spy thiagoxc
[02/09/2014 22:29:35] /spy thiagoxc
[02/09/2014 22:29:40] /spy thiagoxc
[02/09/2014 22:40:31] /m glalie
[02/09/2014 22:41:15] /s glalie
[02/09/2014 22:41:22] /m caterpie
[02/09/2014 22:41:31] /m tropius
[02/09/2014 22:41:37] /r
[02/09/2014 22:41:39] /m glalie
[02/09/2014 22:48:33] /m glalie
[02/09/2014 22:52:51] /m glalie
[02/09/2014 22:54:22] /m glalie
[02/09/2014 22:54:47] /m glalie
[02/09/2014 23:02:01] /m glalie
[02/09/2014 23:05:19] /m glalie
[02/09/2014 23:05:34] /m glalie
[02/09/2014 23:07:41] /t thiago
[02/09/2014 23:07:43] /t thiago
[02/09/2014 23:07:46] /t thiagoxc
[02/09/2014 23:07:57] /t thiagoxc
[02/09/2014 23:08:36] /t thiagoxc
[02/09/2014 23:08:36] /t thiagoxc
[02/09/2014 23:08:36] /t thiagoxc
[02/09/2014 23:09:14] /t thiagoxc
[02/09/2014 23:09:40] /t thiagoxc
[02/09/2014 23:13:00] /mutede
[02/09/2014 23:13:04] /mutede thiagoxc
[02/09/2014 23:13:09] /mutede slowpoke
[02/09/2014 23:20:21] /m glalie
[02/09/2014 23:20:45] /chupanub
[02/09/2014 23:20:49] /chupanub chaos slow
[02/09/2014 23:20:58] /chupanub chaos slow
[02/09/2014 23:21:13] /chupanub slowpoke
[02/09/2014 23:21:25] /a
[02/09/2014 23:21:27] /a
[02/09/2014 23:21:48] /chupanub slowpoke
[02/09/2014 23:23:33] /newtype 300
[02/09/2014 23:23:36] /newtype 302
[02/09/2014 23:23:37] /newtype 301
[02/09/2014 23:23:38] /newtype 304
[02/09/2014 23:23:40] /newtype 302
[02/09/2014 23:25:50] /r
[02/09/2014 23:25:52] /r
[02/09/2014 23:25:53] /r
[02/09/2014 23:25:54] /r
[02/09/2014 23:25:55] /r
[02/09/2014 23:25:56] /r
[02/09/2014 23:25:56] /r
[02/09/2014 23:25:57] /r
[02/09/2014 23:30:22] /m glalie
[02/09/2014 23:38:20] /m glalie
[02/09/2014 23:38:46] /m glalie
[02/09/2014 23:42:17] /m glalie
[02/09/2014 23:43:59] /i 14297
[02/09/2014 23:44:00] /i 14297
[02/09/2014 23:45:46] /i 11906
[02/09/2014 23:46:05] /i 11906
[02/09/2014 23:50:53] /m glalie
[02/09/2014 23:57:15] /i 14300
[02/09/2014 23:57:19] /i 14300
[02/09/2014 23:57:20] /i 14300
[02/09/2014 23:57:24] /i 14299
[02/09/2014 23:57:28] /i 14298
[02/09/2014 23:57:41] /i 14299
[02/09/2014 23:57:42] /i 14298
[02/09/2014 23:57:49] /i 142300
[02/09/2014 23:57:55] /i 14300
[02/09/2014 23:58:02] /town 2
[02/09/2014 23:58:10] /save
[02/09/2014 23:58:10] /save
[02/09/2014 23:58:10] /save
[02/09/2014 23:58:11] /save
[02/09/2014 23:58:11] /save
[02/09/2014 23:58:11] /save
[02/09/2014 23:58:12] /save
[02/09/2014 23:58:12] /save
[02/09/2014 23:58:12] /save
[02/09/2014 23:58:13] /save
[02/09/2014 23:58:13] /save
[03/09/2014 11:04:54] /goto aipom
[03/09/2014 11:08:01] /goto ampharos
[03/09/2014 11:30:15] /goto ampharos
[03/09/2014 11:30:20] /goto flaffly
[03/09/2014 11:30:23] /goto mantine
[03/09/2014 11:30:29] /goto typhlosion
[03/09/2014 11:30:38] /goto feraligatr
[03/09/2014 11:32:14] /goto skarmory
[03/09/2014 11:32:18] /r
[03/09/2014 11:32:19] /goto skarmory
[03/09/2014 11:32:21] /r
[03/09/2014 11:32:21] /goto skarmory
[03/09/2014 11:41:37] /t
