[29/08/2014 22:43:41] /t
[29/08/2014 22:44:54] /m shiny zubat
[29/08/2014 22:44:56] /m shiny zubat
[29/08/2014 22:44:56] /m shiny zubat
[29/08/2014 22:44:56] /m shiny zubat
[29/08/2014 22:44:57] /m shiny zubat
[29/08/2014 22:44:59] /m shiny zubat
[29/08/2014 22:45:00] /m shiny zubat
[29/08/2014 22:45:01] /m shiny zubat
[29/08/2014 22:45:01] /m shiny zubat
[29/08/2014 22:45:02] /m shiny zubat
[29/08/2014 22:45:03] /m shiny zubat
[29/08/2014 22:45:03] /m shiny zubat
[29/08/2014 22:45:32] /b uhu
[29/08/2014 22:45:45] /m shiny grimer
[29/08/2014 22:45:46] /m shiny grimer
[29/08/2014 22:45:46] /m shiny grimer
[29/08/2014 22:45:47] /m shiny grimer
[29/08/2014 22:45:47] /m shiny grimer
[29/08/2014 22:45:48] /m shiny grimer
[29/08/2014 22:45:48] /m shiny grimer
[29/08/2014 22:45:48] /m shiny grimer
[29/08/2014 22:45:49] /m shiny grimer
[29/08/2014 22:45:49] /m shiny grimer
[29/08/2014 22:45:49] /m shiny grimer
[29/08/2014 22:45:50] /m shiny grimer
[29/08/2014 22:45:50] /m shiny grimer
[29/08/2014 22:45:51] /m shiny grimer
[29/08/2014 22:45:51] /m shiny grimer
[29/08/2014 22:46:53] /m golem
[29/08/2014 22:46:56] /m shiny golem
[29/08/2014 22:47:08] /m shiny salamence
[29/08/2014 22:47:17] /r
[29/08/2014 22:47:41] /m shiny moltres
[29/08/2014 22:47:52] /m shiny magmortar
[29/08/2014 22:47:57] /r
[29/08/2014 22:47:58] /r
[29/08/2014 22:48:00] /r
[29/08/2014 22:48:01] /r
[29/08/2014 22:48:02] /r
[29/08/2014 22:48:03] /r
[29/08/2014 22:48:04] /r
[29/08/2014 22:48:07] /r
[29/08/2014 22:48:09] /r
[29/08/2014 22:48:14] /r
[29/08/2014 22:48:22] /r
[29/08/2014 22:49:21] /c senhor
[29/08/2014 22:49:32] /t
[29/08/2014 22:49:44] /r
[29/08/2014 22:51:07] /addskill ,level
[29/08/2014 22:51:15] /addskill thiagoxc,level
[29/08/2014 22:51:18] /addskill thiagoxc,level ,1
[29/08/2014 22:51:19] /addskill thiagoxc,level ,2
[29/08/2014 22:51:24] /addskill thiagoxc,level ,150
[29/08/2014 22:52:11] /attr health , -40
[29/08/2014 22:52:12] /attr health , -40
[29/08/2014 22:52:14] /attr health , -40
[29/08/2014 22:52:17] /attr health , -4000
[29/08/2014 22:52:22] /attr health ,-4000
[29/08/2014 22:52:23] /attr health ,-4000
[29/08/2014 22:52:28] /attr health -4000
[29/08/2014 22:52:30] /attr health -4000
[29/08/2014 22:52:39] /attr health -4000
[29/08/2014 22:52:41] /attr health -4000
[29/08/2014 22:52:45] /attr health -4000
[29/08/2014 22:53:23] /r
[29/08/2014 22:53:24] /r
[29/08/2014 22:53:24] /r
[29/08/2014 22:53:24] /r
[29/08/2014 22:53:24] /r
[29/08/2014 22:53:24] /r
[29/08/2014 22:53:24] /r
[29/08/2014 22:53:24] /r
[29/08/2014 22:53:24] /r
[29/08/2014 22:53:28] /r
[29/08/2014 22:53:38] /m lugia
[29/08/2014 22:54:20] /c senhor
[29/08/2014 22:54:59] /c senhor
[29/08/2014 22:55:12] /c senhor
[29/08/2014 22:55:47] /addskill tutor chaos,level ,150
[29/08/2014 22:56:19] /m mega gengar
[29/08/2014 22:56:36] /c
[29/08/2014 22:56:41] /goto tutor chaos
[29/08/2014 22:56:51] /m metagross
[29/08/2014 22:57:34] /c senhor
[29/08/2014 22:58:09] /r
[29/08/2014 22:58:12] /t
[29/08/2014 22:59:01] /m shiny dragonite
[29/08/2014 22:59:10] /m shiny dittor
[29/08/2014 22:59:22] /c /writeTable
[29/08/2014 22:59:51] /m ditto
[29/08/2014 22:59:53] /m ditto
[29/08/2014 22:59:54] /m ditto
[29/08/2014 22:59:55] /m ditto
[29/08/2014 23:00:22] /addskill thiagoxc,level ,3000
[29/08/2014 23:01:09] /addskill tutor chaos,level ,3000
[29/08/2014 23:01:17] /m metagross
[29/08/2014 23:01:17] /m metagross
[29/08/2014 23:01:18] /m metagross
[29/08/2014 23:01:18] /m metagross
[29/08/2014 23:01:20] /m wailord
[29/08/2014 23:02:29] /r
[29/08/2014 23:02:29] /r
[29/08/2014 23:02:29] /r
[29/08/2014 23:02:29] /r
[29/08/2014 23:02:29] /r
[29/08/2014 23:02:29] /r
[29/08/2014 23:02:29] /r
[29/08/2014 23:02:29] /r
[29/08/2014 23:02:29] /r
[29/08/2014 23:02:30] /r
[29/08/2014 23:02:30] /r
[29/08/2014 23:02:30] /r
[29/08/2014 23:02:30] /r
[29/08/2014 23:02:30] /r
[29/08/2014 23:02:30] /r
[29/08/2014 23:02:30] /r
[29/08/2014 23:02:30] /r
[29/08/2014 23:02:30] /r
[29/08/2014 23:02:30] /r
[29/08/2014 23:02:30] /r
[29/08/2014 23:02:30] /r
[29/08/2014 23:02:30] /r
[29/08/2014 23:02:30] /r
[29/08/2014 23:02:30] /r
[29/08/2014 23:02:30] /r
[29/08/2014 23:02:30] /r
[29/08/2014 23:02:30] /r
[29/08/2014 23:02:30] /r
[29/08/2014 23:02:30] /r
[29/08/2014 23:02:30] /r
[29/08/2014 23:02:30] /r
[29/08/2014 23:02:30] /r
[29/08/2014 23:02:30] /r
[29/08/2014 23:02:30] /r
[29/08/2014 23:02:30] /r
[29/08/2014 23:02:30] /r
[29/08/2014 23:02:30] /r
[29/08/2014 23:02:30] /r
[29/08/2014 23:02:31] /r
[29/08/2014 23:02:31] /r
[29/08/2014 23:02:31] /r
[29/08/2014 23:02:31] /r
[29/08/2014 23:02:31] /r
[29/08/2014 23:02:31] /r
[29/08/2014 23:02:31] /r
[29/08/2014 23:02:31] /r
[29/08/2014 23:02:31] /r
[29/08/2014 23:02:31] /r
[29/08/2014 23:02:31] /r
[29/08/2014 23:02:31] /r
[29/08/2014 23:02:31] /r
[29/08/2014 23:02:31] /r
[29/08/2014 23:02:31] /r
[29/08/2014 23:02:31] /r
[29/08/2014 23:02:31] /r
[29/08/2014 23:02:31] /r
[29/08/2014 23:02:31] /r
[29/08/2014 23:02:31] /r
[29/08/2014 23:02:31] /r
[29/08/2014 23:02:31] /r
[29/08/2014 23:02:31] /r
[29/08/2014 23:02:31] /r
[29/08/2014 23:02:31] /r
[29/08/2014 23:02:31] /r
[29/08/2014 23:02:32] /r
[29/08/2014 23:02:32] /r
[29/08/2014 23:02:32] /r
[29/08/2014 23:02:32] /r
[29/08/2014 23:02:32] /r
[29/08/2014 23:02:32] /r
[29/08/2014 23:02:32] /r
[29/08/2014 23:02:32] /r
[29/08/2014 23:02:32] /r
[29/08/2014 23:02:32] /r
[29/08/2014 23:02:32] /r
[29/08/2014 23:02:32] /r
[29/08/2014 23:02:32] /r
[29/08/2014 23:02:32] /r
[29/08/2014 23:02:32] /r
[29/08/2014 23:02:32] /r
[29/08/2014 23:02:32] /r
[29/08/2014 23:02:32] /r
[29/08/2014 23:02:32] /r
[29/08/2014 23:02:32] /r
[29/08/2014 23:02:32] /r
[29/08/2014 23:02:32] /r
[29/08/2014 23:02:32] /r
[29/08/2014 23:02:32] /r
[29/08/2014 23:02:32] /r
[29/08/2014 23:02:33] /r
[29/08/2014 23:02:33] /r
[29/08/2014 23:02:33] /r
[29/08/2014 23:02:33] /r
[29/08/2014 23:02:33] /r
[29/08/2014 23:02:33] /r
[29/08/2014 23:02:33] /r
[29/08/2014 23:02:33] /r
[29/08/2014 23:02:33] /r
[29/08/2014 23:02:33] /r
[29/08/2014 23:02:33] /r
[29/08/2014 23:02:33] /r
[29/08/2014 23:02:33] /r
[29/08/2014 23:02:33] /r
[29/08/2014 23:02:33] /r
[29/08/2014 23:02:33] /r
[29/08/2014 23:02:33] /r
[29/08/2014 23:02:33] /r
[29/08/2014 23:02:33] /r
[29/08/2014 23:02:33] /r
[29/08/2014 23:02:34] /r
[29/08/2014 23:02:34] /r
[29/08/2014 23:02:34] /r
[29/08/2014 23:02:34] /r
[29/08/2014 23:02:34] /r
[29/08/2014 23:02:34] /r
[29/08/2014 23:02:34] /r
[29/08/2014 23:02:34] /r
[29/08/2014 23:02:34] /r
[29/08/2014 23:02:34] /r
[29/08/2014 23:02:34] /r
[29/08/2014 23:02:34] /r
[29/08/2014 23:02:34] /r
[29/08/2014 23:02:34] /r
[29/08/2014 23:02:34] /r
[29/08/2014 23:02:34] /r
[29/08/2014 23:02:34] /r
[29/08/2014 23:02:34] /r
[29/08/2014 23:02:34] /r
[29/08/2014 23:02:34] /r
[29/08/2014 23:02:34] /r
[29/08/2014 23:02:34] /r
[29/08/2014 23:02:34] /r
[29/08/2014 23:02:35] /r
[29/08/2014 23:02:35] /r
[29/08/2014 23:02:35] /r
[29/08/2014 23:02:35] /r
[29/08/2014 23:02:35] /r
[29/08/2014 23:02:35] /r
[29/08/2014 23:02:35] /r
[29/08/2014 23:02:35] /r
[29/08/2014 23:02:35] /r
[29/08/2014 23:02:35] /r
[29/08/2014 23:02:35] /r
[29/08/2014 23:02:35] /r
[29/08/2014 23:02:35] /r
[29/08/2014 23:02:35] /r
[29/08/2014 23:02:35] /r
[29/08/2014 23:02:35] /r
[29/08/2014 23:02:35] /r
[29/08/2014 23:02:35] /r
[29/08/2014 23:02:35] /r
[29/08/2014 23:02:35] /r
[29/08/2014 23:02:35] /r
[29/08/2014 23:02:35] /r
[29/08/2014 23:02:35] /r
[29/08/2014 23:02:35] /r
[29/08/2014 23:02:35] /r
[29/08/2014 23:02:35] /r
[29/08/2014 23:02:35] /r
[29/08/2014 23:02:36] /r
[29/08/2014 23:02:36] /r
[29/08/2014 23:02:36] /r
[29/08/2014 23:02:36] /r
[29/08/2014 23:02:36] /r
[29/08/2014 23:02:36] /r
[29/08/2014 23:02:36] /r
[29/08/2014 23:02:36] /r
[29/08/2014 23:02:36] /r
[29/08/2014 23:02:36] /r
[29/08/2014 23:02:36] /r
[29/08/2014 23:02:36] /r
[29/08/2014 23:02:36] /r
[29/08/2014 23:02:36] /r
[29/08/2014 23:02:36] /r
[29/08/2014 23:02:36] /r
[29/08/2014 23:02:36] /r
[29/08/2014 23:02:36] /r
[29/08/2014 23:02:36] /r
[29/08/2014 23:02:36] /r
[29/08/2014 23:02:36] /r
[29/08/2014 23:02:36] /r
[29/08/2014 23:02:36] /r
[29/08/2014 23:02:36] /r
[29/08/2014 23:02:36] /r
[29/08/2014 23:02:36] /r
[29/08/2014 23:02:36] /r
[29/08/2014 23:02:36] /r
[29/08/2014 23:02:37] /r
[29/08/2014 23:02:37] /r
[29/08/2014 23:02:37] /r
[29/08/2014 23:02:37] /r
[29/08/2014 23:02:37] /r
[29/08/2014 23:02:37] /r
[29/08/2014 23:02:37] /r
[29/08/2014 23:02:37] /r
[29/08/2014 23:02:37] /r
[29/08/2014 23:02:37] /r
[29/08/2014 23:02:37] /r
[29/08/2014 23:02:37] /r
[29/08/2014 23:02:37] /r
[29/08/2014 23:02:41] /r
[29/08/2014 23:02:41] /r
[29/08/2014 23:02:41] /r
[29/08/2014 23:02:42] /r
[29/08/2014 23:02:42] /r
[29/08/2014 23:02:42] /r
[29/08/2014 23:02:42] /r
[29/08/2014 23:02:42] /r
[29/08/2014 23:02:42] /r
[29/08/2014 23:02:42] /r
[29/08/2014 23:02:42] /r
[29/08/2014 23:02:42] /r
[29/08/2014 23:02:42] /r
[29/08/2014 23:02:42] /r
[29/08/2014 23:02:42] /r
[29/08/2014 23:02:42] /r
[29/08/2014 23:02:42] /r
[29/08/2014 23:02:42] /r
[29/08/2014 23:02:42] /r
[29/08/2014 23:02:42] /r
[29/08/2014 23:02:42] /r
[29/08/2014 23:02:42] /r
[29/08/2014 23:02:42] /r
[29/08/2014 23:02:42] /r
[29/08/2014 23:02:42] /r
[29/08/2014 23:02:43] /r
[29/08/2014 23:02:43] /r
[29/08/2014 23:02:43] /r
[29/08/2014 23:02:43] /r
[29/08/2014 23:02:43] /r
[29/08/2014 23:02:43] /r
[29/08/2014 23:02:43] /r
[29/08/2014 23:02:43] /r
[29/08/2014 23:02:43] /r
[29/08/2014 23:02:43] /r
[29/08/2014 23:02:43] /r
[29/08/2014 23:02:43] /r
[29/08/2014 23:02:43] /r
[29/08/2014 23:02:43] /r
[29/08/2014 23:02:43] /r
[29/08/2014 23:02:43] /r
[29/08/2014 23:02:43] /r
[29/08/2014 23:02:43] /r
[29/08/2014 23:02:43] /r
[29/08/2014 23:02:43] /r
[29/08/2014 23:02:43] /r
[29/08/2014 23:02:43] /r
[29/08/2014 23:02:43] /r
[29/08/2014 23:02:43] /r
[29/08/2014 23:02:44] /r
[29/08/2014 23:02:44] /r
[29/08/2014 23:02:44] /r
[29/08/2014 23:02:44] /r
[29/08/2014 23:02:44] /r
[29/08/2014 23:02:44] /r
[29/08/2014 23:02:44] /r
[29/08/2014 23:02:44] /r
[29/08/2014 23:02:44] /r
[29/08/2014 23:02:44] /r
[29/08/2014 23:02:44] /r
[29/08/2014 23:02:44] /r
[29/08/2014 23:02:44] /r
[29/08/2014 23:02:44] /r
[29/08/2014 23:02:44] /r
[29/08/2014 23:02:44] /r
[29/08/2014 23:02:44] /r
[29/08/2014 23:02:44] /r
[29/08/2014 23:02:44] /r
[29/08/2014 23:02:44] /r
[29/08/2014 23:02:44] /r
[29/08/2014 23:02:45] /r
[29/08/2014 23:02:45] /r
[29/08/2014 23:02:46] /r
[29/08/2014 23:02:46] /r
[29/08/2014 23:02:46] /r
[29/08/2014 23:02:46] /r
[29/08/2014 23:02:46] /r
[29/08/2014 23:02:46] /r
[29/08/2014 23:02:46] /r
[29/08/2014 23:02:46] /r
[29/08/2014 23:02:46] /r
[29/08/2014 23:02:46] /r
[29/08/2014 23:02:46] /r
[29/08/2014 23:02:46] /r
[29/08/2014 23:02:46] /r
[29/08/2014 23:02:46] /r
[29/08/2014 23:02:46] /r
[29/08/2014 23:02:46] /r
[29/08/2014 23:02:46] /r
[29/08/2014 23:02:46] /r
[29/08/2014 23:02:46] /r
[29/08/2014 23:02:46] /r
[29/08/2014 23:02:46] /r
[29/08/2014 23:02:46] /r
[29/08/2014 23:02:46] /r
[29/08/2014 23:02:46] /r
[29/08/2014 23:02:47] /r
[29/08/2014 23:02:47] /r
[29/08/2014 23:02:47] /r
[29/08/2014 23:02:47] /r
[29/08/2014 23:02:47] /r
[29/08/2014 23:02:47] /r
[29/08/2014 23:02:47] /r
[29/08/2014 23:02:47] /r
[29/08/2014 23:02:47] /r
[29/08/2014 23:03:14] /m shiny tropios
[29/08/2014 23:03:31] /m tropios
[29/08/2014 23:03:35] /m tropios
[29/08/2014 23:03:39] /m tropius
[29/08/2014 23:03:40] /m tropius
[29/08/2014 23:03:40] /m tropius
[29/08/2014 23:03:49] /m metagross
[29/08/2014 23:03:50] /m metagross
[29/08/2014 23:03:51] /m metagross
[29/08/2014 23:03:51] /m metagross
[29/08/2014 23:03:52] /m metagross
[29/08/2014 23:03:52] /m metagross
[29/08/2014 23:03:53] /m metagross
[29/08/2014 23:03:53] /m metagross
[29/08/2014 23:03:53] /m metagross
[29/08/2014 23:03:54] /m metagross
[29/08/2014 23:03:54] /m metagross
[29/08/2014 23:03:55] /m metagross
[29/08/2014 23:03:55] /m metagross
[29/08/2014 23:03:55] /m metagross
[29/08/2014 23:03:56] /m metagross
[29/08/2014 23:03:56] /m metagross
[29/08/2014 23:03:57] /m metagross
[29/08/2014 23:03:57] /m metagross
[29/08/2014 23:03:58] /m metagross
[29/08/2014 23:03:58] /m metagross
[29/08/2014 23:03:58] /m metagross
[29/08/2014 23:03:59] /m metagross
[29/08/2014 23:04:07] /goto shiny dodrio
[29/08/2014 23:04:22] /m tropios
[29/08/2014 23:04:23] /m tropios
[29/08/2014 23:04:23] /m tropios
[29/08/2014 23:04:30] /m salamence
[29/08/2014 23:04:40] /goto jynx
[29/08/2014 23:04:46] /c senior
[29/08/2014 23:04:50] /c senhor
[29/08/2014 23:05:12] /t
[29/08/2014 23:05:31] /m shiny mewtwo
[29/08/2014 23:05:47] /m articuno
[29/08/2014 23:06:25] /addskill thiagoxc,level ,- 12
[29/08/2014 23:06:38] /m metagross
[29/08/2014 23:06:39] /m metagross
[29/08/2014 23:06:43] /m shiny metagross
[29/08/2014 23:06:49] /m metagross
[29/08/2014 23:06:50] /m metagross
[29/08/2014 23:06:50] /m metagross
[29/08/2014 23:06:50] /m metagross
[29/08/2014 23:06:51] /m metagross
[29/08/2014 23:06:51] /m metagross
[29/08/2014 23:06:52] /m metagross
[29/08/2014 23:06:52] /m metagross
[29/08/2014 23:06:52] /m metagross
[29/08/2014 23:06:53] /m metagross
[29/08/2014 23:06:53] /m metagross
[29/08/2014 23:06:54] /m metagross
[29/08/2014 23:06:54] /m metagross
[29/08/2014 23:06:55] /m metagross
[29/08/2014 23:06:55] /m metagross
[29/08/2014 23:06:56] /m metagross
[29/08/2014 23:06:57] /m metagross
[29/08/2014 23:06:57] /m metagross
[29/08/2014 23:06:58] /m metagross
[29/08/2014 23:06:58] /m metagross
[29/08/2014 23:06:59] /m metagross
[29/08/2014 23:06:59] /m metagross
[29/08/2014 23:07:00] /m metagross
[29/08/2014 23:07:00] /m metagross
[29/08/2014 23:07:01] /m metagross
[29/08/2014 23:07:01] /m metagross
[29/08/2014 23:07:02] /m metagross
[29/08/2014 23:07:03] /m metagross
[29/08/2014 23:07:04] /m metagross
[29/08/2014 23:07:04] /m metagross
[29/08/2014 23:07:05] /m metagross
[29/08/2014 23:07:06] /m metagross
[29/08/2014 23:07:06] /m metagross
[29/08/2014 23:07:07] /m metagross
[29/08/2014 23:07:08] /m metagross
[29/08/2014 23:07:08] /m metagross
[29/08/2014 23:07:09] /m metagross
[29/08/2014 23:07:10] /m metagross
[29/08/2014 23:07:10] /m metagross
[29/08/2014 23:07:11] /m metagross
[29/08/2014 23:07:12] /m metagross
[29/08/2014 23:07:49] /goto hoppip
[29/08/2014 23:07:58] /c tutor chaos
[29/08/2014 23:08:01] /m metagross
[29/08/2014 23:08:08] /m metagross
[29/08/2014 23:08:10] /m metagross
[29/08/2014 23:08:10] /m metagross
[29/08/2014 23:08:11] /m metagross
[29/08/2014 23:08:11] /m metagross
[29/08/2014 23:08:11] /m metagross
[29/08/2014 23:08:11] /m metagross
[29/08/2014 23:08:11] /m metagross
[29/08/2014 23:08:11] /m metagross
[29/08/2014 23:08:11] /m metagross
[29/08/2014 23:08:11] /m metagross
[29/08/2014 23:08:11] /m metagross
[29/08/2014 23:08:11] /m metagross
[29/08/2014 23:08:11] /m metagross
[29/08/2014 23:08:11] /m metagross
[29/08/2014 23:08:11] /m metagross
[29/08/2014 23:08:11] /m metagross
[29/08/2014 23:08:11] /m metagross
[29/08/2014 23:08:11] /m metagross
[29/08/2014 23:08:11] /m metagross
[29/08/2014 23:08:11] /m metagross
[29/08/2014 23:08:11] /m metagross
[29/08/2014 23:08:11] /m metagross
[29/08/2014 23:08:11] /m metagross
[29/08/2014 23:08:11] /m metagross
[29/08/2014 23:08:11] /m metagross
[29/08/2014 23:08:11] /m metagross
[29/08/2014 23:08:11] /m metagross
[29/08/2014 23:08:12] /m metagross
[29/08/2014 23:08:12] /m metagross
[29/08/2014 23:08:12] /m metagross
[29/08/2014 23:08:12] /m metagross
[29/08/2014 23:08:12] /m metagross
[29/08/2014 23:08:12] /m metagross
[29/08/2014 23:08:12] /m metagross
[29/08/2014 23:08:12] /m metagross
[29/08/2014 23:08:12] /m metagross
[29/08/2014 23:08:12] /m metagross
[29/08/2014 23:08:12] /m metagross
[29/08/2014 23:08:12] /m metagross
[29/08/2014 23:08:12] /m metagross
[29/08/2014 23:08:12] /m metagross
[29/08/2014 23:08:12] /m metagross
[29/08/2014 23:08:12] /m metagross
[29/08/2014 23:08:12] /m metagross
[29/08/2014 23:08:12] /m metagross
[29/08/2014 23:08:12] /m metagross
[29/08/2014 23:08:12] /m metagross
[29/08/2014 23:08:12] /m metagross
[29/08/2014 23:08:12] /m metagross
[29/08/2014 23:08:12] /m metagross
[29/08/2014 23:08:12] /m metagross
[29/08/2014 23:08:12] /m metagross
[29/08/2014 23:08:12] /m metagross
[29/08/2014 23:08:13] /m metagross
[29/08/2014 23:08:13] /m metagross
[29/08/2014 23:08:13] /m metagross
[29/08/2014 23:08:13] /m metagross
[29/08/2014 23:08:13] /m metagross
[29/08/2014 23:08:13] /m metagross
[29/08/2014 23:08:13] /m metagross
[29/08/2014 23:08:13] /m metagross
[29/08/2014 23:08:13] /m metagross
[29/08/2014 23:08:13] /m metagross
[29/08/2014 23:08:13] /m metagross
[29/08/2014 23:08:13] /m metagross
[29/08/2014 23:08:13] /m metagross
[29/08/2014 23:08:13] /m metagross
[29/08/2014 23:08:13] /m metagross
[29/08/2014 23:08:13] /m metagross
[29/08/2014 23:08:13] /m metagross
[29/08/2014 23:08:13] /m metagross
[29/08/2014 23:08:13] /m metagross
[29/08/2014 23:08:13] /m metagross
[29/08/2014 23:08:13] /m metagross
[29/08/2014 23:08:13] /m metagross
[29/08/2014 23:08:13] /m metagross
[29/08/2014 23:08:13] /m metagross
[29/08/2014 23:08:13] /m metagross
[29/08/2014 23:08:14] /m metagross
[29/08/2014 23:08:14] /m metagross
[29/08/2014 23:08:14] /m metagross
[29/08/2014 23:08:14] /m metagross
[29/08/2014 23:08:14] /m metagross
[29/08/2014 23:08:14] /m metagross
[29/08/2014 23:08:14] /m metagross
[29/08/2014 23:08:14] /m metagross
[29/08/2014 23:08:14] /m metagross
[29/08/2014 23:08:14] /m metagross
[29/08/2014 23:08:14] /m metagross
[29/08/2014 23:08:14] /m metagross
[29/08/2014 23:08:14] /m metagross
[29/08/2014 23:08:14] /m metagross
[29/08/2014 23:08:14] /m metagross
[29/08/2014 23:08:14] /m metagross
[29/08/2014 23:08:14] /m metagross
[29/08/2014 23:08:14] /m metagross
[29/08/2014 23:08:14] /m metagross
[29/08/2014 23:08:14] /m metagross
[29/08/2014 23:08:14] /m metagross
[29/08/2014 23:08:14] /m metagross
[29/08/2014 23:08:14] /m metagross
[29/08/2014 23:08:14] /m metagross
[29/08/2014 23:08:14] /m metagross
[29/08/2014 23:08:15] /m metagross
[29/08/2014 23:08:15] /m metagross
[29/08/2014 23:08:15] /m metagross
[29/08/2014 23:08:15] /m metagross
[29/08/2014 23:08:15] /m metagross
[29/08/2014 23:08:15] /m metagross
[29/08/2014 23:08:15] /m metagross
[29/08/2014 23:08:15] /m metagross
[29/08/2014 23:08:15] /m metagross
[29/08/2014 23:08:15] /m metagross
[29/08/2014 23:08:15] /m metagross
[29/08/2014 23:08:15] /m metagross
[29/08/2014 23:08:15] /m metagross
[29/08/2014 23:08:15] /m metagross
[29/08/2014 23:08:15] /m metagross
[29/08/2014 23:08:15] /m metagross
[29/08/2014 23:08:15] /m metagross
[29/08/2014 23:08:15] /m metagross
[29/08/2014 23:08:15] /m metagross
[29/08/2014 23:08:15] /m metagross
[29/08/2014 23:08:15] /m metagross
[29/08/2014 23:08:15] /m metagross
[29/08/2014 23:08:15] /m metagross
[29/08/2014 23:08:15] /m metagross
[29/08/2014 23:08:16] /m metagross
[29/08/2014 23:08:16] /m metagross
[29/08/2014 23:08:16] /m metagross
[29/08/2014 23:08:16] /m metagross
[29/08/2014 23:08:16] /m metagross
[29/08/2014 23:08:16] /m metagross
[29/08/2014 23:08:16] /m metagross
[29/08/2014 23:08:16] /m metagross
[29/08/2014 23:08:16] /m metagross
[29/08/2014 23:08:16] /m metagross
[29/08/2014 23:08:16] /m metagross
[29/08/2014 23:08:16] /m metagross
[29/08/2014 23:08:16] /m metagross
[29/08/2014 23:08:16] /m metagross
[29/08/2014 23:08:16] /m metagross
[29/08/2014 23:08:16] /m metagross
[29/08/2014 23:08:16] /m metagross
[29/08/2014 23:08:16] /m metagross
[29/08/2014 23:08:16] /m metagross
[29/08/2014 23:08:16] /m metagross
[29/08/2014 23:08:16] /m metagross
[29/08/2014 23:08:16] /m metagross
[29/08/2014 23:08:16] /m metagross
[29/08/2014 23:08:16] /m metagross
[29/08/2014 23:08:16] /m metagross
[29/08/2014 23:08:17] /m metagross
[29/08/2014 23:08:17] /m metagross
[29/08/2014 23:08:17] /m metagross
[29/08/2014 23:08:17] /m metagross
[29/08/2014 23:08:17] /m metagross
[29/08/2014 23:08:17] /m metagross
[29/08/2014 23:08:17] /m metagross
[29/08/2014 23:08:17] /m metagross
[29/08/2014 23:08:17] /m metagross
[29/08/2014 23:08:17] /m metagross
[29/08/2014 23:08:17] /m metagross
[29/08/2014 23:08:17] /m metagross
[29/08/2014 23:08:17] /m metagross
[29/08/2014 23:08:17] /m metagross
[29/08/2014 23:08:17] /m metagross
[29/08/2014 23:08:17] /m metagross
[29/08/2014 23:08:17] /m metagross
[29/08/2014 23:08:17] /m metagross
[29/08/2014 23:08:17] /m metagross
[29/08/2014 23:08:17] /m metagross
[29/08/2014 23:08:17] /m metagross
[29/08/2014 23:08:17] /m metagross
[29/08/2014 23:08:18] /m metagross
[29/08/2014 23:08:18] /m metagross
[29/08/2014 23:08:18] /m metagross
[29/08/2014 23:08:18] /m metagross
[29/08/2014 23:08:18] /m metagross
[29/08/2014 23:08:18] /m metagross
[29/08/2014 23:08:18] /m metagross
[29/08/2014 23:08:18] /m metagross
[29/08/2014 23:08:18] /m metagross
[29/08/2014 23:08:23] /m metagross
[29/08/2014 23:08:23] /m metagross
[29/08/2014 23:08:23] /m metagross
[29/08/2014 23:08:23] /m metagross
[29/08/2014 23:08:23] /m metagross
[29/08/2014 23:08:23] /m metagross
[29/08/2014 23:08:23] /m metagross
[29/08/2014 23:08:23] /m metagross
[29/08/2014 23:08:23] /m metagross
[29/08/2014 23:08:23] /m metagross
[29/08/2014 23:08:24] /m metagross
[29/08/2014 23:08:24] /m metagross
[29/08/2014 23:08:24] /m metagross
[29/08/2014 23:08:24] /m metagross
[29/08/2014 23:08:24] /m metagross
[29/08/2014 23:08:24] /m metagross
[29/08/2014 23:08:24] /m metagross
[29/08/2014 23:08:24] /m metagross
[29/08/2014 23:08:24] /m metagross
[29/08/2014 23:08:24] /m metagross
[29/08/2014 23:08:24] /m metagross
[29/08/2014 23:08:24] /m metagross
[29/08/2014 23:08:24] /m metagross
[29/08/2014 23:08:24] /m metagross
[29/08/2014 23:08:24] /m metagross
[29/08/2014 23:08:24] /m metagross
[29/08/2014 23:08:24] /m metagross
[29/08/2014 23:08:24] /m metagross
[29/08/2014 23:08:24] /m metagross
[29/08/2014 23:08:24] /m metagross
[29/08/2014 23:08:24] /m metagross
[29/08/2014 23:08:24] /m metagross
[29/08/2014 23:08:24] /m metagross
[29/08/2014 23:08:24] /m metagross
[29/08/2014 23:08:24] /m metagross
[29/08/2014 23:08:25] /m metagross
[29/08/2014 23:08:25] /m metagross
[29/08/2014 23:08:25] /m metagross
[29/08/2014 23:08:25] /m metagross
[29/08/2014 23:08:25] /m metagross
[29/08/2014 23:08:25] /m metagross
[29/08/2014 23:08:25] /m metagross
[29/08/2014 23:08:25] /m metagross
[29/08/2014 23:08:25] /m metagross
[29/08/2014 23:08:25] /m metagross
[29/08/2014 23:08:25] /m metagross
[29/08/2014 23:08:25] /m metagross
[29/08/2014 23:08:25] /m metagross
[29/08/2014 23:08:25] /m metagross
[29/08/2014 23:08:25] /m metagross
[29/08/2014 23:08:25] /m metagross
[29/08/2014 23:08:25] /m metagross
[29/08/2014 23:08:25] /m metagross
[29/08/2014 23:08:25] /m metagross
[29/08/2014 23:08:25] /m metagross
[29/08/2014 23:08:25] /m metagross
[29/08/2014 23:08:25] /m metagross
[29/08/2014 23:08:25] /m metagross
[29/08/2014 23:08:26] /m metagross
[29/08/2014 23:08:26] /m metagross
[29/08/2014 23:08:26] /m metagross
[29/08/2014 23:08:26] /m metagross
[29/08/2014 23:08:26] /m metagross
[29/08/2014 23:08:26] /m metagross
[29/08/2014 23:08:26] /m metagross
[29/08/2014 23:08:26] /m metagross
[29/08/2014 23:08:26] /m metagross
[29/08/2014 23:08:26] /m metagross
[29/08/2014 23:08:26] /m metagross
[29/08/2014 23:08:26] /m metagross
[29/08/2014 23:08:26] /m metagross
[29/08/2014 23:08:26] /m metagross
[29/08/2014 23:08:26] /m metagross
[29/08/2014 23:08:26] /m metagross
[29/08/2014 23:08:26] /m metagross
[29/08/2014 23:08:26] /m metagross
[29/08/2014 23:08:26] /m metagross
[29/08/2014 23:08:26] /m metagross
[29/08/2014 23:08:26] /m metagross
[29/08/2014 23:08:26] /m metagross
[29/08/2014 23:08:26] /m metagross
[29/08/2014 23:08:27] /m metagross
[29/08/2014 23:08:27] /m metagross
[29/08/2014 23:08:27] /m metagross
[29/08/2014 23:08:27] /m metagross
[29/08/2014 23:08:27] /m metagross
[29/08/2014 23:08:27] /m metagross
[29/08/2014 23:08:27] /m metagross
[29/08/2014 23:08:27] /m metagross
[29/08/2014 23:08:27] /m metagross
[29/08/2014 23:08:27] /m metagross
[29/08/2014 23:08:27] /m metagross
[29/08/2014 23:08:27] /m metagross
[29/08/2014 23:08:27] /m metagross
[29/08/2014 23:08:27] /m metagross
[29/08/2014 23:08:27] /m metagross
[29/08/2014 23:08:27] /m metagross
[29/08/2014 23:08:27] /m metagross
[29/08/2014 23:08:27] /m metagross
[29/08/2014 23:08:27] /m metagross
[29/08/2014 23:08:27] /m metagross
[29/08/2014 23:08:27] /m metagross
[29/08/2014 23:08:27] /m metagross
[29/08/2014 23:08:27] /m metagross
[29/08/2014 23:08:28] /m metagross
[29/08/2014 23:08:28] /m metagross
[29/08/2014 23:08:28] /m metagross
[29/08/2014 23:08:28] /m metagross
[29/08/2014 23:08:28] /m metagross
[29/08/2014 23:08:28] /m metagross
[29/08/2014 23:08:28] /m metagross
[29/08/2014 23:08:28] /m metagross
[29/08/2014 23:08:28] /m metagross
[29/08/2014 23:08:28] /m metagross
[29/08/2014 23:08:28] /m metagross
[29/08/2014 23:08:28] /m metagross
[29/08/2014 23:08:28] /m metagross
[29/08/2014 23:08:28] /m metagross
[29/08/2014 23:08:28] /m metagross
[29/08/2014 23:08:28] /m metagross
[29/08/2014 23:08:28] /m metagross
[29/08/2014 23:08:58] /m tropios
[29/08/2014 23:09:02] /m tropius
[29/08/2014 23:09:31] /m tropius
[29/08/2014 23:09:32] /m tropius
[29/08/2014 23:09:33] /m tropius
[29/08/2014 23:09:33] /m tropius
[29/08/2014 23:09:33] /m tropius
[29/08/2014 23:09:33] /m tropius
[29/08/2014 23:09:33] /m tropius
[29/08/2014 23:09:34] /m tropius
[29/08/2014 23:09:34] /m tropius
[29/08/2014 23:09:45] /m tropius
[29/08/2014 23:09:46] /m tropius
[29/08/2014 23:09:46] /m tropius
[29/08/2014 23:09:46] /m tropius
[29/08/2014 23:09:46] /m tropius
[29/08/2014 23:09:46] /m tropius
[29/08/2014 23:09:46] /m tropius
[29/08/2014 23:09:46] /m tropius
[29/08/2014 23:09:46] /m tropius
[29/08/2014 23:09:46] /m tropius
[29/08/2014 23:09:46] /m tropius
[29/08/2014 23:09:46] /m tropius
[29/08/2014 23:09:46] /m tropius
[29/08/2014 23:09:46] /m tropius
[29/08/2014 23:09:46] /m tropius
[29/08/2014 23:09:46] /m tropius
[29/08/2014 23:09:46] /m tropius
[29/08/2014 23:09:46] /m tropius
[29/08/2014 23:09:46] /m tropius
[29/08/2014 23:09:46] /m tropius
[29/08/2014 23:09:46] /m tropius
[29/08/2014 23:09:46] /m tropius
[29/08/2014 23:09:46] /m tropius
[29/08/2014 23:09:46] /m tropius
[29/08/2014 23:09:47] /m tropius
[29/08/2014 23:09:47] /m tropius
[29/08/2014 23:09:47] /m tropius
[29/08/2014 23:09:47] /m tropius
[29/08/2014 23:09:47] /m tropius
[29/08/2014 23:09:47] /m tropius
[29/08/2014 23:09:47] /m tropius
[29/08/2014 23:09:47] /m tropius
[29/08/2014 23:09:47] /m tropius
[29/08/2014 23:09:47] /m tropius
[29/08/2014 23:09:47] /m tropius
[29/08/2014 23:09:47] /m tropius
[29/08/2014 23:09:47] /m tropius
[29/08/2014 23:09:47] /m tropius
[29/08/2014 23:09:47] /m tropius
[29/08/2014 23:09:47] /m tropius
[29/08/2014 23:09:47] /m tropius
[29/08/2014 23:09:47] /m tropius
[29/08/2014 23:09:47] /m tropius
[29/08/2014 23:09:47] /m tropius
[29/08/2014 23:09:47] /m tropius
[29/08/2014 23:09:47] /m tropius
[29/08/2014 23:09:47] /m tropius
[29/08/2014 23:09:47] /m tropius
[29/08/2014 23:09:47] /m tropius
[29/08/2014 23:09:48] /m tropius
[29/08/2014 23:09:48] /m tropius
[29/08/2014 23:09:48] /m tropius
[29/08/2014 23:09:48] /m tropius
[29/08/2014 23:09:48] /m tropius
[29/08/2014 23:09:48] /m tropius
[29/08/2014 23:09:48] /m tropius
[29/08/2014 23:09:48] /m tropius
[29/08/2014 23:09:48] /m tropius
[29/08/2014 23:09:48] /m tropius
[29/08/2014 23:09:48] /m tropius
[29/08/2014 23:09:48] /m tropius
[29/08/2014 23:09:48] /m tropius
[29/08/2014 23:09:48] /m tropius
[29/08/2014 23:09:48] /m tropius
[29/08/2014 23:09:48] /m tropius
[29/08/2014 23:09:48] /m tropius
[29/08/2014 23:09:48] /m tropius
[29/08/2014 23:09:48] /m tropius
[29/08/2014 23:09:48] /m tropius
[29/08/2014 23:09:48] /m tropius
[29/08/2014 23:09:48] /m tropius
[29/08/2014 23:09:48] /m tropius
[29/08/2014 23:09:48] /m tropius
[29/08/2014 23:09:48] /m tropius
[29/08/2014 23:09:48] /m tropius
[29/08/2014 23:09:49] /m tropius
[29/08/2014 23:09:49] /m tropius
[29/08/2014 23:09:49] /m tropius
[29/08/2014 23:09:49] /m tropius
[29/08/2014 23:09:49] /m tropius
[29/08/2014 23:09:49] /m tropius
[29/08/2014 23:09:49] /m tropius
[29/08/2014 23:09:49] /m tropius
[29/08/2014 23:09:49] /m tropius
[29/08/2014 23:09:49] /m tropius
[29/08/2014 23:09:49] /m tropius
[29/08/2014 23:09:49] /m tropius
[29/08/2014 23:09:49] /m tropius
[29/08/2014 23:09:49] /m tropius
[29/08/2014 23:09:49] /m tropius
[29/08/2014 23:09:49] /m tropius
[29/08/2014 23:09:49] /m tropius
[29/08/2014 23:09:49] /m tropius
[29/08/2014 23:09:49] /m tropius
[29/08/2014 23:09:50] /m tropius
[29/08/2014 23:09:50] /m tropius
[29/08/2014 23:09:50] /m tropius
[29/08/2014 23:09:50] /m tropius
[29/08/2014 23:09:50] /m tropius
[29/08/2014 23:09:50] /m tropius
[29/08/2014 23:09:50] /m tropius
[29/08/2014 23:09:50] /m tropius
[29/08/2014 23:09:50] /m tropius
[29/08/2014 23:09:50] /m tropius
[29/08/2014 23:09:50] /m tropius
[29/08/2014 23:09:50] /m tropius
[29/08/2014 23:09:50] /m tropius
[29/08/2014 23:09:50] /m tropius
[29/08/2014 23:09:50] /m tropius
[29/08/2014 23:09:50] /m tropius
[29/08/2014 23:09:50] /m tropius
[29/08/2014 23:09:50] /m tropius
[29/08/2014 23:09:50] /m tropius
[29/08/2014 23:09:51] /m tropius
[29/08/2014 23:09:51] /m tropius
[29/08/2014 23:09:51] /m tropius
[29/08/2014 23:09:51] /m tropius
[29/08/2014 23:09:51] /m tropius
[29/08/2014 23:09:51] /m tropius
[29/08/2014 23:09:51] /m tropius
[29/08/2014 23:09:51] /m tropius
[29/08/2014 23:09:51] /m tropius
[29/08/2014 23:09:51] /m tropius
[29/08/2014 23:09:51] /m tropius
[29/08/2014 23:09:51] /m tropius
[29/08/2014 23:09:51] /m tropius
[29/08/2014 23:09:51] /m tropius
[29/08/2014 23:09:51] /m tropius
[29/08/2014 23:09:51] /m tropius
[29/08/2014 23:09:51] /m tropius
[29/08/2014 23:09:51] /m tropius
[29/08/2014 23:09:51] /m tropius
[29/08/2014 23:09:51] /m tropius
[29/08/2014 23:09:51] /m tropius
[29/08/2014 23:09:51] /m tropius
[29/08/2014 23:09:51] /m tropius
[29/08/2014 23:09:51] /m tropius
[29/08/2014 23:09:52] /m tropius
[29/08/2014 23:09:52] /m tropius
[29/08/2014 23:09:52] /m tropius
[29/08/2014 23:09:52] /m tropius
[29/08/2014 23:09:52] /m tropius
[29/08/2014 23:09:52] /m tropius
[29/08/2014 23:09:52] /m tropius
[29/08/2014 23:09:52] /m tropius
[29/08/2014 23:09:52] /m tropius
[29/08/2014 23:09:52] /m tropius
[29/08/2014 23:09:52] /m tropius
[29/08/2014 23:09:52] /m tropius
[29/08/2014 23:09:52] /m tropius
[29/08/2014 23:09:52] /m tropius
[29/08/2014 23:09:52] /m tropius
[29/08/2014 23:09:52] /m tropius
[29/08/2014 23:09:52] /m tropius
[29/08/2014 23:09:52] /m tropius
[29/08/2014 23:09:52] /m tropius
[29/08/2014 23:09:52] /m tropius
[29/08/2014 23:09:52] /m tropius
[29/08/2014 23:09:52] /m tropius
[29/08/2014 23:09:52] /m tropius
[29/08/2014 23:09:52] /m tropius
[29/08/2014 23:09:52] /m tropius
[29/08/2014 23:09:52] /m tropius
[29/08/2014 23:09:53] /m tropius
[29/08/2014 23:09:53] /m tropius
[29/08/2014 23:09:53] /m tropius
[29/08/2014 23:09:53] /m tropius
[29/08/2014 23:09:53] /m tropius
[29/08/2014 23:09:53] /m tropius
[29/08/2014 23:09:53] /m tropius
[29/08/2014 23:09:53] /m tropius
[29/08/2014 23:09:53] /m tropius
[29/08/2014 23:09:53] /m tropius
[29/08/2014 23:09:53] /m tropius
[29/08/2014 23:09:53] /m tropius
[29/08/2014 23:09:53] /m tropius
[29/08/2014 23:09:53] /m tropius
[29/08/2014 23:09:53] /m tropius
[29/08/2014 23:09:53] /m tropius
[29/08/2014 23:09:53] /m tropius
[29/08/2014 23:09:53] /m tropius
[29/08/2014 23:09:53] /m tropius
[29/08/2014 23:09:53] /m tropius
[29/08/2014 23:09:53] /m tropius
[29/08/2014 23:09:53] /m tropius
[29/08/2014 23:09:53] /m tropius
[29/08/2014 23:09:54] /m tropius
[29/08/2014 23:09:54] /m tropius
[29/08/2014 23:09:54] /m tropius
[29/08/2014 23:09:54] /m tropius
[29/08/2014 23:09:54] /m tropius
[29/08/2014 23:09:54] /m tropius
[29/08/2014 23:09:54] /m tropius
[29/08/2014 23:09:54] /m tropius
[29/08/2014 23:09:54] /m tropius
[29/08/2014 23:09:54] /m tropius
[29/08/2014 23:09:54] /m tropius
[29/08/2014 23:09:54] /m tropius
[29/08/2014 23:09:54] /m tropius
[29/08/2014 23:09:54] /m tropius
[29/08/2014 23:09:54] /m tropius
[29/08/2014 23:09:54] /m tropius
[29/08/2014 23:09:54] /m tropius
[29/08/2014 23:09:54] /m tropius
[29/08/2014 23:09:57] /m tropius
[29/08/2014 23:09:57] /m tropius
[29/08/2014 23:09:57] /m tropius
[29/08/2014 23:09:57] /m tropius
[29/08/2014 23:09:57] /m tropius
[29/08/2014 23:09:57] /m tropius
[29/08/2014 23:09:57] /m tropius
[29/08/2014 23:09:57] /m tropius
[29/08/2014 23:09:57] /m tropius
[29/08/2014 23:09:58] /m tropius
[29/08/2014 23:09:58] /m tropius
[29/08/2014 23:09:58] /m tropius
[29/08/2014 23:09:58] /m tropius
[29/08/2014 23:09:58] /m tropius
[29/08/2014 23:09:58] /m tropius
[29/08/2014 23:09:58] /m tropius
[29/08/2014 23:09:58] /m tropius
[29/08/2014 23:09:58] /m tropius
[29/08/2014 23:09:58] /m tropius
[29/08/2014 23:09:58] /m tropius
[29/08/2014 23:09:58] /m tropius
[29/08/2014 23:09:58] /m tropius
[29/08/2014 23:09:58] /m tropius
[29/08/2014 23:09:58] /m tropius
[29/08/2014 23:09:58] /m tropius
[29/08/2014 23:09:58] /m tropius
[29/08/2014 23:09:58] /m tropius
[29/08/2014 23:09:58] /m tropius
[29/08/2014 23:09:58] /m tropius
[29/08/2014 23:09:58] /m tropius
[29/08/2014 23:09:58] /m tropius
[29/08/2014 23:09:59] /m tropius
[29/08/2014 23:09:59] /m tropius
[29/08/2014 23:09:59] /m tropius
[29/08/2014 23:09:59] /m tropius
[29/08/2014 23:09:59] /m tropius
[29/08/2014 23:09:59] /m tropius
[29/08/2014 23:09:59] /m tropius
[29/08/2014 23:09:59] /m tropius
[29/08/2014 23:09:59] /m tropius
[29/08/2014 23:09:59] /m tropius
[29/08/2014 23:09:59] /m tropius
[29/08/2014 23:09:59] /m tropius
[29/08/2014 23:09:59] /m tropius
[29/08/2014 23:09:59] /m tropius
[29/08/2014 23:09:59] /m tropius
[29/08/2014 23:09:59] /m tropius
[29/08/2014 23:09:59] /m tropius
[29/08/2014 23:09:59] /m tropius
[29/08/2014 23:09:59] /m tropius
[29/08/2014 23:09:59] /m tropius
[29/08/2014 23:09:59] /m tropius
[29/08/2014 23:09:59] /m tropius
[29/08/2014 23:09:59] /m tropius
[29/08/2014 23:09:59] /m tropius
[29/08/2014 23:10:00] /m tropius
[29/08/2014 23:10:00] /m tropius
[29/08/2014 23:10:00] /m tropius
[29/08/2014 23:10:00] /m tropius
[29/08/2014 23:10:00] /m tropius
[29/08/2014 23:10:00] /m tropius
[29/08/2014 23:10:00] /m tropius
[29/08/2014 23:10:00] /m tropius
[29/08/2014 23:10:00] /m tropius
[29/08/2014 23:10:00] /m tropius
[29/08/2014 23:10:00] /m tropius
[29/08/2014 23:10:00] /m tropius
[29/08/2014 23:10:00] /m tropius
[29/08/2014 23:10:28] /m shiny salamence
[29/08/2014 23:10:37] /m shiny salamence
[29/08/2014 23:10:38] /m shiny salamence
[29/08/2014 23:11:04] /m shiny salamence
[29/08/2014 23:11:22] /m shiny salamence
[29/08/2014 23:11:36] /m shiny salamence
[29/08/2014 23:11:36] /m shiny salamence
[29/08/2014 23:11:36] /m shiny salamence
[29/08/2014 23:11:36] /m shiny salamence
[29/08/2014 23:11:36] /m shiny salamence
[29/08/2014 23:11:36] /m shiny salamence
[29/08/2014 23:11:36] /m shiny salamence
[29/08/2014 23:11:36] /m shiny salamence
[29/08/2014 23:11:37] /m shiny salamence
[29/08/2014 23:11:37] /m shiny salamence
[29/08/2014 23:11:37] /m shiny salamence
[29/08/2014 23:11:37] /m shiny salamence
[29/08/2014 23:11:37] /m shiny salamence
[29/08/2014 23:11:37] /m shiny salamence
[29/08/2014 23:11:37] /m shiny salamence
[29/08/2014 23:11:37] /m shiny salamence
[29/08/2014 23:11:37] /m shiny salamence
[29/08/2014 23:11:37] /m shiny salamence
[29/08/2014 23:11:37] /m shiny salamence
[29/08/2014 23:11:37] /m shiny salamence
[29/08/2014 23:11:37] /m shiny salamence
[29/08/2014 23:11:37] /m shiny salamence
[29/08/2014 23:11:37] /m shiny salamence
[29/08/2014 23:11:37] /m shiny salamence
[29/08/2014 23:11:37] /m shiny salamence
[29/08/2014 23:11:37] /m shiny salamence
[29/08/2014 23:11:37] /m shiny salamence
[29/08/2014 23:11:37] /m shiny salamence
[29/08/2014 23:11:37] /m shiny salamence
[29/08/2014 23:11:37] /m shiny salamence
[29/08/2014 23:11:38] /m shiny salamence
[29/08/2014 23:11:38] /m shiny salamence
[29/08/2014 23:11:38] /m shiny salamence
[29/08/2014 23:11:38] /m shiny salamence
[29/08/2014 23:11:38] /m shiny salamence
[29/08/2014 23:11:38] /m shiny salamence
[29/08/2014 23:11:38] /m shiny salamence
[29/08/2014 23:11:38] /m shiny salamence
[29/08/2014 23:11:38] /m shiny salamence
[29/08/2014 23:11:38] /m shiny salamence
[29/08/2014 23:11:38] /m shiny salamence
[29/08/2014 23:11:38] /m shiny salamence
[29/08/2014 23:11:38] /m shiny salamence
[29/08/2014 23:11:38] /m shiny salamence
[29/08/2014 23:11:38] /m shiny salamence
[29/08/2014 23:11:38] /m shiny salamence
[29/08/2014 23:11:38] /m shiny salamence
[29/08/2014 23:11:38] /m shiny salamence
[29/08/2014 23:11:38] /m shiny salamence
[29/08/2014 23:11:38] /m shiny salamence
[29/08/2014 23:11:38] /m shiny salamence
[29/08/2014 23:11:38] /m shiny salamence
[29/08/2014 23:11:38] /m shiny salamence
[29/08/2014 23:11:38] /m shiny salamence
[29/08/2014 23:11:39] /m shiny salamence
[29/08/2014 23:11:39] /m shiny salamence
[29/08/2014 23:11:39] /m shiny salamence
[29/08/2014 23:11:39] /m shiny salamence
[29/08/2014 23:11:39] /m shiny salamence
[29/08/2014 23:11:39] /m shiny salamence
[29/08/2014 23:11:39] /m shiny salamence
[29/08/2014 23:11:39] /m shiny salamence
[29/08/2014 23:11:39] /m shiny salamence
[29/08/2014 23:11:39] /m shiny salamence
[29/08/2014 23:11:39] /m shiny salamence
[29/08/2014 23:11:39] /m shiny salamence
[29/08/2014 23:11:39] /m shiny salamence
[29/08/2014 23:11:39] /m shiny salamence
[29/08/2014 23:11:39] /m shiny salamence
[29/08/2014 23:11:39] /m shiny salamence
[29/08/2014 23:11:39] /m shiny salamence
[29/08/2014 23:11:39] /m shiny salamence
[29/08/2014 23:11:39] /m shiny salamence
[29/08/2014 23:11:39] /m shiny salamence
[29/08/2014 23:11:39] /m shiny salamence
[29/08/2014 23:11:39] /m shiny salamence
[29/08/2014 23:11:39] /m shiny salamence
[29/08/2014 23:11:39] /m shiny salamence
[29/08/2014 23:11:39] /m shiny salamence
[29/08/2014 23:11:39] /m shiny salamence
[29/08/2014 23:11:39] /m shiny salamence
[29/08/2014 23:11:40] /m shiny salamence
[29/08/2014 23:11:40] /m shiny salamence
[29/08/2014 23:11:40] /m shiny salamence
[29/08/2014 23:11:40] /m shiny salamence
[29/08/2014 23:11:40] /m shiny salamence
[29/08/2014 23:11:40] /m shiny salamence
[29/08/2014 23:11:40] /m shiny salamence
[29/08/2014 23:11:40] /m shiny salamence
[29/08/2014 23:11:40] /m shiny salamence
[29/08/2014 23:11:40] /m shiny salamence
[29/08/2014 23:11:40] /m shiny salamence
[29/08/2014 23:11:40] /m shiny salamence
[29/08/2014 23:11:40] /m shiny salamence
[29/08/2014 23:11:40] /m shiny salamence
[29/08/2014 23:11:40] /m shiny salamence
[29/08/2014 23:11:40] /m shiny salamence
[29/08/2014 23:11:40] /m shiny salamence
[29/08/2014 23:11:40] /m shiny salamence
[29/08/2014 23:11:40] /m shiny salamence
[29/08/2014 23:11:40] /m shiny salamence
[29/08/2014 23:11:41] /m shiny salamence
[29/08/2014 23:11:41] /m shiny salamence
[29/08/2014 23:11:41] /m shiny salamence
[29/08/2014 23:11:41] /m shiny salamence
[29/08/2014 23:11:41] /m shiny salamence
[29/08/2014 23:11:41] /m shiny salamence
[29/08/2014 23:11:41] /m shiny salamence
[29/08/2014 23:11:41] /m shiny salamence
[29/08/2014 23:11:41] /m shiny salamence
[29/08/2014 23:11:41] /m shiny salamence
[29/08/2014 23:11:41] /m shiny salamence
[29/08/2014 23:11:41] /m shiny salamence
[29/08/2014 23:11:41] /m shiny salamence
[29/08/2014 23:11:41] /m shiny salamence
[29/08/2014 23:11:41] /m shiny salamence
[29/08/2014 23:11:41] /m shiny salamence
[29/08/2014 23:11:41] /m shiny salamence
[29/08/2014 23:11:41] /m shiny salamence
[29/08/2014 23:11:41] /m shiny salamence
[29/08/2014 23:11:41] /m shiny salamence
[29/08/2014 23:11:41] /m shiny salamence
[29/08/2014 23:11:41] /m shiny salamence
[29/08/2014 23:11:42] /m shiny salamence
[29/08/2014 23:11:42] /m shiny salamence
[29/08/2014 23:11:42] /m shiny salamence
[29/08/2014 23:11:42] /m shiny salamence
[29/08/2014 23:11:42] /m shiny salamence
[29/08/2014 23:11:42] /m shiny salamence
[29/08/2014 23:11:42] /m shiny salamence
[29/08/2014 23:11:42] /m shiny salamence
[29/08/2014 23:11:42] /m shiny salamence
[29/08/2014 23:11:42] /m shiny salamence
[29/08/2014 23:11:42] /m shiny salamence
[29/08/2014 23:11:42] /m shiny salamence
[29/08/2014 23:11:42] /m shiny salamence
[29/08/2014 23:11:42] /m shiny salamence
[29/08/2014 23:11:42] /m shiny salamence
[29/08/2014 23:11:42] /m shiny salamence
[29/08/2014 23:11:42] /m shiny salamence
[29/08/2014 23:11:42] /m shiny salamence
[29/08/2014 23:11:42] /m shiny salamence
[29/08/2014 23:11:42] /m shiny salamence
[29/08/2014 23:11:42] /m shiny salamence
[29/08/2014 23:11:42] /m shiny salamence
[29/08/2014 23:11:43] /m shiny salamence
[29/08/2014 23:11:43] /m shiny salamence
[29/08/2014 23:11:43] /m shiny salamence
[29/08/2014 23:11:43] /m shiny salamence
[29/08/2014 23:11:43] /m shiny salamence
[29/08/2014 23:11:43] /m shiny salamence
[29/08/2014 23:11:43] /m shiny salamence
[29/08/2014 23:11:43] /m shiny salamence
[29/08/2014 23:11:43] /m shiny salamence
[29/08/2014 23:11:43] /m shiny salamence
[29/08/2014 23:11:43] /m shiny salamence
[29/08/2014 23:11:43] /m shiny salamence
[29/08/2014 23:11:43] /m shiny salamence
[29/08/2014 23:12:33] /m articuno
[29/08/2014 23:12:48] /m mew
[29/08/2014 23:12:59] /m mew
[29/08/2014 23:13:12] /m slowking
[29/08/2014 23:13:13] /m slowking
[29/08/2014 23:13:13] /m slowking
[29/08/2014 23:13:13] /m slowking
[29/08/2014 23:13:14] /m slowking
[29/08/2014 23:13:14] /m slowking
[29/08/2014 23:13:14] /m slowking
[29/08/2014 23:13:15] /m slowking
[29/08/2014 23:13:15] /m slowking
[29/08/2014 23:13:16] /m slowking
[29/08/2014 23:13:17] /m slowking
[29/08/2014 23:13:17] /m slowking
[29/08/2014 23:13:18] /m slowking
[29/08/2014 23:13:19] /m slowking
[29/08/2014 23:13:19] /m slowking
[29/08/2014 23:13:42] /rename
[29/08/2014 23:13:46] /rename thiagoxc
[29/08/2014 23:13:55] /rename thiagoxc , ReD fUrY
[29/08/2014 23:14:01] /rename thiagoxc, ReD fUrY
[29/08/2014 23:14:35] /m shiny magmortar
[29/08/2014 23:14:37] /m shiny magmortar
[29/08/2014 23:14:38] /m shiny magmortar
[29/08/2014 23:14:58] /m shiny magnezone
[29/08/2014 23:15:07] /m magnezone
[29/08/2014 23:15:09] /m magnezone
[29/08/2014 23:15:09] /m magnezone
[29/08/2014 23:15:10] /m magnezone
[29/08/2014 23:16:09] /t
[29/08/2014 23:16:13] /m shiny salamence
[29/08/2014 23:16:34] /r
[29/08/2014 23:16:37] /r
[29/08/2014 23:16:38] /r
[29/08/2014 23:16:38] /r
[29/08/2014 23:16:38] /r
[29/08/2014 23:16:38] /r
[29/08/2014 23:16:38] /r
[29/08/2014 23:16:38] /r
[29/08/2014 23:16:38] /r
[29/08/2014 23:16:38] /r
[29/08/2014 23:16:38] /r
[29/08/2014 23:16:38] /r
[29/08/2014 23:16:38] /r
[29/08/2014 23:16:38] /r
[29/08/2014 23:16:38] /r
[29/08/2014 23:16:39] /r
[29/08/2014 23:16:39] /r
[29/08/2014 23:16:39] /r
[29/08/2014 23:16:39] /r
[29/08/2014 23:16:39] /r
[29/08/2014 23:16:39] /r
[29/08/2014 23:16:39] /r
[29/08/2014 23:16:39] /r
[29/08/2014 23:16:39] /r
[29/08/2014 23:16:39] /r
[29/08/2014 23:16:39] /r
[29/08/2014 23:16:39] /r
[29/08/2014 23:16:39] /r
[29/08/2014 23:16:39] /r
[29/08/2014 23:16:39] /r
[29/08/2014 23:16:39] /r
[29/08/2014 23:16:39] /r
[29/08/2014 23:16:39] /r
[29/08/2014 23:16:39] /r
[29/08/2014 23:16:39] /r
[29/08/2014 23:16:39] /r
[29/08/2014 23:16:39] /r
[29/08/2014 23:16:39] /r
[29/08/2014 23:16:39] /r
[29/08/2014 23:16:39] /r
[29/08/2014 23:16:39] /r
[29/08/2014 23:16:39] /r
[29/08/2014 23:16:40] /r
[29/08/2014 23:16:40] /r
[29/08/2014 23:16:40] /r
[29/08/2014 23:16:40] /r
[29/08/2014 23:16:40] /r
[29/08/2014 23:16:40] /r
[29/08/2014 23:16:40] /r
[29/08/2014 23:16:40] /r
[29/08/2014 23:16:40] /r
[29/08/2014 23:16:40] /r
[29/08/2014 23:16:40] /r
[29/08/2014 23:16:40] /r
[29/08/2014 23:16:40] /r
[29/08/2014 23:16:40] /r
[29/08/2014 23:16:40] /r
[29/08/2014 23:16:40] /r
[29/08/2014 23:16:40] /r
[29/08/2014 23:16:40] /r
[29/08/2014 23:16:40] /r
[29/08/2014 23:16:40] /r
[29/08/2014 23:16:40] /r
[29/08/2014 23:16:40] /r
[29/08/2014 23:16:40] /r
[29/08/2014 23:16:40] /r
[29/08/2014 23:16:40] /r
[29/08/2014 23:16:40] /r
[29/08/2014 23:16:40] /r
[29/08/2014 23:16:41] /r
[29/08/2014 23:16:41] /r
[29/08/2014 23:16:41] /r
[29/08/2014 23:16:41] /r
[29/08/2014 23:16:41] /r
[29/08/2014 23:16:41] /r
[29/08/2014 23:16:41] /r
[29/08/2014 23:16:41] /r
[29/08/2014 23:16:41] /r
[29/08/2014 23:16:41] /r
[29/08/2014 23:16:41] /r
[29/08/2014 23:16:41] /r
[29/08/2014 23:16:41] /r
[29/08/2014 23:16:41] /r
[29/08/2014 23:16:41] /r
[29/08/2014 23:16:41] /r
[29/08/2014 23:16:41] /r
[29/08/2014 23:16:41] /r
[29/08/2014 23:16:41] /r
[29/08/2014 23:16:41] /r
[29/08/2014 23:16:41] /r
[29/08/2014 23:16:41] /r
[29/08/2014 23:16:41] /r
[29/08/2014 23:16:41] /r
[29/08/2014 23:16:41] /r
[29/08/2014 23:16:41] /r
[29/08/2014 23:16:41] /r
[29/08/2014 23:16:41] /r
[29/08/2014 23:16:42] /r
[29/08/2014 23:16:42] /r
[29/08/2014 23:16:42] /r
[29/08/2014 23:16:42] /r
[29/08/2014 23:16:42] /r
[29/08/2014 23:16:42] /r
[29/08/2014 23:16:42] /r
[29/08/2014 23:16:42] /r
[29/08/2014 23:16:42] /r
[29/08/2014 23:16:42] /r
[29/08/2014 23:16:49] /r
[29/08/2014 23:18:38] /r
[29/08/2014 23:18:38] /r
[29/08/2014 23:18:38] /r
[29/08/2014 23:18:38] /r
[29/08/2014 23:18:38] /r
[29/08/2014 23:18:38] /r
[29/08/2014 23:18:38] /r
[29/08/2014 23:18:38] /r
[29/08/2014 23:18:38] /r
[29/08/2014 23:18:38] /r
[29/08/2014 23:18:38] /r
[29/08/2014 23:18:38] /r
[29/08/2014 23:18:39] /r
[29/08/2014 23:18:39] /r
[29/08/2014 23:18:39] /r
[29/08/2014 23:18:39] /r
[29/08/2014 23:18:39] /r
[29/08/2014 23:18:39] /r
[29/08/2014 23:18:39] /r
[29/08/2014 23:18:39] /r
[29/08/2014 23:18:39] /r
[29/08/2014 23:19:12] /mkick
[29/08/2014 23:19:16] /mkick senhor
[29/08/2014 23:19:21] /mkick ,senhor
[29/08/2014 23:19:25] /mode
[29/08/2014 23:19:28] /mc
[29/08/2014 23:19:44] /n
[29/08/2014 23:19:59] /m shiny weezing
[29/08/2014 23:20:00] /m shiny weezing
[29/08/2014 23:20:00] /m shiny weezing
[29/08/2014 23:20:00] /m shiny weezing
[29/08/2014 23:20:01] /m shiny weezing
[29/08/2014 23:20:13] /m ash pikachu
[29/08/2014 23:20:20] /m ash pikachu
[29/08/2014 23:20:35] /m ash charizard
[29/08/2014 23:20:37] /m ash charizard
[29/08/2014 23:20:55] /raid
[29/08/2014 23:21:02] /raid thiagoxc
[29/08/2014 23:21:13] /rename tutor chaos ,cone
[29/08/2014 23:21:19] /r
[29/08/2014 23:21:32] /t
[29/08/2014 23:21:57] /rename tutor chaos ,cone
[29/08/2014 23:22:07] /c tutor chaos
[29/08/2014 23:22:14] /rename tutor chaos ,cone
[29/08/2014 23:22:22] /rename cone ,123
[29/08/2014 23:22:41] /rename ReD fUrY ,thiagoxc
[29/08/2014 23:22:56] /rename Thiagoxc ,ReD fUrY
[02/09/2014 22:04:40] /newtype 11687
[02/09/2014 22:18:16] /goto cone
[02/09/2014 22:18:28] /i 12339
[02/09/2014 22:18:31] /i 12339
[02/09/2014 22:18:31] /i 12339
[02/09/2014 22:18:40] /i 12339
[02/09/2014 22:18:40] /i 12339
[02/09/2014 22:18:41] /i 12339
[02/09/2014 22:18:47] /i 12339
[02/09/2014 22:18:48] /i 12339
[02/09/2014 22:18:48] /i 12339
[02/09/2014 22:18:49] /i 12339
[02/09/2014 22:18:53] /c cone
[02/09/2014 22:19:06] /i 12339
[02/09/2014 22:19:08] /i 12338
[02/09/2014 22:19:19] /goto conew
[02/09/2014 22:19:20] /goto cone
[02/09/2014 22:19:28] /i 12339
[02/09/2014 22:19:31] /i 12340
[02/09/2014 22:20:12] /i 12341
[02/09/2014 22:20:13] /i 12342
[02/09/2014 22:20:14] /i 12343
[02/09/2014 22:20:15] /i 12344
[02/09/2014 22:20:16] /i 12345
[02/09/2014 22:20:17] /i 12346
[02/09/2014 22:20:19] /i 12370
[02/09/2014 22:20:20] /i 1237`
[02/09/2014 22:20:21] /i 12371
[02/09/2014 22:20:23] /i 12373
[02/09/2014 22:20:24] /i 12374
[02/09/2014 22:20:25] /i 12375
[02/09/2014 22:20:26] /i 12376
[02/09/2014 22:20:33] /i 12390
[02/09/2014 22:20:35] /i 12391
[02/09/2014 22:20:36] /i 12392
[02/09/2014 22:20:37] /i 12393
[02/09/2014 22:20:38] /i 12394
[02/09/2014 22:20:39] /i 12395
[02/09/2014 22:20:40] /i 12396
[02/09/2014 22:20:41] /i 12397
[02/09/2014 22:20:48] /i 12400
[02/09/2014 22:20:49] /i 12401
[02/09/2014 22:20:50] /i 12402
[02/09/2014 22:20:50] /i 12403
[02/09/2014 22:20:51] /i 12404
[02/09/2014 22:20:55] /i 12500
[02/09/2014 22:20:57] /i 12506
[02/09/2014 22:21:00] /i 12600
[02/09/2014 22:21:02] /i 12603
[02/09/2014 22:21:03] /i 12602
[02/09/2014 22:21:04] /i 12601
[02/09/2014 22:21:06] /i 12609
[02/09/2014 22:21:07] /i 12603
[02/09/2014 22:21:09] /i 12604
[02/09/2014 22:21:09] /i 12605
[02/09/2014 22:21:10] /i 12606
[02/09/2014 22:21:11] /i 12607
[02/09/2014 22:21:13] /i 12609
[02/09/2014 22:21:17] /r all
[02/09/2014 22:21:18] /r all
[02/09/2014 22:21:19] /r all
[02/09/2014 22:21:19] /r all
[02/09/2014 22:21:19] /r all
[02/09/2014 22:21:20] /r all
[02/09/2014 22:21:20] /r all
[02/09/2014 22:21:20] /r all
[02/09/2014 22:21:29] /i 11665
[02/09/2014 22:21:49] /clean
[02/09/2014 22:21:53] /clean
[02/09/2014 22:21:58] /r
[02/09/2014 22:21:59] /r
[02/09/2014 22:25:27] /i 12339
[02/09/2014 22:25:28] /i 12339
[02/09/2014 22:25:28] /i 12339
[02/09/2014 22:25:29] /i 12339
[02/09/2014 22:25:29] /i 12339
[02/09/2014 22:25:30] /i 12339
[02/09/2014 22:25:47] /i addskill thiagoxc ,100
[02/09/2014 22:25:57] /i addskill thiagoxc ,level ,100
[02/09/2014 22:26:01] /i addskill thiagoxc ,level ,100
[02/09/2014 22:26:13] /addskill thiagoxc ,level ,100
[02/09/2014 22:26:17] /addskill thiagoxc ,level ,10
[02/09/2014 22:26:21] /addskill thiagoxc ,level ,10
[02/09/2014 22:26:23] /addskill thiagoxc ,level ,9
[02/09/2014 22:26:36] /i 1658
[02/09/2014 22:26:56] /newtype 1658
[02/09/2014 22:26:59] /newtype 1606
[02/09/2014 22:27:04] /newtype 1605
[02/09/2014 22:27:07] /newtype 1604
[02/09/2014 22:27:10] /newtype 1645
[02/09/2014 22:27:11] /newtype 1646
[02/09/2014 22:27:13] /newtype 1647
[02/09/2014 22:27:19] /newtype 1595
[02/09/2014 22:27:23] /newtype 1595
[02/09/2014 22:27:32] /newtype 1659
[02/09/2014 22:27:34] /newtype 1658
[02/09/2014 22:27:51] /clean
[02/09/2014 22:33:58] /i boosted box
[02/09/2014 22:33:59] /i boosted box
[02/09/2014 22:34:00] /i boosted box
[02/09/2014 22:34:00] /i boosted box
[02/09/2014 22:34:00] /i boosted box
[02/09/2014 22:34:01] /i boosted box
[02/09/2014 22:34:14] /i box held t6
[02/09/2014 22:34:15] /i box held t6
[02/09/2014 22:34:15] /i box held t6
[02/09/2014 22:34:15] /i box held t6
[02/09/2014 22:34:16] /i box held t6
[02/09/2014 22:34:16] /i box held t6
[02/09/2014 22:34:39] /i box held t6
[02/09/2014 22:34:39] /i box held t6
[02/09/2014 22:34:40] /i box held t6
[02/09/2014 22:35:51] /r all
[02/09/2014 22:39:10] /i 12339
[02/09/2014 22:39:11] /i 12339
[02/09/2014 22:39:11] /i 12339
[02/09/2014 22:39:12] /i 12339
[02/09/2014 22:39:12] /i 12339
[02/09/2014 22:39:12] /i 12339
[02/09/2014 22:40:24] /r all
[02/09/2014 22:42:35] /i medicine
[02/09/2014 22:44:54] /i revive
[02/09/2014 22:45:10] /i revive
[02/09/2014 22:45:17] /i 12223
[02/09/2014 22:45:23] /i 12339
[02/09/2014 22:45:25] /i 12339
[02/09/2014 22:45:26] /i 12339
[02/09/2014 22:45:26] /i 12339
[02/09/2014 22:45:27] /i 12339
[02/09/2014 22:45:27] /i 12339
[02/09/2014 22:45:28] /i 12339
[02/09/2014 22:45:57] /i 12339
[02/09/2014 22:46:01] /i 12339
[02/09/2014 22:46:06] /i 12339
[02/09/2014 22:46:11] /up
[02/09/2014 22:47:18] /i x-return t7
[02/09/2014 22:48:22] /r all
[02/09/2014 22:48:25] /r all
[02/09/2014 22:48:26] /r all
[02/09/2014 22:48:37] /r
[02/09/2014 22:48:40] /r all
[02/09/2014 22:49:33] /i 12339
[02/09/2014 22:49:33] /i 12339
[02/09/2014 22:49:33] /i 12339
[02/09/2014 22:49:34] /i 12339
[02/09/2014 22:49:34] /i 12339
[02/09/2014 22:49:34] /i 12339
[02/09/2014 22:49:35] /i 12339
[02/09/2014 22:49:35] /i 12339
[02/09/2014 22:49:38] /i 12339
[02/09/2014 22:49:38] /i 12339
[02/09/2014 22:50:01] /goto slowpoke
[02/09/2014 22:50:58] /raid low
[02/09/2014 22:51:02] /raid ow
[02/09/2014 22:51:08] /raidlow
[02/09/2014 22:52:53] /raidlow
[02/09/2014 22:52:59] /c cone
[02/09/2014 22:53:05] /raid low
[02/09/2014 22:53:07] /raidlow
[02/09/2014 22:53:15] /t
[02/09/2014 22:56:47] /r
[02/09/2014 22:56:47] /r
[02/09/2014 23:02:25] /i 12336
[02/09/2014 23:02:31] /i 12339
[02/09/2014 23:02:32] /i 12339
[02/09/2014 23:02:33] /i 12339
[02/09/2014 23:02:33] /i 12339
[02/09/2014 23:02:33] /i 12339
[02/09/2014 23:02:34] /i 12339
[02/09/2014 23:02:46] /i 12339
[02/09/2014 23:04:10] /i 12339
[02/09/2014 23:04:11] /i 12339
[02/09/2014 23:04:15] /i 12339
[02/09/2014 23:04:16] /i 12339
[02/09/2014 23:04:19] /i 12339
[02/09/2014 23:04:20] /i 12339
[02/09/2014 23:08:27] /r
[02/09/2014 23:08:30] /r
[02/09/2014 23:18:40] /shutdown
[02/09/2014 23:33:17] !spy chaos slow
[02/09/2014 23:33:34] !spy chaos slow
[02/09/2014 23:34:32] /m gengar
[02/09/2014 23:59:49] /i 13567
[03/09/2014 00:00:05] /i 13566
[03/09/2014 00:03:52] /m glalie
[03/09/2014 00:04:16] /i ultra ball
[03/09/2014 00:04:38] /i 14300
[03/09/2014 00:26:12] /m sceptile
[03/09/2014 00:32:17] /m sceptile
[03/09/2014 00:32:54] /m pikachu
[03/09/2014 00:39:04] /i 14136
[03/09/2014 00:39:12] /i 14137
[03/09/2014 00:39:16] /i 14137
[03/09/2014 00:39:20] /i 14138
[03/09/2014 00:41:21] /m sceptile
[04/09/2014 12:27:42] /rename Thiagoxc ,[ADM] ReD FuRY
